[0.008s] Invoking command in '/home/jiaan/arm_project/build/odrive_can': CMAKE_PREFIX_PATH=/opt/ros/humble /usr/bin/cmake /home/jiaan/arm_project/src/ros_odrive/odrive_node -DAMENT_CMAKE_SYMLINK_INSTALL=1 -DCMAKE_INSTALL_PREFIX=/home/jiaan/arm_project/install/odrive_can
[0.015s] -- Found ament_cmake: 1.3.9 (/opt/ros/humble/share/ament_cmake/cmake)
[0.087s] -- Override CMake install command with custom implementation using symlinks instead of copying resources
[0.091s] -- Found rclcpp: 16.0.9 (/opt/ros/humble/share/rclcpp/cmake)
[0.110s] -- Found rosidl_generator_c: 3.1.5 (/opt/ros/humble/share/rosidl_generator_c/cmake)
[0.111s] -- Found rosidl_adapter: 3.1.5 (/opt/ros/humble/share/rosidl_adapter/cmake)
[0.115s] -- Found rosidl_generator_cpp: 3.1.5 (/opt/ros/humble/share/rosidl_generator_cpp/cmake)
[0.122s] -- Using all available rosidl_typesupport_c: rosidl_typesupport_fastrtps_c;rosidl_typesupport_introspection_c
[0.133s] -- Using all available rosidl_typesupport_cpp: rosidl_typesupport_fastrtps_cpp;rosidl_typesupport_introspection_cpp
[0.169s] -- Found rmw_implementation_cmake: 6.1.2 (/opt/ros/humble/share/rmw_implementation_cmake/cmake)
[0.170s] -- Found rmw_cyclonedds_cpp: 1.3.4 (/opt/ros/humble/share/rmw_cyclonedds_cpp/cmake)
[0.188s] -- Using RMW implementation 'rmw_cyclonedds_cpp' as default
[0.290s] -- Found rosidl_default_generators: 1.2.0 (/opt/ros/humble/share/rosidl_default_generators/cmake)
[0.451s] -- Found ament_cmake_ros: 0.10.0 (/opt/ros/humble/share/ament_cmake_ros/cmake)
[0.661s] -- Using all available rosidl_typesupport_c: rosidl_typesupport_fastrtps_c;rosidl_typesupport_introspection_c
[0.745s] -- Using all available rosidl_typesupport_cpp: rosidl_typesupport_fastrtps_cpp;rosidl_typesupport_introspection_cpp
[0.763s] -- Found python_cmake_module: 0.10.0 (/opt/ros/humble/share/python_cmake_module/cmake)
[0.778s] -- Using PYTHON_EXECUTABLE: /usr/bin/python3
[0.778s] -- Using PYTHON_INCLUDE_DIRS: /usr/include/python3.10
[0.778s] -- Using PYTHON_LIBRARIES: /usr/lib/x86_64-linux-gnu/libpython3.10.so
[0.790s] -- Configuring done
[0.811s] -- Generating done
[0.813s] -- Build files have been written to: /home/jiaan/arm_project/build/odrive_can
[0.818s] Invoked command in '/home/jiaan/arm_project/build/odrive_can' returned '0': CMAKE_PREFIX_PATH=/opt/ros/humble /usr/bin/cmake /home/jiaan/arm_project/src/ros_odrive/odrive_node -DAMENT_CMAKE_SYMLINK_INSTALL=1 -DCMAKE_INSTALL_PREFIX=/home/jiaan/arm_project/install/odrive_can
[0.819s] Invoking command in '/home/jiaan/arm_project/build/odrive_can': CMAKE_PREFIX_PATH=/opt/ros/humble /usr/bin/cmake --build /home/jiaan/arm_project/build/odrive_can -- -j16 -l16
[0.842s] [35m[1mConsolidate compiler generated dependencies of target odrive_can__rosidl_generator_c[0m
[0.848s] failed to create symbolic link '/home/jiaan/arm_project/build/odrive_can/ament_cmake_python/odrive_can/odrive_can' because existing path cannot be removed: Is a directory
[0.848s] gmake[2]: *** [CMakeFiles/ament_cmake_python_symlink_odrive_can.dir/build.make:70: CMakeFiles/ament_cmake_python_symlink_odrive_can] Error 1
[0.849s] [  1%] Built target odrive_can__cpp
[0.849s] gmake[1]: *** [CMakeFiles/Makefile2:423: CMakeFiles/ament_cmake_python_symlink_odrive_can.dir/all] Error 2
[0.849s] gmake[1]: *** Waiting for unfinished jobs....
[0.851s] [ 11%] Built target odrive_can__rosidl_generator_c
[0.851s] gmake: *** [Makefile:146: all] Error 2
[0.855s] Invoked command in '/home/jiaan/arm_project/build/odrive_can' returned '2': CMAKE_PREFIX_PATH=/opt/ros/humble /usr/bin/cmake --build /home/jiaan/arm_project/build/odrive_can -- -j16 -l16
