[0.008s] Invoking command in '/home/jiaan/arm_project/build/odrive_ros2_control': CMAKE_PREFIX_PATH=/opt/ros/humble /usr/bin/cmake /home/jiaan/arm_project/src/ros_odrive/odrive_ros2_control -DAMENT_CMAKE_SYMLINK_INSTALL=1 -DCMAKE_INSTALL_PREFIX=/home/jiaan/arm_project/install/odrive_ros2_control
[0.015s] -- Found ament_cmake: 1.3.9 (/opt/ros/humble/share/ament_cmake/cmake)
[0.091s] -- Override CMake install command with custom implementation using symlinks instead of copying resources
[0.095s] -- Found rclcpp: 16.0.9 (/opt/ros/humble/share/rclcpp/cmake)
[0.114s] -- Found rosidl_generator_c: 3.1.5 (/opt/ros/humble/share/rosidl_generator_c/cmake)
[0.116s] -- Found rosidl_adapter: 3.1.5 (/opt/ros/humble/share/rosidl_adapter/cmake)
[0.119s] -- Found rosidl_generator_cpp: 3.1.5 (/opt/ros/humble/share/rosidl_generator_cpp/cmake)
[0.127s] -- Using all available rosidl_typesupport_c: rosidl_typesupport_fastrtps_c;rosidl_typesupport_introspection_c
[0.138s] -- Using all available rosidl_typesupport_cpp: rosidl_typesupport_fastrtps_cpp;rosidl_typesupport_introspection_cpp
[0.177s] -- Found rmw_implementation_cmake: 6.1.2 (/opt/ros/humble/share/rmw_implementation_cmake/cmake)
[0.178s] -- Found rmw_cyclonedds_cpp: 1.3.4 (/opt/ros/humble/share/rmw_cyclonedds_cpp/cmake)
[0.196s] -- Using RMW implementation 'rmw_cyclonedds_cpp' as default
[0.304s] -- Found ament_cmake_auto: 1.3.9 (/opt/ros/humble/share/ament_cmake_auto/cmake)
[0.768s] -- Configuring done
[0.780s] -- Generating done
[0.781s] -- Build files have been written to: /home/jiaan/arm_project/build/odrive_ros2_control
[0.787s] Invoked command in '/home/jiaan/arm_project/build/odrive_ros2_control' returned '0': CMAKE_PREFIX_PATH=/opt/ros/humble /usr/bin/cmake /home/jiaan/arm_project/src/ros_odrive/odrive_ros2_control -DAMENT_CMAKE_SYMLINK_INSTALL=1 -DCMAKE_INSTALL_PREFIX=/home/jiaan/arm_project/install/odrive_ros2_control
[0.788s] Invoking command in '/home/jiaan/arm_project/build/odrive_ros2_control': CMAKE_PREFIX_PATH=/opt/ros/humble /usr/bin/cmake --build /home/jiaan/arm_project/build/odrive_ros2_control -- -j16 -l16
[0.810s] [35m[1mConsolidate compiler generated dependencies of target odrive_ros2_control_plugin[0m
[0.822s] [100%] Built target odrive_ros2_control_plugin
[0.830s] Invoked command in '/home/jiaan/arm_project/build/odrive_ros2_control' returned '0': CMAKE_PREFIX_PATH=/opt/ros/humble /usr/bin/cmake --build /home/jiaan/arm_project/build/odrive_ros2_control -- -j16 -l16
[0.847s] Invoking command in '/home/jiaan/arm_project/build/odrive_ros2_control': CMAKE_PREFIX_PATH=/opt/ros/humble /usr/bin/cmake --install /home/jiaan/arm_project/build/odrive_ros2_control
[0.851s] -- Install configuration: ""
[0.852s] -- Execute custom install script
[0.852s] -- Up-to-date symlink: /home/jiaan/arm_project/install/odrive_ros2_control/share/odrive_ros2_control//odrive_hardware_interface.xml
[0.852s] -- Up-to-date symlink: /home/jiaan/arm_project/install/odrive_ros2_control/lib/libodrive_ros2_control_plugin.so
[0.852s] -- Up-to-date symlink: /home/jiaan/arm_project/install/odrive_ros2_control/share/ament_index/resource_index/package_run_dependencies/odrive_ros2_control
[0.852s] -- Up-to-date symlink: /home/jiaan/arm_project/install/odrive_ros2_control/share/ament_index/resource_index/parent_prefix_path/odrive_ros2_control
[0.852s] -- Up-to-date symlink: /home/jiaan/arm_project/install/odrive_ros2_control/share/odrive_ros2_control/environment/ament_prefix_path.sh
[0.853s] -- Up-to-date symlink: /home/jiaan/arm_project/install/odrive_ros2_control/share/odrive_ros2_control/environment/ament_prefix_path.dsv
[0.853s] -- Up-to-date symlink: /home/jiaan/arm_project/install/odrive_ros2_control/share/odrive_ros2_control/environment/path.sh
[0.853s] -- Up-to-date symlink: /home/jiaan/arm_project/install/odrive_ros2_control/share/odrive_ros2_control/environment/path.dsv
[0.853s] -- Up-to-date symlink: /home/jiaan/arm_project/install/odrive_ros2_control/share/odrive_ros2_control/local_setup.bash
[0.853s] -- Up-to-date symlink: /home/jiaan/arm_project/install/odrive_ros2_control/share/odrive_ros2_control/local_setup.sh
[0.853s] -- Up-to-date symlink: /home/jiaan/arm_project/install/odrive_ros2_control/share/odrive_ros2_control/local_setup.zsh
[0.853s] -- Up-to-date symlink: /home/jiaan/arm_project/install/odrive_ros2_control/share/odrive_ros2_control/local_setup.dsv
[0.853s] -- Symlinking: /home/jiaan/arm_project/install/odrive_ros2_control/share/odrive_ros2_control/package.dsv
[0.859s] -- Up-to-date symlink: /home/jiaan/arm_project/install/odrive_ros2_control/share/ament_index/resource_index/packages/odrive_ros2_control
[0.859s] -- Up-to-date symlink: /home/jiaan/arm_project/install/odrive_ros2_control/share/ament_index/resource_index/hardware_interface__pluginlib__plugin/odrive_ros2_control
[0.859s] -- Up-to-date symlink: /home/jiaan/arm_project/install/odrive_ros2_control/share/odrive_ros2_control/cmake/ament_cmake_export_dependencies-extras.cmake
[0.859s] -- Up-to-date symlink: /home/jiaan/arm_project/install/odrive_ros2_control/share/odrive_ros2_control/cmake/odrive_ros2_controlConfig.cmake
[0.859s] -- Up-to-date symlink: /home/jiaan/arm_project/install/odrive_ros2_control/share/odrive_ros2_control/cmake/odrive_ros2_controlConfig-version.cmake
[0.859s] -- Up-to-date symlink: /home/jiaan/arm_project/install/odrive_ros2_control/share/odrive_ros2_control/package.xml
[0.861s] Invoked command in '/home/jiaan/arm_project/build/odrive_ros2_control' returned '0': CMAKE_PREFIX_PATH=/opt/ros/humble /usr/bin/cmake --install /home/jiaan/arm_project/build/odrive_ros2_control
