[0.076s] DEBUG:colcon:Command line arguments: ['/usr/bin/colcon', 'build', '--symlink-install']
[0.076s] DEBUG:colcon:Parsed command line arguments: Namespace(log_base=None, log_level=None, verb_name='build', build_base='build', install_base='install', merge_install=False, symlink_install=True, test_result_base=None, continue_on_error=False, executor='parallel', parallel_workers=16, event_handlers=None, ignore_user_meta=False, metas=['./colcon.meta'], base_paths=['.'], packages_ignore=None, packages_ignore_regex=None, paths=None, packages_up_to=None, packages_up_to_regex=None, packages_above=None, packages_above_and_dependencies=None, packages_above_depth=None, packages_select_by_dep=None, packages_skip_by_dep=None, packages_skip_up_to=None, packages_select_build_failed=False, packages_skip_build_finished=False, packages_select_test_failures=False, packages_skip_test_passed=False, packages_select=None, packages_skip=None, packages_select_regex=None, packages_skip_regex=None, packages_start=None, packages_end=None, allow_overriding=[], cmake_args=None, cmake_target=None, cmake_target_skip_unavailable=False, cmake_clean_cache=False, cmake_clean_first=False, cmake_force_configure=False, ament_cmake_args=None, catkin_cmake_args=None, catkin_skip_building_tests=False, mixin_files=None, mixin=None, verb_parser=<colcon_mixin.mixin.mixin_argument.MixinArgumentDecorator object at 0x795aa7736b90>, verb_extension=<colcon_core.verb.build.BuildVerb object at 0x795aa77361d0>, main=<bound method BuildVerb.main of <colcon_core.verb.build.BuildVerb object at 0x795aa77361d0>>, mixin_verb=('build',))
[0.186s] Level 1:colcon.colcon_core.package_discovery:discover_packages(colcon_meta) check parameters
[0.186s] Level 1:colcon.colcon_core.package_discovery:discover_packages(recursive) check parameters
[0.186s] Level 1:colcon.colcon_core.package_discovery:discover_packages(ignore) check parameters
[0.186s] Level 1:colcon.colcon_core.package_discovery:discover_packages(path) check parameters
[0.186s] Level 1:colcon.colcon_core.package_discovery:discover_packages(colcon_meta) discover
[0.186s] Level 1:colcon.colcon_core.package_discovery:discover_packages(recursive) discover
[0.186s] INFO:colcon.colcon_core.package_discovery:Crawling recursively for packages in '/home/jiaan/arm_project'
[0.186s] Level 1:colcon.colcon_core.package_identification:_identify(.) by extensions ['ignore', 'ignore_ament_install']
[0.186s] Level 1:colcon.colcon_core.package_identification:_identify(.) by extension 'ignore'
[0.186s] Level 1:colcon.colcon_core.package_identification:_identify(.) by extension 'ignore_ament_install'
[0.186s] Level 1:colcon.colcon_core.package_identification:_identify(.) by extensions ['colcon_pkg']
[0.186s] Level 1:colcon.colcon_core.package_identification:_identify(.) by extension 'colcon_pkg'
[0.186s] Level 1:colcon.colcon_core.package_identification:_identify(.) by extensions ['colcon_meta']
[0.186s] Level 1:colcon.colcon_core.package_identification:_identify(.) by extension 'colcon_meta'
[0.186s] Level 1:colcon.colcon_core.package_identification:_identify(.) by extensions ['ros']
[0.186s] Level 1:colcon.colcon_core.package_identification:_identify(.) by extension 'ros'
[0.193s] Level 1:colcon.colcon_core.package_identification:_identify(.) by extensions ['cmake', 'python']
[0.194s] Level 1:colcon.colcon_core.package_identification:_identify(.) by extension 'cmake'
[0.194s] Level 1:colcon.colcon_core.package_identification:_identify(.) by extension 'python'
[0.194s] Level 1:colcon.colcon_core.package_identification:_identify(.) by extensions ['python_setup_py']
[0.194s] Level 1:colcon.colcon_core.package_identification:_identify(.) by extension 'python_setup_py'
[0.194s] Level 1:colcon.colcon_core.package_identification:_identify(build) by extensions ['ignore', 'ignore_ament_install']
[0.194s] Level 1:colcon.colcon_core.package_identification:_identify(build) by extension 'ignore'
[0.194s] Level 1:colcon.colcon_core.package_identification:_identify(build) ignored
[0.194s] Level 1:colcon.colcon_core.package_identification:_identify(install) by extensions ['ignore', 'ignore_ament_install']
[0.194s] Level 1:colcon.colcon_core.package_identification:_identify(install) by extension 'ignore'
[0.194s] Level 1:colcon.colcon_core.package_identification:_identify(install) ignored
[0.194s] Level 1:colcon.colcon_core.package_identification:_identify(log) by extensions ['ignore', 'ignore_ament_install']
[0.194s] Level 1:colcon.colcon_core.package_identification:_identify(log) by extension 'ignore'
[0.194s] Level 1:colcon.colcon_core.package_identification:_identify(log) ignored
[0.194s] Level 1:colcon.colcon_core.package_identification:_identify(src) by extensions ['ignore', 'ignore_ament_install']
[0.194s] Level 1:colcon.colcon_core.package_identification:_identify(src) by extension 'ignore'
[0.194s] Level 1:colcon.colcon_core.package_identification:_identify(src) by extension 'ignore_ament_install'
[0.194s] Level 1:colcon.colcon_core.package_identification:_identify(src) by extensions ['colcon_pkg']
[0.194s] Level 1:colcon.colcon_core.package_identification:_identify(src) by extension 'colcon_pkg'
[0.194s] Level 1:colcon.colcon_core.package_identification:_identify(src) by extensions ['colcon_meta']
[0.194s] Level 1:colcon.colcon_core.package_identification:_identify(src) by extension 'colcon_meta'
[0.194s] Level 1:colcon.colcon_core.package_identification:_identify(src) by extensions ['ros']
[0.194s] Level 1:colcon.colcon_core.package_identification:_identify(src) by extension 'ros'
[0.194s] Level 1:colcon.colcon_core.package_identification:_identify(src) by extensions ['cmake', 'python']
[0.194s] Level 1:colcon.colcon_core.package_identification:_identify(src) by extension 'cmake'
[0.194s] Level 1:colcon.colcon_core.package_identification:_identify(src) by extension 'python'
[0.195s] Level 1:colcon.colcon_core.package_identification:_identify(src) by extensions ['python_setup_py']
[0.195s] Level 1:colcon.colcon_core.package_identification:_identify(src) by extension 'python_setup_py'
[0.195s] Level 1:colcon.colcon_core.package_identification:_identify(src/arm_urdf) by extensions ['ignore', 'ignore_ament_install']
[0.195s] Level 1:colcon.colcon_core.package_identification:_identify(src/arm_urdf) by extension 'ignore'
[0.195s] Level 1:colcon.colcon_core.package_identification:_identify(src/arm_urdf) by extension 'ignore_ament_install'
[0.195s] Level 1:colcon.colcon_core.package_identification:_identify(src/arm_urdf) by extensions ['colcon_pkg']
[0.195s] Level 1:colcon.colcon_core.package_identification:_identify(src/arm_urdf) by extension 'colcon_pkg'
[0.195s] Level 1:colcon.colcon_core.package_identification:_identify(src/arm_urdf) by extensions ['colcon_meta']
[0.195s] Level 1:colcon.colcon_core.package_identification:_identify(src/arm_urdf) by extension 'colcon_meta'
[0.195s] Level 1:colcon.colcon_core.package_identification:_identify(src/arm_urdf) by extensions ['ros']
[0.195s] Level 1:colcon.colcon_core.package_identification:_identify(src/arm_urdf) by extension 'ros'
[0.196s] DEBUG:colcon.colcon_core.package_identification:Package 'src/arm_urdf' with type 'ros.ament_cmake' and name 'arm_urdf'
[0.196s] Level 1:colcon.colcon_core.package_identification:_identify(src/pictures) by extensions ['ignore', 'ignore_ament_install']
[0.196s] Level 1:colcon.colcon_core.package_identification:_identify(src/pictures) by extension 'ignore'
[0.197s] Level 1:colcon.colcon_core.package_identification:_identify(src/pictures) by extension 'ignore_ament_install'
[0.197s] Level 1:colcon.colcon_core.package_identification:_identify(src/pictures) by extensions ['colcon_pkg']
[0.197s] Level 1:colcon.colcon_core.package_identification:_identify(src/pictures) by extension 'colcon_pkg'
[0.197s] Level 1:colcon.colcon_core.package_identification:_identify(src/pictures) by extensions ['colcon_meta']
[0.197s] Level 1:colcon.colcon_core.package_identification:_identify(src/pictures) by extension 'colcon_meta'
[0.197s] Level 1:colcon.colcon_core.package_identification:_identify(src/pictures) by extensions ['ros']
[0.197s] Level 1:colcon.colcon_core.package_identification:_identify(src/pictures) by extension 'ros'
[0.197s] Level 1:colcon.colcon_core.package_identification:_identify(src/pictures) by extensions ['cmake', 'python']
[0.197s] Level 1:colcon.colcon_core.package_identification:_identify(src/pictures) by extension 'cmake'
[0.197s] Level 1:colcon.colcon_core.package_identification:_identify(src/pictures) by extension 'python'
[0.197s] Level 1:colcon.colcon_core.package_identification:_identify(src/pictures) by extensions ['python_setup_py']
[0.197s] Level 1:colcon.colcon_core.package_identification:_identify(src/pictures) by extension 'python_setup_py'
[0.197s] Level 1:colcon.colcon_core.package_identification:_identify(src/ros_odrive) by extensions ['ignore', 'ignore_ament_install']
[0.197s] Level 1:colcon.colcon_core.package_identification:_identify(src/ros_odrive) by extension 'ignore'
[0.197s] Level 1:colcon.colcon_core.package_identification:_identify(src/ros_odrive) by extension 'ignore_ament_install'
[0.197s] Level 1:colcon.colcon_core.package_identification:_identify(src/ros_odrive) by extensions ['colcon_pkg']
[0.197s] Level 1:colcon.colcon_core.package_identification:_identify(src/ros_odrive) by extension 'colcon_pkg'
[0.197s] Level 1:colcon.colcon_core.package_identification:_identify(src/ros_odrive) by extensions ['colcon_meta']
[0.197s] Level 1:colcon.colcon_core.package_identification:_identify(src/ros_odrive) by extension 'colcon_meta'
[0.197s] Level 1:colcon.colcon_core.package_identification:_identify(src/ros_odrive) by extensions ['ros']
[0.197s] Level 1:colcon.colcon_core.package_identification:_identify(src/ros_odrive) by extension 'ros'
[0.197s] Level 1:colcon.colcon_core.package_identification:_identify(src/ros_odrive) by extensions ['cmake', 'python']
[0.197s] Level 1:colcon.colcon_core.package_identification:_identify(src/ros_odrive) by extension 'cmake'
[0.197s] Level 1:colcon.colcon_core.package_identification:_identify(src/ros_odrive) by extension 'python'
[0.197s] Level 1:colcon.colcon_core.package_identification:_identify(src/ros_odrive) by extensions ['python_setup_py']
[0.197s] Level 1:colcon.colcon_core.package_identification:_identify(src/ros_odrive) by extension 'python_setup_py'
[0.197s] Level 1:colcon.colcon_core.package_identification:_identify(src/ros_odrive/odrive_base) by extensions ['ignore', 'ignore_ament_install']
[0.197s] Level 1:colcon.colcon_core.package_identification:_identify(src/ros_odrive/odrive_base) by extension 'ignore'
[0.197s] Level 1:colcon.colcon_core.package_identification:_identify(src/ros_odrive/odrive_base) by extension 'ignore_ament_install'
[0.197s] Level 1:colcon.colcon_core.package_identification:_identify(src/ros_odrive/odrive_base) by extensions ['colcon_pkg']
[0.197s] Level 1:colcon.colcon_core.package_identification:_identify(src/ros_odrive/odrive_base) by extension 'colcon_pkg'
[0.197s] Level 1:colcon.colcon_core.package_identification:_identify(src/ros_odrive/odrive_base) by extensions ['colcon_meta']
[0.197s] Level 1:colcon.colcon_core.package_identification:_identify(src/ros_odrive/odrive_base) by extension 'colcon_meta'
[0.197s] Level 1:colcon.colcon_core.package_identification:_identify(src/ros_odrive/odrive_base) by extensions ['ros']
[0.198s] Level 1:colcon.colcon_core.package_identification:_identify(src/ros_odrive/odrive_base) by extension 'ros'
[0.198s] Level 1:colcon.colcon_core.package_identification:_identify(src/ros_odrive/odrive_base) by extensions ['cmake', 'python']
[0.198s] Level 1:colcon.colcon_core.package_identification:_identify(src/ros_odrive/odrive_base) by extension 'cmake'
[0.198s] Level 1:colcon.colcon_core.package_identification:_identify(src/ros_odrive/odrive_base) by extension 'python'
[0.198s] Level 1:colcon.colcon_core.package_identification:_identify(src/ros_odrive/odrive_base) by extensions ['python_setup_py']
[0.198s] Level 1:colcon.colcon_core.package_identification:_identify(src/ros_odrive/odrive_base) by extension 'python_setup_py'
[0.198s] Level 1:colcon.colcon_core.package_identification:_identify(src/ros_odrive/odrive_base/include) by extensions ['ignore', 'ignore_ament_install']
[0.198s] Level 1:colcon.colcon_core.package_identification:_identify(src/ros_odrive/odrive_base/include) by extension 'ignore'
[0.198s] Level 1:colcon.colcon_core.package_identification:_identify(src/ros_odrive/odrive_base/include) by extension 'ignore_ament_install'
[0.198s] Level 1:colcon.colcon_core.package_identification:_identify(src/ros_odrive/odrive_base/include) by extensions ['colcon_pkg']
[0.198s] Level 1:colcon.colcon_core.package_identification:_identify(src/ros_odrive/odrive_base/include) by extension 'colcon_pkg'
[0.198s] Level 1:colcon.colcon_core.package_identification:_identify(src/ros_odrive/odrive_base/include) by extensions ['colcon_meta']
[0.198s] Level 1:colcon.colcon_core.package_identification:_identify(src/ros_odrive/odrive_base/include) by extension 'colcon_meta'
[0.198s] Level 1:colcon.colcon_core.package_identification:_identify(src/ros_odrive/odrive_base/include) by extensions ['ros']
[0.198s] Level 1:colcon.colcon_core.package_identification:_identify(src/ros_odrive/odrive_base/include) by extension 'ros'
[0.198s] Level 1:colcon.colcon_core.package_identification:_identify(src/ros_odrive/odrive_base/include) by extensions ['cmake', 'python']
[0.198s] Level 1:colcon.colcon_core.package_identification:_identify(src/ros_odrive/odrive_base/include) by extension 'cmake'
[0.198s] Level 1:colcon.colcon_core.package_identification:_identify(src/ros_odrive/odrive_base/include) by extension 'python'
[0.198s] Level 1:colcon.colcon_core.package_identification:_identify(src/ros_odrive/odrive_base/include) by extensions ['python_setup_py']
[0.198s] Level 1:colcon.colcon_core.package_identification:_identify(src/ros_odrive/odrive_base/include) by extension 'python_setup_py'
[0.198s] Level 1:colcon.colcon_core.package_identification:_identify(src/ros_odrive/odrive_base/src) by extensions ['ignore', 'ignore_ament_install']
[0.198s] Level 1:colcon.colcon_core.package_identification:_identify(src/ros_odrive/odrive_base/src) by extension 'ignore'
[0.198s] Level 1:colcon.colcon_core.package_identification:_identify(src/ros_odrive/odrive_base/src) by extension 'ignore_ament_install'
[0.198s] Level 1:colcon.colcon_core.package_identification:_identify(src/ros_odrive/odrive_base/src) by extensions ['colcon_pkg']
[0.198s] Level 1:colcon.colcon_core.package_identification:_identify(src/ros_odrive/odrive_base/src) by extension 'colcon_pkg'
[0.198s] Level 1:colcon.colcon_core.package_identification:_identify(src/ros_odrive/odrive_base/src) by extensions ['colcon_meta']
[0.198s] Level 1:colcon.colcon_core.package_identification:_identify(src/ros_odrive/odrive_base/src) by extension 'colcon_meta'
[0.198s] Level 1:colcon.colcon_core.package_identification:_identify(src/ros_odrive/odrive_base/src) by extensions ['ros']
[0.198s] Level 1:colcon.colcon_core.package_identification:_identify(src/ros_odrive/odrive_base/src) by extension 'ros'
[0.198s] Level 1:colcon.colcon_core.package_identification:_identify(src/ros_odrive/odrive_base/src) by extensions ['cmake', 'python']
[0.198s] Level 1:colcon.colcon_core.package_identification:_identify(src/ros_odrive/odrive_base/src) by extension 'cmake'
[0.198s] Level 1:colcon.colcon_core.package_identification:_identify(src/ros_odrive/odrive_base/src) by extension 'python'
[0.198s] Level 1:colcon.colcon_core.package_identification:_identify(src/ros_odrive/odrive_base/src) by extensions ['python_setup_py']
[0.198s] Level 1:colcon.colcon_core.package_identification:_identify(src/ros_odrive/odrive_base/src) by extension 'python_setup_py'
[0.199s] Level 1:colcon.colcon_core.package_identification:_identify(src/ros_odrive/odrive_botwheel_explorer) by extensions ['ignore', 'ignore_ament_install']
[0.199s] Level 1:colcon.colcon_core.package_identification:_identify(src/ros_odrive/odrive_botwheel_explorer) by extension 'ignore'
[0.199s] Level 1:colcon.colcon_core.package_identification:_identify(src/ros_odrive/odrive_botwheel_explorer) by extension 'ignore_ament_install'
[0.199s] Level 1:colcon.colcon_core.package_identification:_identify(src/ros_odrive/odrive_botwheel_explorer) by extensions ['colcon_pkg']
[0.199s] Level 1:colcon.colcon_core.package_identification:_identify(src/ros_odrive/odrive_botwheel_explorer) by extension 'colcon_pkg'
[0.199s] Level 1:colcon.colcon_core.package_identification:_identify(src/ros_odrive/odrive_botwheel_explorer) by extensions ['colcon_meta']
[0.199s] Level 1:colcon.colcon_core.package_identification:_identify(src/ros_odrive/odrive_botwheel_explorer) by extension 'colcon_meta'
[0.199s] Level 1:colcon.colcon_core.package_identification:_identify(src/ros_odrive/odrive_botwheel_explorer) by extensions ['ros']
[0.199s] Level 1:colcon.colcon_core.package_identification:_identify(src/ros_odrive/odrive_botwheel_explorer) by extension 'ros'
[0.199s] DEBUG:colcon.colcon_core.package_identification:Package 'src/ros_odrive/odrive_botwheel_explorer' with type 'ros.ament_cmake' and name 'odrive_botwheel_explorer'
[0.199s] Level 1:colcon.colcon_core.package_identification:_identify(src/ros_odrive/odrive_node) by extensions ['ignore', 'ignore_ament_install']
[0.199s] Level 1:colcon.colcon_core.package_identification:_identify(src/ros_odrive/odrive_node) by extension 'ignore'
[0.199s] Level 1:colcon.colcon_core.package_identification:_identify(src/ros_odrive/odrive_node) by extension 'ignore_ament_install'
[0.199s] Level 1:colcon.colcon_core.package_identification:_identify(src/ros_odrive/odrive_node) by extensions ['colcon_pkg']
[0.199s] Level 1:colcon.colcon_core.package_identification:_identify(src/ros_odrive/odrive_node) by extension 'colcon_pkg'
[0.199s] Level 1:colcon.colcon_core.package_identification:_identify(src/ros_odrive/odrive_node) by extensions ['colcon_meta']
[0.199s] Level 1:colcon.colcon_core.package_identification:_identify(src/ros_odrive/odrive_node) by extension 'colcon_meta'
[0.199s] Level 1:colcon.colcon_core.package_identification:_identify(src/ros_odrive/odrive_node) by extensions ['ros']
[0.199s] Level 1:colcon.colcon_core.package_identification:_identify(src/ros_odrive/odrive_node) by extension 'ros'
[0.200s] DEBUG:colcon.colcon_core.package_identification:Package 'src/ros_odrive/odrive_node' with type 'ros.ament_cmake' and name 'odrive_can'
[0.200s] Level 1:colcon.colcon_core.package_identification:_identify(src/ros_odrive/odrive_ros2_control) by extensions ['ignore', 'ignore_ament_install']
[0.200s] Level 1:colcon.colcon_core.package_identification:_identify(src/ros_odrive/odrive_ros2_control) by extension 'ignore'
[0.200s] Level 1:colcon.colcon_core.package_identification:_identify(src/ros_odrive/odrive_ros2_control) by extension 'ignore_ament_install'
[0.200s] Level 1:colcon.colcon_core.package_identification:_identify(src/ros_odrive/odrive_ros2_control) by extensions ['colcon_pkg']
[0.200s] Level 1:colcon.colcon_core.package_identification:_identify(src/ros_odrive/odrive_ros2_control) by extension 'colcon_pkg'
[0.200s] Level 1:colcon.colcon_core.package_identification:_identify(src/ros_odrive/odrive_ros2_control) by extensions ['colcon_meta']
[0.200s] Level 1:colcon.colcon_core.package_identification:_identify(src/ros_odrive/odrive_ros2_control) by extension 'colcon_meta'
[0.200s] Level 1:colcon.colcon_core.package_identification:_identify(src/ros_odrive/odrive_ros2_control) by extensions ['ros']
[0.200s] Level 1:colcon.colcon_core.package_identification:_identify(src/ros_odrive/odrive_ros2_control) by extension 'ros'
[0.201s] DEBUG:colcon.colcon_core.package_identification:Package 'src/ros_odrive/odrive_ros2_control' with type 'ros.ament_cmake' and name 'odrive_ros2_control'
[0.201s] Level 1:colcon.colcon_core.package_discovery:discover_packages(recursive) using defaults
[0.201s] Level 1:colcon.colcon_core.package_discovery:discover_packages(ignore) discover
[0.201s] Level 1:colcon.colcon_core.package_discovery:discover_packages(ignore) using defaults
[0.201s] Level 1:colcon.colcon_core.package_discovery:discover_packages(path) discover
[0.201s] Level 1:colcon.colcon_core.package_discovery:discover_packages(path) using defaults
[0.220s] Level 1:colcon.colcon_core.package_discovery:discover_packages(prefix_path) check parameters
[0.220s] Level 1:colcon.colcon_core.package_discovery:discover_packages(prefix_path) discover
[0.222s] DEBUG:colcon.colcon_installed_package_information.package_discovery:Found 388 installed packages in /opt/ros/humble
[0.223s] Level 1:colcon.colcon_core.package_discovery:discover_packages(prefix_path) using defaults
[0.253s] Level 5:colcon.colcon_core.verb:set package 'arm_urdf' build argument 'cmake_args' from command line to 'None'
[0.254s] Level 5:colcon.colcon_core.verb:set package 'arm_urdf' build argument 'cmake_target' from command line to 'None'
[0.254s] Level 5:colcon.colcon_core.verb:set package 'arm_urdf' build argument 'cmake_target_skip_unavailable' from command line to 'False'
[0.254s] Level 5:colcon.colcon_core.verb:set package 'arm_urdf' build argument 'cmake_clean_cache' from command line to 'False'
[0.254s] Level 5:colcon.colcon_core.verb:set package 'arm_urdf' build argument 'cmake_clean_first' from command line to 'False'
[0.254s] Level 5:colcon.colcon_core.verb:set package 'arm_urdf' build argument 'cmake_force_configure' from command line to 'False'
[0.254s] Level 5:colcon.colcon_core.verb:set package 'arm_urdf' build argument 'ament_cmake_args' from command line to 'None'
[0.254s] Level 5:colcon.colcon_core.verb:set package 'arm_urdf' build argument 'catkin_cmake_args' from command line to 'None'
[0.254s] Level 5:colcon.colcon_core.verb:set package 'arm_urdf' build argument 'catkin_skip_building_tests' from command line to 'False'
[0.254s] DEBUG:colcon.colcon_core.verb:Building package 'arm_urdf' with the following arguments: {'ament_cmake_args': None, 'build_base': '/home/jiaan/arm_project/build/arm_urdf', 'catkin_cmake_args': None, 'catkin_skip_building_tests': False, 'cmake_args': None, 'cmake_clean_cache': False, 'cmake_clean_first': False, 'cmake_force_configure': False, 'cmake_target': None, 'cmake_target_skip_unavailable': False, 'install_base': '/home/jiaan/arm_project/install/arm_urdf', 'merge_install': False, 'path': '/home/jiaan/arm_project/src/arm_urdf', 'symlink_install': True, 'test_result_base': None}
[0.254s] Level 5:colcon.colcon_core.verb:set package 'odrive_can' build argument 'cmake_args' from command line to 'None'
[0.254s] Level 5:colcon.colcon_core.verb:set package 'odrive_can' build argument 'cmake_target' from command line to 'None'
[0.254s] Level 5:colcon.colcon_core.verb:set package 'odrive_can' build argument 'cmake_target_skip_unavailable' from command line to 'False'
[0.254s] Level 5:colcon.colcon_core.verb:set package 'odrive_can' build argument 'cmake_clean_cache' from command line to 'False'
[0.254s] Level 5:colcon.colcon_core.verb:set package 'odrive_can' build argument 'cmake_clean_first' from command line to 'False'
[0.254s] Level 5:colcon.colcon_core.verb:set package 'odrive_can' build argument 'cmake_force_configure' from command line to 'False'
[0.254s] Level 5:colcon.colcon_core.verb:set package 'odrive_can' build argument 'ament_cmake_args' from command line to 'None'
[0.254s] Level 5:colcon.colcon_core.verb:set package 'odrive_can' build argument 'catkin_cmake_args' from command line to 'None'
[0.254s] Level 5:colcon.colcon_core.verb:set package 'odrive_can' build argument 'catkin_skip_building_tests' from command line to 'False'
[0.254s] DEBUG:colcon.colcon_core.verb:Building package 'odrive_can' with the following arguments: {'ament_cmake_args': None, 'build_base': '/home/jiaan/arm_project/build/odrive_can', 'catkin_cmake_args': None, 'catkin_skip_building_tests': False, 'cmake_args': None, 'cmake_clean_cache': False, 'cmake_clean_first': False, 'cmake_force_configure': False, 'cmake_target': None, 'cmake_target_skip_unavailable': False, 'install_base': '/home/jiaan/arm_project/install/odrive_can', 'merge_install': False, 'path': '/home/jiaan/arm_project/src/ros_odrive/odrive_node', 'symlink_install': True, 'test_result_base': None}
[0.254s] Level 5:colcon.colcon_core.verb:set package 'odrive_ros2_control' build argument 'cmake_args' from command line to 'None'
[0.254s] Level 5:colcon.colcon_core.verb:set package 'odrive_ros2_control' build argument 'cmake_target' from command line to 'None'
[0.254s] Level 5:colcon.colcon_core.verb:set package 'odrive_ros2_control' build argument 'cmake_target_skip_unavailable' from command line to 'False'
[0.254s] Level 5:colcon.colcon_core.verb:set package 'odrive_ros2_control' build argument 'cmake_clean_cache' from command line to 'False'
[0.254s] Level 5:colcon.colcon_core.verb:set package 'odrive_ros2_control' build argument 'cmake_clean_first' from command line to 'False'
[0.254s] Level 5:colcon.colcon_core.verb:set package 'odrive_ros2_control' build argument 'cmake_force_configure' from command line to 'False'
[0.254s] Level 5:colcon.colcon_core.verb:set package 'odrive_ros2_control' build argument 'ament_cmake_args' from command line to 'None'
[0.254s] Level 5:colcon.colcon_core.verb:set package 'odrive_ros2_control' build argument 'catkin_cmake_args' from command line to 'None'
[0.254s] Level 5:colcon.colcon_core.verb:set package 'odrive_ros2_control' build argument 'catkin_skip_building_tests' from command line to 'False'
[0.254s] DEBUG:colcon.colcon_core.verb:Building package 'odrive_ros2_control' with the following arguments: {'ament_cmake_args': None, 'build_base': '/home/jiaan/arm_project/build/odrive_ros2_control', 'catkin_cmake_args': None, 'catkin_skip_building_tests': False, 'cmake_args': None, 'cmake_clean_cache': False, 'cmake_clean_first': False, 'cmake_force_configure': False, 'cmake_target': None, 'cmake_target_skip_unavailable': False, 'install_base': '/home/jiaan/arm_project/install/odrive_ros2_control', 'merge_install': False, 'path': '/home/jiaan/arm_project/src/ros_odrive/odrive_ros2_control', 'symlink_install': True, 'test_result_base': None}
[0.255s] Level 5:colcon.colcon_core.verb:set package 'odrive_botwheel_explorer' build argument 'cmake_args' from command line to 'None'
[0.255s] Level 5:colcon.colcon_core.verb:set package 'odrive_botwheel_explorer' build argument 'cmake_target' from command line to 'None'
[0.255s] Level 5:colcon.colcon_core.verb:set package 'odrive_botwheel_explorer' build argument 'cmake_target_skip_unavailable' from command line to 'False'
[0.255s] Level 5:colcon.colcon_core.verb:set package 'odrive_botwheel_explorer' build argument 'cmake_clean_cache' from command line to 'False'
[0.255s] Level 5:colcon.colcon_core.verb:set package 'odrive_botwheel_explorer' build argument 'cmake_clean_first' from command line to 'False'
[0.255s] Level 5:colcon.colcon_core.verb:set package 'odrive_botwheel_explorer' build argument 'cmake_force_configure' from command line to 'False'
[0.255s] Level 5:colcon.colcon_core.verb:set package 'odrive_botwheel_explorer' build argument 'ament_cmake_args' from command line to 'None'
[0.255s] Level 5:colcon.colcon_core.verb:set package 'odrive_botwheel_explorer' build argument 'catkin_cmake_args' from command line to 'None'
[0.255s] Level 5:colcon.colcon_core.verb:set package 'odrive_botwheel_explorer' build argument 'catkin_skip_building_tests' from command line to 'False'
[0.255s] DEBUG:colcon.colcon_core.verb:Building package 'odrive_botwheel_explorer' with the following arguments: {'ament_cmake_args': None, 'build_base': '/home/jiaan/arm_project/build/odrive_botwheel_explorer', 'catkin_cmake_args': None, 'catkin_skip_building_tests': False, 'cmake_args': None, 'cmake_clean_cache': False, 'cmake_clean_first': False, 'cmake_force_configure': False, 'cmake_target': None, 'cmake_target_skip_unavailable': False, 'install_base': '/home/jiaan/arm_project/install/odrive_botwheel_explorer', 'merge_install': False, 'path': '/home/jiaan/arm_project/src/ros_odrive/odrive_botwheel_explorer', 'symlink_install': True, 'test_result_base': None}
[0.255s] INFO:colcon.colcon_core.executor:Executing jobs using 'parallel' executor
[0.256s] DEBUG:colcon.colcon_parallel_executor.executor.parallel:run_until_complete
[0.256s] INFO:colcon.colcon_ros.task.ament_cmake.build:Building ROS package in '/home/jiaan/arm_project/src/ros_odrive/odrive_ros2_control' with build type 'ament_cmake'
[0.256s] INFO:colcon.colcon_cmake.task.cmake.build:Building CMake package in '/home/jiaan/arm_project/src/ros_odrive/odrive_ros2_control'
[0.257s] INFO:colcon.colcon_core.plugin_system:Skipping extension 'colcon_core.shell.bat': Not used on non-Windows systems
[0.257s] INFO:colcon.colcon_core.shell:Skip shell extension 'powershell' for command environment: Not usable outside of PowerShell
[0.257s] DEBUG:colcon.colcon_core.shell:Skip shell extension 'dsv' for command environment
[0.260s] INFO:colcon.colcon_ros.task.ament_cmake.build:Building ROS package in '/home/jiaan/arm_project/src/arm_urdf' with build type 'ament_cmake'
[0.260s] INFO:colcon.colcon_cmake.task.cmake.build:Building CMake package in '/home/jiaan/arm_project/src/arm_urdf'
[0.260s] INFO:colcon.colcon_core.shell:Skip shell extension 'powershell' for command environment: Not usable outside of PowerShell
[0.260s] DEBUG:colcon.colcon_core.shell:Skip shell extension 'dsv' for command environment
[0.262s] INFO:colcon.colcon_ros.task.ament_cmake.build:Building ROS package in '/home/jiaan/arm_project/src/ros_odrive/odrive_node' with build type 'ament_cmake'
[0.262s] INFO:colcon.colcon_cmake.task.cmake.build:Building CMake package in '/home/jiaan/arm_project/src/ros_odrive/odrive_node'
[0.262s] INFO:colcon.colcon_core.shell:Skip shell extension 'powershell' for command environment: Not usable outside of PowerShell
[0.262s] DEBUG:colcon.colcon_core.shell:Skip shell extension 'dsv' for command environment
[0.267s] DEBUG:colcon.colcon_core.event_handler.log_command:Invoking command in '/home/jiaan/arm_project/build/odrive_ros2_control': CMAKE_PREFIX_PATH=/opt/ros/humble /usr/bin/cmake --build /home/jiaan/arm_project/build/odrive_ros2_control -- -j16 -l16
[0.269s] DEBUG:colcon.colcon_core.event_handler.log_command:Invoking command in '/home/jiaan/arm_project/build/arm_urdf': CMAKE_PREFIX_PATH=/opt/ros/humble /usr/bin/cmake --build /home/jiaan/arm_project/build/arm_urdf -- -j16 -l16
[0.271s] DEBUG:colcon.colcon_core.event_handler.log_command:Invoking command in '/home/jiaan/arm_project/build/odrive_can': CMAKE_PREFIX_PATH=/opt/ros/humble /usr/bin/cmake --build /home/jiaan/arm_project/build/odrive_can -- -j16 -l16
[0.294s] DEBUG:colcon.colcon_core.event_handler.log_command:Invoked command in '/home/jiaan/arm_project/build/arm_urdf' returned '0': CMAKE_PREFIX_PATH=/opt/ros/humble /usr/bin/cmake --build /home/jiaan/arm_project/build/arm_urdf -- -j16 -l16
[0.321s] DEBUG:colcon.colcon_core.event_handler.log_command:Invoking command in '/home/jiaan/arm_project/build/arm_urdf': CMAKE_PREFIX_PATH=/opt/ros/humble /usr/bin/cmake --install /home/jiaan/arm_project/build/arm_urdf
[0.323s] DEBUG:colcon.colcon_core.event_handler.log_command:Invoked command in '/home/jiaan/arm_project/build/odrive_ros2_control' returned '0': CMAKE_PREFIX_PATH=/opt/ros/humble /usr/bin/cmake --build /home/jiaan/arm_project/build/odrive_ros2_control -- -j16 -l16
[0.342s] Level 1:colcon.colcon_core.environment:create_environment_scripts_only(arm_urdf)
[0.342s] DEBUG:colcon.colcon_core.event_handler.log_command:Invoked command in '/home/jiaan/arm_project/build/arm_urdf' returned '0': CMAKE_PREFIX_PATH=/opt/ros/humble /usr/bin/cmake --install /home/jiaan/arm_project/build/arm_urdf
[0.345s] Level 1:colcon.colcon_core.environment:checking '/home/jiaan/arm_project/install/arm_urdf' for CMake module files
[0.346s] Level 1:colcon.colcon_core.environment:checking '/home/jiaan/arm_project/install/arm_urdf' for CMake config files
[0.346s] Level 1:colcon.colcon_core.shell:create_environment_hook('arm_urdf', 'cmake_prefix_path')
[0.346s] INFO:colcon.colcon_core.shell:Creating environment hook '/home/jiaan/arm_project/install/arm_urdf/share/arm_urdf/hook/cmake_prefix_path.ps1'
[0.347s] INFO:colcon.colcon_core.shell:Creating environment descriptor '/home/jiaan/arm_project/install/arm_urdf/share/arm_urdf/hook/cmake_prefix_path.dsv'
[0.347s] INFO:colcon.colcon_core.shell:Creating environment hook '/home/jiaan/arm_project/install/arm_urdf/share/arm_urdf/hook/cmake_prefix_path.sh'
[0.349s] Level 1:colcon.colcon_core.environment:checking '/home/jiaan/arm_project/install/arm_urdf/bin'
[0.349s] Level 1:colcon.colcon_core.environment:checking '/home/jiaan/arm_project/install/arm_urdf/lib/pkgconfig/arm_urdf.pc'
[0.349s] Level 1:colcon.colcon_core.environment:checking '/home/jiaan/arm_project/install/arm_urdf/lib/python3.10/site-packages'
[0.350s] Level 1:colcon.colcon_core.environment:checking '/home/jiaan/arm_project/install/arm_urdf/bin'
[0.350s] INFO:colcon.colcon_core.shell:Creating package script '/home/jiaan/arm_project/install/arm_urdf/share/arm_urdf/package.ps1'
[0.351s] INFO:colcon.colcon_core.shell:Creating package descriptor '/home/jiaan/arm_project/install/arm_urdf/share/arm_urdf/package.dsv'
[0.352s] INFO:colcon.colcon_core.shell:Creating package script '/home/jiaan/arm_project/install/arm_urdf/share/arm_urdf/package.sh'
[0.352s] INFO:colcon.colcon_core.shell:Creating package script '/home/jiaan/arm_project/install/arm_urdf/share/arm_urdf/package.bash'
[0.353s] INFO:colcon.colcon_core.shell:Creating package script '/home/jiaan/arm_project/install/arm_urdf/share/arm_urdf/package.zsh'
[0.354s] Level 1:colcon.colcon_core.environment:create_file_with_runtime_dependencies(/home/jiaan/arm_project/install/arm_urdf/share/colcon-core/packages/arm_urdf)
[0.358s] DEBUG:colcon.colcon_core.event_handler.log_command:Invoking command in '/home/jiaan/arm_project/build/odrive_ros2_control': CMAKE_PREFIX_PATH=/opt/ros/humble /usr/bin/cmake --install /home/jiaan/arm_project/build/odrive_ros2_control
[0.371s] Level 1:colcon.colcon_core.environment:create_environment_scripts_only(arm_urdf)
[0.372s] Level 1:colcon.colcon_core.environment:checking '/home/jiaan/arm_project/install/arm_urdf' for CMake module files
[0.373s] Level 1:colcon.colcon_core.environment:checking '/home/jiaan/arm_project/install/arm_urdf' for CMake config files
[0.373s] Level 1:colcon.colcon_core.shell:create_environment_hook('arm_urdf', 'cmake_prefix_path')
[0.374s] INFO:colcon.colcon_core.shell:Creating environment hook '/home/jiaan/arm_project/install/arm_urdf/share/arm_urdf/hook/cmake_prefix_path.ps1'
[0.374s] INFO:colcon.colcon_core.shell:Creating environment descriptor '/home/jiaan/arm_project/install/arm_urdf/share/arm_urdf/hook/cmake_prefix_path.dsv'
[0.375s] INFO:colcon.colcon_core.shell:Creating environment hook '/home/jiaan/arm_project/install/arm_urdf/share/arm_urdf/hook/cmake_prefix_path.sh'
[0.375s] Level 1:colcon.colcon_core.environment:checking '/home/jiaan/arm_project/install/arm_urdf/bin'
[0.375s] Level 1:colcon.colcon_core.environment:checking '/home/jiaan/arm_project/install/arm_urdf/lib/pkgconfig/arm_urdf.pc'
[0.376s] Level 1:colcon.colcon_core.environment:checking '/home/jiaan/arm_project/install/arm_urdf/lib/python3.10/site-packages'
[0.376s] Level 1:colcon.colcon_core.environment:checking '/home/jiaan/arm_project/install/arm_urdf/bin'
[0.376s] INFO:colcon.colcon_core.shell:Creating package script '/home/jiaan/arm_project/install/arm_urdf/share/arm_urdf/package.ps1'
[0.376s] INFO:colcon.colcon_core.shell:Creating package descriptor '/home/jiaan/arm_project/install/arm_urdf/share/arm_urdf/package.dsv'
[0.377s] INFO:colcon.colcon_core.shell:Creating package script '/home/jiaan/arm_project/install/arm_urdf/share/arm_urdf/package.sh'
[0.377s] INFO:colcon.colcon_core.shell:Creating package script '/home/jiaan/arm_project/install/arm_urdf/share/arm_urdf/package.bash'
[0.377s] INFO:colcon.colcon_core.shell:Creating package script '/home/jiaan/arm_project/install/arm_urdf/share/arm_urdf/package.zsh'
[0.378s] Level 1:colcon.colcon_core.environment:create_file_with_runtime_dependencies(/home/jiaan/arm_project/install/arm_urdf/share/colcon-core/packages/arm_urdf)
[0.378s] Level 1:colcon.colcon_core.environment:create_environment_scripts_only(odrive_ros2_control)
[0.379s] Level 1:colcon.colcon_core.environment:checking '/home/jiaan/arm_project/install/odrive_ros2_control' for CMake module files
[0.379s] DEBUG:colcon.colcon_core.event_handler.log_command:Invoked command in '/home/jiaan/arm_project/build/odrive_ros2_control' returned '0': CMAKE_PREFIX_PATH=/opt/ros/humble /usr/bin/cmake --install /home/jiaan/arm_project/build/odrive_ros2_control
[0.379s] Level 1:colcon.colcon_core.environment:checking '/home/jiaan/arm_project/install/odrive_ros2_control' for CMake config files
[0.379s] Level 1:colcon.colcon_core.shell:create_environment_hook('odrive_ros2_control', 'cmake_prefix_path')
[0.380s] INFO:colcon.colcon_core.shell:Creating environment hook '/home/jiaan/arm_project/install/odrive_ros2_control/share/odrive_ros2_control/hook/cmake_prefix_path.ps1'
[0.380s] INFO:colcon.colcon_core.shell:Creating environment descriptor '/home/jiaan/arm_project/install/odrive_ros2_control/share/odrive_ros2_control/hook/cmake_prefix_path.dsv'
[0.380s] INFO:colcon.colcon_core.shell:Creating environment hook '/home/jiaan/arm_project/install/odrive_ros2_control/share/odrive_ros2_control/hook/cmake_prefix_path.sh'
[0.381s] Level 1:colcon.colcon_core.environment:checking '/home/jiaan/arm_project/install/odrive_ros2_control/lib'
[0.381s] Level 1:colcon.colcon_core.shell:create_environment_hook('odrive_ros2_control', 'ld_library_path_lib')
[0.381s] INFO:colcon.colcon_core.shell:Creating environment hook '/home/jiaan/arm_project/install/odrive_ros2_control/share/odrive_ros2_control/hook/ld_library_path_lib.ps1'
[0.381s] INFO:colcon.colcon_core.shell:Creating environment descriptor '/home/jiaan/arm_project/install/odrive_ros2_control/share/odrive_ros2_control/hook/ld_library_path_lib.dsv'
[0.382s] INFO:colcon.colcon_core.shell:Creating environment hook '/home/jiaan/arm_project/install/odrive_ros2_control/share/odrive_ros2_control/hook/ld_library_path_lib.sh'
[0.382s] Level 1:colcon.colcon_core.environment:checking '/home/jiaan/arm_project/install/odrive_ros2_control/bin'
[0.382s] Level 1:colcon.colcon_core.environment:checking '/home/jiaan/arm_project/install/odrive_ros2_control/lib/pkgconfig/odrive_ros2_control.pc'
[0.382s] Level 1:colcon.colcon_core.environment:checking '/home/jiaan/arm_project/install/odrive_ros2_control/lib/python3.10/site-packages'
[0.382s] Level 1:colcon.colcon_core.environment:checking '/home/jiaan/arm_project/install/odrive_ros2_control/bin'
[0.382s] INFO:colcon.colcon_core.shell:Creating package script '/home/jiaan/arm_project/install/odrive_ros2_control/share/odrive_ros2_control/package.ps1'
[0.383s] INFO:colcon.colcon_core.shell:Creating package descriptor '/home/jiaan/arm_project/install/odrive_ros2_control/share/odrive_ros2_control/package.dsv'
[0.383s] INFO:colcon.colcon_core.shell:Creating package script '/home/jiaan/arm_project/install/odrive_ros2_control/share/odrive_ros2_control/package.sh'
[0.384s] INFO:colcon.colcon_core.shell:Creating package script '/home/jiaan/arm_project/install/odrive_ros2_control/share/odrive_ros2_control/package.bash'
[0.384s] INFO:colcon.colcon_core.shell:Creating package script '/home/jiaan/arm_project/install/odrive_ros2_control/share/odrive_ros2_control/package.zsh'
[0.384s] Level 1:colcon.colcon_core.environment:create_file_with_runtime_dependencies(/home/jiaan/arm_project/install/odrive_ros2_control/share/colcon-core/packages/odrive_ros2_control)
[0.407s] Level 1:colcon.colcon_core.environment:create_environment_scripts_only(odrive_ros2_control)
[0.407s] Level 1:colcon.colcon_core.environment:checking '/home/jiaan/arm_project/install/odrive_ros2_control' for CMake module files
[0.407s] Level 1:colcon.colcon_core.environment:checking '/home/jiaan/arm_project/install/odrive_ros2_control' for CMake config files
[0.407s] Level 1:colcon.colcon_core.shell:create_environment_hook('odrive_ros2_control', 'cmake_prefix_path')
[0.408s] INFO:colcon.colcon_core.shell:Creating environment hook '/home/jiaan/arm_project/install/odrive_ros2_control/share/odrive_ros2_control/hook/cmake_prefix_path.ps1'
[0.408s] INFO:colcon.colcon_core.shell:Creating environment descriptor '/home/jiaan/arm_project/install/odrive_ros2_control/share/odrive_ros2_control/hook/cmake_prefix_path.dsv'
[0.408s] INFO:colcon.colcon_core.shell:Creating environment hook '/home/jiaan/arm_project/install/odrive_ros2_control/share/odrive_ros2_control/hook/cmake_prefix_path.sh'
[0.408s] Level 1:colcon.colcon_core.environment:checking '/home/jiaan/arm_project/install/odrive_ros2_control/lib'
[0.408s] Level 1:colcon.colcon_core.shell:create_environment_hook('odrive_ros2_control', 'ld_library_path_lib')
[0.409s] INFO:colcon.colcon_core.shell:Creating environment hook '/home/jiaan/arm_project/install/odrive_ros2_control/share/odrive_ros2_control/hook/ld_library_path_lib.ps1'
[0.409s] INFO:colcon.colcon_core.shell:Creating environment descriptor '/home/jiaan/arm_project/install/odrive_ros2_control/share/odrive_ros2_control/hook/ld_library_path_lib.dsv'
[0.409s] INFO:colcon.colcon_core.shell:Creating environment hook '/home/jiaan/arm_project/install/odrive_ros2_control/share/odrive_ros2_control/hook/ld_library_path_lib.sh'
[0.409s] Level 1:colcon.colcon_core.environment:checking '/home/jiaan/arm_project/install/odrive_ros2_control/bin'
[0.409s] Level 1:colcon.colcon_core.environment:checking '/home/jiaan/arm_project/install/odrive_ros2_control/lib/pkgconfig/odrive_ros2_control.pc'
[0.409s] Level 1:colcon.colcon_core.environment:checking '/home/jiaan/arm_project/install/odrive_ros2_control/lib/python3.10/site-packages'
[0.409s] Level 1:colcon.colcon_core.environment:checking '/home/jiaan/arm_project/install/odrive_ros2_control/bin'
[0.410s] INFO:colcon.colcon_core.shell:Creating package script '/home/jiaan/arm_project/install/odrive_ros2_control/share/odrive_ros2_control/package.ps1'
[0.410s] INFO:colcon.colcon_core.shell:Creating package descriptor '/home/jiaan/arm_project/install/odrive_ros2_control/share/odrive_ros2_control/package.dsv'
[0.410s] INFO:colcon.colcon_core.shell:Creating package script '/home/jiaan/arm_project/install/odrive_ros2_control/share/odrive_ros2_control/package.sh'
[0.411s] INFO:colcon.colcon_core.shell:Creating package script '/home/jiaan/arm_project/install/odrive_ros2_control/share/odrive_ros2_control/package.bash'
[0.411s] INFO:colcon.colcon_core.shell:Creating package script '/home/jiaan/arm_project/install/odrive_ros2_control/share/odrive_ros2_control/package.zsh'
[0.411s] Level 1:colcon.colcon_core.environment:create_file_with_runtime_dependencies(/home/jiaan/arm_project/install/odrive_ros2_control/share/colcon-core/packages/odrive_ros2_control)
[0.411s] INFO:colcon.colcon_ros.task.ament_cmake.build:Building ROS package in '/home/jiaan/arm_project/src/ros_odrive/odrive_botwheel_explorer' with build type 'ament_cmake'
[0.411s] INFO:colcon.colcon_cmake.task.cmake.build:Building CMake package in '/home/jiaan/arm_project/src/ros_odrive/odrive_botwheel_explorer'
[0.412s] INFO:colcon.colcon_core.shell:Skip shell extension 'powershell' for command environment: Not usable outside of PowerShell
[0.412s] DEBUG:colcon.colcon_core.shell:Skip shell extension 'dsv' for command environment
[0.418s] DEBUG:colcon.colcon_core.event_handler.log_command:Invoking command in '/home/jiaan/arm_project/build/odrive_botwheel_explorer': AMENT_PREFIX_PATH=/home/jiaan/arm_project/install/odrive_ros2_control:${AMENT_PREFIX_PATH} CMAKE_PREFIX_PATH=/home/jiaan/arm_project/install/odrive_ros2_control:/opt/ros/humble LD_LIBRARY_PATH=/home/jiaan/arm_project/install/odrive_ros2_control/lib:${LD_LIBRARY_PATH} /usr/bin/cmake --build /home/jiaan/arm_project/build/odrive_botwheel_explorer -- -j16 -l16
[0.442s] DEBUG:colcon.colcon_core.event_handler.log_command:Invoked command in '/home/jiaan/arm_project/build/odrive_botwheel_explorer' returned '0': AMENT_PREFIX_PATH=/home/jiaan/arm_project/install/odrive_ros2_control:${AMENT_PREFIX_PATH} CMAKE_PREFIX_PATH=/home/jiaan/arm_project/install/odrive_ros2_control:/opt/ros/humble LD_LIBRARY_PATH=/home/jiaan/arm_project/install/odrive_ros2_control/lib:${LD_LIBRARY_PATH} /usr/bin/cmake --build /home/jiaan/arm_project/build/odrive_botwheel_explorer -- -j16 -l16
[0.456s] DEBUG:colcon.colcon_core.event_handler.log_command:Invoking command in '/home/jiaan/arm_project/build/odrive_botwheel_explorer': AMENT_PREFIX_PATH=/home/jiaan/arm_project/install/odrive_ros2_control:${AMENT_PREFIX_PATH} CMAKE_PREFIX_PATH=/home/jiaan/arm_project/install/odrive_ros2_control:/opt/ros/humble LD_LIBRARY_PATH=/home/jiaan/arm_project/install/odrive_ros2_control/lib:${LD_LIBRARY_PATH} /usr/bin/cmake --install /home/jiaan/arm_project/build/odrive_botwheel_explorer
[0.471s] Level 1:colcon.colcon_core.environment:create_environment_scripts_only(odrive_botwheel_explorer)
[0.471s] Level 1:colcon.colcon_core.environment:checking '/home/jiaan/arm_project/install/odrive_botwheel_explorer' for CMake module files
[0.471s] DEBUG:colcon.colcon_core.event_handler.log_command:Invoked command in '/home/jiaan/arm_project/build/odrive_botwheel_explorer' returned '0': AMENT_PREFIX_PATH=/home/jiaan/arm_project/install/odrive_ros2_control:${AMENT_PREFIX_PATH} CMAKE_PREFIX_PATH=/home/jiaan/arm_project/install/odrive_ros2_control:/opt/ros/humble LD_LIBRARY_PATH=/home/jiaan/arm_project/install/odrive_ros2_control/lib:${LD_LIBRARY_PATH} /usr/bin/cmake --install /home/jiaan/arm_project/build/odrive_botwheel_explorer
[0.472s] Level 1:colcon.colcon_core.environment:checking '/home/jiaan/arm_project/install/odrive_botwheel_explorer' for CMake config files
[0.472s] Level 1:colcon.colcon_core.shell:create_environment_hook('odrive_botwheel_explorer', 'cmake_prefix_path')
[0.472s] INFO:colcon.colcon_core.shell:Creating environment hook '/home/jiaan/arm_project/install/odrive_botwheel_explorer/share/odrive_botwheel_explorer/hook/cmake_prefix_path.ps1'
[0.472s] INFO:colcon.colcon_core.shell:Creating environment descriptor '/home/jiaan/arm_project/install/odrive_botwheel_explorer/share/odrive_botwheel_explorer/hook/cmake_prefix_path.dsv'
[0.473s] INFO:colcon.colcon_core.shell:Creating environment hook '/home/jiaan/arm_project/install/odrive_botwheel_explorer/share/odrive_botwheel_explorer/hook/cmake_prefix_path.sh'
[0.473s] Level 1:colcon.colcon_core.environment:checking '/home/jiaan/arm_project/install/odrive_botwheel_explorer/bin'
[0.473s] Level 1:colcon.colcon_core.environment:checking '/home/jiaan/arm_project/install/odrive_botwheel_explorer/lib/pkgconfig/odrive_botwheel_explorer.pc'
[0.473s] Level 1:colcon.colcon_core.environment:checking '/home/jiaan/arm_project/install/odrive_botwheel_explorer/lib/python3.10/site-packages'
[0.473s] Level 1:colcon.colcon_core.environment:checking '/home/jiaan/arm_project/install/odrive_botwheel_explorer/bin'
[0.474s] INFO:colcon.colcon_core.shell:Creating package script '/home/jiaan/arm_project/install/odrive_botwheel_explorer/share/odrive_botwheel_explorer/package.ps1'
[0.474s] INFO:colcon.colcon_core.shell:Creating package descriptor '/home/jiaan/arm_project/install/odrive_botwheel_explorer/share/odrive_botwheel_explorer/package.dsv'
[0.474s] INFO:colcon.colcon_core.shell:Creating package script '/home/jiaan/arm_project/install/odrive_botwheel_explorer/share/odrive_botwheel_explorer/package.sh'
[0.474s] INFO:colcon.colcon_core.shell:Creating package script '/home/jiaan/arm_project/install/odrive_botwheel_explorer/share/odrive_botwheel_explorer/package.bash'
[0.474s] INFO:colcon.colcon_core.shell:Creating package script '/home/jiaan/arm_project/install/odrive_botwheel_explorer/share/odrive_botwheel_explorer/package.zsh'
[0.475s] Level 1:colcon.colcon_core.environment:create_file_with_runtime_dependencies(/home/jiaan/arm_project/install/odrive_botwheel_explorer/share/colcon-core/packages/odrive_botwheel_explorer)
[0.488s] Level 1:colcon.colcon_core.environment:create_environment_scripts_only(odrive_botwheel_explorer)
[0.489s] Level 1:colcon.colcon_core.environment:checking '/home/jiaan/arm_project/install/odrive_botwheel_explorer' for CMake module files
[0.489s] Level 1:colcon.colcon_core.environment:checking '/home/jiaan/arm_project/install/odrive_botwheel_explorer' for CMake config files
[0.489s] Level 1:colcon.colcon_core.shell:create_environment_hook('odrive_botwheel_explorer', 'cmake_prefix_path')
[0.489s] INFO:colcon.colcon_core.shell:Creating environment hook '/home/jiaan/arm_project/install/odrive_botwheel_explorer/share/odrive_botwheel_explorer/hook/cmake_prefix_path.ps1'
[0.490s] INFO:colcon.colcon_core.shell:Creating environment descriptor '/home/jiaan/arm_project/install/odrive_botwheel_explorer/share/odrive_botwheel_explorer/hook/cmake_prefix_path.dsv'
[0.490s] INFO:colcon.colcon_core.shell:Creating environment hook '/home/jiaan/arm_project/install/odrive_botwheel_explorer/share/odrive_botwheel_explorer/hook/cmake_prefix_path.sh'
[0.490s] Level 1:colcon.colcon_core.environment:checking '/home/jiaan/arm_project/install/odrive_botwheel_explorer/bin'
[0.490s] Level 1:colcon.colcon_core.environment:checking '/home/jiaan/arm_project/install/odrive_botwheel_explorer/lib/pkgconfig/odrive_botwheel_explorer.pc'
[0.491s] Level 1:colcon.colcon_core.environment:checking '/home/jiaan/arm_project/install/odrive_botwheel_explorer/lib/python3.10/site-packages'
[0.491s] Level 1:colcon.colcon_core.environment:checking '/home/jiaan/arm_project/install/odrive_botwheel_explorer/bin'
[0.491s] INFO:colcon.colcon_core.shell:Creating package script '/home/jiaan/arm_project/install/odrive_botwheel_explorer/share/odrive_botwheel_explorer/package.ps1'
[0.491s] INFO:colcon.colcon_core.shell:Creating package descriptor '/home/jiaan/arm_project/install/odrive_botwheel_explorer/share/odrive_botwheel_explorer/package.dsv'
[0.492s] INFO:colcon.colcon_core.shell:Creating package script '/home/jiaan/arm_project/install/odrive_botwheel_explorer/share/odrive_botwheel_explorer/package.sh'
[0.492s] INFO:colcon.colcon_core.shell:Creating package script '/home/jiaan/arm_project/install/odrive_botwheel_explorer/share/odrive_botwheel_explorer/package.bash'
[0.492s] INFO:colcon.colcon_core.shell:Creating package script '/home/jiaan/arm_project/install/odrive_botwheel_explorer/share/odrive_botwheel_explorer/package.zsh'
[0.492s] Level 1:colcon.colcon_core.environment:create_file_with_runtime_dependencies(/home/jiaan/arm_project/install/odrive_botwheel_explorer/share/colcon-core/packages/odrive_botwheel_explorer)
[0.545s] DEBUG:colcon.colcon_core.event_handler.log_command:Invoked command in '/home/jiaan/arm_project/build/odrive_can' returned '0': CMAKE_PREFIX_PATH=/opt/ros/humble /usr/bin/cmake --build /home/jiaan/arm_project/build/odrive_can -- -j16 -l16
[0.626s] DEBUG:colcon.colcon_core.event_handler.log_command:Invoking command in '/home/jiaan/arm_project/build/odrive_can': CMAKE_PREFIX_PATH=/opt/ros/humble /usr/bin/cmake --install /home/jiaan/arm_project/build/odrive_can
[0.679s] Level 1:colcon.colcon_core.environment:create_environment_scripts_only(odrive_can)
[0.679s] Level 1:colcon.colcon_core.environment:checking '/home/jiaan/arm_project/install/odrive_can' for CMake module files
[0.680s] DEBUG:colcon.colcon_core.event_handler.log_command:Invoked command in '/home/jiaan/arm_project/build/odrive_can' returned '0': CMAKE_PREFIX_PATH=/opt/ros/humble /usr/bin/cmake --install /home/jiaan/arm_project/build/odrive_can
[0.680s] Level 1:colcon.colcon_core.environment:checking '/home/jiaan/arm_project/install/odrive_can' for CMake config files
[0.681s] Level 1:colcon.colcon_core.shell:create_environment_hook('odrive_can', 'cmake_prefix_path')
[0.681s] INFO:colcon.colcon_core.shell:Creating environment hook '/home/jiaan/arm_project/install/odrive_can/share/odrive_can/hook/cmake_prefix_path.ps1'
[0.681s] INFO:colcon.colcon_core.shell:Creating environment descriptor '/home/jiaan/arm_project/install/odrive_can/share/odrive_can/hook/cmake_prefix_path.dsv'
[0.681s] INFO:colcon.colcon_core.shell:Creating environment hook '/home/jiaan/arm_project/install/odrive_can/share/odrive_can/hook/cmake_prefix_path.sh'
[0.682s] Level 1:colcon.colcon_core.environment:checking '/home/jiaan/arm_project/install/odrive_can/lib'
[0.682s] Level 1:colcon.colcon_core.shell:create_environment_hook('odrive_can', 'ld_library_path_lib')
[0.682s] INFO:colcon.colcon_core.shell:Creating environment hook '/home/jiaan/arm_project/install/odrive_can/share/odrive_can/hook/ld_library_path_lib.ps1'
[0.682s] INFO:colcon.colcon_core.shell:Creating environment descriptor '/home/jiaan/arm_project/install/odrive_can/share/odrive_can/hook/ld_library_path_lib.dsv'
[0.683s] INFO:colcon.colcon_core.shell:Creating environment hook '/home/jiaan/arm_project/install/odrive_can/share/odrive_can/hook/ld_library_path_lib.sh'
[0.683s] Level 1:colcon.colcon_core.environment:checking '/home/jiaan/arm_project/install/odrive_can/bin'
[0.683s] Level 1:colcon.colcon_core.environment:checking '/home/jiaan/arm_project/install/odrive_can/lib/pkgconfig/odrive_can.pc'
[0.683s] Level 1:colcon.colcon_core.environment:checking '/home/jiaan/arm_project/install/odrive_can/lib/python3.10/site-packages'
[0.683s] Level 1:colcon.colcon_core.environment:checking '/home/jiaan/arm_project/install/odrive_can/bin'
[0.683s] INFO:colcon.colcon_core.shell:Creating package script '/home/jiaan/arm_project/install/odrive_can/share/odrive_can/package.ps1'
[0.684s] INFO:colcon.colcon_core.shell:Creating package descriptor '/home/jiaan/arm_project/install/odrive_can/share/odrive_can/package.dsv'
[0.684s] INFO:colcon.colcon_core.shell:Creating package script '/home/jiaan/arm_project/install/odrive_can/share/odrive_can/package.sh'
[0.684s] INFO:colcon.colcon_core.shell:Creating package script '/home/jiaan/arm_project/install/odrive_can/share/odrive_can/package.bash'
[0.685s] INFO:colcon.colcon_core.shell:Creating package script '/home/jiaan/arm_project/install/odrive_can/share/odrive_can/package.zsh'
[0.685s] Level 1:colcon.colcon_core.environment:create_file_with_runtime_dependencies(/home/jiaan/arm_project/install/odrive_can/share/colcon-core/packages/odrive_can)
[0.767s] Level 1:colcon.colcon_core.environment:create_environment_scripts_only(odrive_can)
[0.767s] Level 1:colcon.colcon_core.environment:checking '/home/jiaan/arm_project/install/odrive_can' for CMake module files
[0.768s] Level 1:colcon.colcon_core.environment:checking '/home/jiaan/arm_project/install/odrive_can' for CMake config files
[0.769s] Level 1:colcon.colcon_core.shell:create_environment_hook('odrive_can', 'cmake_prefix_path')
[0.769s] INFO:colcon.colcon_core.shell:Creating environment hook '/home/jiaan/arm_project/install/odrive_can/share/odrive_can/hook/cmake_prefix_path.ps1'
[0.769s] INFO:colcon.colcon_core.shell:Creating environment descriptor '/home/jiaan/arm_project/install/odrive_can/share/odrive_can/hook/cmake_prefix_path.dsv'
[0.770s] INFO:colcon.colcon_core.shell:Creating environment hook '/home/jiaan/arm_project/install/odrive_can/share/odrive_can/hook/cmake_prefix_path.sh'
[0.770s] Level 1:colcon.colcon_core.environment:checking '/home/jiaan/arm_project/install/odrive_can/lib'
[0.770s] Level 1:colcon.colcon_core.shell:create_environment_hook('odrive_can', 'ld_library_path_lib')
[0.770s] INFO:colcon.colcon_core.shell:Creating environment hook '/home/jiaan/arm_project/install/odrive_can/share/odrive_can/hook/ld_library_path_lib.ps1'
[0.770s] INFO:colcon.colcon_core.shell:Creating environment descriptor '/home/jiaan/arm_project/install/odrive_can/share/odrive_can/hook/ld_library_path_lib.dsv'
[0.771s] INFO:colcon.colcon_core.shell:Creating environment hook '/home/jiaan/arm_project/install/odrive_can/share/odrive_can/hook/ld_library_path_lib.sh'
[0.771s] Level 1:colcon.colcon_core.environment:checking '/home/jiaan/arm_project/install/odrive_can/bin'
[0.771s] Level 1:colcon.colcon_core.environment:checking '/home/jiaan/arm_project/install/odrive_can/lib/pkgconfig/odrive_can.pc'
[0.771s] Level 1:colcon.colcon_core.environment:checking '/home/jiaan/arm_project/install/odrive_can/lib/python3.10/site-packages'
[0.771s] Level 1:colcon.colcon_core.environment:checking '/home/jiaan/arm_project/install/odrive_can/bin'
[0.772s] INFO:colcon.colcon_core.shell:Creating package script '/home/jiaan/arm_project/install/odrive_can/share/odrive_can/package.ps1'
[0.772s] INFO:colcon.colcon_core.shell:Creating package descriptor '/home/jiaan/arm_project/install/odrive_can/share/odrive_can/package.dsv'
[0.772s] INFO:colcon.colcon_core.shell:Creating package script '/home/jiaan/arm_project/install/odrive_can/share/odrive_can/package.sh'
[0.773s] INFO:colcon.colcon_core.shell:Creating package script '/home/jiaan/arm_project/install/odrive_can/share/odrive_can/package.bash'
[0.773s] INFO:colcon.colcon_core.shell:Creating package script '/home/jiaan/arm_project/install/odrive_can/share/odrive_can/package.zsh'
[0.773s] Level 1:colcon.colcon_core.environment:create_file_with_runtime_dependencies(/home/jiaan/arm_project/install/odrive_can/share/colcon-core/packages/odrive_can)
[0.773s] DEBUG:colcon.colcon_parallel_executor.executor.parallel:closing loop
[0.773s] DEBUG:colcon.colcon_parallel_executor.executor.parallel:loop closed
[0.774s] DEBUG:colcon.colcon_parallel_executor.executor.parallel:run_until_complete finished with '0'
[0.774s] DEBUG:colcon.colcon_core.event_reactor:joining thread
[0.778s] INFO:colcon.colcon_core.plugin_system:Skipping extension 'colcon_notification.desktop_notification.terminal_notifier': Not used on non-Darwin systems
[0.778s] INFO:colcon.colcon_core.plugin_system:Skipping extension 'colcon_notification.desktop_notification.win32': Not used on non-Windows systems
[0.778s] INFO:colcon.colcon_notification.desktop_notification:Sending desktop notification using 'notify2'
[0.786s] DEBUG:colcon.colcon_core.event_reactor:joined thread
[0.787s] INFO:colcon.colcon_core.shell:Creating prefix script '/home/jiaan/arm_project/install/local_setup.ps1'
[0.788s] INFO:colcon.colcon_core.shell:Creating prefix util module '/home/jiaan/arm_project/install/_local_setup_util_ps1.py'
[0.789s] INFO:colcon.colcon_core.shell:Creating prefix chain script '/home/jiaan/arm_project/install/setup.ps1'
[0.789s] INFO:colcon.colcon_core.shell:Creating prefix script '/home/jiaan/arm_project/install/local_setup.sh'
[0.790s] INFO:colcon.colcon_core.shell:Creating prefix util module '/home/jiaan/arm_project/install/_local_setup_util_sh.py'
[0.790s] INFO:colcon.colcon_core.shell:Creating prefix chain script '/home/jiaan/arm_project/install/setup.sh'
[0.790s] INFO:colcon.colcon_core.shell:Creating prefix script '/home/jiaan/arm_project/install/local_setup.bash'
[0.791s] INFO:colcon.colcon_core.shell:Creating prefix chain script '/home/jiaan/arm_project/install/setup.bash'
[0.791s] INFO:colcon.colcon_core.shell:Creating prefix script '/home/jiaan/arm_project/install/local_setup.zsh'
[0.792s] INFO:colcon.colcon_core.shell:Creating prefix chain script '/home/jiaan/arm_project/install/setup.zsh'
