[0.015s] Invoking command in '/home/jiaan/arm_project/build/odrive_can': CMAKE_PREFIX_PATH=/opt/ros/humble /usr/bin/cmake /home/jiaan/arm_project/src/ros_odrive/odrive_node -DCMAKE_INSTALL_PREFIX=/home/jiaan/arm_project/install/odrive_can
[0.026s] -- Found ament_cmake: 1.3.9 (/opt/ros/humble/share/ament_cmake/cmake)
[0.136s] -- Override CMake install command with custom implementation using symlinks instead of copying resources
[0.153s] -- Found rclcpp: 16.0.9 (/opt/ros/humble/share/rclcpp/cmake)
[0.189s] -- Found rosidl_generator_c: 3.1.5 (/opt/ros/humble/share/rosidl_generator_c/cmake)
[0.193s] -- Found rosidl_adapter: 3.1.5 (/opt/ros/humble/share/rosidl_adapter/cmake)
[0.201s] -- Found rosidl_generator_cpp: 3.1.5 (/opt/ros/humble/share/rosidl_generator_cpp/cmake)
[0.214s] -- Using all available rosidl_typesupport_c: rosidl_typesupport_fastrtps_c;rosidl_typesupport_introspection_c
[0.229s] -- Using all available rosidl_typesupport_cpp: rosidl_typesupport_fastrtps_cpp;rosidl_typesupport_introspection_cpp
[0.290s] -- Found rmw_implementation_cmake: 6.1.2 (/opt/ros/humble/share/rmw_implementation_cmake/cmake)
[0.293s] -- Found rmw_cyclonedds_cpp: 1.3.4 (/opt/ros/humble/share/rmw_cyclonedds_cpp/cmake)
[0.327s] -- Using RMW implementation 'rmw_cyclonedds_cpp' as default
[0.494s] -- Found rosidl_default_generators: 1.2.0 (/opt/ros/humble/share/rosidl_default_generators/cmake)
[0.744s] -- Found ament_cmake_ros: 0.10.0 (/opt/ros/humble/share/ament_cmake_ros/cmake)
[0.997s] -- Using all available rosidl_typesupport_c: rosidl_typesupport_fastrtps_c;rosidl_typesupport_introspection_c
[1.103s] -- Using all available rosidl_typesupport_cpp: rosidl_typesupport_fastrtps_cpp;rosidl_typesupport_introspection_cpp
[1.121s] -- Found python_cmake_module: 0.10.0 (/opt/ros/humble/share/python_cmake_module/cmake)
[1.146s] -- Using PYTHON_EXECUTABLE: /usr/bin/python3
[1.146s] -- Using PYTHON_INCLUDE_DIRS: /usr/include/python3.10
[1.146s] -- Using PYTHON_LIBRARIES: /usr/lib/x86_64-linux-gnu/libpython3.10.so
[1.175s] -- Configuring done
[1.214s] -- Generating done
[1.217s] -- Build files have been written to: /home/jiaan/arm_project/build/odrive_can
[1.230s] Invoked command in '/home/jiaan/arm_project/build/odrive_can' returned '0': CMAKE_PREFIX_PATH=/opt/ros/humble /usr/bin/cmake /home/jiaan/arm_project/src/ros_odrive/odrive_node -DCMAKE_INSTALL_PREFIX=/home/jiaan/arm_project/install/odrive_can
[1.231s] Invoking command in '/home/jiaan/arm_project/build/odrive_can': CMAKE_PREFIX_PATH=/opt/ros/humble /usr/bin/cmake --build /home/jiaan/arm_project/build/odrive_can -- -j16 -l16
[1.268s] [35m[1mConsolidate compiler generated dependencies of target odrive_can__rosidl_generator_c[0m
[1.275s] [  1%] Built target odrive_can__cpp
[1.276s] [ 11%] Built target odrive_can__rosidl_generator_c
[1.283s] [ 11%] Built target ament_cmake_python_symlink_odrive_can
[1.287s] [35m[1mConsolidate compiler generated dependencies of target odrive_can__rosidl_typesupport_introspection_cpp[0m
[1.287s] [35m[1mConsolidate compiler generated dependencies of target odrive_can__rosidl_typesupport_fastrtps_cpp[0m
[1.287s] [35m[1mConsolidate compiler generated dependencies of target odrive_can__rosidl_typesupport_cpp[0m
[1.288s] [35m[1mConsolidate compiler generated dependencies of target odrive_can__rosidl_typesupport_c[0m
[1.288s] [35m[1mConsolidate compiler generated dependencies of target odrive_can__rosidl_typesupport_fastrtps_c[0m
[1.289s] [35m[1mConsolidate compiler generated dependencies of target odrive_can__rosidl_typesupport_introspection_c[0m
[1.303s] [ 21%] Built target odrive_can__rosidl_typesupport_c
[1.305s] [ 31%] Built target odrive_can__rosidl_typesupport_fastrtps_cpp
[1.306s] [ 60%] Built target odrive_can__rosidl_typesupport_introspection_c
[1.306s] [ 60%] Built target odrive_can__rosidl_typesupport_cpp
[1.306s] [ 61%] Built target odrive_can__rosidl_typesupport_fastrtps_c
[1.308s] [ 71%] Built target odrive_can__rosidl_typesupport_introspection_cpp
[1.322s] [35m[1mConsolidate compiler generated dependencies of target odrive_can_node[0m
[1.334s] [ 71%] Built target odrive_can
[1.351s] [ 80%] Built target odrive_can_node
[1.357s] [ 81%] Built target odrive_can__py
[1.370s] [35m[1mConsolidate compiler generated dependencies of target odrive_can__rosidl_generator_py[0m
[1.389s] [ 90%] Built target odrive_can__rosidl_generator_py
[1.400s] [35m[1mConsolidate compiler generated dependencies of target odrive_can__rosidl_typesupport_fastrtps_c__pyext[0m
[1.400s] [35m[1mConsolidate compiler generated dependencies of target odrive_can__rosidl_typesupport_introspection_c__pyext[0m
[1.400s] [35m[1mConsolidate compiler generated dependencies of target odrive_can__rosidl_typesupport_c__pyext[0m
[1.416s] [ 96%] Built target odrive_can__rosidl_typesupport_introspection_c__pyext
[1.416s] [ 96%] Built target odrive_can__rosidl_typesupport_fastrtps_c__pyext
[1.416s] [100%] Built target odrive_can__rosidl_typesupport_c__pyext
[1.568s] running egg_info
[1.569s] writing odrive_can.egg-info/PKG-INFO
[1.569s] writing dependency_links to odrive_can.egg-info/dependency_links.txt
[1.569s] writing top-level names to odrive_can.egg-info/top_level.txt
[1.573s] reading manifest file 'odrive_can.egg-info/SOURCES.txt'
[1.574s] writing manifest file 'odrive_can.egg-info/SOURCES.txt'
[1.613s] [100%] Built target ament_cmake_python_build_odrive_can_egg
[1.629s] Invoked command in '/home/jiaan/arm_project/build/odrive_can' returned '0': CMAKE_PREFIX_PATH=/opt/ros/humble /usr/bin/cmake --build /home/jiaan/arm_project/build/odrive_can -- -j16 -l16
[1.740s] Invoking command in '/home/jiaan/arm_project/build/odrive_can': CMAKE_PREFIX_PATH=/opt/ros/humble /usr/bin/cmake --install /home/jiaan/arm_project/build/odrive_can
[1.747s] -- Install configuration: ""
[1.748s] -- Execute custom install script
[1.748s] -- Up-to-date symlink: /home/jiaan/arm_project/install/odrive_can/share/ament_index/resource_index/rosidl_interfaces/odrive_can
[1.748s] -- Up-to-date symlink: /home/jiaan/arm_project/install/odrive_can/include/odrive_can/odrive_can/msg/control_message.h
[1.748s] -- Up-to-date symlink: /home/jiaan/arm_project/install/odrive_can/include/odrive_can/odrive_can/msg/controller_status.h
[1.748s] -- Up-to-date symlink: /home/jiaan/arm_project/install/odrive_can/include/odrive_can/odrive_can/msg/detail/control_message__functions.h
[1.748s] -- Up-to-date symlink: /home/jiaan/arm_project/install/odrive_can/include/odrive_can/odrive_can/msg/detail/control_message__struct.h
[1.748s] -- Up-to-date symlink: /home/jiaan/arm_project/install/odrive_can/include/odrive_can/odrive_can/msg/detail/control_message__type_support.h
[1.749s] -- Up-to-date symlink: /home/jiaan/arm_project/install/odrive_can/include/odrive_can/odrive_can/msg/detail/controller_status__functions.h
[1.749s] -- Up-to-date symlink: /home/jiaan/arm_project/install/odrive_can/include/odrive_can/odrive_can/msg/detail/controller_status__struct.h
[1.749s] -- Up-to-date symlink: /home/jiaan/arm_project/install/odrive_can/include/odrive_can/odrive_can/msg/detail/controller_status__type_support.h
[1.749s] -- Up-to-date symlink: /home/jiaan/arm_project/install/odrive_can/include/odrive_can/odrive_can/msg/detail/o_drive_status__functions.h
[1.749s] -- Up-to-date symlink: /home/jiaan/arm_project/install/odrive_can/include/odrive_can/odrive_can/msg/detail/o_drive_status__struct.h
[1.749s] -- Up-to-date symlink: /home/jiaan/arm_project/install/odrive_can/include/odrive_can/odrive_can/msg/detail/o_drive_status__type_support.h
[1.749s] -- Up-to-date symlink: /home/jiaan/arm_project/install/odrive_can/include/odrive_can/odrive_can/msg/o_drive_status.h
[1.749s] -- Up-to-date symlink: /home/jiaan/arm_project/install/odrive_can/include/odrive_can/odrive_can/msg/rosidl_generator_c__visibility_control.h
[1.750s] -- Up-to-date symlink: /home/jiaan/arm_project/install/odrive_can/include/odrive_can/odrive_can/srv/axis_state.h
[1.750s] -- Up-to-date symlink: /home/jiaan/arm_project/install/odrive_can/include/odrive_can/odrive_can/srv/detail/axis_state__functions.h
[1.750s] -- Up-to-date symlink: /home/jiaan/arm_project/install/odrive_can/include/odrive_can/odrive_can/srv/detail/axis_state__struct.h
[1.750s] -- Up-to-date symlink: /home/jiaan/arm_project/install/odrive_can/include/odrive_can/odrive_can/srv/detail/axis_state__type_support.h
[1.750s] -- Up-to-date symlink: /home/jiaan/arm_project/install/odrive_can/share/odrive_can/environment/library_path.sh
[1.750s] -- Up-to-date symlink: /home/jiaan/arm_project/install/odrive_can/share/odrive_can/environment/library_path.dsv
[1.750s] -- Up-to-date symlink: /home/jiaan/arm_project/install/odrive_can/include/odrive_can/odrive_can/msg/detail/control_message__rosidl_typesupport_fastrtps_c.h
[1.750s] -- Up-to-date symlink: /home/jiaan/arm_project/install/odrive_can/include/odrive_can/odrive_can/msg/detail/controller_status__rosidl_typesupport_fastrtps_c.h
[1.750s] -- Up-to-date symlink: /home/jiaan/arm_project/install/odrive_can/include/odrive_can/odrive_can/msg/detail/o_drive_status__rosidl_typesupport_fastrtps_c.h
[1.750s] -- Up-to-date symlink: /home/jiaan/arm_project/install/odrive_can/include/odrive_can/odrive_can/msg/rosidl_typesupport_fastrtps_c__visibility_control.h
[1.750s] -- Up-to-date symlink: /home/jiaan/arm_project/install/odrive_can/include/odrive_can/odrive_can/srv/detail/axis_state__rosidl_typesupport_fastrtps_c.h
[1.751s] -- Up-to-date symlink: /home/jiaan/arm_project/install/odrive_can/include/odrive_can/odrive_can/msg/control_message.hpp
[1.751s] -- Up-to-date symlink: /home/jiaan/arm_project/install/odrive_can/include/odrive_can/odrive_can/msg/controller_status.hpp
[1.751s] -- Up-to-date symlink: /home/jiaan/arm_project/install/odrive_can/include/odrive_can/odrive_can/msg/detail/control_message__builder.hpp
[1.751s] -- Up-to-date symlink: /home/jiaan/arm_project/install/odrive_can/include/odrive_can/odrive_can/msg/detail/control_message__struct.hpp
[1.751s] -- Up-to-date symlink: /home/jiaan/arm_project/install/odrive_can/include/odrive_can/odrive_can/msg/detail/control_message__traits.hpp
[1.751s] -- Up-to-date symlink: /home/jiaan/arm_project/install/odrive_can/include/odrive_can/odrive_can/msg/detail/controller_status__builder.hpp
[1.751s] -- Up-to-date symlink: /home/jiaan/arm_project/install/odrive_can/include/odrive_can/odrive_can/msg/detail/controller_status__struct.hpp
[1.751s] -- Up-to-date symlink: /home/jiaan/arm_project/install/odrive_can/include/odrive_can/odrive_can/msg/detail/controller_status__traits.hpp
[1.751s] -- Up-to-date symlink: /home/jiaan/arm_project/install/odrive_can/include/odrive_can/odrive_can/msg/detail/o_drive_status__builder.hpp
[1.751s] -- Up-to-date symlink: /home/jiaan/arm_project/install/odrive_can/include/odrive_can/odrive_can/msg/detail/o_drive_status__struct.hpp
[1.751s] -- Up-to-date symlink: /home/jiaan/arm_project/install/odrive_can/include/odrive_can/odrive_can/msg/detail/o_drive_status__traits.hpp
[1.751s] -- Up-to-date symlink: /home/jiaan/arm_project/install/odrive_can/include/odrive_can/odrive_can/msg/o_drive_status.hpp
[1.752s] -- Up-to-date symlink: /home/jiaan/arm_project/install/odrive_can/include/odrive_can/odrive_can/srv/axis_state.hpp
[1.752s] -- Up-to-date symlink: /home/jiaan/arm_project/install/odrive_can/include/odrive_can/odrive_can/srv/detail/axis_state__builder.hpp
[1.752s] -- Up-to-date symlink: /home/jiaan/arm_project/install/odrive_can/include/odrive_can/odrive_can/srv/detail/axis_state__struct.hpp
[1.752s] -- Up-to-date symlink: /home/jiaan/arm_project/install/odrive_can/include/odrive_can/odrive_can/srv/detail/axis_state__traits.hpp
[1.752s] -- Up-to-date symlink: /home/jiaan/arm_project/install/odrive_can/include/odrive_can/odrive_can/msg/detail/control_message__rosidl_typesupport_fastrtps_cpp.hpp
[1.752s] -- Up-to-date symlink: /home/jiaan/arm_project/install/odrive_can/include/odrive_can/odrive_can/msg/detail/controller_status__rosidl_typesupport_fastrtps_cpp.hpp
[1.752s] -- Up-to-date symlink: /home/jiaan/arm_project/install/odrive_can/include/odrive_can/odrive_can/msg/detail/o_drive_status__rosidl_typesupport_fastrtps_cpp.hpp
[1.752s] -- Up-to-date symlink: /home/jiaan/arm_project/install/odrive_can/include/odrive_can/odrive_can/msg/rosidl_typesupport_fastrtps_cpp__visibility_control.h
[1.752s] -- Up-to-date symlink: /home/jiaan/arm_project/install/odrive_can/include/odrive_can/odrive_can/srv/detail/axis_state__rosidl_typesupport_fastrtps_cpp.hpp
[1.752s] -- Up-to-date symlink: /home/jiaan/arm_project/install/odrive_can/include/odrive_can/odrive_can/msg/detail/control_message__rosidl_typesupport_introspection_c.h
[1.753s] -- Up-to-date symlink: /home/jiaan/arm_project/install/odrive_can/include/odrive_can/odrive_can/msg/detail/controller_status__rosidl_typesupport_introspection_c.h
[1.753s] -- Up-to-date symlink: /home/jiaan/arm_project/install/odrive_can/include/odrive_can/odrive_can/msg/detail/o_drive_status__rosidl_typesupport_introspection_c.h
[1.753s] -- Up-to-date symlink: /home/jiaan/arm_project/install/odrive_can/include/odrive_can/odrive_can/msg/rosidl_typesupport_introspection_c__visibility_control.h
[1.753s] -- Up-to-date symlink: /home/jiaan/arm_project/install/odrive_can/include/odrive_can/odrive_can/srv/detail/axis_state__rosidl_typesupport_introspection_c.h
[1.753s] -- Up-to-date symlink: /home/jiaan/arm_project/install/odrive_can/include/odrive_can/odrive_can/msg/detail/control_message__rosidl_typesupport_introspection_cpp.hpp
[1.753s] -- Up-to-date symlink: /home/jiaan/arm_project/install/odrive_can/include/odrive_can/odrive_can/msg/detail/controller_status__rosidl_typesupport_introspection_cpp.hpp
[1.754s] -- Up-to-date symlink: /home/jiaan/arm_project/install/odrive_can/include/odrive_can/odrive_can/msg/detail/o_drive_status__rosidl_typesupport_introspection_cpp.hpp
[1.754s] -- Up-to-date symlink: /home/jiaan/arm_project/install/odrive_can/include/odrive_can/odrive_can/srv/detail/axis_state__rosidl_typesupport_introspection_cpp.hpp
[1.754s] -- Up-to-date symlink: /home/jiaan/arm_project/install/odrive_can/share/odrive_can/environment/pythonpath.sh
[1.754s] -- Up-to-date symlink: /home/jiaan/arm_project/install/odrive_can/share/odrive_can/environment/pythonpath.dsv
[1.754s] -- Up-to-date symlink: /home/jiaan/arm_project/install/odrive_can/local/lib/python3.10/dist-packages/odrive_can-0.0.1-py3.10.egg-info/PKG-INFO
[1.754s] -- Up-to-date symlink: /home/jiaan/arm_project/install/odrive_can/local/lib/python3.10/dist-packages/odrive_can-0.0.1-py3.10.egg-info/SOURCES.txt
[1.754s] -- Up-to-date symlink: /home/jiaan/arm_project/install/odrive_can/local/lib/python3.10/dist-packages/odrive_can-0.0.1-py3.10.egg-info/dependency_links.txt
[1.754s] -- Up-to-date symlink: /home/jiaan/arm_project/install/odrive_can/local/lib/python3.10/dist-packages/odrive_can-0.0.1-py3.10.egg-info/top_level.txt
[1.754s] -- Up-to-date symlink: /home/jiaan/arm_project/install/odrive_can/local/lib/python3.10/dist-packages/odrive_can/__init__.py
[1.755s] -- Up-to-date symlink: /home/jiaan/arm_project/install/odrive_can/local/lib/python3.10/dist-packages/odrive_can/_odrive_can_s.ep.rosidl_typesupport_c.c
[1.755s] -- Up-to-date symlink: /home/jiaan/arm_project/install/odrive_can/local/lib/python3.10/dist-packages/odrive_can/_odrive_can_s.ep.rosidl_typesupport_fastrtps_c.c
[1.755s] -- Up-to-date symlink: /home/jiaan/arm_project/install/odrive_can/local/lib/python3.10/dist-packages/odrive_can/_odrive_can_s.ep.rosidl_typesupport_introspection_c.c
[1.755s] -- Up-to-date symlink: /home/jiaan/arm_project/install/odrive_can/local/lib/python3.10/dist-packages/odrive_can/libodrive_can__rosidl_generator_py.so
[1.755s] -- Up-to-date symlink: /home/jiaan/arm_project/install/odrive_can/local/lib/python3.10/dist-packages/odrive_can/msg/__init__.py
[1.755s] -- Up-to-date symlink: /home/jiaan/arm_project/install/odrive_can/local/lib/python3.10/dist-packages/odrive_can/msg/_control_message.py
[1.755s] -- Up-to-date symlink: /home/jiaan/arm_project/install/odrive_can/local/lib/python3.10/dist-packages/odrive_can/msg/_control_message_s.c
[1.755s] -- Up-to-date symlink: /home/jiaan/arm_project/install/odrive_can/local/lib/python3.10/dist-packages/odrive_can/msg/_controller_status.py
[1.755s] -- Up-to-date symlink: /home/jiaan/arm_project/install/odrive_can/local/lib/python3.10/dist-packages/odrive_can/msg/_controller_status_s.c
[1.755s] -- Up-to-date symlink: /home/jiaan/arm_project/install/odrive_can/local/lib/python3.10/dist-packages/odrive_can/msg/_o_drive_status.py
[1.755s] -- Up-to-date symlink: /home/jiaan/arm_project/install/odrive_can/local/lib/python3.10/dist-packages/odrive_can/msg/_o_drive_status_s.c
[1.756s] -- Up-to-date symlink: /home/jiaan/arm_project/install/odrive_can/local/lib/python3.10/dist-packages/odrive_can/odrive_can_s__rosidl_typesupport_c.cpython-310-x86_64-linux-gnu.so
[1.756s] -- Up-to-date symlink: /home/jiaan/arm_project/install/odrive_can/local/lib/python3.10/dist-packages/odrive_can/odrive_can_s__rosidl_typesupport_fastrtps_c.cpython-310-x86_64-linux-gnu.so
[1.756s] -- Up-to-date symlink: /home/jiaan/arm_project/install/odrive_can/local/lib/python3.10/dist-packages/odrive_can/odrive_can_s__rosidl_typesupport_introspection_c.cpython-310-x86_64-linux-gnu.so
[1.756s] -- Up-to-date symlink: /home/jiaan/arm_project/install/odrive_can/local/lib/python3.10/dist-packages/odrive_can/srv/__init__.py
[1.756s] -- Up-to-date symlink: /home/jiaan/arm_project/install/odrive_can/local/lib/python3.10/dist-packages/odrive_can/srv/_axis_state.py
[1.756s] -- Up-to-date symlink: /home/jiaan/arm_project/install/odrive_can/local/lib/python3.10/dist-packages/odrive_can/srv/_axis_state_s.c
[1.756s] -- Up-to-date symlink: /home/jiaan/arm_project/install/odrive_can/local/lib/python3.10/dist-packages/odrive_can/odrive_can_s__rosidl_typesupport_fastrtps_c.cpython-310-x86_64-linux-gnu.so
[1.756s] -- Up-to-date symlink: /home/jiaan/arm_project/install/odrive_can/local/lib/python3.10/dist-packages/odrive_can/odrive_can_s__rosidl_typesupport_introspection_c.cpython-310-x86_64-linux-gnu.so
[1.756s] -- Up-to-date symlink: /home/jiaan/arm_project/install/odrive_can/local/lib/python3.10/dist-packages/odrive_can/odrive_can_s__rosidl_typesupport_c.cpython-310-x86_64-linux-gnu.so
[1.756s] -- Up-to-date symlink: /home/jiaan/arm_project/install/odrive_can/share/odrive_can/msg/ControlMessage.idl
[1.756s] -- Up-to-date symlink: /home/jiaan/arm_project/install/odrive_can/share/odrive_can/msg/ControllerStatus.idl
[1.756s] -- Up-to-date symlink: /home/jiaan/arm_project/install/odrive_can/share/odrive_can/msg/ODriveStatus.idl
[1.756s] -- Up-to-date symlink: /home/jiaan/arm_project/install/odrive_can/share/odrive_can/srv/AxisState.idl
[1.757s] -- Up-to-date symlink: /home/jiaan/arm_project/install/odrive_can/share/odrive_can/msg/ControlMessage.msg
[1.757s] -- Up-to-date symlink: /home/jiaan/arm_project/install/odrive_can/share/odrive_can/msg/ControllerStatus.msg
[1.757s] -- Up-to-date symlink: /home/jiaan/arm_project/install/odrive_can/share/odrive_can/msg/ODriveStatus.msg
[1.757s] -- Up-to-date symlink: /home/jiaan/arm_project/install/odrive_can/share/odrive_can/srv/AxisState.srv
[1.757s] -- Up-to-date symlink: /home/jiaan/arm_project/install/odrive_can/share/odrive_can/srv/AxisState_Request.msg
[1.757s] -- Up-to-date symlink: /home/jiaan/arm_project/install/odrive_can/share/odrive_can/srv/AxisState_Response.msg
[1.757s] -- Up-to-date symlink: /home/jiaan/arm_project/install/odrive_can/lib/odrive_can/odrive_can_node
[1.757s] -- Up-to-date symlink: /home/jiaan/arm_project/install/odrive_can/share/odrive_can/launch/example_launch.yaml
[1.758s] -- Up-to-date symlink: /home/jiaan/arm_project/install/odrive_can/share/ament_index/resource_index/package_run_dependencies/odrive_can
[1.758s] -- Up-to-date symlink: /home/jiaan/arm_project/install/odrive_can/share/ament_index/resource_index/parent_prefix_path/odrive_can
[1.758s] -- Up-to-date symlink: /home/jiaan/arm_project/install/odrive_can/share/odrive_can/environment/ament_prefix_path.sh
[1.758s] -- Up-to-date symlink: /home/jiaan/arm_project/install/odrive_can/share/odrive_can/environment/ament_prefix_path.dsv
[1.758s] -- Up-to-date symlink: /home/jiaan/arm_project/install/odrive_can/share/odrive_can/environment/path.sh
[1.758s] -- Up-to-date symlink: /home/jiaan/arm_project/install/odrive_can/share/odrive_can/environment/path.dsv
[1.759s] -- Up-to-date symlink: /home/jiaan/arm_project/install/odrive_can/share/odrive_can/local_setup.bash
[1.759s] -- Up-to-date symlink: /home/jiaan/arm_project/install/odrive_can/share/odrive_can/local_setup.sh
[1.759s] -- Up-to-date symlink: /home/jiaan/arm_project/install/odrive_can/share/odrive_can/local_setup.zsh
[1.759s] -- Up-to-date symlink: /home/jiaan/arm_project/install/odrive_can/share/odrive_can/local_setup.dsv
[1.759s] -- Symlinking: /home/jiaan/arm_project/install/odrive_can/share/odrive_can/package.dsv
[1.768s] -- Up-to-date symlink: /home/jiaan/arm_project/install/odrive_can/share/ament_index/resource_index/packages/odrive_can
[1.768s] -- Up-to-date symlink: /home/jiaan/arm_project/install/odrive_can/share/odrive_can/cmake/rosidl_cmake-extras.cmake
[1.768s] -- Up-to-date symlink: /home/jiaan/arm_project/install/odrive_can/share/odrive_can/cmake/ament_cmake_export_include_directories-extras.cmake
[1.768s] -- Up-to-date symlink: /home/jiaan/arm_project/install/odrive_can/share/odrive_can/cmake/ament_cmake_export_libraries-extras.cmake
[1.768s] -- Up-to-date symlink: /home/jiaan/arm_project/install/odrive_can/share/odrive_can/cmake/ament_cmake_export_targets-extras.cmake
[1.768s] -- Up-to-date symlink: /home/jiaan/arm_project/install/odrive_can/share/odrive_can/cmake/rosidl_cmake_export_typesupport_targets-extras.cmake
[1.768s] -- Up-to-date symlink: /home/jiaan/arm_project/install/odrive_can/share/odrive_can/cmake/ament_cmake_export_dependencies-extras.cmake
[1.769s] -- Up-to-date symlink: /home/jiaan/arm_project/install/odrive_can/share/odrive_can/cmake/rosidl_cmake_export_typesupport_libraries-extras.cmake
[1.769s] -- Up-to-date symlink: /home/jiaan/arm_project/install/odrive_can/share/odrive_can/cmake/odrive_canConfig.cmake
[1.769s] -- Up-to-date symlink: /home/jiaan/arm_project/install/odrive_can/share/odrive_can/cmake/odrive_canConfig-version.cmake
[1.769s] -- Up-to-date symlink: /home/jiaan/arm_project/install/odrive_can/share/odrive_can/package.xml
[1.770s] -- Up-to-date: /home/jiaan/arm_project/install/odrive_can/lib/libodrive_can__rosidl_generator_c.so
[1.770s] -- Up-to-date: /home/jiaan/arm_project/install/odrive_can/lib/libodrive_can__rosidl_typesupport_fastrtps_c.so
[1.771s] -- Up-to-date: /home/jiaan/arm_project/install/odrive_can/lib/libodrive_can__rosidl_typesupport_fastrtps_cpp.so
[1.771s] -- Up-to-date: /home/jiaan/arm_project/install/odrive_can/lib/libodrive_can__rosidl_typesupport_introspection_c.so
[1.772s] -- Up-to-date: /home/jiaan/arm_project/install/odrive_can/lib/libodrive_can__rosidl_typesupport_c.so
[1.773s] -- Up-to-date: /home/jiaan/arm_project/install/odrive_can/lib/libodrive_can__rosidl_typesupport_introspection_cpp.so
[1.773s] -- Up-to-date: /home/jiaan/arm_project/install/odrive_can/lib/libodrive_can__rosidl_typesupport_cpp.so
[1.807s] Listing '/home/jiaan/arm_project/install/odrive_can/local/lib/python3.10/dist-packages/odrive_can'...
[1.807s] Compiling '/home/jiaan/arm_project/install/odrive_can/local/lib/python3.10/dist-packages/odrive_can/__init__.py'...
[1.807s] Listing '/home/jiaan/arm_project/install/odrive_can/local/lib/python3.10/dist-packages/odrive_can/msg'...
[1.808s] Listing '/home/jiaan/arm_project/install/odrive_can/local/lib/python3.10/dist-packages/odrive_can/srv'...
[1.813s] -- Up-to-date: /home/jiaan/arm_project/install/odrive_can/lib/libodrive_can__rosidl_generator_py.so
[1.813s] -- Up-to-date: /home/jiaan/arm_project/install/odrive_can/share/odrive_can/cmake/export_odrive_can__rosidl_generator_cExport.cmake
[1.813s] -- Up-to-date: /home/jiaan/arm_project/install/odrive_can/share/odrive_can/cmake/export_odrive_can__rosidl_generator_cExport-noconfig.cmake
[1.813s] -- Up-to-date: /home/jiaan/arm_project/install/odrive_can/share/odrive_can/cmake/export_odrive_can__rosidl_typesupport_fastrtps_cExport.cmake
[1.813s] -- Up-to-date: /home/jiaan/arm_project/install/odrive_can/share/odrive_can/cmake/export_odrive_can__rosidl_typesupport_fastrtps_cExport-noconfig.cmake
[1.813s] -- Up-to-date: /home/jiaan/arm_project/install/odrive_can/share/odrive_can/cmake/export_odrive_can__rosidl_generator_cppExport.cmake
[1.813s] -- Up-to-date: /home/jiaan/arm_project/install/odrive_can/share/odrive_can/cmake/export_odrive_can__rosidl_typesupport_fastrtps_cppExport.cmake
[1.814s] -- Up-to-date: /home/jiaan/arm_project/install/odrive_can/share/odrive_can/cmake/export_odrive_can__rosidl_typesupport_fastrtps_cppExport-noconfig.cmake
[1.814s] -- Up-to-date: /home/jiaan/arm_project/install/odrive_can/share/odrive_can/cmake/odrive_can__rosidl_typesupport_introspection_cExport.cmake
[1.814s] -- Up-to-date: /home/jiaan/arm_project/install/odrive_can/share/odrive_can/cmake/odrive_can__rosidl_typesupport_introspection_cExport-noconfig.cmake
[1.814s] -- Up-to-date: /home/jiaan/arm_project/install/odrive_can/share/odrive_can/cmake/odrive_can__rosidl_typesupport_cExport.cmake
[1.814s] -- Up-to-date: /home/jiaan/arm_project/install/odrive_can/share/odrive_can/cmake/odrive_can__rosidl_typesupport_cExport-noconfig.cmake
[1.814s] -- Up-to-date: /home/jiaan/arm_project/install/odrive_can/share/odrive_can/cmake/odrive_can__rosidl_typesupport_introspection_cppExport.cmake
[1.814s] -- Up-to-date: /home/jiaan/arm_project/install/odrive_can/share/odrive_can/cmake/odrive_can__rosidl_typesupport_introspection_cppExport-noconfig.cmake
[1.814s] -- Up-to-date: /home/jiaan/arm_project/install/odrive_can/share/odrive_can/cmake/odrive_can__rosidl_typesupport_cppExport.cmake
[1.814s] -- Up-to-date: /home/jiaan/arm_project/install/odrive_can/share/odrive_can/cmake/odrive_can__rosidl_typesupport_cppExport-noconfig.cmake
[1.814s] -- Up-to-date: /home/jiaan/arm_project/install/odrive_can/share/odrive_can/cmake/export_odrive_can__rosidl_generator_pyExport.cmake
[1.815s] -- Up-to-date: /home/jiaan/arm_project/install/odrive_can/share/odrive_can/cmake/export_odrive_can__rosidl_generator_pyExport-noconfig.cmake
[1.816s] Invoked command in '/home/jiaan/arm_project/build/odrive_can' returned '0': CMAKE_PREFIX_PATH=/opt/ros/humble /usr/bin/cmake --install /home/jiaan/arm_project/build/odrive_can
