[0.009s] Invoking command in '/home/jiaan/arm_project/build/odrive_ros2_control': CMAKE_PREFIX_PATH=/opt/ros/humble /usr/bin/cmake /home/jiaan/arm_project/src/ros_odrive/odrive_ros2_control -DCMAKE_INSTALL_PREFIX=/home/jiaan/arm_project/install/odrive_ros2_control
[0.017s] -- Found ament_cmake: 1.3.9 (/opt/ros/humble/share/ament_cmake/cmake)
[0.126s] -- Found rclcpp: 16.0.9 (/opt/ros/humble/share/rclcpp/cmake)
[0.145s] -- Found rosidl_generator_c: 3.1.5 (/opt/ros/humble/share/rosidl_generator_c/cmake)
[0.147s] -- Found rosidl_adapter: 3.1.5 (/opt/ros/humble/share/rosidl_adapter/cmake)
[0.151s] -- Found rosidl_generator_cpp: 3.1.5 (/opt/ros/humble/share/rosidl_generator_cpp/cmake)
[0.157s] -- Using all available rosidl_typesupport_c: rosidl_typesupport_fastrtps_c;rosidl_typesupport_introspection_c
[0.167s] -- Using all available rosidl_typesupport_cpp: rosidl_typesupport_fastrtps_cpp;rosidl_typesupport_introspection_cpp
[0.203s] -- Found rmw_implementation_cmake: 6.1.2 (/opt/ros/humble/share/rmw_implementation_cmake/cmake)
[0.204s] -- Found rmw_fastrtps_cpp: 6.2.6 (/opt/ros/humble/share/rmw_fastrtps_cpp/cmake)
[0.277s] -- Using RMW implementation 'rmw_fastrtps_cpp' as default
[0.377s] -- Found ament_cmake_auto: 1.3.9 (/opt/ros/humble/share/ament_cmake_auto/cmake)
[0.426s] -- Configuring done
[0.432s] -- Generating done
[0.433s] -- Build files have been written to: /home/jiaan/arm_project/build/odrive_ros2_control
[0.443s] Invoked command in '/home/jiaan/arm_project/build/odrive_ros2_control' returned '0': CMAKE_PREFIX_PATH=/opt/ros/humble /usr/bin/cmake /home/jiaan/arm_project/src/ros_odrive/odrive_ros2_control -DCMAKE_INSTALL_PREFIX=/home/jiaan/arm_project/install/odrive_ros2_control
[0.444s] Invoking command in '/home/jiaan/arm_project/build/odrive_ros2_control': CMAKE_PREFIX_PATH=/opt/ros/humble /usr/bin/cmake --build /home/jiaan/arm_project/build/odrive_ros2_control -- -j16 -l16
[0.477s] [ 75%] [32mBuilding CXX object CMakeFiles/odrive_ros2_control_plugin.dir/home/jiaan/arm_project/src/ros_odrive/odrive_base/src/socket_can.cpp.o[0m
[0.477s] [ 75%] [32mBuilding CXX object CMakeFiles/odrive_ros2_control_plugin.dir/src/odrive_hardware_interface.cpp.o[0m
[0.477s] [ 75%] [32mBuilding CXX object CMakeFiles/odrive_ros2_control_plugin.dir/home/jiaan/arm_project/src/ros_odrive/odrive_base/src/epoll_event_loop.cpp.o[0m
[0.486s] [01m[K/home/jiaan/arm_project/src/ros_odrive/odrive_ros2_control/src/odrive_hardware_interface.cpp:4:10:[m[K [01;31m[Kfatal error: [m[Khardware_interface/system_interface.hpp: No such file or directory
[0.486s]     4 | #include [01;31m[K"hardware_interface/system_interface.hpp"[m[K
[0.486s]       |          [01;31m[K^~~~~~~~~~~~~~~~~~~~~~~~~~~~~~~~~~~~~~~~~[m[K
[0.486s] compilation terminated.
[0.487s] gmake[2]: *** [CMakeFiles/odrive_ros2_control_plugin.dir/build.make:104: CMakeFiles/odrive_ros2_control_plugin.dir/src/odrive_hardware_interface.cpp.o] Error 1
[0.487s] gmake[2]: *** Waiting for unfinished jobs....
[0.846s] gmake[1]: *** [CMakeFiles/Makefile2:137: CMakeFiles/odrive_ros2_control_plugin.dir/all] Error 2
[0.846s] gmake: *** [Makefile:146: all] Error 2
[0.848s] Invoked command in '/home/jiaan/arm_project/build/odrive_ros2_control' returned '2': CMAKE_PREFIX_PATH=/opt/ros/humble /usr/bin/cmake --build /home/jiaan/arm_project/build/odrive_ros2_control -- -j16 -l16
