[0.071s] DEBUG:colcon:Command line arguments: ['/usr/bin/colcon', 'build', '--symlink-install']
[0.071s] DEBUG:colcon:Parsed command line arguments: Namespace(log_base=None, log_level=None, verb_name='build', build_base='build', install_base='install', merge_install=False, symlink_install=True, test_result_base=None, continue_on_error=False, executor='parallel', parallel_workers=16, event_handlers=None, ignore_user_meta=False, metas=['./colcon.meta'], base_paths=['.'], packages_ignore=None, packages_ignore_regex=None, paths=None, packages_up_to=None, packages_up_to_regex=None, packages_above=None, packages_above_and_dependencies=None, packages_above_depth=None, packages_select_by_dep=None, packages_skip_by_dep=None, packages_skip_up_to=None, packages_select_build_failed=False, packages_skip_build_finished=False, packages_select_test_failures=False, packages_skip_test_passed=False, packages_select=None, packages_skip=None, packages_select_regex=None, packages_skip_regex=None, packages_start=None, packages_end=None, allow_overriding=[], cmake_args=None, cmake_target=None, cmake_target_skip_unavailable=False, cmake_clean_cache=False, cmake_clean_first=False, cmake_force_configure=False, ament_cmake_args=None, catkin_cmake_args=None, catkin_skip_building_tests=False, mixin_files=None, mixin=None, verb_parser=<colcon_mixin.mixin.mixin_argument.MixinArgumentDecorator object at 0x76a0a9432b90>, verb_extension=<colcon_core.verb.build.BuildVerb object at 0x76a0a94321d0>, main=<bound method BuildVerb.main of <colcon_core.verb.build.BuildVerb object at 0x76a0a94321d0>>, mixin_verb=('build',))
[0.170s] Level 1:colcon.colcon_core.package_discovery:discover_packages(colcon_meta) check parameters
[0.170s] Level 1:colcon.colcon_core.package_discovery:discover_packages(recursive) check parameters
[0.170s] Level 1:colcon.colcon_core.package_discovery:discover_packages(ignore) check parameters
[0.170s] Level 1:colcon.colcon_core.package_discovery:discover_packages(path) check parameters
[0.170s] Level 1:colcon.colcon_core.package_discovery:discover_packages(colcon_meta) discover
[0.170s] Level 1:colcon.colcon_core.package_discovery:discover_packages(recursive) discover
[0.170s] INFO:colcon.colcon_core.package_discovery:Crawling recursively for packages in '/home/jiaan/arm_project'
[0.170s] Level 1:colcon.colcon_core.package_identification:_identify(.) by extensions ['ignore', 'ignore_ament_install']
[0.170s] Level 1:colcon.colcon_core.package_identification:_identify(.) by extension 'ignore'
[0.171s] Level 1:colcon.colcon_core.package_identification:_identify(.) by extension 'ignore_ament_install'
[0.171s] Level 1:colcon.colcon_core.package_identification:_identify(.) by extensions ['colcon_pkg']
[0.171s] Level 1:colcon.colcon_core.package_identification:_identify(.) by extension 'colcon_pkg'
[0.171s] Level 1:colcon.colcon_core.package_identification:_identify(.) by extensions ['colcon_meta']
[0.171s] Level 1:colcon.colcon_core.package_identification:_identify(.) by extension 'colcon_meta'
[0.171s] Level 1:colcon.colcon_core.package_identification:_identify(.) by extensions ['ros']
[0.171s] Level 1:colcon.colcon_core.package_identification:_identify(.) by extension 'ros'
[0.177s] Level 1:colcon.colcon_core.package_identification:_identify(.) by extensions ['cmake', 'python']
[0.177s] Level 1:colcon.colcon_core.package_identification:_identify(.) by extension 'cmake'
[0.177s] Level 1:colcon.colcon_core.package_identification:_identify(.) by extension 'python'
[0.177s] Level 1:colcon.colcon_core.package_identification:_identify(.) by extensions ['python_setup_py']
[0.177s] Level 1:colcon.colcon_core.package_identification:_identify(.) by extension 'python_setup_py'
[0.177s] Level 1:colcon.colcon_core.package_identification:_identify(build) by extensions ['ignore', 'ignore_ament_install']
[0.177s] Level 1:colcon.colcon_core.package_identification:_identify(build) by extension 'ignore'
[0.177s] Level 1:colcon.colcon_core.package_identification:_identify(build) ignored
[0.178s] Level 1:colcon.colcon_core.package_identification:_identify(install) by extensions ['ignore', 'ignore_ament_install']
[0.178s] Level 1:colcon.colcon_core.package_identification:_identify(install) by extension 'ignore'
[0.178s] Level 1:colcon.colcon_core.package_identification:_identify(install) ignored
[0.178s] Level 1:colcon.colcon_core.package_identification:_identify(log) by extensions ['ignore', 'ignore_ament_install']
[0.178s] Level 1:colcon.colcon_core.package_identification:_identify(log) by extension 'ignore'
[0.178s] Level 1:colcon.colcon_core.package_identification:_identify(log) ignored
[0.178s] Level 1:colcon.colcon_core.package_identification:_identify(src) by extensions ['ignore', 'ignore_ament_install']
[0.178s] Level 1:colcon.colcon_core.package_identification:_identify(src) by extension 'ignore'
[0.178s] Level 1:colcon.colcon_core.package_identification:_identify(src) by extension 'ignore_ament_install'
[0.178s] Level 1:colcon.colcon_core.package_identification:_identify(src) by extensions ['colcon_pkg']
[0.178s] Level 1:colcon.colcon_core.package_identification:_identify(src) by extension 'colcon_pkg'
[0.178s] Level 1:colcon.colcon_core.package_identification:_identify(src) by extensions ['colcon_meta']
[0.178s] Level 1:colcon.colcon_core.package_identification:_identify(src) by extension 'colcon_meta'
[0.178s] Level 1:colcon.colcon_core.package_identification:_identify(src) by extensions ['ros']
[0.178s] Level 1:colcon.colcon_core.package_identification:_identify(src) by extension 'ros'
[0.178s] Level 1:colcon.colcon_core.package_identification:_identify(src) by extensions ['cmake', 'python']
[0.178s] Level 1:colcon.colcon_core.package_identification:_identify(src) by extension 'cmake'
[0.178s] Level 1:colcon.colcon_core.package_identification:_identify(src) by extension 'python'
[0.178s] Level 1:colcon.colcon_core.package_identification:_identify(src) by extensions ['python_setup_py']
[0.178s] Level 1:colcon.colcon_core.package_identification:_identify(src) by extension 'python_setup_py'
[0.178s] Level 1:colcon.colcon_core.package_identification:_identify(src/arm_urdf) by extensions ['ignore', 'ignore_ament_install']
[0.178s] Level 1:colcon.colcon_core.package_identification:_identify(src/arm_urdf) by extension 'ignore'
[0.178s] Level 1:colcon.colcon_core.package_identification:_identify(src/arm_urdf) by extension 'ignore_ament_install'
[0.178s] Level 1:colcon.colcon_core.package_identification:_identify(src/arm_urdf) by extensions ['colcon_pkg']
[0.178s] Level 1:colcon.colcon_core.package_identification:_identify(src/arm_urdf) by extension 'colcon_pkg'
[0.178s] Level 1:colcon.colcon_core.package_identification:_identify(src/arm_urdf) by extensions ['colcon_meta']
[0.178s] Level 1:colcon.colcon_core.package_identification:_identify(src/arm_urdf) by extension 'colcon_meta'
[0.178s] Level 1:colcon.colcon_core.package_identification:_identify(src/arm_urdf) by extensions ['ros']
[0.178s] Level 1:colcon.colcon_core.package_identification:_identify(src/arm_urdf) by extension 'ros'
[0.180s] DEBUG:colcon.colcon_core.package_identification:Package 'src/arm_urdf' with type 'ros.ament_cmake' and name 'arm_urdf'
[0.180s] Level 1:colcon.colcon_core.package_identification:_identify(src/pictures) by extensions ['ignore', 'ignore_ament_install']
[0.180s] Level 1:colcon.colcon_core.package_identification:_identify(src/pictures) by extension 'ignore'
[0.180s] Level 1:colcon.colcon_core.package_identification:_identify(src/pictures) by extension 'ignore_ament_install'
[0.180s] Level 1:colcon.colcon_core.package_identification:_identify(src/pictures) by extensions ['colcon_pkg']
[0.180s] Level 1:colcon.colcon_core.package_identification:_identify(src/pictures) by extension 'colcon_pkg'
[0.180s] Level 1:colcon.colcon_core.package_identification:_identify(src/pictures) by extensions ['colcon_meta']
[0.180s] Level 1:colcon.colcon_core.package_identification:_identify(src/pictures) by extension 'colcon_meta'
[0.180s] Level 1:colcon.colcon_core.package_identification:_identify(src/pictures) by extensions ['ros']
[0.180s] Level 1:colcon.colcon_core.package_identification:_identify(src/pictures) by extension 'ros'
[0.180s] Level 1:colcon.colcon_core.package_identification:_identify(src/pictures) by extensions ['cmake', 'python']
[0.180s] Level 1:colcon.colcon_core.package_identification:_identify(src/pictures) by extension 'cmake'
[0.180s] Level 1:colcon.colcon_core.package_identification:_identify(src/pictures) by extension 'python'
[0.180s] Level 1:colcon.colcon_core.package_identification:_identify(src/pictures) by extensions ['python_setup_py']
[0.180s] Level 1:colcon.colcon_core.package_identification:_identify(src/pictures) by extension 'python_setup_py'
[0.180s] Level 1:colcon.colcon_core.package_identification:_identify(src/ros_odrive) by extensions ['ignore', 'ignore_ament_install']
[0.180s] Level 1:colcon.colcon_core.package_identification:_identify(src/ros_odrive) by extension 'ignore'
[0.180s] Level 1:colcon.colcon_core.package_identification:_identify(src/ros_odrive) by extension 'ignore_ament_install'
[0.180s] Level 1:colcon.colcon_core.package_identification:_identify(src/ros_odrive) by extensions ['colcon_pkg']
[0.180s] Level 1:colcon.colcon_core.package_identification:_identify(src/ros_odrive) by extension 'colcon_pkg'
[0.180s] Level 1:colcon.colcon_core.package_identification:_identify(src/ros_odrive) by extensions ['colcon_meta']
[0.180s] Level 1:colcon.colcon_core.package_identification:_identify(src/ros_odrive) by extension 'colcon_meta'
[0.180s] Level 1:colcon.colcon_core.package_identification:_identify(src/ros_odrive) by extensions ['ros']
[0.180s] Level 1:colcon.colcon_core.package_identification:_identify(src/ros_odrive) by extension 'ros'
[0.180s] Level 1:colcon.colcon_core.package_identification:_identify(src/ros_odrive) by extensions ['cmake', 'python']
[0.180s] Level 1:colcon.colcon_core.package_identification:_identify(src/ros_odrive) by extension 'cmake'
[0.181s] Level 1:colcon.colcon_core.package_identification:_identify(src/ros_odrive) by extension 'python'
[0.181s] Level 1:colcon.colcon_core.package_identification:_identify(src/ros_odrive) by extensions ['python_setup_py']
[0.181s] Level 1:colcon.colcon_core.package_identification:_identify(src/ros_odrive) by extension 'python_setup_py'
[0.181s] Level 1:colcon.colcon_core.package_identification:_identify(src/ros_odrive/odrive_base) by extensions ['ignore', 'ignore_ament_install']
[0.181s] Level 1:colcon.colcon_core.package_identification:_identify(src/ros_odrive/odrive_base) by extension 'ignore'
[0.181s] Level 1:colcon.colcon_core.package_identification:_identify(src/ros_odrive/odrive_base) by extension 'ignore_ament_install'
[0.181s] Level 1:colcon.colcon_core.package_identification:_identify(src/ros_odrive/odrive_base) by extensions ['colcon_pkg']
[0.181s] Level 1:colcon.colcon_core.package_identification:_identify(src/ros_odrive/odrive_base) by extension 'colcon_pkg'
[0.181s] Level 1:colcon.colcon_core.package_identification:_identify(src/ros_odrive/odrive_base) by extensions ['colcon_meta']
[0.181s] Level 1:colcon.colcon_core.package_identification:_identify(src/ros_odrive/odrive_base) by extension 'colcon_meta'
[0.181s] Level 1:colcon.colcon_core.package_identification:_identify(src/ros_odrive/odrive_base) by extensions ['ros']
[0.181s] Level 1:colcon.colcon_core.package_identification:_identify(src/ros_odrive/odrive_base) by extension 'ros'
[0.181s] Level 1:colcon.colcon_core.package_identification:_identify(src/ros_odrive/odrive_base) by extensions ['cmake', 'python']
[0.181s] Level 1:colcon.colcon_core.package_identification:_identify(src/ros_odrive/odrive_base) by extension 'cmake'
[0.181s] Level 1:colcon.colcon_core.package_identification:_identify(src/ros_odrive/odrive_base) by extension 'python'
[0.181s] Level 1:colcon.colcon_core.package_identification:_identify(src/ros_odrive/odrive_base) by extensions ['python_setup_py']
[0.181s] Level 1:colcon.colcon_core.package_identification:_identify(src/ros_odrive/odrive_base) by extension 'python_setup_py'
[0.181s] Level 1:colcon.colcon_core.package_identification:_identify(src/ros_odrive/odrive_base/include) by extensions ['ignore', 'ignore_ament_install']
[0.181s] Level 1:colcon.colcon_core.package_identification:_identify(src/ros_odrive/odrive_base/include) by extension 'ignore'
[0.181s] Level 1:colcon.colcon_core.package_identification:_identify(src/ros_odrive/odrive_base/include) by extension 'ignore_ament_install'
[0.181s] Level 1:colcon.colcon_core.package_identification:_identify(src/ros_odrive/odrive_base/include) by extensions ['colcon_pkg']
[0.181s] Level 1:colcon.colcon_core.package_identification:_identify(src/ros_odrive/odrive_base/include) by extension 'colcon_pkg'
[0.181s] Level 1:colcon.colcon_core.package_identification:_identify(src/ros_odrive/odrive_base/include) by extensions ['colcon_meta']
[0.181s] Level 1:colcon.colcon_core.package_identification:_identify(src/ros_odrive/odrive_base/include) by extension 'colcon_meta'
[0.181s] Level 1:colcon.colcon_core.package_identification:_identify(src/ros_odrive/odrive_base/include) by extensions ['ros']
[0.181s] Level 1:colcon.colcon_core.package_identification:_identify(src/ros_odrive/odrive_base/include) by extension 'ros'
[0.181s] Level 1:colcon.colcon_core.package_identification:_identify(src/ros_odrive/odrive_base/include) by extensions ['cmake', 'python']
[0.181s] Level 1:colcon.colcon_core.package_identification:_identify(src/ros_odrive/odrive_base/include) by extension 'cmake'
[0.181s] Level 1:colcon.colcon_core.package_identification:_identify(src/ros_odrive/odrive_base/include) by extension 'python'
[0.181s] Level 1:colcon.colcon_core.package_identification:_identify(src/ros_odrive/odrive_base/include) by extensions ['python_setup_py']
[0.181s] Level 1:colcon.colcon_core.package_identification:_identify(src/ros_odrive/odrive_base/include) by extension 'python_setup_py'
[0.181s] Level 1:colcon.colcon_core.package_identification:_identify(src/ros_odrive/odrive_base/src) by extensions ['ignore', 'ignore_ament_install']
[0.181s] Level 1:colcon.colcon_core.package_identification:_identify(src/ros_odrive/odrive_base/src) by extension 'ignore'
[0.181s] Level 1:colcon.colcon_core.package_identification:_identify(src/ros_odrive/odrive_base/src) by extension 'ignore_ament_install'
[0.181s] Level 1:colcon.colcon_core.package_identification:_identify(src/ros_odrive/odrive_base/src) by extensions ['colcon_pkg']
[0.181s] Level 1:colcon.colcon_core.package_identification:_identify(src/ros_odrive/odrive_base/src) by extension 'colcon_pkg'
[0.181s] Level 1:colcon.colcon_core.package_identification:_identify(src/ros_odrive/odrive_base/src) by extensions ['colcon_meta']
[0.182s] Level 1:colcon.colcon_core.package_identification:_identify(src/ros_odrive/odrive_base/src) by extension 'colcon_meta'
[0.182s] Level 1:colcon.colcon_core.package_identification:_identify(src/ros_odrive/odrive_base/src) by extensions ['ros']
[0.182s] Level 1:colcon.colcon_core.package_identification:_identify(src/ros_odrive/odrive_base/src) by extension 'ros'
[0.182s] Level 1:colcon.colcon_core.package_identification:_identify(src/ros_odrive/odrive_base/src) by extensions ['cmake', 'python']
[0.182s] Level 1:colcon.colcon_core.package_identification:_identify(src/ros_odrive/odrive_base/src) by extension 'cmake'
[0.182s] Level 1:colcon.colcon_core.package_identification:_identify(src/ros_odrive/odrive_base/src) by extension 'python'
[0.182s] Level 1:colcon.colcon_core.package_identification:_identify(src/ros_odrive/odrive_base/src) by extensions ['python_setup_py']
[0.182s] Level 1:colcon.colcon_core.package_identification:_identify(src/ros_odrive/odrive_base/src) by extension 'python_setup_py'
[0.182s] Level 1:colcon.colcon_core.package_identification:_identify(src/ros_odrive/odrive_botwheel_explorer) by extensions ['ignore', 'ignore_ament_install']
[0.182s] Level 1:colcon.colcon_core.package_identification:_identify(src/ros_odrive/odrive_botwheel_explorer) by extension 'ignore'
[0.182s] Level 1:colcon.colcon_core.package_identification:_identify(src/ros_odrive/odrive_botwheel_explorer) by extension 'ignore_ament_install'
[0.182s] Level 1:colcon.colcon_core.package_identification:_identify(src/ros_odrive/odrive_botwheel_explorer) by extensions ['colcon_pkg']
[0.182s] Level 1:colcon.colcon_core.package_identification:_identify(src/ros_odrive/odrive_botwheel_explorer) by extension 'colcon_pkg'
[0.182s] Level 1:colcon.colcon_core.package_identification:_identify(src/ros_odrive/odrive_botwheel_explorer) by extensions ['colcon_meta']
[0.182s] Level 1:colcon.colcon_core.package_identification:_identify(src/ros_odrive/odrive_botwheel_explorer) by extension 'colcon_meta'
[0.182s] Level 1:colcon.colcon_core.package_identification:_identify(src/ros_odrive/odrive_botwheel_explorer) by extensions ['ros']
[0.182s] Level 1:colcon.colcon_core.package_identification:_identify(src/ros_odrive/odrive_botwheel_explorer) by extension 'ros'
[0.182s] DEBUG:colcon.colcon_core.package_identification:Package 'src/ros_odrive/odrive_botwheel_explorer' with type 'ros.ament_cmake' and name 'odrive_botwheel_explorer'
[0.182s] Level 1:colcon.colcon_core.package_identification:_identify(src/ros_odrive/odrive_node) by extensions ['ignore', 'ignore_ament_install']
[0.182s] Level 1:colcon.colcon_core.package_identification:_identify(src/ros_odrive/odrive_node) by extension 'ignore'
[0.182s] Level 1:colcon.colcon_core.package_identification:_identify(src/ros_odrive/odrive_node) by extension 'ignore_ament_install'
[0.182s] Level 1:colcon.colcon_core.package_identification:_identify(src/ros_odrive/odrive_node) by extensions ['colcon_pkg']
[0.182s] Level 1:colcon.colcon_core.package_identification:_identify(src/ros_odrive/odrive_node) by extension 'colcon_pkg'
[0.182s] Level 1:colcon.colcon_core.package_identification:_identify(src/ros_odrive/odrive_node) by extensions ['colcon_meta']
[0.182s] Level 1:colcon.colcon_core.package_identification:_identify(src/ros_odrive/odrive_node) by extension 'colcon_meta'
[0.183s] Level 1:colcon.colcon_core.package_identification:_identify(src/ros_odrive/odrive_node) by extensions ['ros']
[0.183s] Level 1:colcon.colcon_core.package_identification:_identify(src/ros_odrive/odrive_node) by extension 'ros'
[0.183s] DEBUG:colcon.colcon_core.package_identification:Package 'src/ros_odrive/odrive_node' with type 'ros.ament_cmake' and name 'odrive_can'
[0.183s] Level 1:colcon.colcon_core.package_identification:_identify(src/ros_odrive/odrive_ros2_control) by extensions ['ignore', 'ignore_ament_install']
[0.183s] Level 1:colcon.colcon_core.package_identification:_identify(src/ros_odrive/odrive_ros2_control) by extension 'ignore'
[0.183s] Level 1:colcon.colcon_core.package_identification:_identify(src/ros_odrive/odrive_ros2_control) by extension 'ignore_ament_install'
[0.183s] Level 1:colcon.colcon_core.package_identification:_identify(src/ros_odrive/odrive_ros2_control) by extensions ['colcon_pkg']
[0.183s] Level 1:colcon.colcon_core.package_identification:_identify(src/ros_odrive/odrive_ros2_control) by extension 'colcon_pkg'
[0.183s] Level 1:colcon.colcon_core.package_identification:_identify(src/ros_odrive/odrive_ros2_control) by extensions ['colcon_meta']
[0.183s] Level 1:colcon.colcon_core.package_identification:_identify(src/ros_odrive/odrive_ros2_control) by extension 'colcon_meta'
[0.183s] Level 1:colcon.colcon_core.package_identification:_identify(src/ros_odrive/odrive_ros2_control) by extensions ['ros']
[0.183s] Level 1:colcon.colcon_core.package_identification:_identify(src/ros_odrive/odrive_ros2_control) by extension 'ros'
[0.184s] DEBUG:colcon.colcon_core.package_identification:Package 'src/ros_odrive/odrive_ros2_control' with type 'ros.ament_cmake' and name 'odrive_ros2_control'
[0.184s] Level 1:colcon.colcon_core.package_discovery:discover_packages(recursive) using defaults
[0.184s] Level 1:colcon.colcon_core.package_discovery:discover_packages(ignore) discover
[0.184s] Level 1:colcon.colcon_core.package_discovery:discover_packages(ignore) using defaults
[0.184s] Level 1:colcon.colcon_core.package_discovery:discover_packages(path) discover
[0.184s] Level 1:colcon.colcon_core.package_discovery:discover_packages(path) using defaults
[0.201s] Level 1:colcon.colcon_core.package_discovery:discover_packages(prefix_path) check parameters
[0.201s] Level 1:colcon.colcon_core.package_discovery:discover_packages(prefix_path) discover
[0.202s] DEBUG:colcon.colcon_installed_package_information.package_discovery:Found 388 installed packages in /opt/ros/humble
[0.204s] Level 1:colcon.colcon_core.package_discovery:discover_packages(prefix_path) using defaults
[0.231s] Level 5:colcon.colcon_core.verb:set package 'arm_urdf' build argument 'cmake_args' from command line to 'None'
[0.231s] Level 5:colcon.colcon_core.verb:set package 'arm_urdf' build argument 'cmake_target' from command line to 'None'
[0.231s] Level 5:colcon.colcon_core.verb:set package 'arm_urdf' build argument 'cmake_target_skip_unavailable' from command line to 'False'
[0.231s] Level 5:colcon.colcon_core.verb:set package 'arm_urdf' build argument 'cmake_clean_cache' from command line to 'False'
[0.231s] Level 5:colcon.colcon_core.verb:set package 'arm_urdf' build argument 'cmake_clean_first' from command line to 'False'
[0.231s] Level 5:colcon.colcon_core.verb:set package 'arm_urdf' build argument 'cmake_force_configure' from command line to 'False'
[0.231s] Level 5:colcon.colcon_core.verb:set package 'arm_urdf' build argument 'ament_cmake_args' from command line to 'None'
[0.231s] Level 5:colcon.colcon_core.verb:set package 'arm_urdf' build argument 'catkin_cmake_args' from command line to 'None'
[0.231s] Level 5:colcon.colcon_core.verb:set package 'arm_urdf' build argument 'catkin_skip_building_tests' from command line to 'False'
[0.231s] DEBUG:colcon.colcon_core.verb:Building package 'arm_urdf' with the following arguments: {'ament_cmake_args': None, 'build_base': '/home/jiaan/arm_project/build/arm_urdf', 'catkin_cmake_args': None, 'catkin_skip_building_tests': False, 'cmake_args': None, 'cmake_clean_cache': False, 'cmake_clean_first': False, 'cmake_force_configure': False, 'cmake_target': None, 'cmake_target_skip_unavailable': False, 'install_base': '/home/jiaan/arm_project/install/arm_urdf', 'merge_install': False, 'path': '/home/jiaan/arm_project/src/arm_urdf', 'symlink_install': True, 'test_result_base': None}
[0.231s] Level 5:colcon.colcon_core.verb:set package 'odrive_can' build argument 'cmake_args' from command line to 'None'
[0.231s] Level 5:colcon.colcon_core.verb:set package 'odrive_can' build argument 'cmake_target' from command line to 'None'
[0.231s] Level 5:colcon.colcon_core.verb:set package 'odrive_can' build argument 'cmake_target_skip_unavailable' from command line to 'False'
[0.231s] Level 5:colcon.colcon_core.verb:set package 'odrive_can' build argument 'cmake_clean_cache' from command line to 'False'
[0.231s] Level 5:colcon.colcon_core.verb:set package 'odrive_can' build argument 'cmake_clean_first' from command line to 'False'
[0.231s] Level 5:colcon.colcon_core.verb:set package 'odrive_can' build argument 'cmake_force_configure' from command line to 'False'
[0.231s] Level 5:colcon.colcon_core.verb:set package 'odrive_can' build argument 'ament_cmake_args' from command line to 'None'
[0.231s] Level 5:colcon.colcon_core.verb:set package 'odrive_can' build argument 'catkin_cmake_args' from command line to 'None'
[0.231s] Level 5:colcon.colcon_core.verb:set package 'odrive_can' build argument 'catkin_skip_building_tests' from command line to 'False'
[0.231s] DEBUG:colcon.colcon_core.verb:Building package 'odrive_can' with the following arguments: {'ament_cmake_args': None, 'build_base': '/home/jiaan/arm_project/build/odrive_can', 'catkin_cmake_args': None, 'catkin_skip_building_tests': False, 'cmake_args': None, 'cmake_clean_cache': False, 'cmake_clean_first': False, 'cmake_force_configure': False, 'cmake_target': None, 'cmake_target_skip_unavailable': False, 'install_base': '/home/jiaan/arm_project/install/odrive_can', 'merge_install': False, 'path': '/home/jiaan/arm_project/src/ros_odrive/odrive_node', 'symlink_install': True, 'test_result_base': None}
[0.232s] Level 5:colcon.colcon_core.verb:set package 'odrive_ros2_control' build argument 'cmake_args' from command line to 'None'
[0.232s] Level 5:colcon.colcon_core.verb:set package 'odrive_ros2_control' build argument 'cmake_target' from command line to 'None'
[0.232s] Level 5:colcon.colcon_core.verb:set package 'odrive_ros2_control' build argument 'cmake_target_skip_unavailable' from command line to 'False'
[0.232s] Level 5:colcon.colcon_core.verb:set package 'odrive_ros2_control' build argument 'cmake_clean_cache' from command line to 'False'
[0.232s] Level 5:colcon.colcon_core.verb:set package 'odrive_ros2_control' build argument 'cmake_clean_first' from command line to 'False'
[0.232s] Level 5:colcon.colcon_core.verb:set package 'odrive_ros2_control' build argument 'cmake_force_configure' from command line to 'False'
[0.232s] Level 5:colcon.colcon_core.verb:set package 'odrive_ros2_control' build argument 'ament_cmake_args' from command line to 'None'
[0.232s] Level 5:colcon.colcon_core.verb:set package 'odrive_ros2_control' build argument 'catkin_cmake_args' from command line to 'None'
[0.232s] Level 5:colcon.colcon_core.verb:set package 'odrive_ros2_control' build argument 'catkin_skip_building_tests' from command line to 'False'
[0.232s] DEBUG:colcon.colcon_core.verb:Building package 'odrive_ros2_control' with the following arguments: {'ament_cmake_args': None, 'build_base': '/home/jiaan/arm_project/build/odrive_ros2_control', 'catkin_cmake_args': None, 'catkin_skip_building_tests': False, 'cmake_args': None, 'cmake_clean_cache': False, 'cmake_clean_first': False, 'cmake_force_configure': False, 'cmake_target': None, 'cmake_target_skip_unavailable': False, 'install_base': '/home/jiaan/arm_project/install/odrive_ros2_control', 'merge_install': False, 'path': '/home/jiaan/arm_project/src/ros_odrive/odrive_ros2_control', 'symlink_install': True, 'test_result_base': None}
[0.232s] Level 5:colcon.colcon_core.verb:set package 'odrive_botwheel_explorer' build argument 'cmake_args' from command line to 'None'
[0.232s] Level 5:colcon.colcon_core.verb:set package 'odrive_botwheel_explorer' build argument 'cmake_target' from command line to 'None'
[0.232s] Level 5:colcon.colcon_core.verb:set package 'odrive_botwheel_explorer' build argument 'cmake_target_skip_unavailable' from command line to 'False'
[0.232s] Level 5:colcon.colcon_core.verb:set package 'odrive_botwheel_explorer' build argument 'cmake_clean_cache' from command line to 'False'
[0.232s] Level 5:colcon.colcon_core.verb:set package 'odrive_botwheel_explorer' build argument 'cmake_clean_first' from command line to 'False'
[0.232s] Level 5:colcon.colcon_core.verb:set package 'odrive_botwheel_explorer' build argument 'cmake_force_configure' from command line to 'False'
[0.232s] Level 5:colcon.colcon_core.verb:set package 'odrive_botwheel_explorer' build argument 'ament_cmake_args' from command line to 'None'
[0.232s] Level 5:colcon.colcon_core.verb:set package 'odrive_botwheel_explorer' build argument 'catkin_cmake_args' from command line to 'None'
[0.232s] Level 5:colcon.colcon_core.verb:set package 'odrive_botwheel_explorer' build argument 'catkin_skip_building_tests' from command line to 'False'
[0.232s] DEBUG:colcon.colcon_core.verb:Building package 'odrive_botwheel_explorer' with the following arguments: {'ament_cmake_args': None, 'build_base': '/home/jiaan/arm_project/build/odrive_botwheel_explorer', 'catkin_cmake_args': None, 'catkin_skip_building_tests': False, 'cmake_args': None, 'cmake_clean_cache': False, 'cmake_clean_first': False, 'cmake_force_configure': False, 'cmake_target': None, 'cmake_target_skip_unavailable': False, 'install_base': '/home/jiaan/arm_project/install/odrive_botwheel_explorer', 'merge_install': False, 'path': '/home/jiaan/arm_project/src/ros_odrive/odrive_botwheel_explorer', 'symlink_install': True, 'test_result_base': None}
[0.232s] INFO:colcon.colcon_core.executor:Executing jobs using 'parallel' executor
[0.233s] DEBUG:colcon.colcon_parallel_executor.executor.parallel:run_until_complete
[0.233s] INFO:colcon.colcon_ros.task.ament_cmake.build:Building ROS package in '/home/jiaan/arm_project/src/ros_odrive/odrive_ros2_control' with build type 'ament_cmake'
[0.233s] INFO:colcon.colcon_cmake.task.cmake.build:Building CMake package in '/home/jiaan/arm_project/src/ros_odrive/odrive_ros2_control'
[0.234s] INFO:colcon.colcon_core.plugin_system:Skipping extension 'colcon_core.shell.bat': Not used on non-Windows systems
[0.234s] INFO:colcon.colcon_core.shell:Skip shell extension 'powershell' for command environment: Not usable outside of PowerShell
[0.234s] DEBUG:colcon.colcon_core.shell:Skip shell extension 'dsv' for command environment
[0.236s] INFO:colcon.colcon_ros.task.ament_cmake.build:Building ROS package in '/home/jiaan/arm_project/src/arm_urdf' with build type 'ament_cmake'
[0.236s] INFO:colcon.colcon_cmake.task.cmake.build:Building CMake package in '/home/jiaan/arm_project/src/arm_urdf'
[0.237s] INFO:colcon.colcon_core.shell:Skip shell extension 'powershell' for command environment: Not usable outside of PowerShell
[0.237s] DEBUG:colcon.colcon_core.shell:Skip shell extension 'dsv' for command environment
[0.238s] INFO:colcon.colcon_ros.task.ament_cmake.build:Building ROS package in '/home/jiaan/arm_project/src/ros_odrive/odrive_node' with build type 'ament_cmake'
[0.238s] INFO:colcon.colcon_cmake.task.cmake.build:Building CMake package in '/home/jiaan/arm_project/src/ros_odrive/odrive_node'
[0.239s] INFO:colcon.colcon_core.shell:Skip shell extension 'powershell' for command environment: Not usable outside of PowerShell
[0.239s] DEBUG:colcon.colcon_core.shell:Skip shell extension 'dsv' for command environment
[0.243s] DEBUG:colcon.colcon_core.event_handler.log_command:Invoking command in '/home/jiaan/arm_project/build/odrive_ros2_control': CMAKE_PREFIX_PATH=/opt/ros/humble /usr/bin/cmake --build /home/jiaan/arm_project/build/odrive_ros2_control -- -j16 -l16
[0.244s] DEBUG:colcon.colcon_core.event_handler.log_command:Invoking command in '/home/jiaan/arm_project/build/arm_urdf': CMAKE_PREFIX_PATH=/opt/ros/humble /usr/bin/cmake --build /home/jiaan/arm_project/build/arm_urdf -- -j16 -l16
[0.247s] DEBUG:colcon.colcon_core.event_handler.log_command:Invoking command in '/home/jiaan/arm_project/build/odrive_can': CMAKE_PREFIX_PATH=/opt/ros/humble /usr/bin/cmake --build /home/jiaan/arm_project/build/odrive_can -- -j16 -l16
[0.266s] DEBUG:colcon.colcon_core.event_handler.log_command:Invoked command in '/home/jiaan/arm_project/build/arm_urdf' returned '0': CMAKE_PREFIX_PATH=/opt/ros/humble /usr/bin/cmake --build /home/jiaan/arm_project/build/arm_urdf -- -j16 -l16
[0.291s] DEBUG:colcon.colcon_core.event_handler.log_command:Invoking command in '/home/jiaan/arm_project/build/arm_urdf': CMAKE_PREFIX_PATH=/opt/ros/humble /usr/bin/cmake --install /home/jiaan/arm_project/build/arm_urdf
[0.293s] DEBUG:colcon.colcon_core.event_handler.log_command:Invoked command in '/home/jiaan/arm_project/build/odrive_ros2_control' returned '0': CMAKE_PREFIX_PATH=/opt/ros/humble /usr/bin/cmake --build /home/jiaan/arm_project/build/odrive_ros2_control -- -j16 -l16
[0.317s] DEBUG:colcon.colcon_core.event_handler.log_command:Invoking command in '/home/jiaan/arm_project/build/odrive_ros2_control': CMAKE_PREFIX_PATH=/opt/ros/humble /usr/bin/cmake --install /home/jiaan/arm_project/build/odrive_ros2_control
[0.318s] Level 1:colcon.colcon_core.environment:create_environment_scripts_only(arm_urdf)
[0.319s] DEBUG:colcon.colcon_core.event_handler.log_command:Invoked command in '/home/jiaan/arm_project/build/arm_urdf' returned '0': CMAKE_PREFIX_PATH=/opt/ros/humble /usr/bin/cmake --install /home/jiaan/arm_project/build/arm_urdf
[0.320s] Level 1:colcon.colcon_core.environment:checking '/home/jiaan/arm_project/install/arm_urdf' for CMake module files
[0.321s] Level 1:colcon.colcon_core.environment:checking '/home/jiaan/arm_project/install/arm_urdf' for CMake config files
[0.321s] Level 1:colcon.colcon_core.shell:create_environment_hook('arm_urdf', 'cmake_prefix_path')
[0.321s] INFO:colcon.colcon_core.shell:Creating environment hook '/home/jiaan/arm_project/install/arm_urdf/share/arm_urdf/hook/cmake_prefix_path.ps1'
[0.322s] INFO:colcon.colcon_core.shell:Creating environment descriptor '/home/jiaan/arm_project/install/arm_urdf/share/arm_urdf/hook/cmake_prefix_path.dsv'
[0.323s] INFO:colcon.colcon_core.shell:Creating environment hook '/home/jiaan/arm_project/install/arm_urdf/share/arm_urdf/hook/cmake_prefix_path.sh'
[0.325s] Level 1:colcon.colcon_core.environment:checking '/home/jiaan/arm_project/install/arm_urdf/bin'
[0.325s] Level 1:colcon.colcon_core.environment:checking '/home/jiaan/arm_project/install/arm_urdf/lib/pkgconfig/arm_urdf.pc'
[0.325s] Level 1:colcon.colcon_core.environment:checking '/home/jiaan/arm_project/install/arm_urdf/lib/python3.10/site-packages'
[0.325s] Level 1:colcon.colcon_core.environment:checking '/home/jiaan/arm_project/install/arm_urdf/bin'
[0.326s] INFO:colcon.colcon_core.shell:Creating package script '/home/jiaan/arm_project/install/arm_urdf/share/arm_urdf/package.ps1'
[0.326s] INFO:colcon.colcon_core.shell:Creating package descriptor '/home/jiaan/arm_project/install/arm_urdf/share/arm_urdf/package.dsv'
[0.327s] INFO:colcon.colcon_core.shell:Creating package script '/home/jiaan/arm_project/install/arm_urdf/share/arm_urdf/package.sh'
[0.327s] INFO:colcon.colcon_core.shell:Creating package script '/home/jiaan/arm_project/install/arm_urdf/share/arm_urdf/package.bash'
[0.328s] INFO:colcon.colcon_core.shell:Creating package script '/home/jiaan/arm_project/install/arm_urdf/share/arm_urdf/package.zsh'
[0.328s] Level 1:colcon.colcon_core.environment:create_file_with_runtime_dependencies(/home/jiaan/arm_project/install/arm_urdf/share/colcon-core/packages/arm_urdf)
[0.334s] Level 1:colcon.colcon_core.environment:create_environment_scripts_only(odrive_ros2_control)
[0.334s] Level 1:colcon.colcon_core.environment:checking '/home/jiaan/arm_project/install/odrive_ros2_control' for CMake module files
[0.334s] DEBUG:colcon.colcon_core.event_handler.log_command:Invoked command in '/home/jiaan/arm_project/build/odrive_ros2_control' returned '0': CMAKE_PREFIX_PATH=/opt/ros/humble /usr/bin/cmake --install /home/jiaan/arm_project/build/odrive_ros2_control
[0.335s] Level 1:colcon.colcon_core.environment:checking '/home/jiaan/arm_project/install/odrive_ros2_control' for CMake config files
[0.335s] Level 1:colcon.colcon_core.shell:create_environment_hook('odrive_ros2_control', 'cmake_prefix_path')
[0.335s] INFO:colcon.colcon_core.shell:Creating environment hook '/home/jiaan/arm_project/install/odrive_ros2_control/share/odrive_ros2_control/hook/cmake_prefix_path.ps1'
[0.335s] INFO:colcon.colcon_core.shell:Creating environment descriptor '/home/jiaan/arm_project/install/odrive_ros2_control/share/odrive_ros2_control/hook/cmake_prefix_path.dsv'
[0.336s] INFO:colcon.colcon_core.shell:Creating environment hook '/home/jiaan/arm_project/install/odrive_ros2_control/share/odrive_ros2_control/hook/cmake_prefix_path.sh'
[0.336s] Level 1:colcon.colcon_core.environment:checking '/home/jiaan/arm_project/install/odrive_ros2_control/lib'
[0.337s] Level 1:colcon.colcon_core.shell:create_environment_hook('odrive_ros2_control', 'ld_library_path_lib')
[0.337s] INFO:colcon.colcon_core.shell:Creating environment hook '/home/jiaan/arm_project/install/odrive_ros2_control/share/odrive_ros2_control/hook/ld_library_path_lib.ps1'
[0.337s] INFO:colcon.colcon_core.shell:Creating environment descriptor '/home/jiaan/arm_project/install/odrive_ros2_control/share/odrive_ros2_control/hook/ld_library_path_lib.dsv'
[0.337s] INFO:colcon.colcon_core.shell:Creating environment hook '/home/jiaan/arm_project/install/odrive_ros2_control/share/odrive_ros2_control/hook/ld_library_path_lib.sh'
[0.337s] Level 1:colcon.colcon_core.environment:checking '/home/jiaan/arm_project/install/odrive_ros2_control/bin'
[0.337s] Level 1:colcon.colcon_core.environment:checking '/home/jiaan/arm_project/install/odrive_ros2_control/lib/pkgconfig/odrive_ros2_control.pc'
[0.338s] Level 1:colcon.colcon_core.environment:checking '/home/jiaan/arm_project/install/odrive_ros2_control/lib/python3.10/site-packages'
[0.338s] Level 1:colcon.colcon_core.environment:checking '/home/jiaan/arm_project/install/odrive_ros2_control/bin'
[0.338s] INFO:colcon.colcon_core.shell:Creating package script '/home/jiaan/arm_project/install/odrive_ros2_control/share/odrive_ros2_control/package.ps1'
[0.338s] INFO:colcon.colcon_core.shell:Creating package descriptor '/home/jiaan/arm_project/install/odrive_ros2_control/share/odrive_ros2_control/package.dsv'
[0.339s] INFO:colcon.colcon_core.shell:Creating package script '/home/jiaan/arm_project/install/odrive_ros2_control/share/odrive_ros2_control/package.sh'
[0.339s] INFO:colcon.colcon_core.shell:Creating package script '/home/jiaan/arm_project/install/odrive_ros2_control/share/odrive_ros2_control/package.bash'
[0.339s] INFO:colcon.colcon_core.shell:Creating package script '/home/jiaan/arm_project/install/odrive_ros2_control/share/odrive_ros2_control/package.zsh'
[0.340s] Level 1:colcon.colcon_core.environment:create_file_with_runtime_dependencies(/home/jiaan/arm_project/install/odrive_ros2_control/share/colcon-core/packages/odrive_ros2_control)
[0.343s] Level 1:colcon.colcon_core.environment:create_environment_scripts_only(arm_urdf)
[0.343s] Level 1:colcon.colcon_core.environment:checking '/home/jiaan/arm_project/install/arm_urdf' for CMake module files
[0.344s] Level 1:colcon.colcon_core.environment:checking '/home/jiaan/arm_project/install/arm_urdf' for CMake config files
[0.344s] Level 1:colcon.colcon_core.shell:create_environment_hook('arm_urdf', 'cmake_prefix_path')
[0.344s] INFO:colcon.colcon_core.shell:Creating environment hook '/home/jiaan/arm_project/install/arm_urdf/share/arm_urdf/hook/cmake_prefix_path.ps1'
[0.345s] INFO:colcon.colcon_core.shell:Creating environment descriptor '/home/jiaan/arm_project/install/arm_urdf/share/arm_urdf/hook/cmake_prefix_path.dsv'
[0.345s] INFO:colcon.colcon_core.shell:Creating environment hook '/home/jiaan/arm_project/install/arm_urdf/share/arm_urdf/hook/cmake_prefix_path.sh'
[0.345s] Level 1:colcon.colcon_core.environment:checking '/home/jiaan/arm_project/install/arm_urdf/bin'
[0.345s] Level 1:colcon.colcon_core.environment:checking '/home/jiaan/arm_project/install/arm_urdf/lib/pkgconfig/arm_urdf.pc'
[0.346s] Level 1:colcon.colcon_core.environment:checking '/home/jiaan/arm_project/install/arm_urdf/lib/python3.10/site-packages'
[0.346s] Level 1:colcon.colcon_core.environment:checking '/home/jiaan/arm_project/install/arm_urdf/bin'
[0.346s] INFO:colcon.colcon_core.shell:Creating package script '/home/jiaan/arm_project/install/arm_urdf/share/arm_urdf/package.ps1'
[0.346s] INFO:colcon.colcon_core.shell:Creating package descriptor '/home/jiaan/arm_project/install/arm_urdf/share/arm_urdf/package.dsv'
[0.347s] INFO:colcon.colcon_core.shell:Creating package script '/home/jiaan/arm_project/install/arm_urdf/share/arm_urdf/package.sh'
[0.347s] INFO:colcon.colcon_core.shell:Creating package script '/home/jiaan/arm_project/install/arm_urdf/share/arm_urdf/package.bash'
[0.347s] INFO:colcon.colcon_core.shell:Creating package script '/home/jiaan/arm_project/install/arm_urdf/share/arm_urdf/package.zsh'
[0.348s] Level 1:colcon.colcon_core.environment:create_file_with_runtime_dependencies(/home/jiaan/arm_project/install/arm_urdf/share/colcon-core/packages/arm_urdf)
[0.360s] Level 1:colcon.colcon_core.environment:create_environment_scripts_only(odrive_ros2_control)
[0.360s] Level 1:colcon.colcon_core.environment:checking '/home/jiaan/arm_project/install/odrive_ros2_control' for CMake module files
[0.360s] Level 1:colcon.colcon_core.environment:checking '/home/jiaan/arm_project/install/odrive_ros2_control' for CMake config files
[0.360s] Level 1:colcon.colcon_core.shell:create_environment_hook('odrive_ros2_control', 'cmake_prefix_path')
[0.360s] INFO:colcon.colcon_core.shell:Creating environment hook '/home/jiaan/arm_project/install/odrive_ros2_control/share/odrive_ros2_control/hook/cmake_prefix_path.ps1'
[0.361s] INFO:colcon.colcon_core.shell:Creating environment descriptor '/home/jiaan/arm_project/install/odrive_ros2_control/share/odrive_ros2_control/hook/cmake_prefix_path.dsv'
[0.361s] INFO:colcon.colcon_core.shell:Creating environment hook '/home/jiaan/arm_project/install/odrive_ros2_control/share/odrive_ros2_control/hook/cmake_prefix_path.sh'
[0.362s] Level 1:colcon.colcon_core.environment:checking '/home/jiaan/arm_project/install/odrive_ros2_control/lib'
[0.362s] Level 1:colcon.colcon_core.shell:create_environment_hook('odrive_ros2_control', 'ld_library_path_lib')
[0.362s] INFO:colcon.colcon_core.shell:Creating environment hook '/home/jiaan/arm_project/install/odrive_ros2_control/share/odrive_ros2_control/hook/ld_library_path_lib.ps1'
[0.363s] INFO:colcon.colcon_core.shell:Creating environment descriptor '/home/jiaan/arm_project/install/odrive_ros2_control/share/odrive_ros2_control/hook/ld_library_path_lib.dsv'
[0.363s] INFO:colcon.colcon_core.shell:Creating environment hook '/home/jiaan/arm_project/install/odrive_ros2_control/share/odrive_ros2_control/hook/ld_library_path_lib.sh'
[0.363s] Level 1:colcon.colcon_core.environment:checking '/home/jiaan/arm_project/install/odrive_ros2_control/bin'
[0.363s] Level 1:colcon.colcon_core.environment:checking '/home/jiaan/arm_project/install/odrive_ros2_control/lib/pkgconfig/odrive_ros2_control.pc'
[0.364s] Level 1:colcon.colcon_core.environment:checking '/home/jiaan/arm_project/install/odrive_ros2_control/lib/python3.10/site-packages'
[0.364s] Level 1:colcon.colcon_core.environment:checking '/home/jiaan/arm_project/install/odrive_ros2_control/bin'
[0.364s] INFO:colcon.colcon_core.shell:Creating package script '/home/jiaan/arm_project/install/odrive_ros2_control/share/odrive_ros2_control/package.ps1'
[0.365s] INFO:colcon.colcon_core.shell:Creating package descriptor '/home/jiaan/arm_project/install/odrive_ros2_control/share/odrive_ros2_control/package.dsv'
[0.365s] INFO:colcon.colcon_core.shell:Creating package script '/home/jiaan/arm_project/install/odrive_ros2_control/share/odrive_ros2_control/package.sh'
[0.365s] INFO:colcon.colcon_core.shell:Creating package script '/home/jiaan/arm_project/install/odrive_ros2_control/share/odrive_ros2_control/package.bash'
[0.366s] INFO:colcon.colcon_core.shell:Creating package script '/home/jiaan/arm_project/install/odrive_ros2_control/share/odrive_ros2_control/package.zsh'
[0.366s] Level 1:colcon.colcon_core.environment:create_file_with_runtime_dependencies(/home/jiaan/arm_project/install/odrive_ros2_control/share/colcon-core/packages/odrive_ros2_control)
[0.366s] INFO:colcon.colcon_ros.task.ament_cmake.build:Building ROS package in '/home/jiaan/arm_project/src/ros_odrive/odrive_botwheel_explorer' with build type 'ament_cmake'
[0.366s] INFO:colcon.colcon_cmake.task.cmake.build:Building CMake package in '/home/jiaan/arm_project/src/ros_odrive/odrive_botwheel_explorer'
[0.367s] INFO:colcon.colcon_core.shell:Skip shell extension 'powershell' for command environment: Not usable outside of PowerShell
[0.367s] DEBUG:colcon.colcon_core.shell:Skip shell extension 'dsv' for command environment
[0.374s] DEBUG:colcon.colcon_core.event_handler.log_command:Invoking command in '/home/jiaan/arm_project/build/odrive_botwheel_explorer': AMENT_PREFIX_PATH=/home/jiaan/arm_project/install/odrive_ros2_control:${AMENT_PREFIX_PATH} CMAKE_PREFIX_PATH=/home/jiaan/arm_project/install/odrive_ros2_control:/opt/ros/humble LD_LIBRARY_PATH=/home/jiaan/arm_project/install/odrive_ros2_control/lib:${LD_LIBRARY_PATH} /usr/bin/cmake --build /home/jiaan/arm_project/build/odrive_botwheel_explorer -- -j16 -l16
[0.397s] DEBUG:colcon.colcon_core.event_handler.log_command:Invoked command in '/home/jiaan/arm_project/build/odrive_botwheel_explorer' returned '0': AMENT_PREFIX_PATH=/home/jiaan/arm_project/install/odrive_ros2_control:${AMENT_PREFIX_PATH} CMAKE_PREFIX_PATH=/home/jiaan/arm_project/install/odrive_ros2_control:/opt/ros/humble LD_LIBRARY_PATH=/home/jiaan/arm_project/install/odrive_ros2_control/lib:${LD_LIBRARY_PATH} /usr/bin/cmake --build /home/jiaan/arm_project/build/odrive_botwheel_explorer -- -j16 -l16
[0.411s] DEBUG:colcon.colcon_core.event_handler.log_command:Invoking command in '/home/jiaan/arm_project/build/odrive_botwheel_explorer': AMENT_PREFIX_PATH=/home/jiaan/arm_project/install/odrive_ros2_control:${AMENT_PREFIX_PATH} CMAKE_PREFIX_PATH=/home/jiaan/arm_project/install/odrive_ros2_control:/opt/ros/humble LD_LIBRARY_PATH=/home/jiaan/arm_project/install/odrive_ros2_control/lib:${LD_LIBRARY_PATH} /usr/bin/cmake --install /home/jiaan/arm_project/build/odrive_botwheel_explorer
[0.426s] Level 1:colcon.colcon_core.environment:create_environment_scripts_only(odrive_botwheel_explorer)
[0.427s] Level 1:colcon.colcon_core.environment:checking '/home/jiaan/arm_project/install/odrive_botwheel_explorer' for CMake module files
[0.427s] DEBUG:colcon.colcon_core.event_handler.log_command:Invoked command in '/home/jiaan/arm_project/build/odrive_botwheel_explorer' returned '0': AMENT_PREFIX_PATH=/home/jiaan/arm_project/install/odrive_ros2_control:${AMENT_PREFIX_PATH} CMAKE_PREFIX_PATH=/home/jiaan/arm_project/install/odrive_ros2_control:/opt/ros/humble LD_LIBRARY_PATH=/home/jiaan/arm_project/install/odrive_ros2_control/lib:${LD_LIBRARY_PATH} /usr/bin/cmake --install /home/jiaan/arm_project/build/odrive_botwheel_explorer
[0.427s] Level 1:colcon.colcon_core.environment:checking '/home/jiaan/arm_project/install/odrive_botwheel_explorer' for CMake config files
[0.427s] Level 1:colcon.colcon_core.shell:create_environment_hook('odrive_botwheel_explorer', 'cmake_prefix_path')
[0.428s] INFO:colcon.colcon_core.shell:Creating environment hook '/home/jiaan/arm_project/install/odrive_botwheel_explorer/share/odrive_botwheel_explorer/hook/cmake_prefix_path.ps1'
[0.428s] INFO:colcon.colcon_core.shell:Creating environment descriptor '/home/jiaan/arm_project/install/odrive_botwheel_explorer/share/odrive_botwheel_explorer/hook/cmake_prefix_path.dsv'
[0.428s] INFO:colcon.colcon_core.shell:Creating environment hook '/home/jiaan/arm_project/install/odrive_botwheel_explorer/share/odrive_botwheel_explorer/hook/cmake_prefix_path.sh'
[0.428s] Level 1:colcon.colcon_core.environment:checking '/home/jiaan/arm_project/install/odrive_botwheel_explorer/bin'
[0.428s] Level 1:colcon.colcon_core.environment:checking '/home/jiaan/arm_project/install/odrive_botwheel_explorer/lib/pkgconfig/odrive_botwheel_explorer.pc'
[0.429s] Level 1:colcon.colcon_core.environment:checking '/home/jiaan/arm_project/install/odrive_botwheel_explorer/lib/python3.10/site-packages'
[0.429s] Level 1:colcon.colcon_core.environment:checking '/home/jiaan/arm_project/install/odrive_botwheel_explorer/bin'
[0.429s] INFO:colcon.colcon_core.shell:Creating package script '/home/jiaan/arm_project/install/odrive_botwheel_explorer/share/odrive_botwheel_explorer/package.ps1'
[0.429s] INFO:colcon.colcon_core.shell:Creating package descriptor '/home/jiaan/arm_project/install/odrive_botwheel_explorer/share/odrive_botwheel_explorer/package.dsv'
[0.429s] INFO:colcon.colcon_core.shell:Creating package script '/home/jiaan/arm_project/install/odrive_botwheel_explorer/share/odrive_botwheel_explorer/package.sh'
[0.430s] INFO:colcon.colcon_core.shell:Creating package script '/home/jiaan/arm_project/install/odrive_botwheel_explorer/share/odrive_botwheel_explorer/package.bash'
[0.430s] INFO:colcon.colcon_core.shell:Creating package script '/home/jiaan/arm_project/install/odrive_botwheel_explorer/share/odrive_botwheel_explorer/package.zsh'
[0.430s] Level 1:colcon.colcon_core.environment:create_file_with_runtime_dependencies(/home/jiaan/arm_project/install/odrive_botwheel_explorer/share/colcon-core/packages/odrive_botwheel_explorer)
[0.442s] Level 1:colcon.colcon_core.environment:create_environment_scripts_only(odrive_botwheel_explorer)
[0.442s] Level 1:colcon.colcon_core.environment:checking '/home/jiaan/arm_project/install/odrive_botwheel_explorer' for CMake module files
[0.443s] Level 1:colcon.colcon_core.environment:checking '/home/jiaan/arm_project/install/odrive_botwheel_explorer' for CMake config files
[0.443s] Level 1:colcon.colcon_core.shell:create_environment_hook('odrive_botwheel_explorer', 'cmake_prefix_path')
[0.443s] INFO:colcon.colcon_core.shell:Creating environment hook '/home/jiaan/arm_project/install/odrive_botwheel_explorer/share/odrive_botwheel_explorer/hook/cmake_prefix_path.ps1'
[0.443s] INFO:colcon.colcon_core.shell:Creating environment descriptor '/home/jiaan/arm_project/install/odrive_botwheel_explorer/share/odrive_botwheel_explorer/hook/cmake_prefix_path.dsv'
[0.443s] INFO:colcon.colcon_core.shell:Creating environment hook '/home/jiaan/arm_project/install/odrive_botwheel_explorer/share/odrive_botwheel_explorer/hook/cmake_prefix_path.sh'
[0.444s] Level 1:colcon.colcon_core.environment:checking '/home/jiaan/arm_project/install/odrive_botwheel_explorer/bin'
[0.444s] Level 1:colcon.colcon_core.environment:checking '/home/jiaan/arm_project/install/odrive_botwheel_explorer/lib/pkgconfig/odrive_botwheel_explorer.pc'
[0.444s] Level 1:colcon.colcon_core.environment:checking '/home/jiaan/arm_project/install/odrive_botwheel_explorer/lib/python3.10/site-packages'
[0.444s] Level 1:colcon.colcon_core.environment:checking '/home/jiaan/arm_project/install/odrive_botwheel_explorer/bin'
[0.444s] INFO:colcon.colcon_core.shell:Creating package script '/home/jiaan/arm_project/install/odrive_botwheel_explorer/share/odrive_botwheel_explorer/package.ps1'
[0.444s] INFO:colcon.colcon_core.shell:Creating package descriptor '/home/jiaan/arm_project/install/odrive_botwheel_explorer/share/odrive_botwheel_explorer/package.dsv'
[0.445s] INFO:colcon.colcon_core.shell:Creating package script '/home/jiaan/arm_project/install/odrive_botwheel_explorer/share/odrive_botwheel_explorer/package.sh'
[0.445s] INFO:colcon.colcon_core.shell:Creating package script '/home/jiaan/arm_project/install/odrive_botwheel_explorer/share/odrive_botwheel_explorer/package.bash'
[0.445s] INFO:colcon.colcon_core.shell:Creating package script '/home/jiaan/arm_project/install/odrive_botwheel_explorer/share/odrive_botwheel_explorer/package.zsh'
[0.445s] Level 1:colcon.colcon_core.environment:create_file_with_runtime_dependencies(/home/jiaan/arm_project/install/odrive_botwheel_explorer/share/colcon-core/packages/odrive_botwheel_explorer)
[0.498s] DEBUG:colcon.colcon_core.event_handler.log_command:Invoked command in '/home/jiaan/arm_project/build/odrive_can' returned '0': CMAKE_PREFIX_PATH=/opt/ros/humble /usr/bin/cmake --build /home/jiaan/arm_project/build/odrive_can -- -j16 -l16
[0.564s] DEBUG:colcon.colcon_core.event_handler.log_command:Invoking command in '/home/jiaan/arm_project/build/odrive_can': CMAKE_PREFIX_PATH=/opt/ros/humble /usr/bin/cmake --install /home/jiaan/arm_project/build/odrive_can
[0.607s] Level 1:colcon.colcon_core.environment:create_environment_scripts_only(odrive_can)
[0.607s] Level 1:colcon.colcon_core.environment:checking '/home/jiaan/arm_project/install/odrive_can' for CMake module files
[0.607s] DEBUG:colcon.colcon_core.event_handler.log_command:Invoked command in '/home/jiaan/arm_project/build/odrive_can' returned '0': CMAKE_PREFIX_PATH=/opt/ros/humble /usr/bin/cmake --install /home/jiaan/arm_project/build/odrive_can
[0.608s] Level 1:colcon.colcon_core.environment:checking '/home/jiaan/arm_project/install/odrive_can' for CMake config files
[0.608s] Level 1:colcon.colcon_core.shell:create_environment_hook('odrive_can', 'cmake_prefix_path')
[0.608s] INFO:colcon.colcon_core.shell:Creating environment hook '/home/jiaan/arm_project/install/odrive_can/share/odrive_can/hook/cmake_prefix_path.ps1'
[0.609s] INFO:colcon.colcon_core.shell:Creating environment descriptor '/home/jiaan/arm_project/install/odrive_can/share/odrive_can/hook/cmake_prefix_path.dsv'
[0.609s] INFO:colcon.colcon_core.shell:Creating environment hook '/home/jiaan/arm_project/install/odrive_can/share/odrive_can/hook/cmake_prefix_path.sh'
[0.609s] Level 1:colcon.colcon_core.environment:checking '/home/jiaan/arm_project/install/odrive_can/lib'
[0.609s] Level 1:colcon.colcon_core.shell:create_environment_hook('odrive_can', 'ld_library_path_lib')
[0.609s] INFO:colcon.colcon_core.shell:Creating environment hook '/home/jiaan/arm_project/install/odrive_can/share/odrive_can/hook/ld_library_path_lib.ps1'
[0.610s] INFO:colcon.colcon_core.shell:Creating environment descriptor '/home/jiaan/arm_project/install/odrive_can/share/odrive_can/hook/ld_library_path_lib.dsv'
[0.610s] INFO:colcon.colcon_core.shell:Creating environment hook '/home/jiaan/arm_project/install/odrive_can/share/odrive_can/hook/ld_library_path_lib.sh'
[0.610s] Level 1:colcon.colcon_core.environment:checking '/home/jiaan/arm_project/install/odrive_can/bin'
[0.610s] Level 1:colcon.colcon_core.environment:checking '/home/jiaan/arm_project/install/odrive_can/lib/pkgconfig/odrive_can.pc'
[0.610s] Level 1:colcon.colcon_core.environment:checking '/home/jiaan/arm_project/install/odrive_can/lib/python3.10/site-packages'
[0.610s] Level 1:colcon.colcon_core.environment:checking '/home/jiaan/arm_project/install/odrive_can/bin'
[0.610s] INFO:colcon.colcon_core.shell:Creating package script '/home/jiaan/arm_project/install/odrive_can/share/odrive_can/package.ps1'
[0.611s] INFO:colcon.colcon_core.shell:Creating package descriptor '/home/jiaan/arm_project/install/odrive_can/share/odrive_can/package.dsv'
[0.611s] INFO:colcon.colcon_core.shell:Creating package script '/home/jiaan/arm_project/install/odrive_can/share/odrive_can/package.sh'
[0.611s] INFO:colcon.colcon_core.shell:Creating package script '/home/jiaan/arm_project/install/odrive_can/share/odrive_can/package.bash'
[0.611s] INFO:colcon.colcon_core.shell:Creating package script '/home/jiaan/arm_project/install/odrive_can/share/odrive_can/package.zsh'
[0.611s] Level 1:colcon.colcon_core.environment:create_file_with_runtime_dependencies(/home/jiaan/arm_project/install/odrive_can/share/colcon-core/packages/odrive_can)
[0.682s] Level 1:colcon.colcon_core.environment:create_environment_scripts_only(odrive_can)
[0.682s] Level 1:colcon.colcon_core.environment:checking '/home/jiaan/arm_project/install/odrive_can' for CMake module files
[0.683s] Level 1:colcon.colcon_core.environment:checking '/home/jiaan/arm_project/install/odrive_can' for CMake config files
[0.683s] Level 1:colcon.colcon_core.shell:create_environment_hook('odrive_can', 'cmake_prefix_path')
[0.683s] INFO:colcon.colcon_core.shell:Creating environment hook '/home/jiaan/arm_project/install/odrive_can/share/odrive_can/hook/cmake_prefix_path.ps1'
[0.684s] INFO:colcon.colcon_core.shell:Creating environment descriptor '/home/jiaan/arm_project/install/odrive_can/share/odrive_can/hook/cmake_prefix_path.dsv'
[0.684s] INFO:colcon.colcon_core.shell:Creating environment hook '/home/jiaan/arm_project/install/odrive_can/share/odrive_can/hook/cmake_prefix_path.sh'
[0.684s] Level 1:colcon.colcon_core.environment:checking '/home/jiaan/arm_project/install/odrive_can/lib'
[0.684s] Level 1:colcon.colcon_core.shell:create_environment_hook('odrive_can', 'ld_library_path_lib')
[0.684s] INFO:colcon.colcon_core.shell:Creating environment hook '/home/jiaan/arm_project/install/odrive_can/share/odrive_can/hook/ld_library_path_lib.ps1'
[0.685s] INFO:colcon.colcon_core.shell:Creating environment descriptor '/home/jiaan/arm_project/install/odrive_can/share/odrive_can/hook/ld_library_path_lib.dsv'
[0.685s] INFO:colcon.colcon_core.shell:Creating environment hook '/home/jiaan/arm_project/install/odrive_can/share/odrive_can/hook/ld_library_path_lib.sh'
[0.685s] Level 1:colcon.colcon_core.environment:checking '/home/jiaan/arm_project/install/odrive_can/bin'
[0.685s] Level 1:colcon.colcon_core.environment:checking '/home/jiaan/arm_project/install/odrive_can/lib/pkgconfig/odrive_can.pc'
[0.685s] Level 1:colcon.colcon_core.environment:checking '/home/jiaan/arm_project/install/odrive_can/lib/python3.10/site-packages'
[0.685s] Level 1:colcon.colcon_core.environment:checking '/home/jiaan/arm_project/install/odrive_can/bin'
[0.686s] INFO:colcon.colcon_core.shell:Creating package script '/home/jiaan/arm_project/install/odrive_can/share/odrive_can/package.ps1'
[0.686s] INFO:colcon.colcon_core.shell:Creating package descriptor '/home/jiaan/arm_project/install/odrive_can/share/odrive_can/package.dsv'
[0.686s] INFO:colcon.colcon_core.shell:Creating package script '/home/jiaan/arm_project/install/odrive_can/share/odrive_can/package.sh'
[0.686s] INFO:colcon.colcon_core.shell:Creating package script '/home/jiaan/arm_project/install/odrive_can/share/odrive_can/package.bash'
[0.687s] INFO:colcon.colcon_core.shell:Creating package script '/home/jiaan/arm_project/install/odrive_can/share/odrive_can/package.zsh'
[0.687s] Level 1:colcon.colcon_core.environment:create_file_with_runtime_dependencies(/home/jiaan/arm_project/install/odrive_can/share/colcon-core/packages/odrive_can)
[0.687s] DEBUG:colcon.colcon_parallel_executor.executor.parallel:closing loop
[0.687s] DEBUG:colcon.colcon_parallel_executor.executor.parallel:loop closed
[0.687s] DEBUG:colcon.colcon_parallel_executor.executor.parallel:run_until_complete finished with '0'
[0.687s] DEBUG:colcon.colcon_core.event_reactor:joining thread
[0.690s] INFO:colcon.colcon_core.plugin_system:Skipping extension 'colcon_notification.desktop_notification.terminal_notifier': Not used on non-Darwin systems
[0.690s] INFO:colcon.colcon_core.plugin_system:Skipping extension 'colcon_notification.desktop_notification.win32': Not used on non-Windows systems
[0.690s] INFO:colcon.colcon_notification.desktop_notification:Sending desktop notification using 'notify2'
[0.698s] DEBUG:colcon.colcon_core.event_reactor:joined thread
[0.699s] INFO:colcon.colcon_core.shell:Creating prefix script '/home/jiaan/arm_project/install/local_setup.ps1'
[0.699s] INFO:colcon.colcon_core.shell:Creating prefix util module '/home/jiaan/arm_project/install/_local_setup_util_ps1.py'
[0.700s] INFO:colcon.colcon_core.shell:Creating prefix chain script '/home/jiaan/arm_project/install/setup.ps1'
[0.701s] INFO:colcon.colcon_core.shell:Creating prefix script '/home/jiaan/arm_project/install/local_setup.sh'
[0.701s] INFO:colcon.colcon_core.shell:Creating prefix util module '/home/jiaan/arm_project/install/_local_setup_util_sh.py'
[0.701s] INFO:colcon.colcon_core.shell:Creating prefix chain script '/home/jiaan/arm_project/install/setup.sh'
[0.702s] INFO:colcon.colcon_core.shell:Creating prefix script '/home/jiaan/arm_project/install/local_setup.bash'
[0.702s] INFO:colcon.colcon_core.shell:Creating prefix chain script '/home/jiaan/arm_project/install/setup.bash'
[0.702s] INFO:colcon.colcon_core.shell:Creating prefix script '/home/jiaan/arm_project/install/local_setup.zsh'
[0.703s] INFO:colcon.colcon_core.shell:Creating prefix chain script '/home/jiaan/arm_project/install/setup.zsh'
