[0.008s] Invoking command in '/home/jiaan/arm_project/build/odrive_can': CMAKE_PREFIX_PATH=/opt/ros/humble /usr/bin/cmake /home/jiaan/arm_project/src/ros_odrive/odrive_node -DCMAKE_INSTALL_PREFIX=/home/jiaan/arm_project/install/odrive_can
[0.040s] -- The C compiler identification is GNU 11.4.0
[0.075s] -- The CXX compiler identification is GNU 11.4.0
[0.081s] -- Detecting C compiler ABI info
[0.123s] -- Detecting C compiler ABI info - done
[0.127s] -- Check for working C compiler: /usr/bin/cc - skipped
[0.128s] -- Detecting C compile features
[0.128s] -- Detecting C compile features - done
[0.130s] -- Detecting CXX compiler ABI info
[0.178s] -- Detecting CXX compiler ABI info - done
[0.183s] -- Check for working CXX compiler: /usr/bin/c++ - skipped
[0.184s] -- Detecting CXX compile features
[0.184s] -- Detecting CXX compile features - done
[0.185s] -- Found ament_cmake: 1.3.9 (/opt/ros/humble/share/ament_cmake/cmake)
[0.273s] -- Found Python3: /usr/bin/python3 (found version "3.10.12") found components: Interpreter 
[0.326s] -- Found rclcpp: 16.0.9 (/opt/ros/humble/share/rclcpp/cmake)
[0.351s] -- Found rosidl_generator_c: 3.1.5 (/opt/ros/humble/share/rosidl_generator_c/cmake)
[0.354s] -- Found rosidl_adapter: 3.1.5 (/opt/ros/humble/share/rosidl_adapter/cmake)
[0.359s] -- Found rosidl_generator_cpp: 3.1.5 (/opt/ros/humble/share/rosidl_generator_cpp/cmake)
[0.368s] -- Using all available rosidl_typesupport_c: rosidl_typesupport_fastrtps_c;rosidl_typesupport_introspection_c
[0.380s] -- Using all available rosidl_typesupport_cpp: rosidl_typesupport_fastrtps_cpp;rosidl_typesupport_introspection_cpp
[0.423s] -- Found rmw_implementation_cmake: 6.1.2 (/opt/ros/humble/share/rmw_implementation_cmake/cmake)
[0.424s] -- Found rmw_cyclonedds_cpp: 1.3.4 (/opt/ros/humble/share/rmw_cyclonedds_cpp/cmake)
[0.446s] -- Using RMW implementation 'rmw_cyclonedds_cpp' as default
[0.452s] -- Looking for pthread.h
[0.503s] -- Looking for pthread.h - found
[0.503s] -- Performing Test CMAKE_HAVE_LIBC_PTHREAD
[0.550s] -- Performing Test CMAKE_HAVE_LIBC_PTHREAD - Success
[0.550s] -- Found Threads: TRUE  
[0.648s] -- Found rosidl_default_generators: 1.2.0 (/opt/ros/humble/share/rosidl_default_generators/cmake)
[0.815s] -- Found ament_cmake_ros: 0.10.0 (/opt/ros/humble/share/ament_cmake_ros/cmake)
[1.025s] -- Using all available rosidl_typesupport_c: rosidl_typesupport_fastrtps_c;rosidl_typesupport_introspection_c
[1.109s] -- Using all available rosidl_typesupport_cpp: rosidl_typesupport_fastrtps_cpp;rosidl_typesupport_introspection_cpp
[1.126s] -- Found PythonInterp: /usr/bin/python3 (found suitable version "3.10.12", minimum required is "3.6") 
[1.129s] -- Found python_cmake_module: 0.10.0 (/opt/ros/humble/share/python_cmake_module/cmake)
[1.154s] -- Found PythonLibs: /usr/lib/x86_64-linux-gnu/libpython3.10.so (found suitable version "3.10.12", minimum required is "3.5") 
[1.155s] -- Using PYTHON_EXECUTABLE: /usr/bin/python3
[1.155s] -- Using PYTHON_INCLUDE_DIRS: /usr/include/python3.10
[1.155s] -- Using PYTHON_LIBRARIES: /usr/lib/x86_64-linux-gnu/libpython3.10.so
[1.171s] -- Found PythonExtra: .so  
[1.211s] -- Configuring done
[1.246s] -- Generating done
[1.248s] -- Build files have been written to: /home/jiaan/arm_project/build/odrive_can
[1.255s] Invoked command in '/home/jiaan/arm_project/build/odrive_can' returned '0': CMAKE_PREFIX_PATH=/opt/ros/humble /usr/bin/cmake /home/jiaan/arm_project/src/ros_odrive/odrive_node -DCMAKE_INSTALL_PREFIX=/home/jiaan/arm_project/install/odrive_can
[1.256s] Invoking command in '/home/jiaan/arm_project/build/odrive_can': CMAKE_PREFIX_PATH=/opt/ros/humble /usr/bin/cmake --build /home/jiaan/arm_project/build/odrive_can -- -j16 -l16
[1.284s] [  1%] [34m[1mGenerating C code for ROS interfaces[0m
[1.290s] [  3%] [34m[1mGenerating C++ code for ROS interfaces[0m
[1.294s] [  3%] Built target ament_cmake_python_copy_odrive_can
[1.455s] running egg_info
[1.456s] creating odrive_can.egg-info
[1.456s] writing odrive_can.egg-info/PKG-INFO
[1.456s] writing dependency_links to odrive_can.egg-info/dependency_links.txt
[1.456s] writing top-level names to odrive_can.egg-info/top_level.txt
[1.456s] writing manifest file 'odrive_can.egg-info/SOURCES.txt'
[1.458s] reading manifest file 'odrive_can.egg-info/SOURCES.txt'
[1.458s] writing manifest file 'odrive_can.egg-info/SOURCES.txt'
[1.475s] [  3%] Built target ament_cmake_python_build_odrive_can_egg
[1.570s] [  3%] Built target odrive_can__cpp
[1.578s] [  5%] [34m[1mGenerating C++ type support for eProsima Fast-RTPS[0m
[1.578s] [  6%] [34m[1mGenerating C++ introspection for ROS interfaces[0m
[1.579s] [  8%] [34m[1mGenerating C++ type support dispatch for ROS interfaces[0m
[1.589s] [ 10%] [32mBuilding C object CMakeFiles/odrive_can__rosidl_generator_c.dir/rosidl_generator_c/odrive_can/msg/detail/control_message__functions.c.o[0m
[1.589s] [ 11%] [32mBuilding C object CMakeFiles/odrive_can__rosidl_generator_c.dir/rosidl_generator_c/odrive_can/msg/detail/controller_status__functions.c.o[0m
[1.589s] [ 13%] [32mBuilding C object CMakeFiles/odrive_can__rosidl_generator_c.dir/rosidl_generator_c/odrive_can/msg/detail/o_drive_status__functions.c.o[0m
[1.589s] [ 15%] [32mBuilding C object CMakeFiles/odrive_can__rosidl_generator_c.dir/rosidl_generator_c/odrive_can/srv/detail/axis_state__functions.c.o[0m
[1.643s] [ 16%] [32m[1mLinking C shared library libodrive_can__rosidl_generator_c.so[0m
[1.669s] [ 16%] Built target odrive_can__rosidl_generator_c
[1.676s] [ 20%] [34m[1mGenerating C introspection for ROS interfaces[0m
[1.676s] [ 20%] [34m[1mGenerating C type support dispatch for ROS interfaces[0m
[1.676s] [ 21%] [34m[1mGenerating C type support for eProsima Fast-RTPS[0m
[1.844s] [ 23%] [32mBuilding CXX object CMakeFiles/odrive_can__rosidl_typesupport_cpp.dir/rosidl_typesupport_cpp/odrive_can/msg/control_message__type_support.cpp.o[0m
[1.844s] [ 25%] [32mBuilding CXX object CMakeFiles/odrive_can__rosidl_typesupport_cpp.dir/rosidl_typesupport_cpp/odrive_can/msg/o_drive_status__type_support.cpp.o[0m
[1.845s] [ 26%] [32mBuilding CXX object CMakeFiles/odrive_can__rosidl_typesupport_cpp.dir/rosidl_typesupport_cpp/odrive_can/srv/axis_state__type_support.cpp.o[0m
[1.847s] [ 28%] [32mBuilding CXX object CMakeFiles/odrive_can__rosidl_typesupport_cpp.dir/rosidl_typesupport_cpp/odrive_can/msg/controller_status__type_support.cpp.o[0m
[1.902s] [ 30%] [32mBuilding CXX object CMakeFiles/odrive_can__rosidl_typesupport_introspection_cpp.dir/rosidl_typesupport_introspection_cpp/odrive_can/msg/detail/o_drive_status__type_support.cpp.o[0m
[1.904s] [ 31%] [32mBuilding CXX object CMakeFiles/odrive_can__rosidl_typesupport_introspection_cpp.dir/rosidl_typesupport_introspection_cpp/odrive_can/srv/detail/axis_state__type_support.cpp.o[0m
[1.905s] [ 35%] [32mBuilding CXX object CMakeFiles/odrive_can__rosidl_typesupport_introspection_cpp.dir/rosidl_typesupport_introspection_cpp/odrive_can/msg/detail/control_message__type_support.cpp.o[0m
[1.905s] [ 35%] [32mBuilding CXX object CMakeFiles/odrive_can__rosidl_typesupport_introspection_cpp.dir/rosidl_typesupport_introspection_cpp/odrive_can/msg/detail/controller_status__type_support.cpp.o[0m
[1.947s] [ 40%] [32mBuilding CXX object CMakeFiles/odrive_can__rosidl_typesupport_fastrtps_cpp.dir/rosidl_typesupport_fastrtps_cpp/odrive_can/msg/detail/dds_fastrtps/control_message__type_support.cpp.o[0m
[1.947s] [ 41%] [32mBuilding CXX object CMakeFiles/odrive_can__rosidl_typesupport_fastrtps_cpp.dir/rosidl_typesupport_fastrtps_cpp/odrive_can/msg/detail/dds_fastrtps/controller_status__type_support.cpp.o[0m
[1.947s] [ 41%] [32mBuilding CXX object CMakeFiles/odrive_can__rosidl_typesupport_fastrtps_cpp.dir/rosidl_typesupport_fastrtps_cpp/odrive_can/msg/detail/dds_fastrtps/o_drive_status__type_support.cpp.o[0m
[1.947s] [ 41%] [32mBuilding CXX object CMakeFiles/odrive_can__rosidl_typesupport_fastrtps_cpp.dir/rosidl_typesupport_fastrtps_cpp/odrive_can/srv/detail/dds_fastrtps/axis_state__type_support.cpp.o[0m
[2.005s] [ 43%] [32mBuilding CXX object CMakeFiles/odrive_can__rosidl_typesupport_c.dir/rosidl_typesupport_c/odrive_can/msg/control_message__type_support.cpp.o[0m
[2.006s] [ 45%] [32mBuilding CXX object CMakeFiles/odrive_can__rosidl_typesupport_c.dir/rosidl_typesupport_c/odrive_can/msg/controller_status__type_support.cpp.o[0m
[2.049s] [ 48%] [32mBuilding CXX object CMakeFiles/odrive_can__rosidl_typesupport_c.dir/rosidl_typesupport_c/odrive_can/srv/axis_state__type_support.cpp.o[0m
[2.049s] [ 48%] [32mBuilding CXX object CMakeFiles/odrive_can__rosidl_typesupport_c.dir/rosidl_typesupport_c/odrive_can/msg/o_drive_status__type_support.cpp.o[0m
[2.093s] [ 50%] [32m[1mLinking CXX shared library libodrive_can__rosidl_typesupport_c.so[0m
[2.174s] [ 50%] Built target odrive_can__rosidl_typesupport_c
[2.200s] [ 51%] [32mBuilding CXX object CMakeFiles/odrive_can__rosidl_typesupport_fastrtps_c.dir/rosidl_typesupport_fastrtps_c/odrive_can/msg/detail/control_message__type_support_c.cpp.o[0m
[2.201s] [ 53%] [32mBuilding CXX object CMakeFiles/odrive_can__rosidl_typesupport_fastrtps_c.dir/rosidl_typesupport_fastrtps_c/odrive_can/msg/detail/controller_status__type_support_c.cpp.o[0m
[2.204s] [ 55%] [32mBuilding CXX object CMakeFiles/odrive_can__rosidl_typesupport_fastrtps_c.dir/rosidl_typesupport_fastrtps_c/odrive_can/msg/detail/o_drive_status__type_support_c.cpp.o[0m
[2.220s] [ 56%] [32mBuilding C object CMakeFiles/odrive_can__rosidl_typesupport_introspection_c.dir/rosidl_typesupport_introspection_c/odrive_can/msg/detail/control_message__type_support.c.o[0m
[2.247s] [ 58%] [32mBuilding CXX object CMakeFiles/odrive_can__rosidl_typesupport_fastrtps_c.dir/rosidl_typesupport_fastrtps_c/odrive_can/srv/detail/axis_state__type_support_c.cpp.o[0m
[2.249s] [ 60%] [32mBuilding C object CMakeFiles/odrive_can__rosidl_typesupport_introspection_c.dir/rosidl_typesupport_introspection_c/odrive_can/msg/detail/controller_status__type_support.c.o[0m
[2.250s] [ 61%] [32mBuilding C object CMakeFiles/odrive_can__rosidl_typesupport_introspection_c.dir/rosidl_typesupport_introspection_c/odrive_can/msg/detail/o_drive_status__type_support.c.o[0m
[2.266s] [ 63%] [32m[1mLinking CXX shared library libodrive_can__rosidl_typesupport_cpp.so[0m
[2.278s] [ 65%] [32mBuilding C object CMakeFiles/odrive_can__rosidl_typesupport_introspection_c.dir/rosidl_typesupport_introspection_c/odrive_can/srv/detail/axis_state__type_support.c.o[0m
[2.325s] [ 65%] Built target odrive_can__rosidl_typesupport_cpp
[2.337s] [ 66%] [32m[1mLinking C shared library libodrive_can__rosidl_typesupport_introspection_c.so[0m
[2.353s] [ 68%] [32mBuilding CXX object CMakeFiles/odrive_can_node.dir/home/jiaan/arm_project/src/ros_odrive/odrive_base/src/socket_can.cpp.o[0m
[2.353s] [ 70%] [32mBuilding CXX object CMakeFiles/odrive_can_node.dir/home/jiaan/arm_project/src/ros_odrive/odrive_base/src/epoll_event_loop.cpp.o[0m
[2.354s] [ 71%] [32mBuilding CXX object CMakeFiles/odrive_can_node.dir/src/odrive_can_node.cpp.o[0m
[2.401s] [ 71%] Built target odrive_can__rosidl_typesupport_introspection_c
[2.414s] [ 73%] [32mBuilding CXX object CMakeFiles/odrive_can_node.dir/src/main.cpp.o[0m
[2.490s] [ 75%] [32m[1mLinking CXX shared library libodrive_can__rosidl_typesupport_introspection_cpp.so[0m
[2.530s] [ 75%] Built target odrive_can__rosidl_typesupport_introspection_cpp
[2.532s] [ 76%] [32m[1mLinking CXX shared library libodrive_can__rosidl_typesupport_fastrtps_cpp.so[0m
[2.616s] [ 76%] Built target odrive_can__rosidl_typesupport_fastrtps_cpp
[2.650s] [ 78%] [32m[1mLinking CXX shared library libodrive_can__rosidl_typesupport_fastrtps_c.so[0m
[2.702s] [ 78%] Built target odrive_can__rosidl_typesupport_fastrtps_c
[2.715s] [ 78%] Built target odrive_can
[2.730s] [ 80%] [34m[1mGenerating Python code for ROS interfaces[0m
[3.196s] [ 80%] Built target odrive_can__py
[3.209s] [ 81%] [32mBuilding C object CMakeFiles/odrive_can__rosidl_generator_py.dir/rosidl_generator_py/odrive_can/msg/_control_message_s.c.o[0m
[3.209s] [ 83%] [32mBuilding C object CMakeFiles/odrive_can__rosidl_generator_py.dir/rosidl_generator_py/odrive_can/msg/_o_drive_status_s.c.o[0m
[3.209s] [ 85%] [32mBuilding C object CMakeFiles/odrive_can__rosidl_generator_py.dir/rosidl_generator_py/odrive_can/msg/_controller_status_s.c.o[0m
[3.209s] [ 86%] [32mBuilding C object CMakeFiles/odrive_can__rosidl_generator_py.dir/rosidl_generator_py/odrive_can/srv/_axis_state_s.c.o[0m
[3.308s] [ 88%] [32m[1mLinking C shared library rosidl_generator_py/odrive_can/libodrive_can__rosidl_generator_py.so[0m
[3.332s] [ 88%] Built target odrive_can__rosidl_generator_py
[3.347s] [ 93%] [32mBuilding C object CMakeFiles/odrive_can__rosidl_typesupport_fastrtps_c__pyext.dir/rosidl_generator_py/odrive_can/_odrive_can_s.ep.rosidl_typesupport_fastrtps_c.c.o[0m
[3.347s] [ 93%] [32mBuilding C object CMakeFiles/odrive_can__rosidl_typesupport_c__pyext.dir/rosidl_generator_py/odrive_can/_odrive_can_s.ep.rosidl_typesupport_c.c.o[0m
[3.347s] [ 93%] [32mBuilding C object CMakeFiles/odrive_can__rosidl_typesupport_introspection_c__pyext.dir/rosidl_generator_py/odrive_can/_odrive_can_s.ep.rosidl_typesupport_introspection_c.c.o[0m
[3.426s] [ 95%] [32m[1mLinking C shared library rosidl_generator_py/odrive_can/odrive_can_s__rosidl_typesupport_introspection_c.cpython-310-x86_64-linux-gnu.so[0m
[3.426s] [ 98%] [32m[1mLinking C shared library rosidl_generator_py/odrive_can/odrive_can_s__rosidl_typesupport_c.cpython-310-x86_64-linux-gnu.so[0m
[3.426s] [ 98%] [32m[1mLinking C shared library rosidl_generator_py/odrive_can/odrive_can_s__rosidl_typesupport_fastrtps_c.cpython-310-x86_64-linux-gnu.so[0m
[3.451s] [ 98%] Built target odrive_can__rosidl_typesupport_introspection_c__pyext
[3.452s] [ 98%] Built target odrive_can__rosidl_typesupport_c__pyext
[3.452s] [ 98%] Built target odrive_can__rosidl_typesupport_fastrtps_c__pyext
[8.954s] [100%] [32m[1mLinking CXX executable odrive_can_node[0m
[9.210s] [100%] Built target odrive_can_node
[9.217s] Invoked command in '/home/jiaan/arm_project/build/odrive_can' returned '0': CMAKE_PREFIX_PATH=/opt/ros/humble /usr/bin/cmake --build /home/jiaan/arm_project/build/odrive_can -- -j16 -l16
[9.288s] Invoking command in '/home/jiaan/arm_project/build/odrive_can': CMAKE_PREFIX_PATH=/opt/ros/humble /usr/bin/cmake --install /home/jiaan/arm_project/build/odrive_can
[9.293s] -- Install configuration: ""
[9.293s] -- Installing: /home/jiaan/arm_project/install/odrive_can/share/ament_index/resource_index/rosidl_interfaces/odrive_can
[9.293s] -- Up-to-date: /home/jiaan/arm_project/install/odrive_can/include/odrive_can/odrive_can
[9.293s] -- Up-to-date: /home/jiaan/arm_project/install/odrive_can/include/odrive_can/odrive_can/srv
[9.293s] -- Up-to-date: /home/jiaan/arm_project/install/odrive_can/include/odrive_can/odrive_can/srv/detail
[9.293s] -- Installing: /home/jiaan/arm_project/install/odrive_can/include/odrive_can/odrive_can/srv/detail/axis_state__struct.h
[9.293s] -- Installing: /home/jiaan/arm_project/install/odrive_can/include/odrive_can/odrive_can/srv/detail/axis_state__functions.c
[9.293s] -- Installing: /home/jiaan/arm_project/install/odrive_can/include/odrive_can/odrive_can/srv/detail/axis_state__functions.h
[9.293s] -- Installing: /home/jiaan/arm_project/install/odrive_can/include/odrive_can/odrive_can/srv/detail/axis_state__type_support.h
[9.293s] -- Installing: /home/jiaan/arm_project/install/odrive_can/include/odrive_can/odrive_can/srv/axis_state.h
[9.293s] -- Up-to-date: /home/jiaan/arm_project/install/odrive_can/include/odrive_can/odrive_can/msg
[9.294s] -- Installing: /home/jiaan/arm_project/install/odrive_can/include/odrive_can/odrive_can/msg/rosidl_generator_c__visibility_control.h
[9.294s] -- Installing: /home/jiaan/arm_project/install/odrive_can/include/odrive_can/odrive_can/msg/o_drive_status.h
[9.294s] -- Installing: /home/jiaan/arm_project/install/odrive_can/include/odrive_can/odrive_can/msg/control_message.h
[9.294s] -- Up-to-date: /home/jiaan/arm_project/install/odrive_can/include/odrive_can/odrive_can/msg/detail
[9.294s] -- Installing: /home/jiaan/arm_project/install/odrive_can/include/odrive_can/odrive_can/msg/detail/control_message__functions.c
[9.294s] -- Installing: /home/jiaan/arm_project/install/odrive_can/include/odrive_can/odrive_can/msg/detail/o_drive_status__struct.h
[9.294s] -- Installing: /home/jiaan/arm_project/install/odrive_can/include/odrive_can/odrive_can/msg/detail/o_drive_status__functions.c
[9.294s] -- Installing: /home/jiaan/arm_project/install/odrive_can/include/odrive_can/odrive_can/msg/detail/controller_status__functions.h
[9.294s] -- Installing: /home/jiaan/arm_project/install/odrive_can/include/odrive_can/odrive_can/msg/detail/control_message__functions.h
[9.294s] -- Installing: /home/jiaan/arm_project/install/odrive_can/include/odrive_can/odrive_can/msg/detail/o_drive_status__functions.h
[9.294s] -- Installing: /home/jiaan/arm_project/install/odrive_can/include/odrive_can/odrive_can/msg/detail/controller_status__functions.c
[9.294s] -- Installing: /home/jiaan/arm_project/install/odrive_can/include/odrive_can/odrive_can/msg/detail/o_drive_status__type_support.h
[9.294s] -- Installing: /home/jiaan/arm_project/install/odrive_can/include/odrive_can/odrive_can/msg/detail/controller_status__type_support.h
[9.294s] -- Installing: /home/jiaan/arm_project/install/odrive_can/include/odrive_can/odrive_can/msg/detail/control_message__struct.h
[9.294s] -- Installing: /home/jiaan/arm_project/install/odrive_can/include/odrive_can/odrive_can/msg/detail/controller_status__struct.h
[9.294s] -- Installing: /home/jiaan/arm_project/install/odrive_can/include/odrive_can/odrive_can/msg/detail/control_message__type_support.h
[9.294s] -- Installing: /home/jiaan/arm_project/install/odrive_can/include/odrive_can/odrive_can/msg/controller_status.h
[9.294s] -- Up-to-date: /home/jiaan/arm_project/install/odrive_can/share/odrive_can/environment/library_path.sh
[9.294s] -- Installing: /home/jiaan/arm_project/install/odrive_can/share/odrive_can/environment/library_path.dsv
[9.295s] -- Installing: /home/jiaan/arm_project/install/odrive_can/lib/libodrive_can__rosidl_generator_c.so
[9.295s] -- Set runtime path of "/home/jiaan/arm_project/install/odrive_can/lib/libodrive_can__rosidl_generator_c.so" to ""
[9.295s] -- Up-to-date: /home/jiaan/arm_project/install/odrive_can/include/odrive_can/odrive_can
[9.295s] -- Up-to-date: /home/jiaan/arm_project/install/odrive_can/include/odrive_can/odrive_can/srv
[9.295s] -- Up-to-date: /home/jiaan/arm_project/install/odrive_can/include/odrive_can/odrive_can/srv/detail
[9.295s] -- Installing: /home/jiaan/arm_project/install/odrive_can/include/odrive_can/odrive_can/srv/detail/axis_state__rosidl_typesupport_fastrtps_c.h
[9.295s] -- Up-to-date: /home/jiaan/arm_project/install/odrive_can/include/odrive_can/odrive_can/msg
[9.295s] -- Up-to-date: /home/jiaan/arm_project/install/odrive_can/include/odrive_can/odrive_can/msg/detail
[9.295s] -- Installing: /home/jiaan/arm_project/install/odrive_can/include/odrive_can/odrive_can/msg/detail/controller_status__rosidl_typesupport_fastrtps_c.h
[9.295s] -- Installing: /home/jiaan/arm_project/install/odrive_can/include/odrive_can/odrive_can/msg/detail/o_drive_status__rosidl_typesupport_fastrtps_c.h
[9.295s] -- Installing: /home/jiaan/arm_project/install/odrive_can/include/odrive_can/odrive_can/msg/detail/control_message__rosidl_typesupport_fastrtps_c.h
[9.296s] -- Installing: /home/jiaan/arm_project/install/odrive_can/include/odrive_can/odrive_can/msg/rosidl_typesupport_fastrtps_c__visibility_control.h
[9.296s] -- Installing: /home/jiaan/arm_project/install/odrive_can/lib/libodrive_can__rosidl_typesupport_fastrtps_c.so
[9.296s] -- Set runtime path of "/home/jiaan/arm_project/install/odrive_can/lib/libodrive_can__rosidl_typesupport_fastrtps_c.so" to ""
[9.296s] -- Up-to-date: /home/jiaan/arm_project/install/odrive_can/include/odrive_can/odrive_can
[9.296s] -- Up-to-date: /home/jiaan/arm_project/install/odrive_can/include/odrive_can/odrive_can/srv
[9.296s] -- Up-to-date: /home/jiaan/arm_project/install/odrive_can/include/odrive_can/odrive_can/srv/detail
[9.296s] -- Installing: /home/jiaan/arm_project/install/odrive_can/include/odrive_can/odrive_can/srv/detail/axis_state__builder.hpp
[9.296s] -- Installing: /home/jiaan/arm_project/install/odrive_can/include/odrive_can/odrive_can/srv/detail/axis_state__traits.hpp
[9.296s] -- Installing: /home/jiaan/arm_project/install/odrive_can/include/odrive_can/odrive_can/srv/detail/axis_state__struct.hpp
[9.296s] -- Installing: /home/jiaan/arm_project/install/odrive_can/include/odrive_can/odrive_can/srv/axis_state.hpp
[9.296s] -- Up-to-date: /home/jiaan/arm_project/install/odrive_can/include/odrive_can/odrive_can/msg
[9.296s] -- Installing: /home/jiaan/arm_project/install/odrive_can/include/odrive_can/odrive_can/msg/control_message.hpp
[9.296s] -- Up-to-date: /home/jiaan/arm_project/install/odrive_can/include/odrive_can/odrive_can/msg/detail
[9.296s] -- Installing: /home/jiaan/arm_project/install/odrive_can/include/odrive_can/odrive_can/msg/detail/controller_status__struct.hpp
[9.297s] -- Installing: /home/jiaan/arm_project/install/odrive_can/include/odrive_can/odrive_can/msg/detail/controller_status__traits.hpp
[9.297s] -- Installing: /home/jiaan/arm_project/install/odrive_can/include/odrive_can/odrive_can/msg/detail/control_message__struct.hpp
[9.297s] -- Installing: /home/jiaan/arm_project/install/odrive_can/include/odrive_can/odrive_can/msg/detail/control_message__builder.hpp
[9.297s] -- Installing: /home/jiaan/arm_project/install/odrive_can/include/odrive_can/odrive_can/msg/detail/o_drive_status__struct.hpp
[9.297s] -- Installing: /home/jiaan/arm_project/install/odrive_can/include/odrive_can/odrive_can/msg/detail/o_drive_status__builder.hpp
[9.297s] -- Installing: /home/jiaan/arm_project/install/odrive_can/include/odrive_can/odrive_can/msg/detail/o_drive_status__traits.hpp
[9.297s] -- Installing: /home/jiaan/arm_project/install/odrive_can/include/odrive_can/odrive_can/msg/detail/controller_status__builder.hpp
[9.297s] -- Installing: /home/jiaan/arm_project/install/odrive_can/include/odrive_can/odrive_can/msg/detail/control_message__traits.hpp
[9.297s] -- Installing: /home/jiaan/arm_project/install/odrive_can/include/odrive_can/odrive_can/msg/controller_status.hpp
[9.297s] -- Installing: /home/jiaan/arm_project/install/odrive_can/include/odrive_can/odrive_can/msg/o_drive_status.hpp
[9.297s] -- Up-to-date: /home/jiaan/arm_project/install/odrive_can/include/odrive_can/odrive_can
[9.297s] -- Up-to-date: /home/jiaan/arm_project/install/odrive_can/include/odrive_can/odrive_can/srv
[9.297s] -- Up-to-date: /home/jiaan/arm_project/install/odrive_can/include/odrive_can/odrive_can/srv/detail
[9.297s] -- Installing: /home/jiaan/arm_project/install/odrive_can/include/odrive_can/odrive_can/srv/detail/axis_state__rosidl_typesupport_fastrtps_cpp.hpp
[9.297s] -- Up-to-date: /home/jiaan/arm_project/install/odrive_can/include/odrive_can/odrive_can/srv/detail/dds_fastrtps
[9.297s] -- Up-to-date: /home/jiaan/arm_project/install/odrive_can/include/odrive_can/odrive_can/msg
[9.297s] -- Up-to-date: /home/jiaan/arm_project/install/odrive_can/include/odrive_can/odrive_can/msg/detail
[9.297s] -- Installing: /home/jiaan/arm_project/install/odrive_can/include/odrive_can/odrive_can/msg/detail/control_message__rosidl_typesupport_fastrtps_cpp.hpp
[9.297s] -- Installing: /home/jiaan/arm_project/install/odrive_can/include/odrive_can/odrive_can/msg/detail/controller_status__rosidl_typesupport_fastrtps_cpp.hpp
[9.297s] -- Up-to-date: /home/jiaan/arm_project/install/odrive_can/include/odrive_can/odrive_can/msg/detail/dds_fastrtps
[9.297s] -- Installing: /home/jiaan/arm_project/install/odrive_can/include/odrive_can/odrive_can/msg/detail/o_drive_status__rosidl_typesupport_fastrtps_cpp.hpp
[9.297s] -- Installing: /home/jiaan/arm_project/install/odrive_can/include/odrive_can/odrive_can/msg/rosidl_typesupport_fastrtps_cpp__visibility_control.h
[9.298s] -- Installing: /home/jiaan/arm_project/install/odrive_can/lib/libodrive_can__rosidl_typesupport_fastrtps_cpp.so
[9.298s] -- Set runtime path of "/home/jiaan/arm_project/install/odrive_can/lib/libodrive_can__rosidl_typesupport_fastrtps_cpp.so" to ""
[9.298s] -- Up-to-date: /home/jiaan/arm_project/install/odrive_can/include/odrive_can/odrive_can
[9.298s] -- Up-to-date: /home/jiaan/arm_project/install/odrive_can/include/odrive_can/odrive_can/srv
[9.298s] -- Up-to-date: /home/jiaan/arm_project/install/odrive_can/include/odrive_can/odrive_can/srv/detail
[9.298s] -- Installing: /home/jiaan/arm_project/install/odrive_can/include/odrive_can/odrive_can/srv/detail/axis_state__rosidl_typesupport_introspection_c.h
[9.298s] -- Installing: /home/jiaan/arm_project/install/odrive_can/include/odrive_can/odrive_can/srv/detail/axis_state__type_support.c
[9.298s] -- Up-to-date: /home/jiaan/arm_project/install/odrive_can/include/odrive_can/odrive_can/msg
[9.298s] -- Up-to-date: /home/jiaan/arm_project/install/odrive_can/include/odrive_can/odrive_can/msg/detail
[9.298s] -- Installing: /home/jiaan/arm_project/install/odrive_can/include/odrive_can/odrive_can/msg/detail/control_message__type_support.c
[9.299s] -- Installing: /home/jiaan/arm_project/install/odrive_can/include/odrive_can/odrive_can/msg/detail/controller_status__rosidl_typesupport_introspection_c.h
[9.299s] -- Installing: /home/jiaan/arm_project/install/odrive_can/include/odrive_can/odrive_can/msg/detail/control_message__rosidl_typesupport_introspection_c.h
[9.299s] -- Installing: /home/jiaan/arm_project/install/odrive_can/include/odrive_can/odrive_can/msg/detail/controller_status__type_support.c
[9.299s] -- Installing: /home/jiaan/arm_project/install/odrive_can/include/odrive_can/odrive_can/msg/detail/o_drive_status__type_support.c
[9.299s] -- Installing: /home/jiaan/arm_project/install/odrive_can/include/odrive_can/odrive_can/msg/detail/o_drive_status__rosidl_typesupport_introspection_c.h
[9.299s] -- Installing: /home/jiaan/arm_project/install/odrive_can/include/odrive_can/odrive_can/msg/rosidl_typesupport_introspection_c__visibility_control.h
[9.299s] -- Installing: /home/jiaan/arm_project/install/odrive_can/lib/libodrive_can__rosidl_typesupport_introspection_c.so
[9.300s] -- Set runtime path of "/home/jiaan/arm_project/install/odrive_can/lib/libodrive_can__rosidl_typesupport_introspection_c.so" to ""
[9.300s] -- Installing: /home/jiaan/arm_project/install/odrive_can/lib/libodrive_can__rosidl_typesupport_c.so
[9.300s] -- Set runtime path of "/home/jiaan/arm_project/install/odrive_can/lib/libodrive_can__rosidl_typesupport_c.so" to ""
[9.300s] -- Up-to-date: /home/jiaan/arm_project/install/odrive_can/include/odrive_can/odrive_can
[9.300s] -- Up-to-date: /home/jiaan/arm_project/install/odrive_can/include/odrive_can/odrive_can/srv
[9.300s] -- Up-to-date: /home/jiaan/arm_project/install/odrive_can/include/odrive_can/odrive_can/srv/detail
[9.300s] -- Installing: /home/jiaan/arm_project/install/odrive_can/include/odrive_can/odrive_can/srv/detail/axis_state__type_support.cpp
[9.300s] -- Installing: /home/jiaan/arm_project/install/odrive_can/include/odrive_can/odrive_can/srv/detail/axis_state__rosidl_typesupport_introspection_cpp.hpp
[9.300s] -- Up-to-date: /home/jiaan/arm_project/install/odrive_can/include/odrive_can/odrive_can/msg
[9.300s] -- Up-to-date: /home/jiaan/arm_project/install/odrive_can/include/odrive_can/odrive_can/msg/detail
[9.300s] -- Installing: /home/jiaan/arm_project/install/odrive_can/include/odrive_can/odrive_can/msg/detail/o_drive_status__type_support.cpp
[9.300s] -- Installing: /home/jiaan/arm_project/install/odrive_can/include/odrive_can/odrive_can/msg/detail/control_message__type_support.cpp
[9.300s] -- Installing: /home/jiaan/arm_project/install/odrive_can/include/odrive_can/odrive_can/msg/detail/control_message__rosidl_typesupport_introspection_cpp.hpp
[9.300s] -- Installing: /home/jiaan/arm_project/install/odrive_can/include/odrive_can/odrive_can/msg/detail/controller_status__type_support.cpp
[9.300s] -- Installing: /home/jiaan/arm_project/install/odrive_can/include/odrive_can/odrive_can/msg/detail/o_drive_status__rosidl_typesupport_introspection_cpp.hpp
[9.300s] -- Installing: /home/jiaan/arm_project/install/odrive_can/include/odrive_can/odrive_can/msg/detail/controller_status__rosidl_typesupport_introspection_cpp.hpp
[9.301s] -- Installing: /home/jiaan/arm_project/install/odrive_can/lib/libodrive_can__rosidl_typesupport_introspection_cpp.so
[9.301s] -- Set runtime path of "/home/jiaan/arm_project/install/odrive_can/lib/libodrive_can__rosidl_typesupport_introspection_cpp.so" to ""
[9.301s] -- Installing: /home/jiaan/arm_project/install/odrive_can/lib/libodrive_can__rosidl_typesupport_cpp.so
[9.301s] -- Set runtime path of "/home/jiaan/arm_project/install/odrive_can/lib/libodrive_can__rosidl_typesupport_cpp.so" to ""
[9.301s] -- Installing: /home/jiaan/arm_project/install/odrive_can/share/odrive_can/environment/pythonpath.sh
[9.301s] -- Installing: /home/jiaan/arm_project/install/odrive_can/share/odrive_can/environment/pythonpath.dsv
[9.301s] -- Up-to-date: /home/jiaan/arm_project/install/odrive_can/local/lib/python3.10/dist-packages/odrive_can-0.0.1-py3.10.egg-info
[9.301s] -- Installing: /home/jiaan/arm_project/install/odrive_can/local/lib/python3.10/dist-packages/odrive_can-0.0.1-py3.10.egg-info/dependency_links.txt
[9.301s] -- Installing: /home/jiaan/arm_project/install/odrive_can/local/lib/python3.10/dist-packages/odrive_can-0.0.1-py3.10.egg-info/top_level.txt
[9.302s] -- Installing: /home/jiaan/arm_project/install/odrive_can/local/lib/python3.10/dist-packages/odrive_can-0.0.1-py3.10.egg-info/SOURCES.txt
[9.302s] -- Installing: /home/jiaan/arm_project/install/odrive_can/local/lib/python3.10/dist-packages/odrive_can-0.0.1-py3.10.egg-info/PKG-INFO
[9.302s] -- Up-to-date: /home/jiaan/arm_project/install/odrive_can/local/lib/python3.10/dist-packages/odrive_can
[9.302s] -- Installing: /home/jiaan/arm_project/install/odrive_can/local/lib/python3.10/dist-packages/odrive_can/odrive_can_s__rosidl_typesupport_c.cpython-310-x86_64-linux-gnu.so
[9.302s] -- Installing: /home/jiaan/arm_project/install/odrive_can/local/lib/python3.10/dist-packages/odrive_can/_odrive_can_s.ep.rosidl_typesupport_introspection_c.c
[9.302s] -- Installing: /home/jiaan/arm_project/install/odrive_can/local/lib/python3.10/dist-packages/odrive_can/odrive_can_s__rosidl_typesupport_fastrtps_c.cpython-310-x86_64-linux-gnu.so
[9.302s] -- Installing: /home/jiaan/arm_project/install/odrive_can/local/lib/python3.10/dist-packages/odrive_can/odrive_can_s__rosidl_typesupport_introspection_c.cpython-310-x86_64-linux-gnu.so
[9.302s] -- Up-to-date: /home/jiaan/arm_project/install/odrive_can/local/lib/python3.10/dist-packages/odrive_can/srv
[9.302s] -- Installing: /home/jiaan/arm_project/install/odrive_can/local/lib/python3.10/dist-packages/odrive_can/srv/_axis_state.py
[9.302s] -- Installing: /home/jiaan/arm_project/install/odrive_can/local/lib/python3.10/dist-packages/odrive_can/srv/_axis_state_s.c
[9.302s] -- Installing: /home/jiaan/arm_project/install/odrive_can/local/lib/python3.10/dist-packages/odrive_can/srv/__init__.py
[9.302s] -- Installing: /home/jiaan/arm_project/install/odrive_can/local/lib/python3.10/dist-packages/odrive_can/_odrive_can_s.ep.rosidl_typesupport_fastrtps_c.c
[9.302s] -- Installing: /home/jiaan/arm_project/install/odrive_can/local/lib/python3.10/dist-packages/odrive_can/__init__.py
[9.302s] -- Installing: /home/jiaan/arm_project/install/odrive_can/local/lib/python3.10/dist-packages/odrive_can/_odrive_can_s.ep.rosidl_typesupport_c.c
[9.302s] -- Up-to-date: /home/jiaan/arm_project/install/odrive_can/local/lib/python3.10/dist-packages/odrive_can/msg
[9.302s] -- Installing: /home/jiaan/arm_project/install/odrive_can/local/lib/python3.10/dist-packages/odrive_can/msg/_o_drive_status.py
[9.302s] -- Installing: /home/jiaan/arm_project/install/odrive_can/local/lib/python3.10/dist-packages/odrive_can/msg/_control_message.py
[9.302s] -- Installing: /home/jiaan/arm_project/install/odrive_can/local/lib/python3.10/dist-packages/odrive_can/msg/_o_drive_status_s.c
[9.302s] -- Installing: /home/jiaan/arm_project/install/odrive_can/local/lib/python3.10/dist-packages/odrive_can/msg/_controller_status_s.c
[9.303s] -- Installing: /home/jiaan/arm_project/install/odrive_can/local/lib/python3.10/dist-packages/odrive_can/msg/_control_message_s.c
[9.303s] -- Installing: /home/jiaan/arm_project/install/odrive_can/local/lib/python3.10/dist-packages/odrive_can/msg/__init__.py
[9.303s] -- Installing: /home/jiaan/arm_project/install/odrive_can/local/lib/python3.10/dist-packages/odrive_can/msg/_controller_status.py
[9.303s] -- Installing: /home/jiaan/arm_project/install/odrive_can/local/lib/python3.10/dist-packages/odrive_can/libodrive_can__rosidl_generator_py.so
[9.328s] Listing '/home/jiaan/arm_project/install/odrive_can/local/lib/python3.10/dist-packages/odrive_can'...
[9.328s] Compiling '/home/jiaan/arm_project/install/odrive_can/local/lib/python3.10/dist-packages/odrive_can/__init__.py'...
[9.328s] Listing '/home/jiaan/arm_project/install/odrive_can/local/lib/python3.10/dist-packages/odrive_can/msg'...
[9.328s] Compiling '/home/jiaan/arm_project/install/odrive_can/local/lib/python3.10/dist-packages/odrive_can/msg/__init__.py'...
[9.328s] Compiling '/home/jiaan/arm_project/install/odrive_can/local/lib/python3.10/dist-packages/odrive_can/msg/_control_message.py'...
[9.328s] Compiling '/home/jiaan/arm_project/install/odrive_can/local/lib/python3.10/dist-packages/odrive_can/msg/_controller_status.py'...
[9.328s] Compiling '/home/jiaan/arm_project/install/odrive_can/local/lib/python3.10/dist-packages/odrive_can/msg/_o_drive_status.py'...
[9.328s] Listing '/home/jiaan/arm_project/install/odrive_can/local/lib/python3.10/dist-packages/odrive_can/srv'...
[9.328s] Compiling '/home/jiaan/arm_project/install/odrive_can/local/lib/python3.10/dist-packages/odrive_can/srv/__init__.py'...
[9.328s] Compiling '/home/jiaan/arm_project/install/odrive_can/local/lib/python3.10/dist-packages/odrive_can/srv/_axis_state.py'...
[9.331s] -- Installing: /home/jiaan/arm_project/install/odrive_can/local/lib/python3.10/dist-packages/odrive_can/odrive_can_s__rosidl_typesupport_fastrtps_c.cpython-310-x86_64-linux-gnu.so
[9.331s] -- Set runtime path of "/home/jiaan/arm_project/install/odrive_can/local/lib/python3.10/dist-packages/odrive_can/odrive_can_s__rosidl_typesupport_fastrtps_c.cpython-310-x86_64-linux-gnu.so" to ""
[9.331s] -- Installing: /home/jiaan/arm_project/install/odrive_can/local/lib/python3.10/dist-packages/odrive_can/odrive_can_s__rosidl_typesupport_introspection_c.cpython-310-x86_64-linux-gnu.so
[9.331s] -- Set runtime path of "/home/jiaan/arm_project/install/odrive_can/local/lib/python3.10/dist-packages/odrive_can/odrive_can_s__rosidl_typesupport_introspection_c.cpython-310-x86_64-linux-gnu.so" to ""
[9.331s] -- Installing: /home/jiaan/arm_project/install/odrive_can/local/lib/python3.10/dist-packages/odrive_can/odrive_can_s__rosidl_typesupport_c.cpython-310-x86_64-linux-gnu.so
[9.331s] -- Set runtime path of "/home/jiaan/arm_project/install/odrive_can/local/lib/python3.10/dist-packages/odrive_can/odrive_can_s__rosidl_typesupport_c.cpython-310-x86_64-linux-gnu.so" to ""
[9.332s] -- Installing: /home/jiaan/arm_project/install/odrive_can/lib/libodrive_can__rosidl_generator_py.so
[9.332s] -- Set runtime path of "/home/jiaan/arm_project/install/odrive_can/lib/libodrive_can__rosidl_generator_py.so" to ""
[9.332s] -- Installing: /home/jiaan/arm_project/install/odrive_can/share/odrive_can/msg/ControlMessage.idl
[9.332s] -- Installing: /home/jiaan/arm_project/install/odrive_can/share/odrive_can/msg/ControllerStatus.idl
[9.332s] -- Installing: /home/jiaan/arm_project/install/odrive_can/share/odrive_can/msg/ODriveStatus.idl
[9.332s] -- Installing: /home/jiaan/arm_project/install/odrive_can/share/odrive_can/srv/AxisState.idl
[9.333s] -- Up-to-date: /home/jiaan/arm_project/install/odrive_can/share/odrive_can/msg/ControlMessage.msg
[9.333s] -- Up-to-date: /home/jiaan/arm_project/install/odrive_can/share/odrive_can/msg/ControllerStatus.msg
[9.333s] -- Up-to-date: /home/jiaan/arm_project/install/odrive_can/share/odrive_can/msg/ODriveStatus.msg
[9.333s] -- Up-to-date: /home/jiaan/arm_project/install/odrive_can/share/odrive_can/srv/AxisState.srv
[9.333s] -- Installing: /home/jiaan/arm_project/install/odrive_can/share/odrive_can/srv/AxisState_Request.msg
[9.333s] -- Installing: /home/jiaan/arm_project/install/odrive_can/share/odrive_can/srv/AxisState_Response.msg
[9.334s] -- Installing: /home/jiaan/arm_project/install/odrive_can/lib/odrive_can/odrive_can_node
[9.337s] -- Set runtime path of "/home/jiaan/arm_project/install/odrive_can/lib/odrive_can/odrive_can_node" to ""
[9.337s] -- Up-to-date: /home/jiaan/arm_project/install/odrive_can/share/odrive_can/launch
[9.337s] -- Up-to-date: /home/jiaan/arm_project/install/odrive_can/share/odrive_can/launch/example_launch.yaml
[9.337s] -- Installing: /home/jiaan/arm_project/install/odrive_can/share/ament_index/resource_index/package_run_dependencies/odrive_can
[9.337s] -- Installing: /home/jiaan/arm_project/install/odrive_can/share/ament_index/resource_index/parent_prefix_path/odrive_can
[9.337s] -- Up-to-date: /home/jiaan/arm_project/install/odrive_can/share/odrive_can/environment/ament_prefix_path.sh
[9.337s] -- Installing: /home/jiaan/arm_project/install/odrive_can/share/odrive_can/environment/ament_prefix_path.dsv
[9.337s] -- Up-to-date: /home/jiaan/arm_project/install/odrive_can/share/odrive_can/environment/path.sh
[9.337s] -- Installing: /home/jiaan/arm_project/install/odrive_can/share/odrive_can/environment/path.dsv
[9.338s] -- Installing: /home/jiaan/arm_project/install/odrive_can/share/odrive_can/local_setup.bash
[9.338s] -- Installing: /home/jiaan/arm_project/install/odrive_can/share/odrive_can/local_setup.sh
[9.338s] -- Installing: /home/jiaan/arm_project/install/odrive_can/share/odrive_can/local_setup.zsh
[9.338s] -- Installing: /home/jiaan/arm_project/install/odrive_can/share/odrive_can/local_setup.dsv
[9.338s] -- Installing: /home/jiaan/arm_project/install/odrive_can/share/odrive_can/package.dsv
[9.338s] -- Installing: /home/jiaan/arm_project/install/odrive_can/share/ament_index/resource_index/packages/odrive_can
[9.338s] -- Installing: /home/jiaan/arm_project/install/odrive_can/share/odrive_can/cmake/export_odrive_can__rosidl_generator_cExport.cmake
[9.338s] -- Installing: /home/jiaan/arm_project/install/odrive_can/share/odrive_can/cmake/export_odrive_can__rosidl_generator_cExport-noconfig.cmake
[9.339s] -- Installing: /home/jiaan/arm_project/install/odrive_can/share/odrive_can/cmake/export_odrive_can__rosidl_typesupport_fastrtps_cExport.cmake
[9.339s] -- Installing: /home/jiaan/arm_project/install/odrive_can/share/odrive_can/cmake/export_odrive_can__rosidl_typesupport_fastrtps_cExport-noconfig.cmake
[9.340s] -- Installing: /home/jiaan/arm_project/install/odrive_can/share/odrive_can/cmake/export_odrive_can__rosidl_generator_cppExport.cmake
[9.340s] -- Installing: /home/jiaan/arm_project/install/odrive_can/share/odrive_can/cmake/export_odrive_can__rosidl_typesupport_fastrtps_cppExport.cmake
[9.340s] -- Installing: /home/jiaan/arm_project/install/odrive_can/share/odrive_can/cmake/export_odrive_can__rosidl_typesupport_fastrtps_cppExport-noconfig.cmake
[9.341s] -- Installing: /home/jiaan/arm_project/install/odrive_can/share/odrive_can/cmake/odrive_can__rosidl_typesupport_introspection_cExport.cmake
[9.341s] -- Installing: /home/jiaan/arm_project/install/odrive_can/share/odrive_can/cmake/odrive_can__rosidl_typesupport_introspection_cExport-noconfig.cmake
[9.341s] -- Installing: /home/jiaan/arm_project/install/odrive_can/share/odrive_can/cmake/odrive_can__rosidl_typesupport_cExport.cmake
[9.341s] -- Installing: /home/jiaan/arm_project/install/odrive_can/share/odrive_can/cmake/odrive_can__rosidl_typesupport_cExport-noconfig.cmake
[9.341s] -- Installing: /home/jiaan/arm_project/install/odrive_can/share/odrive_can/cmake/odrive_can__rosidl_typesupport_introspection_cppExport.cmake
[9.342s] -- Installing: /home/jiaan/arm_project/install/odrive_can/share/odrive_can/cmake/odrive_can__rosidl_typesupport_introspection_cppExport-noconfig.cmake
[9.342s] -- Installing: /home/jiaan/arm_project/install/odrive_can/share/odrive_can/cmake/odrive_can__rosidl_typesupport_cppExport.cmake
[9.342s] -- Installing: /home/jiaan/arm_project/install/odrive_can/share/odrive_can/cmake/odrive_can__rosidl_typesupport_cppExport-noconfig.cmake
[9.342s] -- Installing: /home/jiaan/arm_project/install/odrive_can/share/odrive_can/cmake/export_odrive_can__rosidl_generator_pyExport.cmake
[9.342s] -- Installing: /home/jiaan/arm_project/install/odrive_can/share/odrive_can/cmake/export_odrive_can__rosidl_generator_pyExport-noconfig.cmake
[9.342s] -- Installing: /home/jiaan/arm_project/install/odrive_can/share/odrive_can/cmake/rosidl_cmake-extras.cmake
[9.342s] -- Installing: /home/jiaan/arm_project/install/odrive_can/share/odrive_can/cmake/ament_cmake_export_include_directories-extras.cmake
[9.342s] -- Installing: /home/jiaan/arm_project/install/odrive_can/share/odrive_can/cmake/ament_cmake_export_libraries-extras.cmake
[9.343s] -- Installing: /home/jiaan/arm_project/install/odrive_can/share/odrive_can/cmake/ament_cmake_export_targets-extras.cmake
[9.343s] -- Installing: /home/jiaan/arm_project/install/odrive_can/share/odrive_can/cmake/rosidl_cmake_export_typesupport_targets-extras.cmake
[9.343s] -- Installing: /home/jiaan/arm_project/install/odrive_can/share/odrive_can/cmake/ament_cmake_export_dependencies-extras.cmake
[9.343s] -- Installing: /home/jiaan/arm_project/install/odrive_can/share/odrive_can/cmake/rosidl_cmake_export_typesupport_libraries-extras.cmake
[9.343s] -- Installing: /home/jiaan/arm_project/install/odrive_can/share/odrive_can/cmake/odrive_canConfig.cmake
[9.343s] -- Installing: /home/jiaan/arm_project/install/odrive_can/share/odrive_can/cmake/odrive_canConfig-version.cmake
[9.343s] -- Up-to-date: /home/jiaan/arm_project/install/odrive_can/share/odrive_can/package.xml
[9.345s] Invoked command in '/home/jiaan/arm_project/build/odrive_can' returned '0': CMAKE_PREFIX_PATH=/opt/ros/humble /usr/bin/cmake --install /home/jiaan/arm_project/build/odrive_can
