[0.009s] Invoking command in '/home/jiaan/arm_project/build/odrive_botwheel_explorer': AMENT_PREFIX_PATH=/home/jiaan/arm_project/install/odrive_ros2_control:${AMENT_PREFIX_PATH} CMAKE_PREFIX_PATH=/home/jiaan/arm_project/install/odrive_ros2_control:/opt/ros/humble LD_LIBRARY_PATH=/home/jiaan/arm_project/install/odrive_ros2_control/lib:${LD_LIBRARY_PATH} /usr/bin/cmake --build /home/jiaan/arm_project/build/odrive_botwheel_explorer -- -j16 -l16
[0.043s] Invoked command in '/home/jiaan/arm_project/build/odrive_botwheel_explorer' returned '0': AMENT_PREFIX_PATH=/home/jiaan/arm_project/install/odrive_ros2_control:${AMENT_PREFIX_PATH} CMAKE_PREFIX_PATH=/home/jiaan/arm_project/install/odrive_ros2_control:/opt/ros/humble LD_LIBRARY_PATH=/home/jiaan/arm_project/install/odrive_ros2_control/lib:${LD_LIBRARY_PATH} /usr/bin/cmake --build /home/jiaan/arm_project/build/odrive_botwheel_explorer -- -j16 -l16
[0.061s] Invoking command in '/home/jiaan/arm_project/build/odrive_botwheel_explorer': AMENT_PREFIX_PATH=/home/jiaan/arm_project/install/odrive_ros2_control:${AMENT_PREFIX_PATH} CMAKE_PREFIX_PATH=/home/jiaan/arm_project/install/odrive_ros2_control:/opt/ros/humble LD_LIBRARY_PATH=/home/jiaan/arm_project/install/odrive_ros2_control/lib:${LD_LIBRARY_PATH} /usr/bin/cmake --install /home/jiaan/arm_project/build/odrive_botwheel_explorer
[0.069s] -- Install configuration: ""
[0.069s] -- Execute custom install script
[0.069s] -- Up-to-date symlink: /home/jiaan/arm_project/install/odrive_botwheel_explorer/share/odrive_botwheel_explorer/urdf/diffbot.ros2_control.xacro
[0.069s] -- Up-to-date symlink: /home/jiaan/arm_project/install/odrive_botwheel_explorer/share/odrive_botwheel_explorer/urdf/diffbot.urdf.xacro
[0.069s] -- Up-to-date symlink: /home/jiaan/arm_project/install/odrive_botwheel_explorer/share/odrive_botwheel_explorer/urdf/diffbot_description.urdf.xacro
[0.069s] -- Up-to-date symlink: /home/jiaan/arm_project/install/odrive_botwheel_explorer/share/odrive_botwheel_explorer/config/diffbot_controllers.yaml
[0.070s] -- Up-to-date symlink: /home/jiaan/arm_project/install/odrive_botwheel_explorer/share/odrive_botwheel_explorer/launch/botwheel_explorer.launch.py
[0.070s] -- Up-to-date symlink: /home/jiaan/arm_project/install/odrive_botwheel_explorer/share/ament_index/resource_index/package_run_dependencies/odrive_botwheel_explorer
[0.070s] -- Up-to-date symlink: /home/jiaan/arm_project/install/odrive_botwheel_explorer/share/ament_index/resource_index/parent_prefix_path/odrive_botwheel_explorer
[0.070s] -- Up-to-date symlink: /home/jiaan/arm_project/install/odrive_botwheel_explorer/share/odrive_botwheel_explorer/environment/ament_prefix_path.sh
[0.070s] -- Up-to-date symlink: /home/jiaan/arm_project/install/odrive_botwheel_explorer/share/odrive_botwheel_explorer/environment/ament_prefix_path.dsv
[0.071s] -- Up-to-date symlink: /home/jiaan/arm_project/install/odrive_botwheel_explorer/share/odrive_botwheel_explorer/environment/path.sh
[0.071s] -- Up-to-date symlink: /home/jiaan/arm_project/install/odrive_botwheel_explorer/share/odrive_botwheel_explorer/environment/path.dsv
[0.071s] -- Up-to-date symlink: /home/jiaan/arm_project/install/odrive_botwheel_explorer/share/odrive_botwheel_explorer/local_setup.bash
[0.071s] -- Up-to-date symlink: /home/jiaan/arm_project/install/odrive_botwheel_explorer/share/odrive_botwheel_explorer/local_setup.sh
[0.071s] -- Up-to-date symlink: /home/jiaan/arm_project/install/odrive_botwheel_explorer/share/odrive_botwheel_explorer/local_setup.zsh
[0.071s] -- Up-to-date symlink: /home/jiaan/arm_project/install/odrive_botwheel_explorer/share/odrive_botwheel_explorer/local_setup.dsv
[0.071s] -- Symlinking: /home/jiaan/arm_project/install/odrive_botwheel_explorer/share/odrive_botwheel_explorer/package.dsv
[0.080s] -- Up-to-date symlink: /home/jiaan/arm_project/install/odrive_botwheel_explorer/share/ament_index/resource_index/packages/odrive_botwheel_explorer
[0.080s] -- Up-to-date symlink: /home/jiaan/arm_project/install/odrive_botwheel_explorer/share/odrive_botwheel_explorer/cmake/odrive_botwheel_explorerConfig.cmake
[0.080s] -- Up-to-date symlink: /home/jiaan/arm_project/install/odrive_botwheel_explorer/share/odrive_botwheel_explorer/cmake/odrive_botwheel_explorerConfig-version.cmake
[0.081s] -- Up-to-date symlink: /home/jiaan/arm_project/install/odrive_botwheel_explorer/share/odrive_botwheel_explorer/package.xml
[0.083s] Invoked command in '/home/jiaan/arm_project/build/odrive_botwheel_explorer' returned '0': AMENT_PREFIX_PATH=/home/jiaan/arm_project/install/odrive_ros2_control:${AMENT_PREFIX_PATH} CMAKE_PREFIX_PATH=/home/jiaan/arm_project/install/odrive_ros2_control:/opt/ros/humble LD_LIBRARY_PATH=/home/jiaan/arm_project/install/odrive_ros2_control/lib:${LD_LIBRARY_PATH} /usr/bin/cmake --install /home/jiaan/arm_project/build/odrive_botwheel_explorer
