-- Install configuration: ""
-- Installing: /home/jiaan/arm_project/install/odrive_botwheel_explorer/share/odrive_botwheel_explorer/urdf
-- Installing: /home/jiaan/arm_project/install/odrive_botwheel_explorer/share/odrive_botwheel_explorer/urdf/diffbot.urdf.xacro
-- Installing: /home/jiaan/arm_project/install/odrive_botwheel_explorer/share/odrive_botwheel_explorer/urdf/diffbot_description.urdf.xacro
-- Installing: /home/jiaan/arm_project/install/odrive_botwheel_explorer/share/odrive_botwheel_explorer/urdf/diffbot.ros2_control.xacro
-- Installing: /home/jiaan/arm_project/install/odrive_botwheel_explorer/share/odrive_botwheel_explorer/config
-- Installing: /home/jiaan/arm_project/install/odrive_botwheel_explorer/share/odrive_botwheel_explorer/config/diffbot_controllers.yaml
-- Installing: /home/jiaan/arm_project/install/odrive_botwheel_explorer/share/odrive_botwheel_explorer/launch
-- Installing: /home/jiaan/arm_project/install/odrive_botwheel_explorer/share/odrive_botwheel_explorer/launch/botwheel_explorer.launch.py
-- Installing: /home/jiaan/arm_project/install/odrive_botwheel_explorer/share/ament_index/resource_index/package_run_dependencies/odrive_botwheel_explorer
-- Installing: /home/jiaan/arm_project/install/odrive_botwheel_explorer/share/ament_index/resource_index/parent_prefix_path/odrive_botwheel_explorer
-- Installing: /home/jiaan/arm_project/install/odrive_botwheel_explorer/share/odrive_botwheel_explorer/environment/ament_prefix_path.sh
-- Installing: /home/jiaan/arm_project/install/odrive_botwheel_explorer/share/odrive_botwheel_explorer/environment/ament_prefix_path.dsv
-- Installing: /home/jiaan/arm_project/install/odrive_botwheel_explorer/share/odrive_botwheel_explorer/environment/path.sh
-- Installing: /home/jiaan/arm_project/install/odrive_botwheel_explorer/share/odrive_botwheel_explorer/environment/path.dsv
-- Installing: /home/jiaan/arm_project/install/odrive_botwheel_explorer/share/odrive_botwheel_explorer/local_setup.bash
-- Installing: /home/jiaan/arm_project/install/odrive_botwheel_explorer/share/odrive_botwheel_explorer/local_setup.sh
-- Installing: /home/jiaan/arm_project/install/odrive_botwheel_explorer/share/odrive_botwheel_explorer/local_setup.zsh
-- Installing: /home/jiaan/arm_project/install/odrive_botwheel_explorer/share/odrive_botwheel_explorer/local_setup.dsv
-- Installing: /home/jiaan/arm_project/install/odrive_botwheel_explorer/share/odrive_botwheel_explorer/package.dsv
-- Installing: /home/jiaan/arm_project/install/odrive_botwheel_explorer/share/ament_index/resource_index/packages/odrive_botwheel_explorer
-- Installing: /home/jiaan/arm_project/install/odrive_botwheel_explorer/share/odrive_botwheel_explorer/cmake/odrive_botwheel_explorerConfig.cmake
-- Installing: /home/jiaan/arm_project/install/odrive_botwheel_explorer/share/odrive_botwheel_explorer/cmake/odrive_botwheel_explorerConfig-version.cmake
-- Installing: /home/jiaan/arm_project/install/odrive_botwheel_explorer/share/odrive_botwheel_explorer/package.xml
