[0.012s] Invoking command in '/home/jiaan/arm_project/build/odrive_ros2_control': CMAKE_PREFIX_PATH=/opt/ros/humble /usr/bin/cmake /home/jiaan/arm_project/src/ros_odrive/odrive_ros2_control -DCMAKE_INSTALL_PREFIX=/home/jiaan/arm_project/install/odrive_ros2_control
[0.029s] -- Found ament_cmake: 1.3.9 (/opt/ros/humble/share/ament_cmake/cmake)
[0.140s] -- Override CMake install command with custom implementation using symlinks instead of copying resources
[0.155s] -- Found rclcpp: 16.0.9 (/opt/ros/humble/share/rclcpp/cmake)
[0.191s] -- Found rosidl_generator_c: 3.1.5 (/opt/ros/humble/share/rosidl_generator_c/cmake)
[0.195s] -- Found rosidl_adapter: 3.1.5 (/opt/ros/humble/share/rosidl_adapter/cmake)
[0.203s] -- Found rosidl_generator_cpp: 3.1.5 (/opt/ros/humble/share/rosidl_generator_cpp/cmake)
[0.216s] -- Using all available rosidl_typesupport_c: rosidl_typesupport_fastrtps_c;rosidl_typesupport_introspection_c
[0.231s] -- Using all available rosidl_typesupport_cpp: rosidl_typesupport_fastrtps_cpp;rosidl_typesupport_introspection_cpp
[0.292s] -- Found rmw_implementation_cmake: 6.1.2 (/opt/ros/humble/share/rmw_implementation_cmake/cmake)
[0.295s] -- Found rmw_cyclonedds_cpp: 1.3.4 (/opt/ros/humble/share/rmw_cyclonedds_cpp/cmake)
[0.328s] -- Using RMW implementation 'rmw_cyclonedds_cpp' as default
[0.497s] -- Found ament_cmake_auto: 1.3.9 (/opt/ros/humble/share/ament_cmake_auto/cmake)
[1.058s] -- Configuring done
[1.098s] -- Generating done
[1.099s] -- Build files have been written to: /home/jiaan/arm_project/build/odrive_ros2_control
[1.109s] Invoked command in '/home/jiaan/arm_project/build/odrive_ros2_control' returned '0': CMAKE_PREFIX_PATH=/opt/ros/humble /usr/bin/cmake /home/jiaan/arm_project/src/ros_odrive/odrive_ros2_control -DCMAKE_INSTALL_PREFIX=/home/jiaan/arm_project/install/odrive_ros2_control
[1.110s] Invoking command in '/home/jiaan/arm_project/build/odrive_ros2_control': CMAKE_PREFIX_PATH=/opt/ros/humble /usr/bin/cmake --build /home/jiaan/arm_project/build/odrive_ros2_control -- -j16 -l16
[1.146s] [35m[1mConsolidate compiler generated dependencies of target odrive_ros2_control_plugin[0m
[1.185s] [100%] Built target odrive_ros2_control_plugin
[1.196s] Invoked command in '/home/jiaan/arm_project/build/odrive_ros2_control' returned '0': CMAKE_PREFIX_PATH=/opt/ros/humble /usr/bin/cmake --build /home/jiaan/arm_project/build/odrive_ros2_control -- -j16 -l16
[1.221s] Invoking command in '/home/jiaan/arm_project/build/odrive_ros2_control': CMAKE_PREFIX_PATH=/opt/ros/humble /usr/bin/cmake --install /home/jiaan/arm_project/build/odrive_ros2_control
[1.232s] -- Install configuration: ""
[1.233s] -- Execute custom install script
[1.234s] -- Up-to-date symlink: /home/jiaan/arm_project/install/odrive_ros2_control/share/odrive_ros2_control//odrive_hardware_interface.xml
[1.234s] -- Up-to-date symlink: /home/jiaan/arm_project/install/odrive_ros2_control/lib/libodrive_ros2_control_plugin.so
[1.234s] -- Up-to-date symlink: /home/jiaan/arm_project/install/odrive_ros2_control/share/ament_index/resource_index/package_run_dependencies/odrive_ros2_control
[1.234s] -- Up-to-date symlink: /home/jiaan/arm_project/install/odrive_ros2_control/share/ament_index/resource_index/parent_prefix_path/odrive_ros2_control
[1.234s] -- Up-to-date symlink: /home/jiaan/arm_project/install/odrive_ros2_control/share/odrive_ros2_control/environment/ament_prefix_path.sh
[1.234s] -- Up-to-date symlink: /home/jiaan/arm_project/install/odrive_ros2_control/share/odrive_ros2_control/environment/ament_prefix_path.dsv
[1.234s] -- Up-to-date symlink: /home/jiaan/arm_project/install/odrive_ros2_control/share/odrive_ros2_control/environment/path.sh
[1.234s] -- Up-to-date symlink: /home/jiaan/arm_project/install/odrive_ros2_control/share/odrive_ros2_control/environment/path.dsv
[1.234s] -- Up-to-date symlink: /home/jiaan/arm_project/install/odrive_ros2_control/share/odrive_ros2_control/local_setup.bash
[1.235s] -- Up-to-date symlink: /home/jiaan/arm_project/install/odrive_ros2_control/share/odrive_ros2_control/local_setup.sh
[1.235s] -- Up-to-date symlink: /home/jiaan/arm_project/install/odrive_ros2_control/share/odrive_ros2_control/local_setup.zsh
[1.235s] -- Up-to-date symlink: /home/jiaan/arm_project/install/odrive_ros2_control/share/odrive_ros2_control/local_setup.dsv
[1.235s] -- Symlinking: /home/jiaan/arm_project/install/odrive_ros2_control/share/odrive_ros2_control/package.dsv
[1.241s] -- Up-to-date symlink: /home/jiaan/arm_project/install/odrive_ros2_control/share/ament_index/resource_index/packages/odrive_ros2_control
[1.241s] -- Up-to-date symlink: /home/jiaan/arm_project/install/odrive_ros2_control/share/ament_index/resource_index/hardware_interface__pluginlib__plugin/odrive_ros2_control
[1.242s] -- Up-to-date symlink: /home/jiaan/arm_project/install/odrive_ros2_control/share/odrive_ros2_control/cmake/ament_cmake_export_dependencies-extras.cmake
[1.242s] -- Up-to-date symlink: /home/jiaan/arm_project/install/odrive_ros2_control/share/odrive_ros2_control/cmake/odrive_ros2_controlConfig.cmake
[1.242s] -- Up-to-date symlink: /home/jiaan/arm_project/install/odrive_ros2_control/share/odrive_ros2_control/cmake/odrive_ros2_controlConfig-version.cmake
[1.242s] -- Up-to-date symlink: /home/jiaan/arm_project/install/odrive_ros2_control/share/odrive_ros2_control/package.xml
[1.244s] Invoked command in '/home/jiaan/arm_project/build/odrive_ros2_control' returned '0': CMAKE_PREFIX_PATH=/opt/ros/humble /usr/bin/cmake --install /home/jiaan/arm_project/build/odrive_ros2_control
