[0.009s] Invoking command in '/home/jiaan/arm_project/build/odrive_ros2_control': CMAKE_PREFIX_PATH=${CMAKE_PREFIX_PATH}:/opt/ros/humble /usr/bin/cmake /home/jiaan/arm_project/src/ros_odrive/odrive_ros2_control -DCMAKE_INSTALL_PREFIX=/home/jiaan/arm_project/install/odrive_ros2_control
[0.044s] -- The C compiler identification is GNU 11.4.0
[0.078s] -- The CXX compiler identification is GNU 11.4.0
[0.082s] -- Detecting C compiler ABI info
[0.125s] -- Detecting C compiler ABI info - done
[0.130s] -- Check for working C compiler: /usr/bin/cc - skipped
[0.130s] -- Detecting C compile features
[0.130s] -- Detecting C compile features - done
[0.133s] -- Detecting CXX compiler ABI info
[0.184s] -- Detecting CXX compiler ABI info - done
[0.188s] -- Check for working CXX compiler: /usr/bin/c++ - skipped
[0.188s] -- Detecting CXX compile features
[0.189s] -- Detecting CXX compile features - done
[0.190s] -- Found ament_cmake: 1.3.9 (/opt/ros/humble/share/ament_cmake/cmake)
[0.284s] -- Found Python3: /usr/bin/python3 (found version "3.10.12") found components: Interpreter 
[0.336s] -- Found rclcpp: 16.0.9 (/opt/ros/humble/share/rclcpp/cmake)
[0.360s] -- Found rosidl_generator_c: 3.1.5 (/opt/ros/humble/share/rosidl_generator_c/cmake)
[0.363s] -- Found rosidl_adapter: 3.1.5 (/opt/ros/humble/share/rosidl_adapter/cmake)
[0.368s] -- Found rosidl_generator_cpp: 3.1.5 (/opt/ros/humble/share/rosidl_generator_cpp/cmake)
[0.376s] -- Using all available rosidl_typesupport_c: rosidl_typesupport_fastrtps_c;rosidl_typesupport_introspection_c
[0.387s] -- Using all available rosidl_typesupport_cpp: rosidl_typesupport_fastrtps_cpp;rosidl_typesupport_introspection_cpp
[0.429s] -- Found rmw_implementation_cmake: 6.1.2 (/opt/ros/humble/share/rmw_implementation_cmake/cmake)
[0.430s] -- Found rmw_fastrtps_cpp: 6.2.6 (/opt/ros/humble/share/rmw_fastrtps_cpp/cmake)
[0.493s] -- Found OpenSSL: /usr/lib/x86_64-linux-gnu/libcrypto.so (found version "3.0.2")  
[0.509s] -- Found FastRTPS: /opt/ros/humble/include  
[0.537s] -- Using RMW implementation 'rmw_fastrtps_cpp' as default
[0.542s] -- Looking for pthread.h
[0.586s] -- Looking for pthread.h - found
[0.586s] -- Performing Test CMAKE_HAVE_LIBC_PTHREAD
[0.631s] -- Performing Test CMAKE_HAVE_LIBC_PTHREAD - Success
[0.632s] -- Found Threads: TRUE  
[0.728s] -- Found ament_cmake_auto: 1.3.9 (/opt/ros/humble/share/ament_cmake_auto/cmake)
[0.775s] [31mCMake Error at CMakeLists.txt:30 (pluginlib_export_plugin_description_file):
[0.775s]   Unknown CMake command "pluginlib_export_plugin_description_file".
[0.775s] 
[0.775s] [0m
[0.775s] -- Configuring incomplete, errors occurred!
[0.775s] See also "/home/jiaan/arm_project/build/odrive_ros2_control/CMakeFiles/CMakeOutput.log".
[0.781s] Invoked command in '/home/jiaan/arm_project/build/odrive_ros2_control' returned '1': CMAKE_PREFIX_PATH=${CMAKE_PREFIX_PATH}:/opt/ros/humble /usr/bin/cmake /home/jiaan/arm_project/src/ros_odrive/odrive_ros2_control -DCMAKE_INSTALL_PREFIX=/home/jiaan/arm_project/install/odrive_ros2_control
