-- Install configuration: ""
-- Execute custom install script
-- Symlinking: /home/jiaan/arm_project/install/odrive_botwheel_explorer/share/odrive_botwheel_explorer/urdf/diffbot.ros2_control.xacro
-- Symlinking: /home/jiaan/arm_project/install/odrive_botwheel_explorer/share/odrive_botwheel_explorer/urdf/diffbot.urdf.xacro
-- Symlinking: /home/jiaan/arm_project/install/odrive_botwheel_explorer/share/odrive_botwheel_explorer/urdf/diffbot_description.urdf.xacro
-- Symlinking: /home/jiaan/arm_project/install/odrive_botwheel_explorer/share/odrive_botwheel_explorer/config/diffbot_controllers.yaml
-- Symlinking: /home/jiaan/arm_project/install/odrive_botwheel_explorer/share/odrive_botwheel_explorer/launch/botwheel_explorer.launch.py
-- Symlinking: /home/jiaan/arm_project/install/odrive_botwheel_explorer/share/ament_index/resource_index/package_run_dependencies/odrive_botwheel_explorer
-- Symlinking: /home/jiaan/arm_project/install/odrive_botwheel_explorer/share/ament_index/resource_index/parent_prefix_path/odrive_botwheel_explorer
-- Symlinking: /home/jiaan/arm_project/install/odrive_botwheel_explorer/share/odrive_botwheel_explorer/environment/ament_prefix_path.sh
-- Symlinking: /home/jiaan/arm_project/install/odrive_botwheel_explorer/share/odrive_botwheel_explorer/environment/ament_prefix_path.dsv
-- Symlinking: /home/jiaan/arm_project/install/odrive_botwheel_explorer/share/odrive_botwheel_explorer/environment/path.sh
-- Symlinking: /home/jiaan/arm_project/install/odrive_botwheel_explorer/share/odrive_botwheel_explorer/environment/path.dsv
-- Symlinking: /home/jiaan/arm_project/install/odrive_botwheel_explorer/share/odrive_botwheel_explorer/local_setup.bash
-- Symlinking: /home/jiaan/arm_project/install/odrive_botwheel_explorer/share/odrive_botwheel_explorer/local_setup.sh
-- Symlinking: /home/jiaan/arm_project/install/odrive_botwheel_explorer/share/odrive_botwheel_explorer/local_setup.zsh
-- Symlinking: /home/jiaan/arm_project/install/odrive_botwheel_explorer/share/odrive_botwheel_explorer/local_setup.dsv
-- Symlinking: /home/jiaan/arm_project/install/odrive_botwheel_explorer/share/odrive_botwheel_explorer/package.dsv
-- Symlinking: /home/jiaan/arm_project/install/odrive_botwheel_explorer/share/ament_index/resource_index/packages/odrive_botwheel_explorer
-- Symlinking: /home/jiaan/arm_project/install/odrive_botwheel_explorer/share/odrive_botwheel_explorer/cmake/odrive_botwheel_explorerConfig.cmake
-- Symlinking: /home/jiaan/arm_project/install/odrive_botwheel_explorer/share/odrive_botwheel_explorer/cmake/odrive_botwheel_explorerConfig-version.cmake
-- Symlinking: /home/jiaan/arm_project/install/odrive_botwheel_explorer/share/odrive_botwheel_explorer/package.xml
