[0.007s] Invoking command in '/home/jiaan/arm_project/build/arm_urdf': CMAKE_PREFIX_PATH=/opt/ros/humble /usr/bin/cmake --build /home/jiaan/arm_project/build/arm_urdf -- -j16 -l16
[0.022s] -- Found ament_cmake: 1.3.9 (/opt/ros/humble/share/ament_cmake/cmake)
[0.095s] -- Override CMake install command with custom implementation using symlinks instead of copying resources
[0.099s] -- Found ament_lint_auto: 0.12.11 (/opt/ros/humble/share/ament_lint_auto/cmake)
[0.143s] -- Added test 'copyright' to check source files copyright and LICENSE
[0.147s] -- Added test 'flake8' to check Python code syntax and style conventions
[0.148s] -- Added test 'lint_cmake' to check CMake code style
[0.148s] -- Added test 'pep257' to check Python code against some of the docstring style conventions in PEP 257
[0.150s] -- Added test 'xmllint' to check XML markup files
[0.151s] -- Configuring done
[0.152s] -- Generating done
[0.153s] -- Build files have been written to: /home/jiaan/arm_project/build/arm_urdf
[0.168s] Invoked command in '/home/jiaan/arm_project/build/arm_urdf' returned '0': CMAKE_PREFIX_PATH=/opt/ros/humble /usr/bin/cmake --build /home/jiaan/arm_project/build/arm_urdf -- -j16 -l16
[0.188s] Invoking command in '/home/jiaan/arm_project/build/arm_urdf': CMAKE_PREFIX_PATH=/opt/ros/humble /usr/bin/cmake --install /home/jiaan/arm_project/build/arm_urdf
[0.192s] -- Install configuration: ""
[0.192s] -- Execute custom install script
[0.193s] -- Up-to-date symlink: /home/jiaan/arm_project/install/arm_urdf/share/arm_urdf/config/ball_tracker_params_robot.yaml
[0.193s] -- Up-to-date symlink: /home/jiaan/arm_project/install/arm_urdf/share/arm_urdf/config/ball_tracker_params_sim.yaml
[0.193s] -- Up-to-date symlink: /home/jiaan/arm_project/install/arm_urdf/share/arm_urdf/config/drive_bot.rviz
[0.193s] -- Up-to-date symlink: /home/jiaan/arm_project/install/arm_urdf/share/arm_urdf/config/empty.yaml
[0.193s] -- Up-to-date symlink: /home/jiaan/arm_project/install/arm_urdf/share/arm_urdf/config/gaz_ros2_ctl_use_sim.yaml
[0.193s] -- Up-to-date symlink: /home/jiaan/arm_project/install/arm_urdf/share/arm_urdf/config/gazebo_params.yaml
[0.193s] -- Up-to-date symlink: /home/jiaan/arm_project/install/arm_urdf/share/arm_urdf/config/joystick.yaml
[0.193s] -- Up-to-date symlink: /home/jiaan/arm_project/install/arm_urdf/share/arm_urdf/config/main.rviz
[0.193s] -- Up-to-date symlink: /home/jiaan/arm_project/install/arm_urdf/share/arm_urdf/config/map.rviz
[0.193s] -- Up-to-date symlink: /home/jiaan/arm_project/install/arm_urdf/share/arm_urdf/config/mapper_params_online_async.yaml
[0.193s] -- Up-to-date symlink: /home/jiaan/arm_project/install/arm_urdf/share/arm_urdf/config/my_controllers.yaml
[0.193s] -- Up-to-date symlink: /home/jiaan/arm_project/install/arm_urdf/share/arm_urdf/config/nav2_params.yaml
[0.193s] -- Up-to-date symlink: /home/jiaan/arm_project/install/arm_urdf/share/arm_urdf/config/twist_mux.yaml
[0.193s] -- Up-to-date symlink: /home/jiaan/arm_project/install/arm_urdf/share/arm_urdf/config/view_bot.rviz
[0.194s] -- Up-to-date symlink: /home/jiaan/arm_project/install/arm_urdf/share/arm_urdf/description/camera.xacro
[0.194s] -- Up-to-date symlink: /home/jiaan/arm_project/install/arm_urdf/share/arm_urdf/description/depth_camera.xacro
[0.194s] -- Up-to-date symlink: /home/jiaan/arm_project/install/arm_urdf/share/arm_urdf/description/face.xacro
[0.194s] -- Up-to-date symlink: /home/jiaan/arm_project/install/arm_urdf/share/arm_urdf/description/gazebo_control.xacro
[0.194s] -- Up-to-date symlink: /home/jiaan/arm_project/install/arm_urdf/share/arm_urdf/description/inertial_macros.xacro
[0.194s] -- Up-to-date symlink: /home/jiaan/arm_project/install/arm_urdf/share/arm_urdf/description/lidar.xacro
[0.194s] -- Up-to-date symlink: /home/jiaan/arm_project/install/arm_urdf/share/arm_urdf/description/robot.urdf.xacro
[0.194s] -- Up-to-date symlink: /home/jiaan/arm_project/install/arm_urdf/share/arm_urdf/description/robot_core.xacro
[0.194s] -- Up-to-date symlink: /home/jiaan/arm_project/install/arm_urdf/share/arm_urdf/description/ros2_control.xacro
[0.194s] -- Up-to-date symlink: /home/jiaan/arm_project/install/arm_urdf/share/arm_urdf/launch/ball_tracker.launch.py
[0.194s] -- Up-to-date symlink: /home/jiaan/arm_project/install/arm_urdf/share/arm_urdf/launch/camera.launch.py
[0.194s] -- Up-to-date symlink: /home/jiaan/arm_project/install/arm_urdf/share/arm_urdf/launch/joystick.launch.py
[0.194s] -- Up-to-date symlink: /home/jiaan/arm_project/install/arm_urdf/share/arm_urdf/launch/launch_robot.launch.py
[0.194s] -- Up-to-date symlink: /home/jiaan/arm_project/install/arm_urdf/share/arm_urdf/launch/launch_sim.launch.py
[0.194s] -- Up-to-date symlink: /home/jiaan/arm_project/install/arm_urdf/share/arm_urdf/launch/localization_launch.py
[0.194s] -- Up-to-date symlink: /home/jiaan/arm_project/install/arm_urdf/share/arm_urdf/launch/navigation_launch.py
[0.194s] -- Up-to-date symlink: /home/jiaan/arm_project/install/arm_urdf/share/arm_urdf/launch/online_async_launch.py
[0.195s] -- Up-to-date symlink: /home/jiaan/arm_project/install/arm_urdf/share/arm_urdf/launch/rplidar.launch.py
[0.195s] -- Up-to-date symlink: /home/jiaan/arm_project/install/arm_urdf/share/arm_urdf/launch/rsp.launch.py
[0.195s] -- Up-to-date symlink: /home/jiaan/arm_project/install/arm_urdf/share/arm_urdf/worlds/empty.world
[0.195s] -- Up-to-date symlink: /home/jiaan/arm_project/install/arm_urdf/share/arm_urdf/worlds/obstacles.world
[0.195s] -- Symlinking: /home/jiaan/arm_project/install/arm_urdf/share/arm_urdf/meshes/base.STL
[0.201s] -- Symlinking: /home/jiaan/arm_project/install/arm_urdf/share/arm_urdf/meshes/bicept.STL
[0.206s] -- Symlinking: /home/jiaan/arm_project/install/arm_urdf/share/arm_urdf/meshes/elbow.STL
[0.211s] -- Symlinking: /home/jiaan/arm_project/install/arm_urdf/share/arm_urdf/meshes/forearm.STL
[0.216s] -- Symlinking: /home/jiaan/arm_project/install/arm_urdf/share/arm_urdf/meshes/shoulder.STL
[0.220s] -- Symlinking: /home/jiaan/arm_project/install/arm_urdf/share/arm_urdf/meshes/shoulder_base.STL
[0.225s] -- Symlinking: /home/jiaan/arm_project/install/arm_urdf/share/arm_urdf/meshes/wrist_1.STL
[0.230s] -- Symlinking: /home/jiaan/arm_project/install/arm_urdf/share/arm_urdf/meshes/wrist_2.STL
[0.235s] -- Up-to-date symlink: /home/jiaan/arm_project/install/arm_urdf/share/ament_index/resource_index/package_run_dependencies/arm_urdf
[0.235s] -- Up-to-date symlink: /home/jiaan/arm_project/install/arm_urdf/share/ament_index/resource_index/parent_prefix_path/arm_urdf
[0.235s] -- Up-to-date symlink: /home/jiaan/arm_project/install/arm_urdf/share/arm_urdf/environment/ament_prefix_path.sh
[0.235s] -- Up-to-date symlink: /home/jiaan/arm_project/install/arm_urdf/share/arm_urdf/environment/ament_prefix_path.dsv
[0.235s] -- Up-to-date symlink: /home/jiaan/arm_project/install/arm_urdf/share/arm_urdf/environment/path.sh
[0.236s] -- Up-to-date symlink: /home/jiaan/arm_project/install/arm_urdf/share/arm_urdf/environment/path.dsv
[0.236s] -- Up-to-date symlink: /home/jiaan/arm_project/install/arm_urdf/share/arm_urdf/local_setup.bash
[0.236s] -- Up-to-date symlink: /home/jiaan/arm_project/install/arm_urdf/share/arm_urdf/local_setup.sh
[0.236s] -- Up-to-date symlink: /home/jiaan/arm_project/install/arm_urdf/share/arm_urdf/local_setup.zsh
[0.236s] -- Up-to-date symlink: /home/jiaan/arm_project/install/arm_urdf/share/arm_urdf/local_setup.dsv
[0.236s] -- Symlinking: /home/jiaan/arm_project/install/arm_urdf/share/arm_urdf/package.dsv
[0.241s] -- Up-to-date symlink: /home/jiaan/arm_project/install/arm_urdf/share/ament_index/resource_index/packages/arm_urdf
[0.241s] -- Up-to-date symlink: /home/jiaan/arm_project/install/arm_urdf/share/arm_urdf/cmake/arm_urdfConfig.cmake
[0.241s] -- Up-to-date symlink: /home/jiaan/arm_project/install/arm_urdf/share/arm_urdf/cmake/arm_urdfConfig-version.cmake
[0.241s] -- Up-to-date symlink: /home/jiaan/arm_project/install/arm_urdf/share/arm_urdf/package.xml
[0.243s] Invoked command in '/home/jiaan/arm_project/build/arm_urdf' returned '0': CMAKE_PREFIX_PATH=/opt/ros/humble /usr/bin/cmake --install /home/jiaan/arm_project/build/arm_urdf
