[0.007s] Invoking command in '/home/jiaan/arm_project/build/moveit_config': AMENT_PREFIX_PATH=/home/jiaan/arm_project/install/arm_urdf:${AMENT_PREFIX_PATH} CMAKE_PREFIX_PATH=/home/jiaan/arm_project/install/arm_urdf:/opt/ros/humble /usr/bin/cmake /home/jiaan/arm_project/src/moveit_config -DAMENT_CMAKE_SYMLINK_INSTALL=1 -DCMAKE_INSTALL_PREFIX=/home/jiaan/arm_project/install/moveit_config
[0.084s] -- The C compiler identification is GNU 11.4.0
[0.163s] -- The CXX compiler identification is GNU 11.4.0
[0.170s] -- Detecting C compiler ABI info
[0.210s] -- Detecting C compiler ABI info - done
[0.215s] -- Check for working C compiler: /usr/bin/cc - skipped
[0.215s] -- Detecting C compile features
[0.216s] -- Detecting C compile features - done
[0.217s] -- Detecting CXX compiler ABI info
[0.266s] -- Detecting CXX compiler ABI info - done
[0.270s] -- Check for working CXX compiler: /usr/bin/c++ - skipped
[0.270s] -- Detecting CXX compile features
[0.271s] -- Detecting CXX compile features - done
[0.273s] -- Found ament_cmake: 1.3.9 (/opt/ros/humble/share/ament_cmake/cmake)
[0.359s] -- Found Python3: /usr/bin/python3 (found version "3.10.12") found components: Interpreter 
[0.395s] -- Override CMake install command with custom implementation using symlinks instead of copying resources
[0.486s] -- Configuring done
[0.489s] -- Generating done
[0.490s] -- Build files have been written to: /home/jiaan/arm_project/build/moveit_config
[0.497s] Invoked command in '/home/jiaan/arm_project/build/moveit_config' returned '0': AMENT_PREFIX_PATH=/home/jiaan/arm_project/install/arm_urdf:${AMENT_PREFIX_PATH} CMAKE_PREFIX_PATH=/home/jiaan/arm_project/install/arm_urdf:/opt/ros/humble /usr/bin/cmake /home/jiaan/arm_project/src/moveit_config -DAMENT_CMAKE_SYMLINK_INSTALL=1 -DCMAKE_INSTALL_PREFIX=/home/jiaan/arm_project/install/moveit_config
[0.498s] Invoking command in '/home/jiaan/arm_project/build/moveit_config': AMENT_PREFIX_PATH=/home/jiaan/arm_project/install/arm_urdf:${AMENT_PREFIX_PATH} CMAKE_PREFIX_PATH=/home/jiaan/arm_project/install/arm_urdf:/opt/ros/humble /usr/bin/cmake --build /home/jiaan/arm_project/build/moveit_config -- -j16 -l16
[0.522s] Invoked command in '/home/jiaan/arm_project/build/moveit_config' returned '0': AMENT_PREFIX_PATH=/home/jiaan/arm_project/install/arm_urdf:${AMENT_PREFIX_PATH} CMAKE_PREFIX_PATH=/home/jiaan/arm_project/install/arm_urdf:/opt/ros/humble /usr/bin/cmake --build /home/jiaan/arm_project/build/moveit_config -- -j16 -l16
[0.541s] Invoking command in '/home/jiaan/arm_project/build/moveit_config': AMENT_PREFIX_PATH=/home/jiaan/arm_project/install/arm_urdf:${AMENT_PREFIX_PATH} CMAKE_PREFIX_PATH=/home/jiaan/arm_project/install/arm_urdf:/opt/ros/humble /usr/bin/cmake --install /home/jiaan/arm_project/build/moveit_config
[0.546s] -- Install configuration: ""
[0.546s] -- Execute custom install script
[0.546s] -- Symlinking: /home/jiaan/arm_project/install/moveit_config/share/ament_index/resource_index/package_run_dependencies/moveit_config
[0.552s] -- Symlinking: /home/jiaan/arm_project/install/moveit_config/share/ament_index/resource_index/parent_prefix_path/moveit_config
[0.557s] -- Symlinking: /home/jiaan/arm_project/install/moveit_config/share/moveit_config/environment/ament_prefix_path.sh
[0.562s] -- Symlinking: /home/jiaan/arm_project/install/moveit_config/share/moveit_config/environment/ament_prefix_path.dsv
[0.567s] -- Symlinking: /home/jiaan/arm_project/install/moveit_config/share/moveit_config/environment/path.sh
[0.572s] -- Symlinking: /home/jiaan/arm_project/install/moveit_config/share/moveit_config/environment/path.dsv
[0.578s] -- Symlinking: /home/jiaan/arm_project/install/moveit_config/share/moveit_config/local_setup.bash
[0.583s] -- Symlinking: /home/jiaan/arm_project/install/moveit_config/share/moveit_config/local_setup.sh
[0.588s] -- Symlinking: /home/jiaan/arm_project/install/moveit_config/share/moveit_config/local_setup.zsh
[0.593s] -- Symlinking: /home/jiaan/arm_project/install/moveit_config/share/moveit_config/local_setup.dsv
[0.598s] -- Symlinking: /home/jiaan/arm_project/install/moveit_config/share/moveit_config/package.dsv
[0.603s] -- Symlinking: /home/jiaan/arm_project/install/moveit_config/share/ament_index/resource_index/packages/moveit_config
[0.608s] -- Symlinking: /home/jiaan/arm_project/install/moveit_config/share/moveit_config/cmake/moveit_configConfig.cmake
[0.613s] -- Symlinking: /home/jiaan/arm_project/install/moveit_config/share/moveit_config/cmake/moveit_configConfig-version.cmake
[0.618s] -- Symlinking: /home/jiaan/arm_project/install/moveit_config/share/moveit_config/package.xml
[0.623s] -- Symlinking: /home/jiaan/arm_project/install/moveit_config/share/moveit_config/launch/demo.launch.py
[0.628s] -- Symlinking: /home/jiaan/arm_project/install/moveit_config/share/moveit_config/launch/move_group.launch.py
[0.633s] -- Symlinking: /home/jiaan/arm_project/install/moveit_config/share/moveit_config/launch/moveit_rviz.launch.py
[0.638s] -- Symlinking: /home/jiaan/arm_project/install/moveit_config/share/moveit_config/launch/rsp.launch.py
[0.643s] -- Symlinking: /home/jiaan/arm_project/install/moveit_config/share/moveit_config/launch/setup_assistant.launch.py
[0.647s] -- Symlinking: /home/jiaan/arm_project/install/moveit_config/share/moveit_config/launch/spawn_controllers.launch.py
[0.652s] -- Symlinking: /home/jiaan/arm_project/install/moveit_config/share/moveit_config/launch/static_virtual_joint_tfs.launch.py
[0.656s] -- Symlinking: /home/jiaan/arm_project/install/moveit_config/share/moveit_config/launch/warehouse_db.launch.py
[0.660s] -- Symlinking: /home/jiaan/arm_project/install/moveit_config/share/moveit_config/config/initial_positions.yaml
[0.665s] -- Symlinking: /home/jiaan/arm_project/install/moveit_config/share/moveit_config/config/joint_limits.yaml
[0.670s] -- Symlinking: /home/jiaan/arm_project/install/moveit_config/share/moveit_config/config/kinematics.yaml
[0.675s] -- Symlinking: /home/jiaan/arm_project/install/moveit_config/share/moveit_config/config/moveit.rviz
[0.679s] -- Symlinking: /home/jiaan/arm_project/install/moveit_config/share/moveit_config/config/moveit_controllers.yaml
[0.683s] -- Symlinking: /home/jiaan/arm_project/install/moveit_config/share/moveit_config/config/pilz_cartesian_limits.yaml
[0.687s] -- Symlinking: /home/jiaan/arm_project/install/moveit_config/share/moveit_config/config/robot.ros2_control.xacro
[0.691s] -- Symlinking: /home/jiaan/arm_project/install/moveit_config/share/moveit_config/config/robot.srdf
[0.695s] -- Symlinking: /home/jiaan/arm_project/install/moveit_config/share/moveit_config/config/robot.urdf.xacro
[0.700s] -- Symlinking: /home/jiaan/arm_project/install/moveit_config/share/moveit_config/config/ros2_controllers.yaml
[0.704s] -- Symlinking: /home/jiaan/arm_project/install/moveit_config/share/moveit_config/config/sensors_3d.yaml
[0.708s] -- Symlinking: /home/jiaan/arm_project/install/moveit_config/share/moveit_config/.setup_assistant
[0.714s] Invoked command in '/home/jiaan/arm_project/build/moveit_config' returned '0': AMENT_PREFIX_PATH=/home/jiaan/arm_project/install/arm_urdf:${AMENT_PREFIX_PATH} CMAKE_PREFIX_PATH=/home/jiaan/arm_project/install/arm_urdf:/opt/ros/humble /usr/bin/cmake --install /home/jiaan/arm_project/build/moveit_config
