[0.010s] Invoking command in '/home/jiaan/arm_project/build/odrive_ros2_control': CMAKE_PREFIX_PATH=/opt/ros/humble /usr/bin/cmake --build /home/jiaan/arm_project/build/odrive_ros2_control -- -j16 -l16
[0.043s] [100%] Built target odrive_ros2_control_plugin
[0.051s] Invoked command in '/home/jiaan/arm_project/build/odrive_ros2_control' returned '0': CMAKE_PREFIX_PATH=/opt/ros/humble /usr/bin/cmake --build /home/jiaan/arm_project/build/odrive_ros2_control -- -j16 -l16
[0.074s] Invoking command in '/home/jiaan/arm_project/build/odrive_ros2_control': CMAKE_PREFIX_PATH=/opt/ros/humble /usr/bin/cmake --install /home/jiaan/arm_project/build/odrive_ros2_control
[0.078s] -- Install configuration: ""
[0.078s] -- Execute custom install script
[0.079s] -- Up-to-date symlink: /home/jiaan/arm_project/install/odrive_ros2_control/share/odrive_ros2_control//odrive_hardware_interface.xml
[0.079s] -- Up-to-date symlink: /home/jiaan/arm_project/install/odrive_ros2_control/lib/libodrive_ros2_control_plugin.so
[0.079s] -- Up-to-date symlink: /home/jiaan/arm_project/install/odrive_ros2_control/share/ament_index/resource_index/package_run_dependencies/odrive_ros2_control
[0.079s] -- Up-to-date symlink: /home/jiaan/arm_project/install/odrive_ros2_control/share/ament_index/resource_index/parent_prefix_path/odrive_ros2_control
[0.079s] -- Up-to-date symlink: /home/jiaan/arm_project/install/odrive_ros2_control/share/odrive_ros2_control/environment/ament_prefix_path.sh
[0.079s] -- Up-to-date symlink: /home/jiaan/arm_project/install/odrive_ros2_control/share/odrive_ros2_control/environment/ament_prefix_path.dsv
[0.079s] -- Up-to-date symlink: /home/jiaan/arm_project/install/odrive_ros2_control/share/odrive_ros2_control/environment/path.sh
[0.079s] -- Up-to-date symlink: /home/jiaan/arm_project/install/odrive_ros2_control/share/odrive_ros2_control/environment/path.dsv
[0.079s] -- Up-to-date symlink: /home/jiaan/arm_project/install/odrive_ros2_control/share/odrive_ros2_control/local_setup.bash
[0.079s] -- Up-to-date symlink: /home/jiaan/arm_project/install/odrive_ros2_control/share/odrive_ros2_control/local_setup.sh
[0.080s] -- Up-to-date symlink: /home/jiaan/arm_project/install/odrive_ros2_control/share/odrive_ros2_control/local_setup.zsh
[0.080s] -- Up-to-date symlink: /home/jiaan/arm_project/install/odrive_ros2_control/share/odrive_ros2_control/local_setup.dsv
[0.080s] -- Symlinking: /home/jiaan/arm_project/install/odrive_ros2_control/share/odrive_ros2_control/package.dsv
[0.085s] -- Up-to-date symlink: /home/jiaan/arm_project/install/odrive_ros2_control/share/ament_index/resource_index/packages/odrive_ros2_control
[0.085s] -- Up-to-date symlink: /home/jiaan/arm_project/install/odrive_ros2_control/share/ament_index/resource_index/hardware_interface__pluginlib__plugin/odrive_ros2_control
[0.086s] -- Up-to-date symlink: /home/jiaan/arm_project/install/odrive_ros2_control/share/odrive_ros2_control/cmake/ament_cmake_export_dependencies-extras.cmake
[0.086s] -- Up-to-date symlink: /home/jiaan/arm_project/install/odrive_ros2_control/share/odrive_ros2_control/cmake/odrive_ros2_controlConfig.cmake
[0.086s] -- Up-to-date symlink: /home/jiaan/arm_project/install/odrive_ros2_control/share/odrive_ros2_control/cmake/odrive_ros2_controlConfig-version.cmake
[0.086s] -- Up-to-date symlink: /home/jiaan/arm_project/install/odrive_ros2_control/share/odrive_ros2_control/package.xml
[0.090s] Invoked command in '/home/jiaan/arm_project/build/odrive_ros2_control' returned '0': CMAKE_PREFIX_PATH=/opt/ros/humble /usr/bin/cmake --install /home/jiaan/arm_project/build/odrive_ros2_control
