-- Found ament_cmake: 1.3.9 (/opt/ros/humble/share/ament_cmake/cmake)
-- Override CMake install command with custom implementation using symlinks instead of copying resources
-- Found ament_lint_auto: 0.12.11 (/opt/ros/humble/share/ament_lint_auto/cmake)
-- Added test 'copyright' to check source files copyright and LICENSE
-- Added test 'flake8' to check Python code syntax and style conventions
-- Added test 'lint_cmake' to check CMake code style
-- Added test 'pep257' to check Python code against some of the docstring style conventions in PEP 257
-- Added test 'xmllint' to check XML markup files
-- Configuring done
-- Generating done
-- Build files have been written to: /home/jiaan/arm_project/build/arm_urdf
-- Install configuration: ""
-- Execute custom install script
-- Up-to-date symlink: /home/jiaan/arm_project/install/arm_urdf/share/arm_urdf/config/ball_tracker_params_robot.yaml
-- Up-to-date symlink: /home/jiaan/arm_project/install/arm_urdf/share/arm_urdf/config/ball_tracker_params_sim.yaml
-- Up-to-date symlink: /home/jiaan/arm_project/install/arm_urdf/share/arm_urdf/config/drive_bot.rviz
-- Up-to-date symlink: /home/jiaan/arm_project/install/arm_urdf/share/arm_urdf/config/empty.yaml
-- Up-to-date symlink: /home/jiaan/arm_project/install/arm_urdf/share/arm_urdf/config/gaz_ros2_ctl_use_sim.yaml
-- Up-to-date symlink: /home/jiaan/arm_project/install/arm_urdf/share/arm_urdf/config/gazebo_params.yaml
-- Up-to-date symlink: /home/jiaan/arm_project/install/arm_urdf/share/arm_urdf/config/joystick.yaml
-- Up-to-date symlink: /home/jiaan/arm_project/install/arm_urdf/share/arm_urdf/config/main.rviz
-- Up-to-date symlink: /home/jiaan/arm_project/install/arm_urdf/share/arm_urdf/config/map.rviz
-- Up-to-date symlink: /home/jiaan/arm_project/install/arm_urdf/share/arm_urdf/config/mapper_params_online_async.yaml
-- Up-to-date symlink: /home/jiaan/arm_project/install/arm_urdf/share/arm_urdf/config/my_controllers.yaml
-- Up-to-date symlink: /home/jiaan/arm_project/install/arm_urdf/share/arm_urdf/config/nav2_params.yaml
-- Up-to-date symlink: /home/jiaan/arm_project/install/arm_urdf/share/arm_urdf/config/twist_mux.yaml
-- Up-to-date symlink: /home/jiaan/arm_project/install/arm_urdf/share/arm_urdf/config/view_bot.rviz
-- Up-to-date symlink: /home/jiaan/arm_project/install/arm_urdf/share/arm_urdf/description/camera.xacro
-- Up-to-date symlink: /home/jiaan/arm_project/install/arm_urdf/share/arm_urdf/description/depth_camera.xacro
-- Up-to-date symlink: /home/jiaan/arm_project/install/arm_urdf/share/arm_urdf/description/face.xacro
-- Up-to-date symlink: /home/jiaan/arm_project/install/arm_urdf/share/arm_urdf/description/gazebo_control.xacro
-- Up-to-date symlink: /home/jiaan/arm_project/install/arm_urdf/share/arm_urdf/description/inertial_macros.xacro
-- Up-to-date symlink: /home/jiaan/arm_project/install/arm_urdf/share/arm_urdf/description/lidar.xacro
-- Symlinking: /home/jiaan/arm_project/install/arm_urdf/share/arm_urdf/description/meshes/base.STL
-- Symlinking: /home/jiaan/arm_project/install/arm_urdf/share/arm_urdf/description/meshes/bicept.STL
-- Symlinking: /home/jiaan/arm_project/install/arm_urdf/share/arm_urdf/description/meshes/elbow.STL
-- Symlinking: /home/jiaan/arm_project/install/arm_urdf/share/arm_urdf/description/meshes/forearm.STL
-- Symlinking: /home/jiaan/arm_project/install/arm_urdf/share/arm_urdf/description/meshes/shoulder.STL
-- Symlinking: /home/jiaan/arm_project/install/arm_urdf/share/arm_urdf/description/meshes/shoulder_base.STL
-- Symlinking: /home/jiaan/arm_project/install/arm_urdf/share/arm_urdf/description/meshes/wrist_1.STL
-- Symlinking: /home/jiaan/arm_project/install/arm_urdf/share/arm_urdf/description/meshes/wrist_2.STL
-- Up-to-date symlink: /home/jiaan/arm_project/install/arm_urdf/share/arm_urdf/description/robot.urdf.xacro
-- Up-to-date symlink: /home/jiaan/arm_project/install/arm_urdf/share/arm_urdf/description/robot_core.xacro
-- Up-to-date symlink: /home/jiaan/arm_project/install/arm_urdf/share/arm_urdf/description/ros2_control.xacro
-- Up-to-date symlink: /home/jiaan/arm_project/install/arm_urdf/share/arm_urdf/launch/ball_tracker.launch.py
-- Up-to-date symlink: /home/jiaan/arm_project/install/arm_urdf/share/arm_urdf/launch/camera.launch.py
-- Up-to-date symlink: /home/jiaan/arm_project/install/arm_urdf/share/arm_urdf/launch/joystick.launch.py
-- Up-to-date symlink: /home/jiaan/arm_project/install/arm_urdf/share/arm_urdf/launch/launch_robot.launch.py
-- Up-to-date symlink: /home/jiaan/arm_project/install/arm_urdf/share/arm_urdf/launch/launch_sim.launch.py
-- Up-to-date symlink: /home/jiaan/arm_project/install/arm_urdf/share/arm_urdf/launch/localization_launch.py
-- Up-to-date symlink: /home/jiaan/arm_project/install/arm_urdf/share/arm_urdf/launch/navigation_launch.py
-- Up-to-date symlink: /home/jiaan/arm_project/install/arm_urdf/share/arm_urdf/launch/online_async_launch.py
-- Up-to-date symlink: /home/jiaan/arm_project/install/arm_urdf/share/arm_urdf/launch/rplidar.launch.py
-- Up-to-date symlink: /home/jiaan/arm_project/install/arm_urdf/share/arm_urdf/launch/rsp.launch.py
-- Up-to-date symlink: /home/jiaan/arm_project/install/arm_urdf/share/arm_urdf/worlds/empty.world
-- Up-to-date symlink: /home/jiaan/arm_project/install/arm_urdf/share/arm_urdf/worlds/obstacles.world
