[0.008s] Invoking command in '/home/jiaan/arm_project/build/articubot_one': CMAKE_PREFIX_PATH=/opt/ros/humble /usr/bin/cmake /home/jiaan/arm_project/src/articubot_one -DAMENT_CMAKE_SYMLINK_INSTALL=1 -DCMAKE_INSTALL_PREFIX=/home/jiaan/arm_project/install/articubot_one
[0.081s] -- The C compiler identification is GNU 11.4.0
[0.143s] -- The CXX compiler identification is GNU 11.4.0
[0.151s] -- Detecting C compiler ABI info
[0.199s] -- Detecting C compiler ABI info - done
[0.203s] -- Check for working C compiler: /usr/bin/cc - skipped
[0.204s] -- Detecting C compile features
[0.204s] -- Detecting C compile features - done
[0.206s] -- Detecting CXX compiler ABI info
[0.251s] -- Detecting CXX compiler ABI info - done
[0.256s] -- Check for working CXX compiler: /usr/bin/c++ - skipped
[0.256s] -- Detecting CXX compile features
[0.256s] -- Detecting CXX compile features - done
[0.260s] -- Found ament_cmake: 1.3.9 (/opt/ros/humble/share/ament_cmake/cmake)
[0.347s] -- Found Python3: /usr/bin/python3 (found version "3.10.12") found components: Interpreter 
[0.387s] -- Override CMake install command with custom implementation using symlinks instead of copying resources
[0.403s] -- Found ament_lint_auto: 0.12.11 (/opt/ros/humble/share/ament_lint_auto/cmake)
[0.454s] -- Added test 'copyright' to check source files copyright and LICENSE
[0.459s] -- Added test 'flake8' to check Python code syntax and style conventions
[0.459s] -- Added test 'lint_cmake' to check CMake code style
[0.460s] -- Added test 'pep257' to check Python code against some of the docstring style conventions in PEP 257
[0.462s] -- Added test 'xmllint' to check XML markup files
[0.463s] -- Configuring done
[0.464s] -- Generating done
[0.465s] -- Build files have been written to: /home/jiaan/arm_project/build/articubot_one
[0.469s] Invoked command in '/home/jiaan/arm_project/build/articubot_one' returned '0': CMAKE_PREFIX_PATH=/opt/ros/humble /usr/bin/cmake /home/jiaan/arm_project/src/articubot_one -DAMENT_CMAKE_SYMLINK_INSTALL=1 -DCMAKE_INSTALL_PREFIX=/home/jiaan/arm_project/install/articubot_one
[0.470s] Invoking command in '/home/jiaan/arm_project/build/articubot_one': CMAKE_PREFIX_PATH=/opt/ros/humble /usr/bin/cmake --build /home/jiaan/arm_project/build/articubot_one -- -j16 -l16
[0.492s] Invoked command in '/home/jiaan/arm_project/build/articubot_one' returned '0': CMAKE_PREFIX_PATH=/opt/ros/humble /usr/bin/cmake --build /home/jiaan/arm_project/build/articubot_one -- -j16 -l16
[0.510s] Invoking command in '/home/jiaan/arm_project/build/articubot_one': CMAKE_PREFIX_PATH=/opt/ros/humble /usr/bin/cmake --install /home/jiaan/arm_project/build/articubot_one
[0.514s] -- Install configuration: ""
[0.515s] -- Execute custom install script
[0.515s] -- Symlinking: /home/jiaan/arm_project/install/articubot_one/share/articubot_one/config/ball_tracker_params_robot.yaml
[0.520s] -- Symlinking: /home/jiaan/arm_project/install/articubot_one/share/articubot_one/config/ball_tracker_params_sim.yaml
[0.525s] -- Symlinking: /home/jiaan/arm_project/install/articubot_one/share/articubot_one/config/drive_bot.rviz
[0.529s] -- Symlinking: /home/jiaan/arm_project/install/articubot_one/share/articubot_one/config/empty.yaml
[0.534s] -- Symlinking: /home/jiaan/arm_project/install/articubot_one/share/articubot_one/config/gaz_ros2_ctl_use_sim.yaml
[0.538s] -- Symlinking: /home/jiaan/arm_project/install/articubot_one/share/articubot_one/config/gazebo_params.yaml
[0.543s] -- Symlinking: /home/jiaan/arm_project/install/articubot_one/share/articubot_one/config/joystick.yaml
[0.547s] -- Symlinking: /home/jiaan/arm_project/install/articubot_one/share/articubot_one/config/main.rviz
[0.552s] -- Symlinking: /home/jiaan/arm_project/install/articubot_one/share/articubot_one/config/map.rviz
[0.556s] -- Symlinking: /home/jiaan/arm_project/install/articubot_one/share/articubot_one/config/mapper_params_online_async.yaml
[0.561s] -- Symlinking: /home/jiaan/arm_project/install/articubot_one/share/articubot_one/config/my_controllers.yaml
[0.565s] -- Symlinking: /home/jiaan/arm_project/install/articubot_one/share/articubot_one/config/nav2_params.yaml
[0.569s] -- Symlinking: /home/jiaan/arm_project/install/articubot_one/share/articubot_one/config/twist_mux.yaml
[0.574s] -- Symlinking: /home/jiaan/arm_project/install/articubot_one/share/articubot_one/config/view_bot.rviz
[0.578s] -- Symlinking: /home/jiaan/arm_project/install/articubot_one/share/articubot_one/description/camera.xacro
[0.584s] -- Symlinking: /home/jiaan/arm_project/install/articubot_one/share/articubot_one/description/depth_camera.xacro
[0.589s] -- Symlinking: /home/jiaan/arm_project/install/articubot_one/share/articubot_one/description/face.xacro
[0.593s] -- Symlinking: /home/jiaan/arm_project/install/articubot_one/share/articubot_one/description/gazebo_control.xacro
[0.597s] -- Symlinking: /home/jiaan/arm_project/install/articubot_one/share/articubot_one/description/inertial_macros.xacro
[0.601s] -- Symlinking: /home/jiaan/arm_project/install/articubot_one/share/articubot_one/description/lidar.xacro
[0.605s] -- Symlinking: /home/jiaan/arm_project/install/articubot_one/share/articubot_one/description/robot.urdf.xacro
[0.609s] -- Symlinking: /home/jiaan/arm_project/install/articubot_one/share/articubot_one/description/robot_core.xacro
[0.614s] -- Symlinking: /home/jiaan/arm_project/install/articubot_one/share/articubot_one/description/ros2_control.xacro
[0.618s] -- Symlinking: /home/jiaan/arm_project/install/articubot_one/share/articubot_one/launch/ball_tracker.launch.py
[0.623s] -- Symlinking: /home/jiaan/arm_project/install/articubot_one/share/articubot_one/launch/camera.launch.py
[0.627s] -- Symlinking: /home/jiaan/arm_project/install/articubot_one/share/articubot_one/launch/joystick.launch.py
[0.631s] -- Symlinking: /home/jiaan/arm_project/install/articubot_one/share/articubot_one/launch/launch_robot.launch.py
[0.636s] -- Symlinking: /home/jiaan/arm_project/install/articubot_one/share/articubot_one/launch/launch_sim.launch.py
[0.640s] -- Symlinking: /home/jiaan/arm_project/install/articubot_one/share/articubot_one/launch/localization_launch.py
[0.645s] -- Symlinking: /home/jiaan/arm_project/install/articubot_one/share/articubot_one/launch/navigation_launch.py
[0.649s] -- Symlinking: /home/jiaan/arm_project/install/articubot_one/share/articubot_one/launch/online_async_launch.py
[0.653s] -- Symlinking: /home/jiaan/arm_project/install/articubot_one/share/articubot_one/launch/rplidar.launch.py
[0.657s] -- Symlinking: /home/jiaan/arm_project/install/articubot_one/share/articubot_one/launch/rsp.launch.py
[0.662s] -- Symlinking: /home/jiaan/arm_project/install/articubot_one/share/articubot_one/worlds/empty.world
[0.666s] -- Symlinking: /home/jiaan/arm_project/install/articubot_one/share/articubot_one/worlds/obstacles.world
[0.671s] -- Symlinking: /home/jiaan/arm_project/install/articubot_one/share/ament_index/resource_index/package_run_dependencies/articubot_one
[0.675s] -- Symlinking: /home/jiaan/arm_project/install/articubot_one/share/ament_index/resource_index/parent_prefix_path/articubot_one
[0.680s] -- Symlinking: /home/jiaan/arm_project/install/articubot_one/share/articubot_one/environment/ament_prefix_path.sh
[0.684s] -- Symlinking: /home/jiaan/arm_project/install/articubot_one/share/articubot_one/environment/ament_prefix_path.dsv
[0.689s] -- Symlinking: /home/jiaan/arm_project/install/articubot_one/share/articubot_one/environment/path.sh
[0.696s] -- Symlinking: /home/jiaan/arm_project/install/articubot_one/share/articubot_one/environment/path.dsv
[0.700s] -- Symlinking: /home/jiaan/arm_project/install/articubot_one/share/articubot_one/local_setup.bash
[0.704s] -- Symlinking: /home/jiaan/arm_project/install/articubot_one/share/articubot_one/local_setup.sh
[0.709s] -- Symlinking: /home/jiaan/arm_project/install/articubot_one/share/articubot_one/local_setup.zsh
[0.713s] -- Symlinking: /home/jiaan/arm_project/install/articubot_one/share/articubot_one/local_setup.dsv
[0.717s] -- Symlinking: /home/jiaan/arm_project/install/articubot_one/share/articubot_one/package.dsv
[0.722s] -- Symlinking: /home/jiaan/arm_project/install/articubot_one/share/ament_index/resource_index/packages/articubot_one
[0.726s] -- Symlinking: /home/jiaan/arm_project/install/articubot_one/share/articubot_one/cmake/articubot_oneConfig.cmake
[0.731s] -- Symlinking: /home/jiaan/arm_project/install/articubot_one/share/articubot_one/cmake/articubot_oneConfig-version.cmake
[0.735s] -- Symlinking: /home/jiaan/arm_project/install/articubot_one/share/articubot_one/package.xml
[0.741s] Invoked command in '/home/jiaan/arm_project/build/articubot_one' returned '0': CMAKE_PREFIX_PATH=/opt/ros/humble /usr/bin/cmake --install /home/jiaan/arm_project/build/articubot_one
