[0.014s] Invoking command in '/home/jiaan/arm_project/build/odrive_botwheel_explorer': AMENT_PREFIX_PATH=/home/jiaan/arm_project/install/odrive_ros2_control:${AMENT_PREFIX_PATH} CMAKE_PREFIX_PATH=/home/jiaan/arm_project/install/odrive_ros2_control:/opt/ros/humble LD_LIBRARY_PATH=/home/jiaan/arm_project/install/odrive_ros2_control/lib:${LD_LIBRARY_PATH} /usr/bin/cmake /home/jiaan/arm_project/src/ros_odrive/odrive_botwheel_explorer -DCMAKE_INSTALL_PREFIX=/home/jiaan/arm_project/install/odrive_botwheel_explorer
[0.030s] -- Found ament_cmake: 1.3.9 (/opt/ros/humble/share/ament_cmake/cmake)
[0.181s] -- Override CMake install command with custom implementation using symlinks instead of copying resources
[0.256s] -- Configuring done
[0.260s] -- Generating done
[0.261s] -- Build files have been written to: /home/jiaan/arm_project/build/odrive_botwheel_explorer
[0.264s] Invoked command in '/home/jiaan/arm_project/build/odrive_botwheel_explorer' returned '0': AMENT_PREFIX_PATH=/home/jiaan/arm_project/install/odrive_ros2_control:${AMENT_PREFIX_PATH} CMAKE_PREFIX_PATH=/home/jiaan/arm_project/install/odrive_ros2_control:/opt/ros/humble LD_LIBRARY_PATH=/home/jiaan/arm_project/install/odrive_ros2_control/lib:${LD_LIBRARY_PATH} /usr/bin/cmake /home/jiaan/arm_project/src/ros_odrive/odrive_botwheel_explorer -DCMAKE_INSTALL_PREFIX=/home/jiaan/arm_project/install/odrive_botwheel_explorer
[0.266s] Invoking command in '/home/jiaan/arm_project/build/odrive_botwheel_explorer': AMENT_PREFIX_PATH=/home/jiaan/arm_project/install/odrive_ros2_control:${AMENT_PREFIX_PATH} CMAKE_PREFIX_PATH=/home/jiaan/arm_project/install/odrive_ros2_control:/opt/ros/humble LD_LIBRARY_PATH=/home/jiaan/arm_project/install/odrive_ros2_control/lib:${LD_LIBRARY_PATH} /usr/bin/cmake --build /home/jiaan/arm_project/build/odrive_botwheel_explorer -- -j16 -l16
[0.308s] Invoked command in '/home/jiaan/arm_project/build/odrive_botwheel_explorer' returned '0': AMENT_PREFIX_PATH=/home/jiaan/arm_project/install/odrive_ros2_control:${AMENT_PREFIX_PATH} CMAKE_PREFIX_PATH=/home/jiaan/arm_project/install/odrive_ros2_control:/opt/ros/humble LD_LIBRARY_PATH=/home/jiaan/arm_project/install/odrive_ros2_control/lib:${LD_LIBRARY_PATH} /usr/bin/cmake --build /home/jiaan/arm_project/build/odrive_botwheel_explorer -- -j16 -l16
[0.332s] Invoking command in '/home/jiaan/arm_project/build/odrive_botwheel_explorer': AMENT_PREFIX_PATH=/home/jiaan/arm_project/install/odrive_ros2_control:${AMENT_PREFIX_PATH} CMAKE_PREFIX_PATH=/home/jiaan/arm_project/install/odrive_ros2_control:/opt/ros/humble LD_LIBRARY_PATH=/home/jiaan/arm_project/install/odrive_ros2_control/lib:${LD_LIBRARY_PATH} /usr/bin/cmake --install /home/jiaan/arm_project/build/odrive_botwheel_explorer
[0.341s] -- Install configuration: ""
[0.341s] -- Execute custom install script
[0.342s] -- Up-to-date symlink: /home/jiaan/arm_project/install/odrive_botwheel_explorer/share/odrive_botwheel_explorer/urdf/diffbot.ros2_control.xacro
[0.343s] -- Up-to-date symlink: /home/jiaan/arm_project/install/odrive_botwheel_explorer/share/odrive_botwheel_explorer/urdf/diffbot.urdf.xacro
[0.343s] -- Up-to-date symlink: /home/jiaan/arm_project/install/odrive_botwheel_explorer/share/odrive_botwheel_explorer/urdf/diffbot_description.urdf.xacro
[0.343s] -- Up-to-date symlink: /home/jiaan/arm_project/install/odrive_botwheel_explorer/share/odrive_botwheel_explorer/config/diffbot_controllers.yaml
[0.343s] -- Up-to-date symlink: /home/jiaan/arm_project/install/odrive_botwheel_explorer/share/odrive_botwheel_explorer/launch/botwheel_explorer.launch.py
[0.343s] -- Up-to-date symlink: /home/jiaan/arm_project/install/odrive_botwheel_explorer/share/ament_index/resource_index/package_run_dependencies/odrive_botwheel_explorer
[0.343s] -- Up-to-date symlink: /home/jiaan/arm_project/install/odrive_botwheel_explorer/share/ament_index/resource_index/parent_prefix_path/odrive_botwheel_explorer
[0.343s] -- Up-to-date symlink: /home/jiaan/arm_project/install/odrive_botwheel_explorer/share/odrive_botwheel_explorer/environment/ament_prefix_path.sh
[0.344s] -- Up-to-date symlink: /home/jiaan/arm_project/install/odrive_botwheel_explorer/share/odrive_botwheel_explorer/environment/ament_prefix_path.dsv
[0.344s] -- Up-to-date symlink: /home/jiaan/arm_project/install/odrive_botwheel_explorer/share/odrive_botwheel_explorer/environment/path.sh
[0.344s] -- Up-to-date symlink: /home/jiaan/arm_project/install/odrive_botwheel_explorer/share/odrive_botwheel_explorer/environment/path.dsv
[0.344s] -- Up-to-date symlink: /home/jiaan/arm_project/install/odrive_botwheel_explorer/share/odrive_botwheel_explorer/local_setup.bash
[0.344s] -- Up-to-date symlink: /home/jiaan/arm_project/install/odrive_botwheel_explorer/share/odrive_botwheel_explorer/local_setup.sh
[0.344s] -- Up-to-date symlink: /home/jiaan/arm_project/install/odrive_botwheel_explorer/share/odrive_botwheel_explorer/local_setup.zsh
[0.344s] -- Up-to-date symlink: /home/jiaan/arm_project/install/odrive_botwheel_explorer/share/odrive_botwheel_explorer/local_setup.dsv
[0.345s] -- Symlinking: /home/jiaan/arm_project/install/odrive_botwheel_explorer/share/odrive_botwheel_explorer/package.dsv
[0.355s] -- Up-to-date symlink: /home/jiaan/arm_project/install/odrive_botwheel_explorer/share/ament_index/resource_index/packages/odrive_botwheel_explorer
[0.355s] -- Up-to-date symlink: /home/jiaan/arm_project/install/odrive_botwheel_explorer/share/odrive_botwheel_explorer/cmake/odrive_botwheel_explorerConfig.cmake
[0.356s] -- Up-to-date symlink: /home/jiaan/arm_project/install/odrive_botwheel_explorer/share/odrive_botwheel_explorer/cmake/odrive_botwheel_explorerConfig-version.cmake
[0.356s] -- Up-to-date symlink: /home/jiaan/arm_project/install/odrive_botwheel_explorer/share/odrive_botwheel_explorer/package.xml
[0.360s] Invoked command in '/home/jiaan/arm_project/build/odrive_botwheel_explorer' returned '0': AMENT_PREFIX_PATH=/home/jiaan/arm_project/install/odrive_ros2_control:${AMENT_PREFIX_PATH} CMAKE_PREFIX_PATH=/home/jiaan/arm_project/install/odrive_ros2_control:/opt/ros/humble LD_LIBRARY_PATH=/home/jiaan/arm_project/install/odrive_ros2_control/lib:${LD_LIBRARY_PATH} /usr/bin/cmake --install /home/jiaan/arm_project/build/odrive_botwheel_explorer
