[0.108s] DEBUG:colcon:Command line arguments: ['/usr/bin/colcon', 'build']
[0.108s] DEBUG:colcon:Parsed command line arguments: Namespace(log_base=None, log_level=None, verb_name='build', build_base='build', install_base='install', merge_install=False, symlink_install=False, test_result_base=None, continue_on_error=False, executor='parallel', parallel_workers=16, event_handlers=None, ignore_user_meta=False, metas=['./colcon.meta'], base_paths=['.'], packages_ignore=None, packages_ignore_regex=None, paths=None, packages_up_to=None, packages_up_to_regex=None, packages_above=None, packages_above_and_dependencies=None, packages_above_depth=None, packages_select_by_dep=None, packages_skip_by_dep=None, packages_skip_up_to=None, packages_select_build_failed=False, packages_skip_build_finished=False, packages_select_test_failures=False, packages_skip_test_passed=False, packages_select=None, packages_skip=None, packages_select_regex=None, packages_skip_regex=None, packages_start=None, packages_end=None, allow_overriding=[], cmake_args=None, cmake_target=None, cmake_target_skip_unavailable=False, cmake_clean_cache=False, cmake_clean_first=False, cmake_force_configure=False, ament_cmake_args=None, catkin_cmake_args=None, catkin_skip_building_tests=False, mixin_files=None, mixin=None, verb_parser=<colcon_mixin.mixin.mixin_argument.MixinArgumentDecorator object at 0x73fcb4c32b90>, verb_extension=<colcon_core.verb.build.BuildVerb object at 0x73fcb4c321d0>, main=<bound method BuildVerb.main of <colcon_core.verb.build.BuildVerb object at 0x73fcb4c321d0>>, mixin_verb=('build',))
[0.247s] Level 1:colcon.colcon_core.package_discovery:discover_packages(colcon_meta) check parameters
[0.247s] Level 1:colcon.colcon_core.package_discovery:discover_packages(recursive) check parameters
[0.248s] Level 1:colcon.colcon_core.package_discovery:discover_packages(ignore) check parameters
[0.248s] Level 1:colcon.colcon_core.package_discovery:discover_packages(path) check parameters
[0.248s] Level 1:colcon.colcon_core.package_discovery:discover_packages(colcon_meta) discover
[0.248s] Level 1:colcon.colcon_core.package_discovery:discover_packages(recursive) discover
[0.248s] INFO:colcon.colcon_core.package_discovery:Crawling recursively for packages in '/home/jiaan/arm_project'
[0.248s] Level 1:colcon.colcon_core.package_identification:_identify(.) by extensions ['ignore', 'ignore_ament_install']
[0.248s] Level 1:colcon.colcon_core.package_identification:_identify(.) by extension 'ignore'
[0.248s] Level 1:colcon.colcon_core.package_identification:_identify(.) by extension 'ignore_ament_install'
[0.248s] Level 1:colcon.colcon_core.package_identification:_identify(.) by extensions ['colcon_pkg']
[0.248s] Level 1:colcon.colcon_core.package_identification:_identify(.) by extension 'colcon_pkg'
[0.248s] Level 1:colcon.colcon_core.package_identification:_identify(.) by extensions ['colcon_meta']
[0.248s] Level 1:colcon.colcon_core.package_identification:_identify(.) by extension 'colcon_meta'
[0.248s] Level 1:colcon.colcon_core.package_identification:_identify(.) by extensions ['ros']
[0.248s] Level 1:colcon.colcon_core.package_identification:_identify(.) by extension 'ros'
[0.257s] Level 1:colcon.colcon_core.package_identification:_identify(.) by extensions ['cmake', 'python']
[0.257s] Level 1:colcon.colcon_core.package_identification:_identify(.) by extension 'cmake'
[0.257s] Level 1:colcon.colcon_core.package_identification:_identify(.) by extension 'python'
[0.257s] Level 1:colcon.colcon_core.package_identification:_identify(.) by extensions ['python_setup_py']
[0.257s] Level 1:colcon.colcon_core.package_identification:_identify(.) by extension 'python_setup_py'
[0.257s] Level 1:colcon.colcon_core.package_identification:_identify(build) by extensions ['ignore', 'ignore_ament_install']
[0.257s] Level 1:colcon.colcon_core.package_identification:_identify(build) by extension 'ignore'
[0.257s] Level 1:colcon.colcon_core.package_identification:_identify(build) ignored
[0.257s] Level 1:colcon.colcon_core.package_identification:_identify(install) by extensions ['ignore', 'ignore_ament_install']
[0.257s] Level 1:colcon.colcon_core.package_identification:_identify(install) by extension 'ignore'
[0.257s] Level 1:colcon.colcon_core.package_identification:_identify(install) ignored
[0.257s] Level 1:colcon.colcon_core.package_identification:_identify(log) by extensions ['ignore', 'ignore_ament_install']
[0.257s] Level 1:colcon.colcon_core.package_identification:_identify(log) by extension 'ignore'
[0.258s] Level 1:colcon.colcon_core.package_identification:_identify(log) ignored
[0.258s] Level 1:colcon.colcon_core.package_identification:_identify(src) by extensions ['ignore', 'ignore_ament_install']
[0.258s] Level 1:colcon.colcon_core.package_identification:_identify(src) by extension 'ignore'
[0.258s] Level 1:colcon.colcon_core.package_identification:_identify(src) by extension 'ignore_ament_install'
[0.258s] Level 1:colcon.colcon_core.package_identification:_identify(src) by extensions ['colcon_pkg']
[0.258s] Level 1:colcon.colcon_core.package_identification:_identify(src) by extension 'colcon_pkg'
[0.258s] Level 1:colcon.colcon_core.package_identification:_identify(src) by extensions ['colcon_meta']
[0.258s] Level 1:colcon.colcon_core.package_identification:_identify(src) by extension 'colcon_meta'
[0.258s] Level 1:colcon.colcon_core.package_identification:_identify(src) by extensions ['ros']
[0.258s] Level 1:colcon.colcon_core.package_identification:_identify(src) by extension 'ros'
[0.258s] Level 1:colcon.colcon_core.package_identification:_identify(src) by extensions ['cmake', 'python']
[0.258s] Level 1:colcon.colcon_core.package_identification:_identify(src) by extension 'cmake'
[0.258s] Level 1:colcon.colcon_core.package_identification:_identify(src) by extension 'python'
[0.258s] Level 1:colcon.colcon_core.package_identification:_identify(src) by extensions ['python_setup_py']
[0.258s] Level 1:colcon.colcon_core.package_identification:_identify(src) by extension 'python_setup_py'
[0.258s] Level 1:colcon.colcon_core.package_identification:_identify(src/arm_urdf) by extensions ['ignore', 'ignore_ament_install']
[0.258s] Level 1:colcon.colcon_core.package_identification:_identify(src/arm_urdf) by extension 'ignore'
[0.258s] Level 1:colcon.colcon_core.package_identification:_identify(src/arm_urdf) by extension 'ignore_ament_install'
[0.258s] Level 1:colcon.colcon_core.package_identification:_identify(src/arm_urdf) by extensions ['colcon_pkg']
[0.258s] Level 1:colcon.colcon_core.package_identification:_identify(src/arm_urdf) by extension 'colcon_pkg'
[0.258s] Level 1:colcon.colcon_core.package_identification:_identify(src/arm_urdf) by extensions ['colcon_meta']
[0.258s] Level 1:colcon.colcon_core.package_identification:_identify(src/arm_urdf) by extension 'colcon_meta'
[0.258s] Level 1:colcon.colcon_core.package_identification:_identify(src/arm_urdf) by extensions ['ros']
[0.258s] Level 1:colcon.colcon_core.package_identification:_identify(src/arm_urdf) by extension 'ros'
[0.260s] DEBUG:colcon.colcon_core.package_identification:Package 'src/arm_urdf' with type 'ros.ament_cmake' and name 'arm_urdf'
[0.260s] Level 1:colcon.colcon_core.package_identification:_identify(src/moveit_config) by extensions ['ignore', 'ignore_ament_install']
[0.261s] Level 1:colcon.colcon_core.package_identification:_identify(src/moveit_config) by extension 'ignore'
[0.261s] Level 1:colcon.colcon_core.package_identification:_identify(src/moveit_config) by extension 'ignore_ament_install'
[0.261s] Level 1:colcon.colcon_core.package_identification:_identify(src/moveit_config) by extensions ['colcon_pkg']
[0.261s] Level 1:colcon.colcon_core.package_identification:_identify(src/moveit_config) by extension 'colcon_pkg'
[0.261s] Level 1:colcon.colcon_core.package_identification:_identify(src/moveit_config) by extensions ['colcon_meta']
[0.261s] Level 1:colcon.colcon_core.package_identification:_identify(src/moveit_config) by extension 'colcon_meta'
[0.261s] Level 1:colcon.colcon_core.package_identification:_identify(src/moveit_config) by extensions ['ros']
[0.261s] Level 1:colcon.colcon_core.package_identification:_identify(src/moveit_config) by extension 'ros'
[0.262s] DEBUG:colcon.colcon_core.package_identification:Package 'src/moveit_config' with type 'ros.ament_cmake' and name 'moveit_config'
[0.262s] Level 1:colcon.colcon_core.package_identification:_identify(src/pictures) by extensions ['ignore', 'ignore_ament_install']
[0.262s] Level 1:colcon.colcon_core.package_identification:_identify(src/pictures) by extension 'ignore'
[0.262s] Level 1:colcon.colcon_core.package_identification:_identify(src/pictures) by extension 'ignore_ament_install'
[0.262s] Level 1:colcon.colcon_core.package_identification:_identify(src/pictures) by extensions ['colcon_pkg']
[0.262s] Level 1:colcon.colcon_core.package_identification:_identify(src/pictures) by extension 'colcon_pkg'
[0.262s] Level 1:colcon.colcon_core.package_identification:_identify(src/pictures) by extensions ['colcon_meta']
[0.262s] Level 1:colcon.colcon_core.package_identification:_identify(src/pictures) by extension 'colcon_meta'
[0.262s] Level 1:colcon.colcon_core.package_identification:_identify(src/pictures) by extensions ['ros']
[0.262s] Level 1:colcon.colcon_core.package_identification:_identify(src/pictures) by extension 'ros'
[0.262s] Level 1:colcon.colcon_core.package_identification:_identify(src/pictures) by extensions ['cmake', 'python']
[0.262s] Level 1:colcon.colcon_core.package_identification:_identify(src/pictures) by extension 'cmake'
[0.262s] Level 1:colcon.colcon_core.package_identification:_identify(src/pictures) by extension 'python'
[0.262s] Level 1:colcon.colcon_core.package_identification:_identify(src/pictures) by extensions ['python_setup_py']
[0.262s] Level 1:colcon.colcon_core.package_identification:_identify(src/pictures) by extension 'python_setup_py'
[0.262s] Level 1:colcon.colcon_core.package_identification:_identify(src/ros_odrive) by extensions ['ignore', 'ignore_ament_install']
[0.262s] Level 1:colcon.colcon_core.package_identification:_identify(src/ros_odrive) by extension 'ignore'
[0.262s] Level 1:colcon.colcon_core.package_identification:_identify(src/ros_odrive) by extension 'ignore_ament_install'
[0.262s] Level 1:colcon.colcon_core.package_identification:_identify(src/ros_odrive) by extensions ['colcon_pkg']
[0.262s] Level 1:colcon.colcon_core.package_identification:_identify(src/ros_odrive) by extension 'colcon_pkg'
[0.262s] Level 1:colcon.colcon_core.package_identification:_identify(src/ros_odrive) by extensions ['colcon_meta']
[0.262s] Level 1:colcon.colcon_core.package_identification:_identify(src/ros_odrive) by extension 'colcon_meta'
[0.262s] Level 1:colcon.colcon_core.package_identification:_identify(src/ros_odrive) by extensions ['ros']
[0.262s] Level 1:colcon.colcon_core.package_identification:_identify(src/ros_odrive) by extension 'ros'
[0.262s] Level 1:colcon.colcon_core.package_identification:_identify(src/ros_odrive) by extensions ['cmake', 'python']
[0.262s] Level 1:colcon.colcon_core.package_identification:_identify(src/ros_odrive) by extension 'cmake'
[0.262s] Level 1:colcon.colcon_core.package_identification:_identify(src/ros_odrive) by extension 'python'
[0.262s] Level 1:colcon.colcon_core.package_identification:_identify(src/ros_odrive) by extensions ['python_setup_py']
[0.262s] Level 1:colcon.colcon_core.package_identification:_identify(src/ros_odrive) by extension 'python_setup_py'
[0.263s] Level 1:colcon.colcon_core.package_identification:_identify(src/ros_odrive/odrive_base) by extensions ['ignore', 'ignore_ament_install']
[0.263s] Level 1:colcon.colcon_core.package_identification:_identify(src/ros_odrive/odrive_base) by extension 'ignore'
[0.263s] Level 1:colcon.colcon_core.package_identification:_identify(src/ros_odrive/odrive_base) by extension 'ignore_ament_install'
[0.263s] Level 1:colcon.colcon_core.package_identification:_identify(src/ros_odrive/odrive_base) by extensions ['colcon_pkg']
[0.263s] Level 1:colcon.colcon_core.package_identification:_identify(src/ros_odrive/odrive_base) by extension 'colcon_pkg'
[0.263s] Level 1:colcon.colcon_core.package_identification:_identify(src/ros_odrive/odrive_base) by extensions ['colcon_meta']
[0.263s] Level 1:colcon.colcon_core.package_identification:_identify(src/ros_odrive/odrive_base) by extension 'colcon_meta'
[0.263s] Level 1:colcon.colcon_core.package_identification:_identify(src/ros_odrive/odrive_base) by extensions ['ros']
[0.263s] Level 1:colcon.colcon_core.package_identification:_identify(src/ros_odrive/odrive_base) by extension 'ros'
[0.263s] Level 1:colcon.colcon_core.package_identification:_identify(src/ros_odrive/odrive_base) by extensions ['cmake', 'python']
[0.263s] Level 1:colcon.colcon_core.package_identification:_identify(src/ros_odrive/odrive_base) by extension 'cmake'
[0.263s] Level 1:colcon.colcon_core.package_identification:_identify(src/ros_odrive/odrive_base) by extension 'python'
[0.263s] Level 1:colcon.colcon_core.package_identification:_identify(src/ros_odrive/odrive_base) by extensions ['python_setup_py']
[0.263s] Level 1:colcon.colcon_core.package_identification:_identify(src/ros_odrive/odrive_base) by extension 'python_setup_py'
[0.263s] Level 1:colcon.colcon_core.package_identification:_identify(src/ros_odrive/odrive_base/include) by extensions ['ignore', 'ignore_ament_install']
[0.263s] Level 1:colcon.colcon_core.package_identification:_identify(src/ros_odrive/odrive_base/include) by extension 'ignore'
[0.263s] Level 1:colcon.colcon_core.package_identification:_identify(src/ros_odrive/odrive_base/include) by extension 'ignore_ament_install'
[0.263s] Level 1:colcon.colcon_core.package_identification:_identify(src/ros_odrive/odrive_base/include) by extensions ['colcon_pkg']
[0.263s] Level 1:colcon.colcon_core.package_identification:_identify(src/ros_odrive/odrive_base/include) by extension 'colcon_pkg'
[0.263s] Level 1:colcon.colcon_core.package_identification:_identify(src/ros_odrive/odrive_base/include) by extensions ['colcon_meta']
[0.263s] Level 1:colcon.colcon_core.package_identification:_identify(src/ros_odrive/odrive_base/include) by extension 'colcon_meta'
[0.263s] Level 1:colcon.colcon_core.package_identification:_identify(src/ros_odrive/odrive_base/include) by extensions ['ros']
[0.263s] Level 1:colcon.colcon_core.package_identification:_identify(src/ros_odrive/odrive_base/include) by extension 'ros'
[0.263s] Level 1:colcon.colcon_core.package_identification:_identify(src/ros_odrive/odrive_base/include) by extensions ['cmake', 'python']
[0.263s] Level 1:colcon.colcon_core.package_identification:_identify(src/ros_odrive/odrive_base/include) by extension 'cmake'
[0.263s] Level 1:colcon.colcon_core.package_identification:_identify(src/ros_odrive/odrive_base/include) by extension 'python'
[0.263s] Level 1:colcon.colcon_core.package_identification:_identify(src/ros_odrive/odrive_base/include) by extensions ['python_setup_py']
[0.263s] Level 1:colcon.colcon_core.package_identification:_identify(src/ros_odrive/odrive_base/include) by extension 'python_setup_py'
[0.263s] Level 1:colcon.colcon_core.package_identification:_identify(src/ros_odrive/odrive_base/src) by extensions ['ignore', 'ignore_ament_install']
[0.264s] Level 1:colcon.colcon_core.package_identification:_identify(src/ros_odrive/odrive_base/src) by extension 'ignore'
[0.264s] Level 1:colcon.colcon_core.package_identification:_identify(src/ros_odrive/odrive_base/src) by extension 'ignore_ament_install'
[0.264s] Level 1:colcon.colcon_core.package_identification:_identify(src/ros_odrive/odrive_base/src) by extensions ['colcon_pkg']
[0.264s] Level 1:colcon.colcon_core.package_identification:_identify(src/ros_odrive/odrive_base/src) by extension 'colcon_pkg'
[0.264s] Level 1:colcon.colcon_core.package_identification:_identify(src/ros_odrive/odrive_base/src) by extensions ['colcon_meta']
[0.264s] Level 1:colcon.colcon_core.package_identification:_identify(src/ros_odrive/odrive_base/src) by extension 'colcon_meta'
[0.264s] Level 1:colcon.colcon_core.package_identification:_identify(src/ros_odrive/odrive_base/src) by extensions ['ros']
[0.264s] Level 1:colcon.colcon_core.package_identification:_identify(src/ros_odrive/odrive_base/src) by extension 'ros'
[0.264s] Level 1:colcon.colcon_core.package_identification:_identify(src/ros_odrive/odrive_base/src) by extensions ['cmake', 'python']
[0.264s] Level 1:colcon.colcon_core.package_identification:_identify(src/ros_odrive/odrive_base/src) by extension 'cmake'
[0.264s] Level 1:colcon.colcon_core.package_identification:_identify(src/ros_odrive/odrive_base/src) by extension 'python'
[0.264s] Level 1:colcon.colcon_core.package_identification:_identify(src/ros_odrive/odrive_base/src) by extensions ['python_setup_py']
[0.264s] Level 1:colcon.colcon_core.package_identification:_identify(src/ros_odrive/odrive_base/src) by extension 'python_setup_py'
[0.264s] Level 1:colcon.colcon_core.package_identification:_identify(src/ros_odrive/odrive_botwheel_explorer) by extensions ['ignore', 'ignore_ament_install']
[0.264s] Level 1:colcon.colcon_core.package_identification:_identify(src/ros_odrive/odrive_botwheel_explorer) by extension 'ignore'
[0.264s] Level 1:colcon.colcon_core.package_identification:_identify(src/ros_odrive/odrive_botwheel_explorer) by extension 'ignore_ament_install'
[0.264s] Level 1:colcon.colcon_core.package_identification:_identify(src/ros_odrive/odrive_botwheel_explorer) by extensions ['colcon_pkg']
[0.264s] Level 1:colcon.colcon_core.package_identification:_identify(src/ros_odrive/odrive_botwheel_explorer) by extension 'colcon_pkg'
[0.264s] Level 1:colcon.colcon_core.package_identification:_identify(src/ros_odrive/odrive_botwheel_explorer) by extensions ['colcon_meta']
[0.264s] Level 1:colcon.colcon_core.package_identification:_identify(src/ros_odrive/odrive_botwheel_explorer) by extension 'colcon_meta'
[0.264s] Level 1:colcon.colcon_core.package_identification:_identify(src/ros_odrive/odrive_botwheel_explorer) by extensions ['ros']
[0.264s] Level 1:colcon.colcon_core.package_identification:_identify(src/ros_odrive/odrive_botwheel_explorer) by extension 'ros'
[0.265s] DEBUG:colcon.colcon_core.package_identification:Package 'src/ros_odrive/odrive_botwheel_explorer' with type 'ros.ament_cmake' and name 'odrive_botwheel_explorer'
[0.265s] Level 1:colcon.colcon_core.package_identification:_identify(src/ros_odrive/odrive_node) by extensions ['ignore', 'ignore_ament_install']
[0.265s] Level 1:colcon.colcon_core.package_identification:_identify(src/ros_odrive/odrive_node) by extension 'ignore'
[0.265s] Level 1:colcon.colcon_core.package_identification:_identify(src/ros_odrive/odrive_node) by extension 'ignore_ament_install'
[0.265s] Level 1:colcon.colcon_core.package_identification:_identify(src/ros_odrive/odrive_node) by extensions ['colcon_pkg']
[0.265s] Level 1:colcon.colcon_core.package_identification:_identify(src/ros_odrive/odrive_node) by extension 'colcon_pkg'
[0.265s] Level 1:colcon.colcon_core.package_identification:_identify(src/ros_odrive/odrive_node) by extensions ['colcon_meta']
[0.265s] Level 1:colcon.colcon_core.package_identification:_identify(src/ros_odrive/odrive_node) by extension 'colcon_meta'
[0.265s] Level 1:colcon.colcon_core.package_identification:_identify(src/ros_odrive/odrive_node) by extensions ['ros']
[0.265s] Level 1:colcon.colcon_core.package_identification:_identify(src/ros_odrive/odrive_node) by extension 'ros'
[0.266s] DEBUG:colcon.colcon_core.package_identification:Package 'src/ros_odrive/odrive_node' with type 'ros.ament_cmake' and name 'odrive_can'
[0.266s] Level 1:colcon.colcon_core.package_identification:_identify(src/ros_odrive/odrive_ros2_control) by extensions ['ignore', 'ignore_ament_install']
[0.266s] Level 1:colcon.colcon_core.package_identification:_identify(src/ros_odrive/odrive_ros2_control) by extension 'ignore'
[0.266s] Level 1:colcon.colcon_core.package_identification:_identify(src/ros_odrive/odrive_ros2_control) by extension 'ignore_ament_install'
[0.266s] Level 1:colcon.colcon_core.package_identification:_identify(src/ros_odrive/odrive_ros2_control) by extensions ['colcon_pkg']
[0.266s] Level 1:colcon.colcon_core.package_identification:_identify(src/ros_odrive/odrive_ros2_control) by extension 'colcon_pkg'
[0.266s] Level 1:colcon.colcon_core.package_identification:_identify(src/ros_odrive/odrive_ros2_control) by extensions ['colcon_meta']
[0.266s] Level 1:colcon.colcon_core.package_identification:_identify(src/ros_odrive/odrive_ros2_control) by extension 'colcon_meta'
[0.266s] Level 1:colcon.colcon_core.package_identification:_identify(src/ros_odrive/odrive_ros2_control) by extensions ['ros']
[0.266s] Level 1:colcon.colcon_core.package_identification:_identify(src/ros_odrive/odrive_ros2_control) by extension 'ros'
[0.266s] DEBUG:colcon.colcon_core.package_identification:Package 'src/ros_odrive/odrive_ros2_control' with type 'ros.ament_cmake' and name 'odrive_ros2_control'
[0.267s] Level 1:colcon.colcon_core.package_discovery:discover_packages(recursive) using defaults
[0.267s] Level 1:colcon.colcon_core.package_discovery:discover_packages(ignore) discover
[0.267s] Level 1:colcon.colcon_core.package_discovery:discover_packages(ignore) using defaults
[0.267s] Level 1:colcon.colcon_core.package_discovery:discover_packages(path) discover
[0.267s] Level 1:colcon.colcon_core.package_discovery:discover_packages(path) using defaults
[0.296s] Level 1:colcon.colcon_core.package_discovery:discover_packages(prefix_path) check parameters
[0.296s] Level 1:colcon.colcon_core.package_discovery:discover_packages(prefix_path) discover
[0.298s] DEBUG:colcon.colcon_installed_package_information.package_discovery:Found 388 installed packages in /opt/ros/humble
[0.300s] Level 1:colcon.colcon_core.package_discovery:discover_packages(prefix_path) using defaults
[0.334s] Level 5:colcon.colcon_core.verb:set package 'arm_urdf' build argument 'cmake_args' from command line to 'None'
[0.334s] Level 5:colcon.colcon_core.verb:set package 'arm_urdf' build argument 'cmake_target' from command line to 'None'
[0.334s] Level 5:colcon.colcon_core.verb:set package 'arm_urdf' build argument 'cmake_target_skip_unavailable' from command line to 'False'
[0.334s] Level 5:colcon.colcon_core.verb:set package 'arm_urdf' build argument 'cmake_clean_cache' from command line to 'False'
[0.334s] Level 5:colcon.colcon_core.verb:set package 'arm_urdf' build argument 'cmake_clean_first' from command line to 'False'
[0.334s] Level 5:colcon.colcon_core.verb:set package 'arm_urdf' build argument 'cmake_force_configure' from command line to 'False'
[0.334s] Level 5:colcon.colcon_core.verb:set package 'arm_urdf' build argument 'ament_cmake_args' from command line to 'None'
[0.334s] Level 5:colcon.colcon_core.verb:set package 'arm_urdf' build argument 'catkin_cmake_args' from command line to 'None'
[0.334s] Level 5:colcon.colcon_core.verb:set package 'arm_urdf' build argument 'catkin_skip_building_tests' from command line to 'False'
[0.334s] DEBUG:colcon.colcon_core.verb:Building package 'arm_urdf' with the following arguments: {'ament_cmake_args': None, 'build_base': '/home/jiaan/arm_project/build/arm_urdf', 'catkin_cmake_args': None, 'catkin_skip_building_tests': False, 'cmake_args': None, 'cmake_clean_cache': False, 'cmake_clean_first': False, 'cmake_force_configure': False, 'cmake_target': None, 'cmake_target_skip_unavailable': False, 'install_base': '/home/jiaan/arm_project/install/arm_urdf', 'merge_install': False, 'path': '/home/jiaan/arm_project/src/arm_urdf', 'symlink_install': False, 'test_result_base': None}
[0.334s] Level 5:colcon.colcon_core.verb:set package 'odrive_can' build argument 'cmake_args' from command line to 'None'
[0.334s] Level 5:colcon.colcon_core.verb:set package 'odrive_can' build argument 'cmake_target' from command line to 'None'
[0.334s] Level 5:colcon.colcon_core.verb:set package 'odrive_can' build argument 'cmake_target_skip_unavailable' from command line to 'False'
[0.334s] Level 5:colcon.colcon_core.verb:set package 'odrive_can' build argument 'cmake_clean_cache' from command line to 'False'
[0.334s] Level 5:colcon.colcon_core.verb:set package 'odrive_can' build argument 'cmake_clean_first' from command line to 'False'
[0.335s] Level 5:colcon.colcon_core.verb:set package 'odrive_can' build argument 'cmake_force_configure' from command line to 'False'
[0.335s] Level 5:colcon.colcon_core.verb:set package 'odrive_can' build argument 'ament_cmake_args' from command line to 'None'
[0.335s] Level 5:colcon.colcon_core.verb:set package 'odrive_can' build argument 'catkin_cmake_args' from command line to 'None'
[0.335s] Level 5:colcon.colcon_core.verb:set package 'odrive_can' build argument 'catkin_skip_building_tests' from command line to 'False'
[0.335s] DEBUG:colcon.colcon_core.verb:Building package 'odrive_can' with the following arguments: {'ament_cmake_args': None, 'build_base': '/home/jiaan/arm_project/build/odrive_can', 'catkin_cmake_args': None, 'catkin_skip_building_tests': False, 'cmake_args': None, 'cmake_clean_cache': False, 'cmake_clean_first': False, 'cmake_force_configure': False, 'cmake_target': None, 'cmake_target_skip_unavailable': False, 'install_base': '/home/jiaan/arm_project/install/odrive_can', 'merge_install': False, 'path': '/home/jiaan/arm_project/src/ros_odrive/odrive_node', 'symlink_install': False, 'test_result_base': None}
[0.335s] Level 5:colcon.colcon_core.verb:set package 'odrive_ros2_control' build argument 'cmake_args' from command line to 'None'
[0.335s] Level 5:colcon.colcon_core.verb:set package 'odrive_ros2_control' build argument 'cmake_target' from command line to 'None'
[0.335s] Level 5:colcon.colcon_core.verb:set package 'odrive_ros2_control' build argument 'cmake_target_skip_unavailable' from command line to 'False'
[0.335s] Level 5:colcon.colcon_core.verb:set package 'odrive_ros2_control' build argument 'cmake_clean_cache' from command line to 'False'
[0.335s] Level 5:colcon.colcon_core.verb:set package 'odrive_ros2_control' build argument 'cmake_clean_first' from command line to 'False'
[0.335s] Level 5:colcon.colcon_core.verb:set package 'odrive_ros2_control' build argument 'cmake_force_configure' from command line to 'False'
[0.335s] Level 5:colcon.colcon_core.verb:set package 'odrive_ros2_control' build argument 'ament_cmake_args' from command line to 'None'
[0.335s] Level 5:colcon.colcon_core.verb:set package 'odrive_ros2_control' build argument 'catkin_cmake_args' from command line to 'None'
[0.335s] Level 5:colcon.colcon_core.verb:set package 'odrive_ros2_control' build argument 'catkin_skip_building_tests' from command line to 'False'
[0.335s] DEBUG:colcon.colcon_core.verb:Building package 'odrive_ros2_control' with the following arguments: {'ament_cmake_args': None, 'build_base': '/home/jiaan/arm_project/build/odrive_ros2_control', 'catkin_cmake_args': None, 'catkin_skip_building_tests': False, 'cmake_args': None, 'cmake_clean_cache': False, 'cmake_clean_first': False, 'cmake_force_configure': False, 'cmake_target': None, 'cmake_target_skip_unavailable': False, 'install_base': '/home/jiaan/arm_project/install/odrive_ros2_control', 'merge_install': False, 'path': '/home/jiaan/arm_project/src/ros_odrive/odrive_ros2_control', 'symlink_install': False, 'test_result_base': None}
[0.335s] Level 5:colcon.colcon_core.verb:set package 'moveit_config' build argument 'cmake_args' from command line to 'None'
[0.335s] Level 5:colcon.colcon_core.verb:set package 'moveit_config' build argument 'cmake_target' from command line to 'None'
[0.335s] Level 5:colcon.colcon_core.verb:set package 'moveit_config' build argument 'cmake_target_skip_unavailable' from command line to 'False'
[0.335s] Level 5:colcon.colcon_core.verb:set package 'moveit_config' build argument 'cmake_clean_cache' from command line to 'False'
[0.335s] Level 5:colcon.colcon_core.verb:set package 'moveit_config' build argument 'cmake_clean_first' from command line to 'False'
[0.335s] Level 5:colcon.colcon_core.verb:set package 'moveit_config' build argument 'cmake_force_configure' from command line to 'False'
[0.335s] Level 5:colcon.colcon_core.verb:set package 'moveit_config' build argument 'ament_cmake_args' from command line to 'None'
[0.335s] Level 5:colcon.colcon_core.verb:set package 'moveit_config' build argument 'catkin_cmake_args' from command line to 'None'
[0.335s] Level 5:colcon.colcon_core.verb:set package 'moveit_config' build argument 'catkin_skip_building_tests' from command line to 'False'
[0.335s] DEBUG:colcon.colcon_core.verb:Building package 'moveit_config' with the following arguments: {'ament_cmake_args': None, 'build_base': '/home/jiaan/arm_project/build/moveit_config', 'catkin_cmake_args': None, 'catkin_skip_building_tests': False, 'cmake_args': None, 'cmake_clean_cache': False, 'cmake_clean_first': False, 'cmake_force_configure': False, 'cmake_target': None, 'cmake_target_skip_unavailable': False, 'install_base': '/home/jiaan/arm_project/install/moveit_config', 'merge_install': False, 'path': '/home/jiaan/arm_project/src/moveit_config', 'symlink_install': False, 'test_result_base': None}
[0.336s] Level 5:colcon.colcon_core.verb:set package 'odrive_botwheel_explorer' build argument 'cmake_args' from command line to 'None'
[0.336s] Level 5:colcon.colcon_core.verb:set package 'odrive_botwheel_explorer' build argument 'cmake_target' from command line to 'None'
[0.336s] Level 5:colcon.colcon_core.verb:set package 'odrive_botwheel_explorer' build argument 'cmake_target_skip_unavailable' from command line to 'False'
[0.336s] Level 5:colcon.colcon_core.verb:set package 'odrive_botwheel_explorer' build argument 'cmake_clean_cache' from command line to 'False'
[0.336s] Level 5:colcon.colcon_core.verb:set package 'odrive_botwheel_explorer' build argument 'cmake_clean_first' from command line to 'False'
[0.336s] Level 5:colcon.colcon_core.verb:set package 'odrive_botwheel_explorer' build argument 'cmake_force_configure' from command line to 'False'
[0.336s] Level 5:colcon.colcon_core.verb:set package 'odrive_botwheel_explorer' build argument 'ament_cmake_args' from command line to 'None'
[0.336s] Level 5:colcon.colcon_core.verb:set package 'odrive_botwheel_explorer' build argument 'catkin_cmake_args' from command line to 'None'
[0.336s] Level 5:colcon.colcon_core.verb:set package 'odrive_botwheel_explorer' build argument 'catkin_skip_building_tests' from command line to 'False'
[0.336s] DEBUG:colcon.colcon_core.verb:Building package 'odrive_botwheel_explorer' with the following arguments: {'ament_cmake_args': None, 'build_base': '/home/jiaan/arm_project/build/odrive_botwheel_explorer', 'catkin_cmake_args': None, 'catkin_skip_building_tests': False, 'cmake_args': None, 'cmake_clean_cache': False, 'cmake_clean_first': False, 'cmake_force_configure': False, 'cmake_target': None, 'cmake_target_skip_unavailable': False, 'install_base': '/home/jiaan/arm_project/install/odrive_botwheel_explorer', 'merge_install': False, 'path': '/home/jiaan/arm_project/src/ros_odrive/odrive_botwheel_explorer', 'symlink_install': False, 'test_result_base': None}
[0.336s] INFO:colcon.colcon_core.executor:Executing jobs using 'parallel' executor
[0.337s] DEBUG:colcon.colcon_parallel_executor.executor.parallel:run_until_complete
[0.337s] INFO:colcon.colcon_ros.task.ament_cmake.build:Building ROS package in '/home/jiaan/arm_project/src/arm_urdf' with build type 'ament_cmake'
[0.337s] INFO:colcon.colcon_cmake.task.cmake.build:Building CMake package in '/home/jiaan/arm_project/src/arm_urdf'
[0.340s] INFO:colcon.colcon_core.plugin_system:Skipping extension 'colcon_core.shell.bat': Not used on non-Windows systems
[0.340s] INFO:colcon.colcon_core.shell:Skip shell extension 'powershell' for command environment: Not usable outside of PowerShell
[0.340s] DEBUG:colcon.colcon_core.shell:Skip shell extension 'dsv' for command environment
[0.343s] INFO:colcon.colcon_ros.task.ament_cmake.build:Building ROS package in '/home/jiaan/arm_project/src/ros_odrive/odrive_ros2_control' with build type 'ament_cmake'
[0.343s] INFO:colcon.colcon_cmake.task.cmake.build:Building CMake package in '/home/jiaan/arm_project/src/ros_odrive/odrive_ros2_control'
[0.343s] INFO:colcon.colcon_core.shell:Skip shell extension 'powershell' for command environment: Not usable outside of PowerShell
[0.343s] DEBUG:colcon.colcon_core.shell:Skip shell extension 'dsv' for command environment
[0.345s] INFO:colcon.colcon_ros.task.ament_cmake.build:Building ROS package in '/home/jiaan/arm_project/src/ros_odrive/odrive_node' with build type 'ament_cmake'
[0.345s] INFO:colcon.colcon_cmake.task.cmake.build:Building CMake package in '/home/jiaan/arm_project/src/ros_odrive/odrive_node'
[0.346s] INFO:colcon.colcon_core.shell:Skip shell extension 'powershell' for command environment: Not usable outside of PowerShell
[0.346s] DEBUG:colcon.colcon_core.shell:Skip shell extension 'dsv' for command environment
[0.352s] DEBUG:colcon.colcon_core.event_handler.log_command:Invoking command in '/home/jiaan/arm_project/build/arm_urdf': CMAKE_PREFIX_PATH=/opt/ros/humble /usr/bin/cmake /home/jiaan/arm_project/src/arm_urdf -DCMAKE_INSTALL_PREFIX=/home/jiaan/arm_project/install/arm_urdf
[0.356s] DEBUG:colcon.colcon_core.event_handler.log_command:Invoking command in '/home/jiaan/arm_project/build/odrive_ros2_control': CMAKE_PREFIX_PATH=/opt/ros/humble /usr/bin/cmake /home/jiaan/arm_project/src/ros_odrive/odrive_ros2_control -DCMAKE_INSTALL_PREFIX=/home/jiaan/arm_project/install/odrive_ros2_control
[0.361s] DEBUG:colcon.colcon_core.event_handler.log_command:Invoking command in '/home/jiaan/arm_project/build/odrive_can': CMAKE_PREFIX_PATH=/opt/ros/humble /usr/bin/cmake /home/jiaan/arm_project/src/ros_odrive/odrive_node -DCMAKE_INSTALL_PREFIX=/home/jiaan/arm_project/install/odrive_can
[0.593s] DEBUG:colcon.colcon_core.event_handler.log_command:Invoked command in '/home/jiaan/arm_project/build/arm_urdf' returned '0': CMAKE_PREFIX_PATH=/opt/ros/humble /usr/bin/cmake /home/jiaan/arm_project/src/arm_urdf -DCMAKE_INSTALL_PREFIX=/home/jiaan/arm_project/install/arm_urdf
[0.595s] DEBUG:colcon.colcon_core.event_handler.log_command:Invoking command in '/home/jiaan/arm_project/build/arm_urdf': CMAKE_PREFIX_PATH=/opt/ros/humble /usr/bin/cmake --build /home/jiaan/arm_project/build/arm_urdf -- -j16 -l16
[0.628s] DEBUG:colcon.colcon_core.event_handler.log_command:Invoked command in '/home/jiaan/arm_project/build/arm_urdf' returned '0': CMAKE_PREFIX_PATH=/opt/ros/humble /usr/bin/cmake --build /home/jiaan/arm_project/build/arm_urdf -- -j16 -l16
[0.654s] DEBUG:colcon.colcon_core.event_handler.log_command:Invoking command in '/home/jiaan/arm_project/build/arm_urdf': CMAKE_PREFIX_PATH=/opt/ros/humble /usr/bin/cmake --install /home/jiaan/arm_project/build/arm_urdf
[0.674s] Level 1:colcon.colcon_core.environment:create_environment_scripts_only(arm_urdf)
[0.675s] DEBUG:colcon.colcon_core.event_handler.log_command:Invoked command in '/home/jiaan/arm_project/build/arm_urdf' returned '0': CMAKE_PREFIX_PATH=/opt/ros/humble /usr/bin/cmake --install /home/jiaan/arm_project/build/arm_urdf
[0.679s] Level 1:colcon.colcon_core.environment:checking '/home/jiaan/arm_project/install/arm_urdf' for CMake module files
[0.680s] Level 1:colcon.colcon_core.environment:checking '/home/jiaan/arm_project/install/arm_urdf' for CMake config files
[0.680s] Level 1:colcon.colcon_core.shell:create_environment_hook('arm_urdf', 'cmake_prefix_path')
[0.680s] INFO:colcon.colcon_core.shell:Creating environment hook '/home/jiaan/arm_project/install/arm_urdf/share/arm_urdf/hook/cmake_prefix_path.ps1'
[0.681s] INFO:colcon.colcon_core.shell:Creating environment descriptor '/home/jiaan/arm_project/install/arm_urdf/share/arm_urdf/hook/cmake_prefix_path.dsv'
[0.681s] INFO:colcon.colcon_core.shell:Creating environment hook '/home/jiaan/arm_project/install/arm_urdf/share/arm_urdf/hook/cmake_prefix_path.sh'
[0.682s] Level 1:colcon.colcon_core.environment:checking '/home/jiaan/arm_project/install/arm_urdf/bin'
[0.683s] Level 1:colcon.colcon_core.environment:checking '/home/jiaan/arm_project/install/arm_urdf/lib/pkgconfig/arm_urdf.pc'
[0.683s] Level 1:colcon.colcon_core.environment:checking '/home/jiaan/arm_project/install/arm_urdf/lib/python3.10/site-packages'
[0.683s] Level 1:colcon.colcon_core.environment:checking '/home/jiaan/arm_project/install/arm_urdf/bin'
[0.683s] INFO:colcon.colcon_core.shell:Creating package script '/home/jiaan/arm_project/install/arm_urdf/share/arm_urdf/package.ps1'
[0.684s] INFO:colcon.colcon_core.shell:Creating package descriptor '/home/jiaan/arm_project/install/arm_urdf/share/arm_urdf/package.dsv'
[0.685s] INFO:colcon.colcon_core.shell:Creating package script '/home/jiaan/arm_project/install/arm_urdf/share/arm_urdf/package.sh'
[0.685s] INFO:colcon.colcon_core.shell:Creating package script '/home/jiaan/arm_project/install/arm_urdf/share/arm_urdf/package.bash'
[0.686s] INFO:colcon.colcon_core.shell:Creating package script '/home/jiaan/arm_project/install/arm_urdf/share/arm_urdf/package.zsh'
[0.687s] Level 1:colcon.colcon_core.environment:create_file_with_runtime_dependencies(/home/jiaan/arm_project/install/arm_urdf/share/colcon-core/packages/arm_urdf)
[0.704s] Level 1:colcon.colcon_core.environment:create_environment_scripts_only(arm_urdf)
[0.704s] Level 1:colcon.colcon_core.environment:checking '/home/jiaan/arm_project/install/arm_urdf' for CMake module files
[0.705s] Level 1:colcon.colcon_core.environment:checking '/home/jiaan/arm_project/install/arm_urdf' for CMake config files
[0.705s] Level 1:colcon.colcon_core.shell:create_environment_hook('arm_urdf', 'cmake_prefix_path')
[0.706s] INFO:colcon.colcon_core.shell:Creating environment hook '/home/jiaan/arm_project/install/arm_urdf/share/arm_urdf/hook/cmake_prefix_path.ps1'
[0.706s] INFO:colcon.colcon_core.shell:Creating environment descriptor '/home/jiaan/arm_project/install/arm_urdf/share/arm_urdf/hook/cmake_prefix_path.dsv'
[0.707s] INFO:colcon.colcon_core.shell:Creating environment hook '/home/jiaan/arm_project/install/arm_urdf/share/arm_urdf/hook/cmake_prefix_path.sh'
[0.707s] Level 1:colcon.colcon_core.environment:checking '/home/jiaan/arm_project/install/arm_urdf/bin'
[0.707s] Level 1:colcon.colcon_core.environment:checking '/home/jiaan/arm_project/install/arm_urdf/lib/pkgconfig/arm_urdf.pc'
[0.708s] Level 1:colcon.colcon_core.environment:checking '/home/jiaan/arm_project/install/arm_urdf/lib/python3.10/site-packages'
[0.708s] Level 1:colcon.colcon_core.environment:checking '/home/jiaan/arm_project/install/arm_urdf/bin'
[0.709s] INFO:colcon.colcon_core.shell:Creating package script '/home/jiaan/arm_project/install/arm_urdf/share/arm_urdf/package.ps1'
[0.709s] INFO:colcon.colcon_core.shell:Creating package descriptor '/home/jiaan/arm_project/install/arm_urdf/share/arm_urdf/package.dsv'
[0.710s] INFO:colcon.colcon_core.shell:Creating package script '/home/jiaan/arm_project/install/arm_urdf/share/arm_urdf/package.sh'
[0.710s] INFO:colcon.colcon_core.shell:Creating package script '/home/jiaan/arm_project/install/arm_urdf/share/arm_urdf/package.bash'
[0.711s] INFO:colcon.colcon_core.shell:Creating package script '/home/jiaan/arm_project/install/arm_urdf/share/arm_urdf/package.zsh'
[0.711s] Level 1:colcon.colcon_core.environment:create_file_with_runtime_dependencies(/home/jiaan/arm_project/install/arm_urdf/share/colcon-core/packages/arm_urdf)
[0.712s] INFO:colcon.colcon_ros.task.ament_cmake.build:Building ROS package in '/home/jiaan/arm_project/src/moveit_config' with build type 'ament_cmake'
[0.712s] INFO:colcon.colcon_cmake.task.cmake.build:Building CMake package in '/home/jiaan/arm_project/src/moveit_config'
[0.712s] INFO:colcon.colcon_core.shell:Skip shell extension 'powershell' for command environment: Not usable outside of PowerShell
[0.712s] DEBUG:colcon.colcon_core.shell:Skip shell extension 'dsv' for command environment
[0.720s] DEBUG:colcon.colcon_core.event_handler.log_command:Invoking command in '/home/jiaan/arm_project/build/moveit_config': AMENT_PREFIX_PATH=/home/jiaan/arm_project/install/arm_urdf:${AMENT_PREFIX_PATH} CMAKE_PREFIX_PATH=/home/jiaan/arm_project/install/arm_urdf:/opt/ros/humble /usr/bin/cmake --build /home/jiaan/arm_project/build/moveit_config -- -j16 -l16
[0.942s] DEBUG:colcon.colcon_core.event_handler.log_command:Invoked command in '/home/jiaan/arm_project/build/moveit_config' returned '0': AMENT_PREFIX_PATH=/home/jiaan/arm_project/install/arm_urdf:${AMENT_PREFIX_PATH} CMAKE_PREFIX_PATH=/home/jiaan/arm_project/install/arm_urdf:/opt/ros/humble /usr/bin/cmake --build /home/jiaan/arm_project/build/moveit_config -- -j16 -l16
[0.960s] DEBUG:colcon.colcon_core.event_handler.log_command:Invoking command in '/home/jiaan/arm_project/build/moveit_config': AMENT_PREFIX_PATH=/home/jiaan/arm_project/install/arm_urdf:${AMENT_PREFIX_PATH} CMAKE_PREFIX_PATH=/home/jiaan/arm_project/install/arm_urdf:/opt/ros/humble /usr/bin/cmake --install /home/jiaan/arm_project/build/moveit_config
[0.972s] Level 1:colcon.colcon_core.environment:create_environment_scripts_only(moveit_config)
[0.972s] Level 1:colcon.colcon_core.environment:checking '/home/jiaan/arm_project/install/moveit_config' for CMake module files
[0.973s] DEBUG:colcon.colcon_core.event_handler.log_command:Invoked command in '/home/jiaan/arm_project/build/moveit_config' returned '0': AMENT_PREFIX_PATH=/home/jiaan/arm_project/install/arm_urdf:${AMENT_PREFIX_PATH} CMAKE_PREFIX_PATH=/home/jiaan/arm_project/install/arm_urdf:/opt/ros/humble /usr/bin/cmake --install /home/jiaan/arm_project/build/moveit_config
[0.973s] Level 1:colcon.colcon_core.environment:checking '/home/jiaan/arm_project/install/moveit_config' for CMake config files
[0.973s] Level 1:colcon.colcon_core.shell:create_environment_hook('moveit_config', 'cmake_prefix_path')
[0.974s] INFO:colcon.colcon_core.shell:Creating environment hook '/home/jiaan/arm_project/install/moveit_config/share/moveit_config/hook/cmake_prefix_path.ps1'
[0.974s] INFO:colcon.colcon_core.shell:Creating environment descriptor '/home/jiaan/arm_project/install/moveit_config/share/moveit_config/hook/cmake_prefix_path.dsv'
[0.975s] INFO:colcon.colcon_core.shell:Creating environment hook '/home/jiaan/arm_project/install/moveit_config/share/moveit_config/hook/cmake_prefix_path.sh'
[0.975s] Level 1:colcon.colcon_core.environment:checking '/home/jiaan/arm_project/install/moveit_config/bin'
[0.975s] Level 1:colcon.colcon_core.environment:checking '/home/jiaan/arm_project/install/moveit_config/lib/pkgconfig/moveit_config.pc'
[0.976s] Level 1:colcon.colcon_core.environment:checking '/home/jiaan/arm_project/install/moveit_config/lib/python3.10/site-packages'
[0.976s] Level 1:colcon.colcon_core.environment:checking '/home/jiaan/arm_project/install/moveit_config/bin'
[0.976s] INFO:colcon.colcon_core.shell:Creating package script '/home/jiaan/arm_project/install/moveit_config/share/moveit_config/package.ps1'
[0.976s] INFO:colcon.colcon_core.shell:Creating package descriptor '/home/jiaan/arm_project/install/moveit_config/share/moveit_config/package.dsv'
[0.976s] INFO:colcon.colcon_core.shell:Creating package script '/home/jiaan/arm_project/install/moveit_config/share/moveit_config/package.sh'
[0.977s] INFO:colcon.colcon_core.shell:Creating package script '/home/jiaan/arm_project/install/moveit_config/share/moveit_config/package.bash'
[0.977s] INFO:colcon.colcon_core.shell:Creating package script '/home/jiaan/arm_project/install/moveit_config/share/moveit_config/package.zsh'
[0.977s] Level 1:colcon.colcon_core.environment:create_file_with_runtime_dependencies(/home/jiaan/arm_project/install/moveit_config/share/colcon-core/packages/moveit_config)
[0.996s] Level 1:colcon.colcon_core.environment:create_environment_scripts_only(moveit_config)
[0.997s] Level 1:colcon.colcon_core.environment:checking '/home/jiaan/arm_project/install/moveit_config' for CMake module files
[0.998s] Level 1:colcon.colcon_core.environment:checking '/home/jiaan/arm_project/install/moveit_config' for CMake config files
[0.998s] Level 1:colcon.colcon_core.shell:create_environment_hook('moveit_config', 'cmake_prefix_path')
[0.998s] INFO:colcon.colcon_core.shell:Creating environment hook '/home/jiaan/arm_project/install/moveit_config/share/moveit_config/hook/cmake_prefix_path.ps1'
[0.999s] INFO:colcon.colcon_core.shell:Creating environment descriptor '/home/jiaan/arm_project/install/moveit_config/share/moveit_config/hook/cmake_prefix_path.dsv'
[0.999s] INFO:colcon.colcon_core.shell:Creating environment hook '/home/jiaan/arm_project/install/moveit_config/share/moveit_config/hook/cmake_prefix_path.sh'
[1.000s] Level 1:colcon.colcon_core.environment:checking '/home/jiaan/arm_project/install/moveit_config/bin'
[1.000s] Level 1:colcon.colcon_core.environment:checking '/home/jiaan/arm_project/install/moveit_config/lib/pkgconfig/moveit_config.pc'
[1.000s] Level 1:colcon.colcon_core.environment:checking '/home/jiaan/arm_project/install/moveit_config/lib/python3.10/site-packages'
[1.001s] Level 1:colcon.colcon_core.environment:checking '/home/jiaan/arm_project/install/moveit_config/bin'
[1.001s] INFO:colcon.colcon_core.shell:Creating package script '/home/jiaan/arm_project/install/moveit_config/share/moveit_config/package.ps1'
[1.002s] INFO:colcon.colcon_core.shell:Creating package descriptor '/home/jiaan/arm_project/install/moveit_config/share/moveit_config/package.dsv'
[1.002s] INFO:colcon.colcon_core.shell:Creating package script '/home/jiaan/arm_project/install/moveit_config/share/moveit_config/package.sh'
[1.003s] INFO:colcon.colcon_core.shell:Creating package script '/home/jiaan/arm_project/install/moveit_config/share/moveit_config/package.bash'
[1.003s] INFO:colcon.colcon_core.shell:Creating package script '/home/jiaan/arm_project/install/moveit_config/share/moveit_config/package.zsh'
[1.004s] Level 1:colcon.colcon_core.environment:create_file_with_runtime_dependencies(/home/jiaan/arm_project/install/moveit_config/share/colcon-core/packages/moveit_config)
[1.453s] DEBUG:colcon.colcon_core.event_handler.log_command:Invoked command in '/home/jiaan/arm_project/build/odrive_ros2_control' returned '0': CMAKE_PREFIX_PATH=/opt/ros/humble /usr/bin/cmake /home/jiaan/arm_project/src/ros_odrive/odrive_ros2_control -DCMAKE_INSTALL_PREFIX=/home/jiaan/arm_project/install/odrive_ros2_control
[1.454s] DEBUG:colcon.colcon_core.event_handler.log_command:Invoking command in '/home/jiaan/arm_project/build/odrive_ros2_control': CMAKE_PREFIX_PATH=/opt/ros/humble /usr/bin/cmake --build /home/jiaan/arm_project/build/odrive_ros2_control -- -j16 -l16
[1.540s] DEBUG:colcon.colcon_core.event_handler.log_command:Invoked command in '/home/jiaan/arm_project/build/odrive_ros2_control' returned '0': CMAKE_PREFIX_PATH=/opt/ros/humble /usr/bin/cmake --build /home/jiaan/arm_project/build/odrive_ros2_control -- -j16 -l16
[1.565s] DEBUG:colcon.colcon_core.event_handler.log_command:Invoking command in '/home/jiaan/arm_project/build/odrive_ros2_control': CMAKE_PREFIX_PATH=/opt/ros/humble /usr/bin/cmake --install /home/jiaan/arm_project/build/odrive_ros2_control
[1.575s] DEBUG:colcon.colcon_core.event_handler.log_command:Invoked command in '/home/jiaan/arm_project/build/odrive_can' returned '0': CMAKE_PREFIX_PATH=/opt/ros/humble /usr/bin/cmake /home/jiaan/arm_project/src/ros_odrive/odrive_node -DCMAKE_INSTALL_PREFIX=/home/jiaan/arm_project/install/odrive_can
[1.577s] DEBUG:colcon.colcon_core.event_handler.log_command:Invoking command in '/home/jiaan/arm_project/build/odrive_can': CMAKE_PREFIX_PATH=/opt/ros/humble /usr/bin/cmake --build /home/jiaan/arm_project/build/odrive_can -- -j16 -l16
[1.587s] Level 1:colcon.colcon_core.environment:create_environment_scripts_only(odrive_ros2_control)
[1.587s] Level 1:colcon.colcon_core.environment:checking '/home/jiaan/arm_project/install/odrive_ros2_control' for CMake module files
[1.587s] DEBUG:colcon.colcon_core.event_handler.log_command:Invoked command in '/home/jiaan/arm_project/build/odrive_ros2_control' returned '0': CMAKE_PREFIX_PATH=/opt/ros/humble /usr/bin/cmake --install /home/jiaan/arm_project/build/odrive_ros2_control
[1.588s] Level 1:colcon.colcon_core.environment:checking '/home/jiaan/arm_project/install/odrive_ros2_control' for CMake config files
[1.588s] Level 1:colcon.colcon_core.shell:create_environment_hook('odrive_ros2_control', 'cmake_prefix_path')
[1.588s] INFO:colcon.colcon_core.shell:Creating environment hook '/home/jiaan/arm_project/install/odrive_ros2_control/share/odrive_ros2_control/hook/cmake_prefix_path.ps1'
[1.588s] INFO:colcon.colcon_core.shell:Creating environment descriptor '/home/jiaan/arm_project/install/odrive_ros2_control/share/odrive_ros2_control/hook/cmake_prefix_path.dsv'
[1.589s] INFO:colcon.colcon_core.shell:Creating environment hook '/home/jiaan/arm_project/install/odrive_ros2_control/share/odrive_ros2_control/hook/cmake_prefix_path.sh'
[1.589s] Level 1:colcon.colcon_core.environment:checking '/home/jiaan/arm_project/install/odrive_ros2_control/lib'
[1.589s] Level 1:colcon.colcon_core.shell:create_environment_hook('odrive_ros2_control', 'ld_library_path_lib')
[1.589s] INFO:colcon.colcon_core.shell:Creating environment hook '/home/jiaan/arm_project/install/odrive_ros2_control/share/odrive_ros2_control/hook/ld_library_path_lib.ps1'
[1.590s] INFO:colcon.colcon_core.shell:Creating environment descriptor '/home/jiaan/arm_project/install/odrive_ros2_control/share/odrive_ros2_control/hook/ld_library_path_lib.dsv'
[1.590s] INFO:colcon.colcon_core.shell:Creating environment hook '/home/jiaan/arm_project/install/odrive_ros2_control/share/odrive_ros2_control/hook/ld_library_path_lib.sh'
[1.590s] Level 1:colcon.colcon_core.environment:checking '/home/jiaan/arm_project/install/odrive_ros2_control/bin'
[1.590s] Level 1:colcon.colcon_core.environment:checking '/home/jiaan/arm_project/install/odrive_ros2_control/lib/pkgconfig/odrive_ros2_control.pc'
[1.591s] Level 1:colcon.colcon_core.environment:checking '/home/jiaan/arm_project/install/odrive_ros2_control/lib/python3.10/site-packages'
[1.591s] Level 1:colcon.colcon_core.environment:checking '/home/jiaan/arm_project/install/odrive_ros2_control/bin'
[1.591s] INFO:colcon.colcon_core.shell:Creating package script '/home/jiaan/arm_project/install/odrive_ros2_control/share/odrive_ros2_control/package.ps1'
[1.591s] INFO:colcon.colcon_core.shell:Creating package descriptor '/home/jiaan/arm_project/install/odrive_ros2_control/share/odrive_ros2_control/package.dsv'
[1.592s] INFO:colcon.colcon_core.shell:Creating package script '/home/jiaan/arm_project/install/odrive_ros2_control/share/odrive_ros2_control/package.sh'
[1.592s] INFO:colcon.colcon_core.shell:Creating package script '/home/jiaan/arm_project/install/odrive_ros2_control/share/odrive_ros2_control/package.bash'
[1.592s] INFO:colcon.colcon_core.shell:Creating package script '/home/jiaan/arm_project/install/odrive_ros2_control/share/odrive_ros2_control/package.zsh'
[1.592s] Level 1:colcon.colcon_core.environment:create_file_with_runtime_dependencies(/home/jiaan/arm_project/install/odrive_ros2_control/share/colcon-core/packages/odrive_ros2_control)
[1.616s] Level 1:colcon.colcon_core.environment:create_environment_scripts_only(odrive_ros2_control)
[1.616s] Level 1:colcon.colcon_core.environment:checking '/home/jiaan/arm_project/install/odrive_ros2_control' for CMake module files
[1.617s] Level 1:colcon.colcon_core.environment:checking '/home/jiaan/arm_project/install/odrive_ros2_control' for CMake config files
[1.617s] Level 1:colcon.colcon_core.shell:create_environment_hook('odrive_ros2_control', 'cmake_prefix_path')
[1.617s] INFO:colcon.colcon_core.shell:Creating environment hook '/home/jiaan/arm_project/install/odrive_ros2_control/share/odrive_ros2_control/hook/cmake_prefix_path.ps1'
[1.617s] INFO:colcon.colcon_core.shell:Creating environment descriptor '/home/jiaan/arm_project/install/odrive_ros2_control/share/odrive_ros2_control/hook/cmake_prefix_path.dsv'
[1.618s] INFO:colcon.colcon_core.shell:Creating environment hook '/home/jiaan/arm_project/install/odrive_ros2_control/share/odrive_ros2_control/hook/cmake_prefix_path.sh'
[1.618s] Level 1:colcon.colcon_core.environment:checking '/home/jiaan/arm_project/install/odrive_ros2_control/lib'
[1.618s] Level 1:colcon.colcon_core.shell:create_environment_hook('odrive_ros2_control', 'ld_library_path_lib')
[1.618s] INFO:colcon.colcon_core.shell:Creating environment hook '/home/jiaan/arm_project/install/odrive_ros2_control/share/odrive_ros2_control/hook/ld_library_path_lib.ps1'
[1.619s] INFO:colcon.colcon_core.shell:Creating environment descriptor '/home/jiaan/arm_project/install/odrive_ros2_control/share/odrive_ros2_control/hook/ld_library_path_lib.dsv'
[1.619s] INFO:colcon.colcon_core.shell:Creating environment hook '/home/jiaan/arm_project/install/odrive_ros2_control/share/odrive_ros2_control/hook/ld_library_path_lib.sh'
[1.619s] Level 1:colcon.colcon_core.environment:checking '/home/jiaan/arm_project/install/odrive_ros2_control/bin'
[1.619s] Level 1:colcon.colcon_core.environment:checking '/home/jiaan/arm_project/install/odrive_ros2_control/lib/pkgconfig/odrive_ros2_control.pc'
[1.619s] Level 1:colcon.colcon_core.environment:checking '/home/jiaan/arm_project/install/odrive_ros2_control/lib/python3.10/site-packages'
[1.619s] Level 1:colcon.colcon_core.environment:checking '/home/jiaan/arm_project/install/odrive_ros2_control/bin'
[1.620s] INFO:colcon.colcon_core.shell:Creating package script '/home/jiaan/arm_project/install/odrive_ros2_control/share/odrive_ros2_control/package.ps1'
[1.620s] INFO:colcon.colcon_core.shell:Creating package descriptor '/home/jiaan/arm_project/install/odrive_ros2_control/share/odrive_ros2_control/package.dsv'
[1.621s] INFO:colcon.colcon_core.shell:Creating package script '/home/jiaan/arm_project/install/odrive_ros2_control/share/odrive_ros2_control/package.sh'
[1.621s] INFO:colcon.colcon_core.shell:Creating package script '/home/jiaan/arm_project/install/odrive_ros2_control/share/odrive_ros2_control/package.bash'
[1.621s] INFO:colcon.colcon_core.shell:Creating package script '/home/jiaan/arm_project/install/odrive_ros2_control/share/odrive_ros2_control/package.zsh'
[1.622s] Level 1:colcon.colcon_core.environment:create_file_with_runtime_dependencies(/home/jiaan/arm_project/install/odrive_ros2_control/share/colcon-core/packages/odrive_ros2_control)
[1.622s] INFO:colcon.colcon_ros.task.ament_cmake.build:Building ROS package in '/home/jiaan/arm_project/src/ros_odrive/odrive_botwheel_explorer' with build type 'ament_cmake'
[1.622s] INFO:colcon.colcon_cmake.task.cmake.build:Building CMake package in '/home/jiaan/arm_project/src/ros_odrive/odrive_botwheel_explorer'
[1.623s] INFO:colcon.colcon_core.shell:Skip shell extension 'powershell' for command environment: Not usable outside of PowerShell
[1.623s] DEBUG:colcon.colcon_core.shell:Skip shell extension 'dsv' for command environment
[1.638s] DEBUG:colcon.colcon_core.event_handler.log_command:Invoking command in '/home/jiaan/arm_project/build/odrive_botwheel_explorer': AMENT_PREFIX_PATH=/home/jiaan/arm_project/install/odrive_ros2_control:${AMENT_PREFIX_PATH} CMAKE_PREFIX_PATH=/home/jiaan/arm_project/install/odrive_ros2_control:/opt/ros/humble LD_LIBRARY_PATH=/home/jiaan/arm_project/install/odrive_ros2_control/lib:${LD_LIBRARY_PATH} /usr/bin/cmake /home/jiaan/arm_project/src/ros_odrive/odrive_botwheel_explorer -DCMAKE_INSTALL_PREFIX=/home/jiaan/arm_project/install/odrive_botwheel_explorer
[1.888s] DEBUG:colcon.colcon_core.event_handler.log_command:Invoked command in '/home/jiaan/arm_project/build/odrive_botwheel_explorer' returned '0': AMENT_PREFIX_PATH=/home/jiaan/arm_project/install/odrive_ros2_control:${AMENT_PREFIX_PATH} CMAKE_PREFIX_PATH=/home/jiaan/arm_project/install/odrive_ros2_control:/opt/ros/humble LD_LIBRARY_PATH=/home/jiaan/arm_project/install/odrive_ros2_control/lib:${LD_LIBRARY_PATH} /usr/bin/cmake /home/jiaan/arm_project/src/ros_odrive/odrive_botwheel_explorer -DCMAKE_INSTALL_PREFIX=/home/jiaan/arm_project/install/odrive_botwheel_explorer
[1.890s] DEBUG:colcon.colcon_core.event_handler.log_command:Invoking command in '/home/jiaan/arm_project/build/odrive_botwheel_explorer': AMENT_PREFIX_PATH=/home/jiaan/arm_project/install/odrive_ros2_control:${AMENT_PREFIX_PATH} CMAKE_PREFIX_PATH=/home/jiaan/arm_project/install/odrive_ros2_control:/opt/ros/humble LD_LIBRARY_PATH=/home/jiaan/arm_project/install/odrive_ros2_control/lib:${LD_LIBRARY_PATH} /usr/bin/cmake --build /home/jiaan/arm_project/build/odrive_botwheel_explorer -- -j16 -l16
[1.932s] DEBUG:colcon.colcon_core.event_handler.log_command:Invoked command in '/home/jiaan/arm_project/build/odrive_botwheel_explorer' returned '0': AMENT_PREFIX_PATH=/home/jiaan/arm_project/install/odrive_ros2_control:${AMENT_PREFIX_PATH} CMAKE_PREFIX_PATH=/home/jiaan/arm_project/install/odrive_ros2_control:/opt/ros/humble LD_LIBRARY_PATH=/home/jiaan/arm_project/install/odrive_ros2_control/lib:${LD_LIBRARY_PATH} /usr/bin/cmake --build /home/jiaan/arm_project/build/odrive_botwheel_explorer -- -j16 -l16
[1.956s] DEBUG:colcon.colcon_core.event_handler.log_command:Invoking command in '/home/jiaan/arm_project/build/odrive_botwheel_explorer': AMENT_PREFIX_PATH=/home/jiaan/arm_project/install/odrive_ros2_control:${AMENT_PREFIX_PATH} CMAKE_PREFIX_PATH=/home/jiaan/arm_project/install/odrive_ros2_control:/opt/ros/humble LD_LIBRARY_PATH=/home/jiaan/arm_project/install/odrive_ros2_control/lib:${LD_LIBRARY_PATH} /usr/bin/cmake --install /home/jiaan/arm_project/build/odrive_botwheel_explorer
[1.974s] DEBUG:colcon.colcon_core.event_handler.log_command:Invoked command in '/home/jiaan/arm_project/build/odrive_can' returned '0': CMAKE_PREFIX_PATH=/opt/ros/humble /usr/bin/cmake --build /home/jiaan/arm_project/build/odrive_can -- -j16 -l16
[1.982s] Level 1:colcon.colcon_core.environment:create_environment_scripts_only(odrive_botwheel_explorer)
[1.983s] Level 1:colcon.colcon_core.environment:checking '/home/jiaan/arm_project/install/odrive_botwheel_explorer' for CMake module files
[1.984s] DEBUG:colcon.colcon_core.event_handler.log_command:Invoked command in '/home/jiaan/arm_project/build/odrive_botwheel_explorer' returned '0': AMENT_PREFIX_PATH=/home/jiaan/arm_project/install/odrive_ros2_control:${AMENT_PREFIX_PATH} CMAKE_PREFIX_PATH=/home/jiaan/arm_project/install/odrive_ros2_control:/opt/ros/humble LD_LIBRARY_PATH=/home/jiaan/arm_project/install/odrive_ros2_control/lib:${LD_LIBRARY_PATH} /usr/bin/cmake --install /home/jiaan/arm_project/build/odrive_botwheel_explorer
[1.985s] Level 1:colcon.colcon_core.environment:checking '/home/jiaan/arm_project/install/odrive_botwheel_explorer' for CMake config files
[1.985s] Level 1:colcon.colcon_core.shell:create_environment_hook('odrive_botwheel_explorer', 'cmake_prefix_path')
[1.986s] INFO:colcon.colcon_core.shell:Creating environment hook '/home/jiaan/arm_project/install/odrive_botwheel_explorer/share/odrive_botwheel_explorer/hook/cmake_prefix_path.ps1'
[1.987s] INFO:colcon.colcon_core.shell:Creating environment descriptor '/home/jiaan/arm_project/install/odrive_botwheel_explorer/share/odrive_botwheel_explorer/hook/cmake_prefix_path.dsv'
[1.987s] INFO:colcon.colcon_core.shell:Creating environment hook '/home/jiaan/arm_project/install/odrive_botwheel_explorer/share/odrive_botwheel_explorer/hook/cmake_prefix_path.sh'
[1.988s] Level 1:colcon.colcon_core.environment:checking '/home/jiaan/arm_project/install/odrive_botwheel_explorer/bin'
[1.988s] Level 1:colcon.colcon_core.environment:checking '/home/jiaan/arm_project/install/odrive_botwheel_explorer/lib/pkgconfig/odrive_botwheel_explorer.pc'
[1.988s] Level 1:colcon.colcon_core.environment:checking '/home/jiaan/arm_project/install/odrive_botwheel_explorer/lib/python3.10/site-packages'
[1.988s] Level 1:colcon.colcon_core.environment:checking '/home/jiaan/arm_project/install/odrive_botwheel_explorer/bin'
[1.989s] INFO:colcon.colcon_core.shell:Creating package script '/home/jiaan/arm_project/install/odrive_botwheel_explorer/share/odrive_botwheel_explorer/package.ps1'
[1.990s] INFO:colcon.colcon_core.shell:Creating package descriptor '/home/jiaan/arm_project/install/odrive_botwheel_explorer/share/odrive_botwheel_explorer/package.dsv'
[1.990s] INFO:colcon.colcon_core.shell:Creating package script '/home/jiaan/arm_project/install/odrive_botwheel_explorer/share/odrive_botwheel_explorer/package.sh'
[1.991s] INFO:colcon.colcon_core.shell:Creating package script '/home/jiaan/arm_project/install/odrive_botwheel_explorer/share/odrive_botwheel_explorer/package.bash'
[1.991s] INFO:colcon.colcon_core.shell:Creating package script '/home/jiaan/arm_project/install/odrive_botwheel_explorer/share/odrive_botwheel_explorer/package.zsh'
[1.992s] Level 1:colcon.colcon_core.environment:create_file_with_runtime_dependencies(/home/jiaan/arm_project/install/odrive_botwheel_explorer/share/colcon-core/packages/odrive_botwheel_explorer)
[2.012s] Level 1:colcon.colcon_core.environment:create_environment_scripts_only(odrive_botwheel_explorer)
[2.013s] Level 1:colcon.colcon_core.environment:checking '/home/jiaan/arm_project/install/odrive_botwheel_explorer' for CMake module files
[2.014s] Level 1:colcon.colcon_core.environment:checking '/home/jiaan/arm_project/install/odrive_botwheel_explorer' for CMake config files
[2.014s] Level 1:colcon.colcon_core.shell:create_environment_hook('odrive_botwheel_explorer', 'cmake_prefix_path')
[2.014s] INFO:colcon.colcon_core.shell:Creating environment hook '/home/jiaan/arm_project/install/odrive_botwheel_explorer/share/odrive_botwheel_explorer/hook/cmake_prefix_path.ps1'
[2.015s] INFO:colcon.colcon_core.shell:Creating environment descriptor '/home/jiaan/arm_project/install/odrive_botwheel_explorer/share/odrive_botwheel_explorer/hook/cmake_prefix_path.dsv'
[2.015s] INFO:colcon.colcon_core.shell:Creating environment hook '/home/jiaan/arm_project/install/odrive_botwheel_explorer/share/odrive_botwheel_explorer/hook/cmake_prefix_path.sh'
[2.016s] Level 1:colcon.colcon_core.environment:checking '/home/jiaan/arm_project/install/odrive_botwheel_explorer/bin'
[2.016s] Level 1:colcon.colcon_core.environment:checking '/home/jiaan/arm_project/install/odrive_botwheel_explorer/lib/pkgconfig/odrive_botwheel_explorer.pc'
[2.016s] Level 1:colcon.colcon_core.environment:checking '/home/jiaan/arm_project/install/odrive_botwheel_explorer/lib/python3.10/site-packages'
[2.017s] Level 1:colcon.colcon_core.environment:checking '/home/jiaan/arm_project/install/odrive_botwheel_explorer/bin'
[2.017s] INFO:colcon.colcon_core.shell:Creating package script '/home/jiaan/arm_project/install/odrive_botwheel_explorer/share/odrive_botwheel_explorer/package.ps1'
[2.018s] INFO:colcon.colcon_core.shell:Creating package descriptor '/home/jiaan/arm_project/install/odrive_botwheel_explorer/share/odrive_botwheel_explorer/package.dsv'
[2.019s] INFO:colcon.colcon_core.shell:Creating package script '/home/jiaan/arm_project/install/odrive_botwheel_explorer/share/odrive_botwheel_explorer/package.sh'
[2.019s] INFO:colcon.colcon_core.shell:Creating package script '/home/jiaan/arm_project/install/odrive_botwheel_explorer/share/odrive_botwheel_explorer/package.bash'
[2.020s] INFO:colcon.colcon_core.shell:Creating package script '/home/jiaan/arm_project/install/odrive_botwheel_explorer/share/odrive_botwheel_explorer/package.zsh'
[2.020s] Level 1:colcon.colcon_core.environment:create_file_with_runtime_dependencies(/home/jiaan/arm_project/install/odrive_botwheel_explorer/share/colcon-core/packages/odrive_botwheel_explorer)
[2.086s] DEBUG:colcon.colcon_core.event_handler.log_command:Invoking command in '/home/jiaan/arm_project/build/odrive_can': CMAKE_PREFIX_PATH=/opt/ros/humble /usr/bin/cmake --install /home/jiaan/arm_project/build/odrive_can
[2.161s] Level 1:colcon.colcon_core.environment:create_environment_scripts_only(odrive_can)
[2.162s] Level 1:colcon.colcon_core.environment:checking '/home/jiaan/arm_project/install/odrive_can' for CMake module files
[2.162s] DEBUG:colcon.colcon_core.event_handler.log_command:Invoked command in '/home/jiaan/arm_project/build/odrive_can' returned '0': CMAKE_PREFIX_PATH=/opt/ros/humble /usr/bin/cmake --install /home/jiaan/arm_project/build/odrive_can
[2.163s] Level 1:colcon.colcon_core.environment:checking '/home/jiaan/arm_project/install/odrive_can' for CMake config files
[2.163s] Level 1:colcon.colcon_core.shell:create_environment_hook('odrive_can', 'cmake_prefix_path')
[2.164s] INFO:colcon.colcon_core.shell:Creating environment hook '/home/jiaan/arm_project/install/odrive_can/share/odrive_can/hook/cmake_prefix_path.ps1'
[2.164s] INFO:colcon.colcon_core.shell:Creating environment descriptor '/home/jiaan/arm_project/install/odrive_can/share/odrive_can/hook/cmake_prefix_path.dsv'
[2.164s] INFO:colcon.colcon_core.shell:Creating environment hook '/home/jiaan/arm_project/install/odrive_can/share/odrive_can/hook/cmake_prefix_path.sh'
[2.165s] Level 1:colcon.colcon_core.environment:checking '/home/jiaan/arm_project/install/odrive_can/lib'
[2.165s] Level 1:colcon.colcon_core.shell:create_environment_hook('odrive_can', 'ld_library_path_lib')
[2.165s] INFO:colcon.colcon_core.shell:Creating environment hook '/home/jiaan/arm_project/install/odrive_can/share/odrive_can/hook/ld_library_path_lib.ps1'
[2.165s] INFO:colcon.colcon_core.shell:Creating environment descriptor '/home/jiaan/arm_project/install/odrive_can/share/odrive_can/hook/ld_library_path_lib.dsv'
[2.165s] INFO:colcon.colcon_core.shell:Creating environment hook '/home/jiaan/arm_project/install/odrive_can/share/odrive_can/hook/ld_library_path_lib.sh'
[2.166s] Level 1:colcon.colcon_core.environment:checking '/home/jiaan/arm_project/install/odrive_can/bin'
[2.166s] Level 1:colcon.colcon_core.environment:checking '/home/jiaan/arm_project/install/odrive_can/lib/pkgconfig/odrive_can.pc'
[2.166s] Level 1:colcon.colcon_core.environment:checking '/home/jiaan/arm_project/install/odrive_can/lib/python3.10/site-packages'
[2.166s] Level 1:colcon.colcon_core.environment:checking '/home/jiaan/arm_project/install/odrive_can/bin'
[2.166s] INFO:colcon.colcon_core.shell:Creating package script '/home/jiaan/arm_project/install/odrive_can/share/odrive_can/package.ps1'
[2.167s] INFO:colcon.colcon_core.shell:Creating package descriptor '/home/jiaan/arm_project/install/odrive_can/share/odrive_can/package.dsv'
[2.167s] INFO:colcon.colcon_core.shell:Creating package script '/home/jiaan/arm_project/install/odrive_can/share/odrive_can/package.sh'
[2.167s] INFO:colcon.colcon_core.shell:Creating package script '/home/jiaan/arm_project/install/odrive_can/share/odrive_can/package.bash'
[2.168s] INFO:colcon.colcon_core.shell:Creating package script '/home/jiaan/arm_project/install/odrive_can/share/odrive_can/package.zsh'
[2.168s] Level 1:colcon.colcon_core.environment:create_file_with_runtime_dependencies(/home/jiaan/arm_project/install/odrive_can/share/colcon-core/packages/odrive_can)
[2.267s] Level 1:colcon.colcon_core.environment:create_environment_scripts_only(odrive_can)
[2.268s] Level 1:colcon.colcon_core.environment:checking '/home/jiaan/arm_project/install/odrive_can' for CMake module files
[2.269s] Level 1:colcon.colcon_core.environment:checking '/home/jiaan/arm_project/install/odrive_can' for CMake config files
[2.271s] Level 1:colcon.colcon_core.shell:create_environment_hook('odrive_can', 'cmake_prefix_path')
[2.272s] INFO:colcon.colcon_core.shell:Creating environment hook '/home/jiaan/arm_project/install/odrive_can/share/odrive_can/hook/cmake_prefix_path.ps1'
[2.273s] INFO:colcon.colcon_core.shell:Creating environment descriptor '/home/jiaan/arm_project/install/odrive_can/share/odrive_can/hook/cmake_prefix_path.dsv'
[2.273s] INFO:colcon.colcon_core.shell:Creating environment hook '/home/jiaan/arm_project/install/odrive_can/share/odrive_can/hook/cmake_prefix_path.sh'
[2.274s] Level 1:colcon.colcon_core.environment:checking '/home/jiaan/arm_project/install/odrive_can/lib'
[2.274s] Level 1:colcon.colcon_core.shell:create_environment_hook('odrive_can', 'ld_library_path_lib')
[2.274s] INFO:colcon.colcon_core.shell:Creating environment hook '/home/jiaan/arm_project/install/odrive_can/share/odrive_can/hook/ld_library_path_lib.ps1'
[2.275s] INFO:colcon.colcon_core.shell:Creating environment descriptor '/home/jiaan/arm_project/install/odrive_can/share/odrive_can/hook/ld_library_path_lib.dsv'
[2.275s] INFO:colcon.colcon_core.shell:Creating environment hook '/home/jiaan/arm_project/install/odrive_can/share/odrive_can/hook/ld_library_path_lib.sh'
[2.276s] Level 1:colcon.colcon_core.environment:checking '/home/jiaan/arm_project/install/odrive_can/bin'
[2.276s] Level 1:colcon.colcon_core.environment:checking '/home/jiaan/arm_project/install/odrive_can/lib/pkgconfig/odrive_can.pc'
[2.276s] Level 1:colcon.colcon_core.environment:checking '/home/jiaan/arm_project/install/odrive_can/lib/python3.10/site-packages'
[2.276s] Level 1:colcon.colcon_core.environment:checking '/home/jiaan/arm_project/install/odrive_can/bin'
[2.277s] INFO:colcon.colcon_core.shell:Creating package script '/home/jiaan/arm_project/install/odrive_can/share/odrive_can/package.ps1'
[2.278s] INFO:colcon.colcon_core.shell:Creating package descriptor '/home/jiaan/arm_project/install/odrive_can/share/odrive_can/package.dsv'
[2.279s] INFO:colcon.colcon_core.shell:Creating package script '/home/jiaan/arm_project/install/odrive_can/share/odrive_can/package.sh'
[2.279s] INFO:colcon.colcon_core.shell:Creating package script '/home/jiaan/arm_project/install/odrive_can/share/odrive_can/package.bash'
[2.280s] INFO:colcon.colcon_core.shell:Creating package script '/home/jiaan/arm_project/install/odrive_can/share/odrive_can/package.zsh'
[2.280s] Level 1:colcon.colcon_core.environment:create_file_with_runtime_dependencies(/home/jiaan/arm_project/install/odrive_can/share/colcon-core/packages/odrive_can)
[2.280s] DEBUG:colcon.colcon_parallel_executor.executor.parallel:closing loop
[2.281s] DEBUG:colcon.colcon_parallel_executor.executor.parallel:loop closed
[2.281s] DEBUG:colcon.colcon_parallel_executor.executor.parallel:run_until_complete finished with '0'
[2.281s] DEBUG:colcon.colcon_core.event_reactor:joining thread
[2.289s] INFO:colcon.colcon_core.plugin_system:Skipping extension 'colcon_notification.desktop_notification.terminal_notifier': Not used on non-Darwin systems
[2.289s] INFO:colcon.colcon_core.plugin_system:Skipping extension 'colcon_notification.desktop_notification.win32': Not used on non-Windows systems
[2.289s] INFO:colcon.colcon_notification.desktop_notification:Sending desktop notification using 'notify2'
[2.311s] DEBUG:colcon.colcon_core.event_reactor:joined thread
[2.312s] INFO:colcon.colcon_core.shell:Creating prefix script '/home/jiaan/arm_project/install/local_setup.ps1'
[2.313s] INFO:colcon.colcon_core.shell:Creating prefix util module '/home/jiaan/arm_project/install/_local_setup_util_ps1.py'
[2.315s] INFO:colcon.colcon_core.shell:Creating prefix chain script '/home/jiaan/arm_project/install/setup.ps1'
[2.316s] INFO:colcon.colcon_core.shell:Creating prefix script '/home/jiaan/arm_project/install/local_setup.sh'
[2.316s] INFO:colcon.colcon_core.shell:Creating prefix util module '/home/jiaan/arm_project/install/_local_setup_util_sh.py'
[2.317s] INFO:colcon.colcon_core.shell:Creating prefix chain script '/home/jiaan/arm_project/install/setup.sh'
[2.318s] INFO:colcon.colcon_core.shell:Creating prefix script '/home/jiaan/arm_project/install/local_setup.bash'
[2.318s] INFO:colcon.colcon_core.shell:Creating prefix chain script '/home/jiaan/arm_project/install/setup.bash'
[2.320s] INFO:colcon.colcon_core.shell:Creating prefix script '/home/jiaan/arm_project/install/local_setup.zsh'
[2.320s] INFO:colcon.colcon_core.shell:Creating prefix chain script '/home/jiaan/arm_project/install/setup.zsh'
