[0.008s] Invoking command in '/home/jiaan/arm_project/build/odrive_can': CMAKE_PREFIX_PATH=/opt/ros/humble /usr/bin/cmake --build /home/jiaan/arm_project/build/odrive_can -- -j16 -l16
[0.035s] [35m[1mConsolidate compiler generated dependencies of target odrive_can__rosidl_generator_c[0m
[0.042s] [  1%] Built target odrive_can__cpp
[0.045s] [ 11%] Built target odrive_can__rosidl_generator_c
[0.051s] [ 11%] Built target ament_cmake_python_copy_odrive_can
[0.054s] [35m[1mConsolidate compiler generated dependencies of target odrive_can__rosidl_typesupport_cpp[0m
[0.055s] [35m[1mConsolidate compiler generated dependencies of target odrive_can__rosidl_typesupport_introspection_cpp[0m
[0.055s] [35m[1mConsolidate compiler generated dependencies of target odrive_can__rosidl_typesupport_fastrtps_cpp[0m
[0.058s] [35m[1mConsolidate compiler generated dependencies of target odrive_can__rosidl_typesupport_fastrtps_c[0m
[0.059s] [35m[1mConsolidate compiler generated dependencies of target odrive_can__rosidl_typesupport_c[0m
[0.060s] [35m[1mConsolidate compiler generated dependencies of target odrive_can__rosidl_typesupport_introspection_c[0m
[0.071s] [ 21%] Built target odrive_can__rosidl_typesupport_fastrtps_cpp
[0.071s] [ 31%] Built target odrive_can__rosidl_typesupport_cpp
[0.071s] [ 41%] Built target odrive_can__rosidl_typesupport_introspection_cpp
[0.074s] [ 51%] Built target odrive_can__rosidl_typesupport_c
[0.074s] [ 61%] Built target odrive_can__rosidl_typesupport_introspection_c
[0.075s] [ 71%] Built target odrive_can__rosidl_typesupport_fastrtps_c
[0.083s] [35m[1mConsolidate compiler generated dependencies of target odrive_can_node[0m
[0.092s] [ 71%] Built target odrive_can
[0.102s] [ 80%] Built target odrive_can_node
[0.108s] [ 81%] Built target odrive_can__py
[0.117s] [35m[1mConsolidate compiler generated dependencies of target odrive_can__rosidl_generator_py[0m
[0.130s] [ 90%] Built target odrive_can__rosidl_generator_py
[0.139s] [35m[1mConsolidate compiler generated dependencies of target odrive_can__rosidl_typesupport_fastrtps_c__pyext[0m
[0.139s] [35m[1mConsolidate compiler generated dependencies of target odrive_can__rosidl_typesupport_c__pyext[0m
[0.139s] [35m[1mConsolidate compiler generated dependencies of target odrive_can__rosidl_typesupport_introspection_c__pyext[0m
[0.149s] [100%] Built target odrive_can__rosidl_typesupport_introspection_c__pyext
[0.149s] [100%] Built target odrive_can__rosidl_typesupport_fastrtps_c__pyext
[0.149s] [100%] Built target odrive_can__rosidl_typesupport_c__pyext
[0.229s] running egg_info
[0.230s] writing odrive_can.egg-info/PKG-INFO
[0.230s] writing dependency_links to odrive_can.egg-info/dependency_links.txt
[0.230s] writing top-level names to odrive_can.egg-info/top_level.txt
[0.232s] reading manifest file 'odrive_can.egg-info/SOURCES.txt'
[0.232s] writing manifest file 'odrive_can.egg-info/SOURCES.txt'
[0.249s] [100%] Built target ament_cmake_python_build_odrive_can_egg
[0.257s] Invoked command in '/home/jiaan/arm_project/build/odrive_can' returned '0': CMAKE_PREFIX_PATH=/opt/ros/humble /usr/bin/cmake --build /home/jiaan/arm_project/build/odrive_can -- -j16 -l16
[0.335s] Invoking command in '/home/jiaan/arm_project/build/odrive_can': CMAKE_PREFIX_PATH=/opt/ros/humble /usr/bin/cmake --install /home/jiaan/arm_project/build/odrive_can
[0.340s] -- Install configuration: ""
[0.341s] -- Up-to-date: /home/jiaan/arm_project/install/odrive_can/share/ament_index/resource_index/rosidl_interfaces/odrive_can
[0.341s] -- Up-to-date: /home/jiaan/arm_project/install/odrive_can/include/odrive_can/odrive_can
[0.341s] -- Up-to-date: /home/jiaan/arm_project/install/odrive_can/include/odrive_can/odrive_can/srv
[0.341s] -- Up-to-date: /home/jiaan/arm_project/install/odrive_can/include/odrive_can/odrive_can/srv/detail
[0.341s] -- Up-to-date: /home/jiaan/arm_project/install/odrive_can/include/odrive_can/odrive_can/srv/detail/axis_state__struct.h
[0.341s] -- Up-to-date: /home/jiaan/arm_project/install/odrive_can/include/odrive_can/odrive_can/srv/detail/axis_state__functions.c
[0.341s] -- Up-to-date: /home/jiaan/arm_project/install/odrive_can/include/odrive_can/odrive_can/srv/detail/axis_state__functions.h
[0.341s] -- Up-to-date: /home/jiaan/arm_project/install/odrive_can/include/odrive_can/odrive_can/srv/detail/axis_state__type_support.h
[0.341s] -- Up-to-date: /home/jiaan/arm_project/install/odrive_can/include/odrive_can/odrive_can/srv/axis_state.h
[0.341s] -- Up-to-date: /home/jiaan/arm_project/install/odrive_can/include/odrive_can/odrive_can/msg
[0.341s] -- Up-to-date: /home/jiaan/arm_project/install/odrive_can/include/odrive_can/odrive_can/msg/rosidl_generator_c__visibility_control.h
[0.341s] -- Up-to-date: /home/jiaan/arm_project/install/odrive_can/include/odrive_can/odrive_can/msg/o_drive_status.h
[0.341s] -- Up-to-date: /home/jiaan/arm_project/install/odrive_can/include/odrive_can/odrive_can/msg/control_message.h
[0.341s] -- Up-to-date: /home/jiaan/arm_project/install/odrive_can/include/odrive_can/odrive_can/msg/detail
[0.341s] -- Up-to-date: /home/jiaan/arm_project/install/odrive_can/include/odrive_can/odrive_can/msg/detail/control_message__functions.c
[0.341s] -- Up-to-date: /home/jiaan/arm_project/install/odrive_can/include/odrive_can/odrive_can/msg/detail/o_drive_status__struct.h
[0.341s] -- Up-to-date: /home/jiaan/arm_project/install/odrive_can/include/odrive_can/odrive_can/msg/detail/o_drive_status__functions.c
[0.341s] -- Up-to-date: /home/jiaan/arm_project/install/odrive_can/include/odrive_can/odrive_can/msg/detail/controller_status__functions.h
[0.341s] -- Up-to-date: /home/jiaan/arm_project/install/odrive_can/include/odrive_can/odrive_can/msg/detail/control_message__functions.h
[0.341s] -- Up-to-date: /home/jiaan/arm_project/install/odrive_can/include/odrive_can/odrive_can/msg/detail/o_drive_status__functions.h
[0.341s] -- Up-to-date: /home/jiaan/arm_project/install/odrive_can/include/odrive_can/odrive_can/msg/detail/controller_status__functions.c
[0.341s] -- Up-to-date: /home/jiaan/arm_project/install/odrive_can/include/odrive_can/odrive_can/msg/detail/o_drive_status__type_support.h
[0.342s] -- Up-to-date: /home/jiaan/arm_project/install/odrive_can/include/odrive_can/odrive_can/msg/detail/controller_status__type_support.h
[0.342s] -- Up-to-date: /home/jiaan/arm_project/install/odrive_can/include/odrive_can/odrive_can/msg/detail/control_message__struct.h
[0.342s] -- Up-to-date: /home/jiaan/arm_project/install/odrive_can/include/odrive_can/odrive_can/msg/detail/controller_status__struct.h
[0.342s] -- Up-to-date: /home/jiaan/arm_project/install/odrive_can/include/odrive_can/odrive_can/msg/detail/control_message__type_support.h
[0.342s] -- Up-to-date: /home/jiaan/arm_project/install/odrive_can/include/odrive_can/odrive_can/msg/controller_status.h
[0.342s] -- Installing: /home/jiaan/arm_project/install/odrive_can/share/odrive_can/environment/library_path.sh
[0.342s] -- Installing: /home/jiaan/arm_project/install/odrive_can/share/odrive_can/environment/library_path.dsv
[0.342s] -- Installing: /home/jiaan/arm_project/install/odrive_can/lib/libodrive_can__rosidl_generator_c.so
[0.342s] -- Set runtime path of "/home/jiaan/arm_project/install/odrive_can/lib/libodrive_can__rosidl_generator_c.so" to ""
[0.342s] -- Up-to-date: /home/jiaan/arm_project/install/odrive_can/include/odrive_can/odrive_can
[0.342s] -- Up-to-date: /home/jiaan/arm_project/install/odrive_can/include/odrive_can/odrive_can/srv
[0.342s] -- Up-to-date: /home/jiaan/arm_project/install/odrive_can/include/odrive_can/odrive_can/srv/detail
[0.342s] -- Up-to-date: /home/jiaan/arm_project/install/odrive_can/include/odrive_can/odrive_can/srv/detail/axis_state__rosidl_typesupport_fastrtps_c.h
[0.342s] -- Up-to-date: /home/jiaan/arm_project/install/odrive_can/include/odrive_can/odrive_can/msg
[0.342s] -- Up-to-date: /home/jiaan/arm_project/install/odrive_can/include/odrive_can/odrive_can/msg/detail
[0.342s] -- Up-to-date: /home/jiaan/arm_project/install/odrive_can/include/odrive_can/odrive_can/msg/detail/controller_status__rosidl_typesupport_fastrtps_c.h
[0.342s] -- Up-to-date: /home/jiaan/arm_project/install/odrive_can/include/odrive_can/odrive_can/msg/detail/o_drive_status__rosidl_typesupport_fastrtps_c.h
[0.342s] -- Up-to-date: /home/jiaan/arm_project/install/odrive_can/include/odrive_can/odrive_can/msg/detail/control_message__rosidl_typesupport_fastrtps_c.h
[0.342s] -- Up-to-date: /home/jiaan/arm_project/install/odrive_can/include/odrive_can/odrive_can/msg/rosidl_typesupport_fastrtps_c__visibility_control.h
[0.342s] -- Installing: /home/jiaan/arm_project/install/odrive_can/lib/libodrive_can__rosidl_typesupport_fastrtps_c.so
[0.342s] -- Set runtime path of "/home/jiaan/arm_project/install/odrive_can/lib/libodrive_can__rosidl_typesupport_fastrtps_c.so" to ""
[0.343s] -- Up-to-date: /home/jiaan/arm_project/install/odrive_can/include/odrive_can/odrive_can
[0.343s] -- Up-to-date: /home/jiaan/arm_project/install/odrive_can/include/odrive_can/odrive_can/srv
[0.343s] -- Up-to-date: /home/jiaan/arm_project/install/odrive_can/include/odrive_can/odrive_can/srv/detail
[0.343s] -- Up-to-date: /home/jiaan/arm_project/install/odrive_can/include/odrive_can/odrive_can/srv/detail/axis_state__builder.hpp
[0.343s] -- Up-to-date: /home/jiaan/arm_project/install/odrive_can/include/odrive_can/odrive_can/srv/detail/axis_state__traits.hpp
[0.343s] -- Up-to-date: /home/jiaan/arm_project/install/odrive_can/include/odrive_can/odrive_can/srv/detail/axis_state__struct.hpp
[0.343s] -- Up-to-date: /home/jiaan/arm_project/install/odrive_can/include/odrive_can/odrive_can/srv/axis_state.hpp
[0.343s] -- Up-to-date: /home/jiaan/arm_project/install/odrive_can/include/odrive_can/odrive_can/msg
[0.343s] -- Up-to-date: /home/jiaan/arm_project/install/odrive_can/include/odrive_can/odrive_can/msg/control_message.hpp
[0.343s] -- Up-to-date: /home/jiaan/arm_project/install/odrive_can/include/odrive_can/odrive_can/msg/detail
[0.343s] -- Up-to-date: /home/jiaan/arm_project/install/odrive_can/include/odrive_can/odrive_can/msg/detail/controller_status__struct.hpp
[0.343s] -- Up-to-date: /home/jiaan/arm_project/install/odrive_can/include/odrive_can/odrive_can/msg/detail/controller_status__traits.hpp
[0.343s] -- Up-to-date: /home/jiaan/arm_project/install/odrive_can/include/odrive_can/odrive_can/msg/detail/control_message__struct.hpp
[0.343s] -- Up-to-date: /home/jiaan/arm_project/install/odrive_can/include/odrive_can/odrive_can/msg/detail/control_message__builder.hpp
[0.343s] -- Up-to-date: /home/jiaan/arm_project/install/odrive_can/include/odrive_can/odrive_can/msg/detail/o_drive_status__struct.hpp
[0.343s] -- Up-to-date: /home/jiaan/arm_project/install/odrive_can/include/odrive_can/odrive_can/msg/detail/o_drive_status__builder.hpp
[0.343s] -- Up-to-date: /home/jiaan/arm_project/install/odrive_can/include/odrive_can/odrive_can/msg/detail/o_drive_status__traits.hpp
[0.343s] -- Up-to-date: /home/jiaan/arm_project/install/odrive_can/include/odrive_can/odrive_can/msg/detail/controller_status__builder.hpp
[0.343s] -- Up-to-date: /home/jiaan/arm_project/install/odrive_can/include/odrive_can/odrive_can/msg/detail/control_message__traits.hpp
[0.344s] -- Up-to-date: /home/jiaan/arm_project/install/odrive_can/include/odrive_can/odrive_can/msg/controller_status.hpp
[0.344s] -- Up-to-date: /home/jiaan/arm_project/install/odrive_can/include/odrive_can/odrive_can/msg/o_drive_status.hpp
[0.344s] -- Up-to-date: /home/jiaan/arm_project/install/odrive_can/include/odrive_can/odrive_can
[0.344s] -- Up-to-date: /home/jiaan/arm_project/install/odrive_can/include/odrive_can/odrive_can/srv
[0.344s] -- Up-to-date: /home/jiaan/arm_project/install/odrive_can/include/odrive_can/odrive_can/srv/detail
[0.344s] -- Up-to-date: /home/jiaan/arm_project/install/odrive_can/include/odrive_can/odrive_can/srv/detail/axis_state__rosidl_typesupport_fastrtps_cpp.hpp
[0.344s] -- Up-to-date: /home/jiaan/arm_project/install/odrive_can/include/odrive_can/odrive_can/srv/detail/dds_fastrtps
[0.344s] -- Up-to-date: /home/jiaan/arm_project/install/odrive_can/include/odrive_can/odrive_can/msg
[0.344s] -- Up-to-date: /home/jiaan/arm_project/install/odrive_can/include/odrive_can/odrive_can/msg/detail
[0.344s] -- Up-to-date: /home/jiaan/arm_project/install/odrive_can/include/odrive_can/odrive_can/msg/detail/control_message__rosidl_typesupport_fastrtps_cpp.hpp
[0.344s] -- Up-to-date: /home/jiaan/arm_project/install/odrive_can/include/odrive_can/odrive_can/msg/detail/controller_status__rosidl_typesupport_fastrtps_cpp.hpp
[0.344s] -- Up-to-date: /home/jiaan/arm_project/install/odrive_can/include/odrive_can/odrive_can/msg/detail/dds_fastrtps
[0.344s] -- Up-to-date: /home/jiaan/arm_project/install/odrive_can/include/odrive_can/odrive_can/msg/detail/o_drive_status__rosidl_typesupport_fastrtps_cpp.hpp
[0.344s] -- Up-to-date: /home/jiaan/arm_project/install/odrive_can/include/odrive_can/odrive_can/msg/rosidl_typesupport_fastrtps_cpp__visibility_control.h
[0.344s] -- Installing: /home/jiaan/arm_project/install/odrive_can/lib/libodrive_can__rosidl_typesupport_fastrtps_cpp.so
[0.344s] -- Set runtime path of "/home/jiaan/arm_project/install/odrive_can/lib/libodrive_can__rosidl_typesupport_fastrtps_cpp.so" to ""
[0.344s] -- Up-to-date: /home/jiaan/arm_project/install/odrive_can/include/odrive_can/odrive_can
[0.344s] -- Up-to-date: /home/jiaan/arm_project/install/odrive_can/include/odrive_can/odrive_can/srv
[0.344s] -- Up-to-date: /home/jiaan/arm_project/install/odrive_can/include/odrive_can/odrive_can/srv/detail
[0.344s] -- Up-to-date: /home/jiaan/arm_project/install/odrive_can/include/odrive_can/odrive_can/srv/detail/axis_state__rosidl_typesupport_introspection_c.h
[0.344s] -- Up-to-date: /home/jiaan/arm_project/install/odrive_can/include/odrive_can/odrive_can/srv/detail/axis_state__type_support.c
[0.344s] -- Up-to-date: /home/jiaan/arm_project/install/odrive_can/include/odrive_can/odrive_can/msg
[0.345s] -- Up-to-date: /home/jiaan/arm_project/install/odrive_can/include/odrive_can/odrive_can/msg/detail
[0.345s] -- Up-to-date: /home/jiaan/arm_project/install/odrive_can/include/odrive_can/odrive_can/msg/detail/control_message__type_support.c
[0.345s] -- Up-to-date: /home/jiaan/arm_project/install/odrive_can/include/odrive_can/odrive_can/msg/detail/controller_status__rosidl_typesupport_introspection_c.h
[0.345s] -- Up-to-date: /home/jiaan/arm_project/install/odrive_can/include/odrive_can/odrive_can/msg/detail/control_message__rosidl_typesupport_introspection_c.h
[0.345s] -- Up-to-date: /home/jiaan/arm_project/install/odrive_can/include/odrive_can/odrive_can/msg/detail/controller_status__type_support.c
[0.345s] -- Up-to-date: /home/jiaan/arm_project/install/odrive_can/include/odrive_can/odrive_can/msg/detail/o_drive_status__type_support.c
[0.345s] -- Up-to-date: /home/jiaan/arm_project/install/odrive_can/include/odrive_can/odrive_can/msg/detail/o_drive_status__rosidl_typesupport_introspection_c.h
[0.345s] -- Up-to-date: /home/jiaan/arm_project/install/odrive_can/include/odrive_can/odrive_can/msg/rosidl_typesupport_introspection_c__visibility_control.h
[0.345s] -- Installing: /home/jiaan/arm_project/install/odrive_can/lib/libodrive_can__rosidl_typesupport_introspection_c.so
[0.345s] -- Set runtime path of "/home/jiaan/arm_project/install/odrive_can/lib/libodrive_can__rosidl_typesupport_introspection_c.so" to ""
[0.345s] -- Installing: /home/jiaan/arm_project/install/odrive_can/lib/libodrive_can__rosidl_typesupport_c.so
[0.345s] -- Set runtime path of "/home/jiaan/arm_project/install/odrive_can/lib/libodrive_can__rosidl_typesupport_c.so" to ""
[0.345s] -- Up-to-date: /home/jiaan/arm_project/install/odrive_can/include/odrive_can/odrive_can
[0.345s] -- Up-to-date: /home/jiaan/arm_project/install/odrive_can/include/odrive_can/odrive_can/srv
[0.345s] -- Up-to-date: /home/jiaan/arm_project/install/odrive_can/include/odrive_can/odrive_can/srv/detail
[0.345s] -- Up-to-date: /home/jiaan/arm_project/install/odrive_can/include/odrive_can/odrive_can/srv/detail/axis_state__type_support.cpp
[0.345s] -- Up-to-date: /home/jiaan/arm_project/install/odrive_can/include/odrive_can/odrive_can/srv/detail/axis_state__rosidl_typesupport_introspection_cpp.hpp
[0.345s] -- Up-to-date: /home/jiaan/arm_project/install/odrive_can/include/odrive_can/odrive_can/msg
[0.345s] -- Up-to-date: /home/jiaan/arm_project/install/odrive_can/include/odrive_can/odrive_can/msg/detail
[0.345s] -- Up-to-date: /home/jiaan/arm_project/install/odrive_can/include/odrive_can/odrive_can/msg/detail/o_drive_status__type_support.cpp
[0.345s] -- Up-to-date: /home/jiaan/arm_project/install/odrive_can/include/odrive_can/odrive_can/msg/detail/control_message__type_support.cpp
[0.346s] -- Up-to-date: /home/jiaan/arm_project/install/odrive_can/include/odrive_can/odrive_can/msg/detail/control_message__rosidl_typesupport_introspection_cpp.hpp
[0.346s] -- Up-to-date: /home/jiaan/arm_project/install/odrive_can/include/odrive_can/odrive_can/msg/detail/controller_status__type_support.cpp
[0.346s] -- Up-to-date: /home/jiaan/arm_project/install/odrive_can/include/odrive_can/odrive_can/msg/detail/o_drive_status__rosidl_typesupport_introspection_cpp.hpp
[0.346s] -- Up-to-date: /home/jiaan/arm_project/install/odrive_can/include/odrive_can/odrive_can/msg/detail/controller_status__rosidl_typesupport_introspection_cpp.hpp
[0.346s] -- Installing: /home/jiaan/arm_project/install/odrive_can/lib/libodrive_can__rosidl_typesupport_introspection_cpp.so
[0.346s] -- Set runtime path of "/home/jiaan/arm_project/install/odrive_can/lib/libodrive_can__rosidl_typesupport_introspection_cpp.so" to ""
[0.346s] -- Installing: /home/jiaan/arm_project/install/odrive_can/lib/libodrive_can__rosidl_typesupport_cpp.so
[0.346s] -- Set runtime path of "/home/jiaan/arm_project/install/odrive_can/lib/libodrive_can__rosidl_typesupport_cpp.so" to ""
[0.346s] -- Up-to-date: /home/jiaan/arm_project/install/odrive_can/share/odrive_can/environment/pythonpath.sh
[0.346s] -- Installing: /home/jiaan/arm_project/install/odrive_can/share/odrive_can/environment/pythonpath.dsv
[0.346s] -- Up-to-date: /home/jiaan/arm_project/install/odrive_can/local/lib/python3.10/dist-packages/odrive_can-0.0.1-py3.10.egg-info
[0.346s] -- Installing: /home/jiaan/arm_project/install/odrive_can/local/lib/python3.10/dist-packages/odrive_can-0.0.1-py3.10.egg-info/dependency_links.txt
[0.346s] -- Installing: /home/jiaan/arm_project/install/odrive_can/local/lib/python3.10/dist-packages/odrive_can-0.0.1-py3.10.egg-info/top_level.txt
[0.346s] -- Installing: /home/jiaan/arm_project/install/odrive_can/local/lib/python3.10/dist-packages/odrive_can-0.0.1-py3.10.egg-info/SOURCES.txt
[0.346s] -- Installing: /home/jiaan/arm_project/install/odrive_can/local/lib/python3.10/dist-packages/odrive_can-0.0.1-py3.10.egg-info/PKG-INFO
[0.346s] -- Up-to-date: /home/jiaan/arm_project/install/odrive_can/local/lib/python3.10/dist-packages/odrive_can
[0.346s] -- Installing: /home/jiaan/arm_project/install/odrive_can/local/lib/python3.10/dist-packages/odrive_can/odrive_can_s__rosidl_typesupport_c.cpython-310-x86_64-linux-gnu.so
[0.346s] -- Up-to-date: /home/jiaan/arm_project/install/odrive_can/local/lib/python3.10/dist-packages/odrive_can/_odrive_can_s.ep.rosidl_typesupport_introspection_c.c
[0.346s] -- Installing: /home/jiaan/arm_project/install/odrive_can/local/lib/python3.10/dist-packages/odrive_can/odrive_can_s__rosidl_typesupport_fastrtps_c.cpython-310-x86_64-linux-gnu.so
[0.346s] -- Installing: /home/jiaan/arm_project/install/odrive_can/local/lib/python3.10/dist-packages/odrive_can/odrive_can_s__rosidl_typesupport_introspection_c.cpython-310-x86_64-linux-gnu.so
[0.346s] -- Up-to-date: /home/jiaan/arm_project/install/odrive_can/local/lib/python3.10/dist-packages/odrive_can/srv
[0.346s] -- Up-to-date: /home/jiaan/arm_project/install/odrive_can/local/lib/python3.10/dist-packages/odrive_can/srv/_axis_state.py
[0.346s] -- Up-to-date: /home/jiaan/arm_project/install/odrive_can/local/lib/python3.10/dist-packages/odrive_can/srv/_axis_state_s.c
[0.346s] -- Up-to-date: /home/jiaan/arm_project/install/odrive_can/local/lib/python3.10/dist-packages/odrive_can/srv/__init__.py
[0.346s] -- Up-to-date: /home/jiaan/arm_project/install/odrive_can/local/lib/python3.10/dist-packages/odrive_can/_odrive_can_s.ep.rosidl_typesupport_fastrtps_c.c
[0.346s] -- Installing: /home/jiaan/arm_project/install/odrive_can/local/lib/python3.10/dist-packages/odrive_can/__init__.py
[0.346s] -- Up-to-date: /home/jiaan/arm_project/install/odrive_can/local/lib/python3.10/dist-packages/odrive_can/_odrive_can_s.ep.rosidl_typesupport_c.c
[0.347s] -- Up-to-date: /home/jiaan/arm_project/install/odrive_can/local/lib/python3.10/dist-packages/odrive_can/msg
[0.347s] -- Up-to-date: /home/jiaan/arm_project/install/odrive_can/local/lib/python3.10/dist-packages/odrive_can/msg/_o_drive_status.py
[0.347s] -- Up-to-date: /home/jiaan/arm_project/install/odrive_can/local/lib/python3.10/dist-packages/odrive_can/msg/_control_message.py
[0.347s] -- Up-to-date: /home/jiaan/arm_project/install/odrive_can/local/lib/python3.10/dist-packages/odrive_can/msg/_o_drive_status_s.c
[0.347s] -- Up-to-date: /home/jiaan/arm_project/install/odrive_can/local/lib/python3.10/dist-packages/odrive_can/msg/_controller_status_s.c
[0.347s] -- Up-to-date: /home/jiaan/arm_project/install/odrive_can/local/lib/python3.10/dist-packages/odrive_can/msg/_control_message_s.c
[0.347s] -- Up-to-date: /home/jiaan/arm_project/install/odrive_can/local/lib/python3.10/dist-packages/odrive_can/msg/__init__.py
[0.347s] -- Up-to-date: /home/jiaan/arm_project/install/odrive_can/local/lib/python3.10/dist-packages/odrive_can/msg/_controller_status.py
[0.347s] -- Installing: /home/jiaan/arm_project/install/odrive_can/local/lib/python3.10/dist-packages/odrive_can/libodrive_can__rosidl_generator_py.so
[0.371s] Listing '/home/jiaan/arm_project/install/odrive_can/local/lib/python3.10/dist-packages/odrive_can'...
[0.371s] Compiling '/home/jiaan/arm_project/install/odrive_can/local/lib/python3.10/dist-packages/odrive_can/__init__.py'...
[0.371s] Listing '/home/jiaan/arm_project/install/odrive_can/local/lib/python3.10/dist-packages/odrive_can/msg'...
[0.371s] Compiling '/home/jiaan/arm_project/install/odrive_can/local/lib/python3.10/dist-packages/odrive_can/msg/__init__.py'...
[0.371s] Compiling '/home/jiaan/arm_project/install/odrive_can/local/lib/python3.10/dist-packages/odrive_can/msg/_control_message.py'...
[0.371s] Compiling '/home/jiaan/arm_project/install/odrive_can/local/lib/python3.10/dist-packages/odrive_can/msg/_controller_status.py'...
[0.371s] Compiling '/home/jiaan/arm_project/install/odrive_can/local/lib/python3.10/dist-packages/odrive_can/msg/_o_drive_status.py'...
[0.371s] Listing '/home/jiaan/arm_project/install/odrive_can/local/lib/python3.10/dist-packages/odrive_can/srv'...
[0.371s] Compiling '/home/jiaan/arm_project/install/odrive_can/local/lib/python3.10/dist-packages/odrive_can/srv/__init__.py'...
[0.371s] Compiling '/home/jiaan/arm_project/install/odrive_can/local/lib/python3.10/dist-packages/odrive_can/srv/_axis_state.py'...
[0.374s] -- Installing: /home/jiaan/arm_project/install/odrive_can/local/lib/python3.10/dist-packages/odrive_can/odrive_can_s__rosidl_typesupport_fastrtps_c.cpython-310-x86_64-linux-gnu.so
[0.374s] -- Set runtime path of "/home/jiaan/arm_project/install/odrive_can/local/lib/python3.10/dist-packages/odrive_can/odrive_can_s__rosidl_typesupport_fastrtps_c.cpython-310-x86_64-linux-gnu.so" to ""
[0.374s] -- Installing: /home/jiaan/arm_project/install/odrive_can/local/lib/python3.10/dist-packages/odrive_can/odrive_can_s__rosidl_typesupport_introspection_c.cpython-310-x86_64-linux-gnu.so
[0.375s] -- Set runtime path of "/home/jiaan/arm_project/install/odrive_can/local/lib/python3.10/dist-packages/odrive_can/odrive_can_s__rosidl_typesupport_introspection_c.cpython-310-x86_64-linux-gnu.so" to ""
[0.375s] -- Installing: /home/jiaan/arm_project/install/odrive_can/local/lib/python3.10/dist-packages/odrive_can/odrive_can_s__rosidl_typesupport_c.cpython-310-x86_64-linux-gnu.so
[0.375s] -- Set runtime path of "/home/jiaan/arm_project/install/odrive_can/local/lib/python3.10/dist-packages/odrive_can/odrive_can_s__rosidl_typesupport_c.cpython-310-x86_64-linux-gnu.so" to ""
[0.375s] -- Installing: /home/jiaan/arm_project/install/odrive_can/lib/libodrive_can__rosidl_generator_py.so
[0.375s] -- Set runtime path of "/home/jiaan/arm_project/install/odrive_can/lib/libodrive_can__rosidl_generator_py.so" to ""
[0.375s] -- Up-to-date: /home/jiaan/arm_project/install/odrive_can/share/odrive_can/msg/ControlMessage.idl
[0.375s] -- Up-to-date: /home/jiaan/arm_project/install/odrive_can/share/odrive_can/msg/ControllerStatus.idl
[0.376s] -- Up-to-date: /home/jiaan/arm_project/install/odrive_can/share/odrive_can/msg/ODriveStatus.idl
[0.376s] -- Up-to-date: /home/jiaan/arm_project/install/odrive_can/share/odrive_can/srv/AxisState.idl
[0.376s] -- Installing: /home/jiaan/arm_project/install/odrive_can/share/odrive_can/msg/ControlMessage.msg
[0.376s] -- Installing: /home/jiaan/arm_project/install/odrive_can/share/odrive_can/msg/ControllerStatus.msg
[0.376s] -- Installing: /home/jiaan/arm_project/install/odrive_can/share/odrive_can/msg/ODriveStatus.msg
[0.376s] -- Installing: /home/jiaan/arm_project/install/odrive_can/share/odrive_can/srv/AxisState.srv
[0.376s] -- Up-to-date: /home/jiaan/arm_project/install/odrive_can/share/odrive_can/srv/AxisState_Request.msg
[0.376s] -- Up-to-date: /home/jiaan/arm_project/install/odrive_can/share/odrive_can/srv/AxisState_Response.msg
[0.376s] -- Installing: /home/jiaan/arm_project/install/odrive_can/lib/odrive_can/odrive_can_node
[0.380s] -- Set runtime path of "/home/jiaan/arm_project/install/odrive_can/lib/odrive_can/odrive_can_node" to ""
[0.380s] -- Up-to-date: /home/jiaan/arm_project/install/odrive_can/share/odrive_can/launch
[0.380s] -- Installing: /home/jiaan/arm_project/install/odrive_can/share/odrive_can/launch/example_launch.yaml
[0.380s] -- Up-to-date: /home/jiaan/arm_project/install/odrive_can/share/ament_index/resource_index/package_run_dependencies/odrive_can
[0.380s] -- Installing: /home/jiaan/arm_project/install/odrive_can/share/ament_index/resource_index/parent_prefix_path/odrive_can
[0.380s] -- Installing: /home/jiaan/arm_project/install/odrive_can/share/odrive_can/environment/ament_prefix_path.sh
[0.380s] -- Installing: /home/jiaan/arm_project/install/odrive_can/share/odrive_can/environment/ament_prefix_path.dsv
[0.380s] -- Installing: /home/jiaan/arm_project/install/odrive_can/share/odrive_can/environment/path.sh
[0.380s] -- Installing: /home/jiaan/arm_project/install/odrive_can/share/odrive_can/environment/path.dsv
[0.380s] -- Up-to-date: /home/jiaan/arm_project/install/odrive_can/share/odrive_can/local_setup.bash
[0.380s] -- Up-to-date: /home/jiaan/arm_project/install/odrive_can/share/odrive_can/local_setup.sh
[0.380s] -- Up-to-date: /home/jiaan/arm_project/install/odrive_can/share/odrive_can/local_setup.zsh
[0.381s] -- Installing: /home/jiaan/arm_project/install/odrive_can/share/odrive_can/local_setup.dsv
[0.381s] -- Installing: /home/jiaan/arm_project/install/odrive_can/share/odrive_can/package.dsv
[0.381s] -- Up-to-date: /home/jiaan/arm_project/install/odrive_can/share/ament_index/resource_index/packages/odrive_can
[0.381s] -- Up-to-date: /home/jiaan/arm_project/install/odrive_can/share/odrive_can/cmake/export_odrive_can__rosidl_generator_cExport.cmake
[0.381s] -- Up-to-date: /home/jiaan/arm_project/install/odrive_can/share/odrive_can/cmake/export_odrive_can__rosidl_generator_cExport-noconfig.cmake
[0.381s] -- Up-to-date: /home/jiaan/arm_project/install/odrive_can/share/odrive_can/cmake/export_odrive_can__rosidl_typesupport_fastrtps_cExport.cmake
[0.381s] -- Up-to-date: /home/jiaan/arm_project/install/odrive_can/share/odrive_can/cmake/export_odrive_can__rosidl_typesupport_fastrtps_cExport-noconfig.cmake
[0.381s] -- Up-to-date: /home/jiaan/arm_project/install/odrive_can/share/odrive_can/cmake/export_odrive_can__rosidl_generator_cppExport.cmake
[0.381s] -- Up-to-date: /home/jiaan/arm_project/install/odrive_can/share/odrive_can/cmake/export_odrive_can__rosidl_typesupport_fastrtps_cppExport.cmake
[0.381s] -- Up-to-date: /home/jiaan/arm_project/install/odrive_can/share/odrive_can/cmake/export_odrive_can__rosidl_typesupport_fastrtps_cppExport-noconfig.cmake
[0.381s] -- Up-to-date: /home/jiaan/arm_project/install/odrive_can/share/odrive_can/cmake/odrive_can__rosidl_typesupport_introspection_cExport.cmake
[0.381s] -- Up-to-date: /home/jiaan/arm_project/install/odrive_can/share/odrive_can/cmake/odrive_can__rosidl_typesupport_introspection_cExport-noconfig.cmake
[0.381s] -- Up-to-date: /home/jiaan/arm_project/install/odrive_can/share/odrive_can/cmake/odrive_can__rosidl_typesupport_cExport.cmake
[0.381s] -- Up-to-date: /home/jiaan/arm_project/install/odrive_can/share/odrive_can/cmake/odrive_can__rosidl_typesupport_cExport-noconfig.cmake
[0.381s] -- Up-to-date: /home/jiaan/arm_project/install/odrive_can/share/odrive_can/cmake/odrive_can__rosidl_typesupport_introspection_cppExport.cmake
[0.381s] -- Up-to-date: /home/jiaan/arm_project/install/odrive_can/share/odrive_can/cmake/odrive_can__rosidl_typesupport_introspection_cppExport-noconfig.cmake
[0.382s] -- Up-to-date: /home/jiaan/arm_project/install/odrive_can/share/odrive_can/cmake/odrive_can__rosidl_typesupport_cppExport.cmake
[0.382s] -- Up-to-date: /home/jiaan/arm_project/install/odrive_can/share/odrive_can/cmake/odrive_can__rosidl_typesupport_cppExport-noconfig.cmake
[0.382s] -- Up-to-date: /home/jiaan/arm_project/install/odrive_can/share/odrive_can/cmake/export_odrive_can__rosidl_generator_pyExport.cmake
[0.382s] -- Up-to-date: /home/jiaan/arm_project/install/odrive_can/share/odrive_can/cmake/export_odrive_can__rosidl_generator_pyExport-noconfig.cmake
[0.382s] -- Up-to-date: /home/jiaan/arm_project/install/odrive_can/share/odrive_can/cmake/rosidl_cmake-extras.cmake
[0.382s] -- Up-to-date: /home/jiaan/arm_project/install/odrive_can/share/odrive_can/cmake/ament_cmake_export_include_directories-extras.cmake
[0.382s] -- Up-to-date: /home/jiaan/arm_project/install/odrive_can/share/odrive_can/cmake/ament_cmake_export_libraries-extras.cmake
[0.382s] -- Up-to-date: /home/jiaan/arm_project/install/odrive_can/share/odrive_can/cmake/ament_cmake_export_targets-extras.cmake
[0.382s] -- Up-to-date: /home/jiaan/arm_project/install/odrive_can/share/odrive_can/cmake/rosidl_cmake_export_typesupport_targets-extras.cmake
[0.382s] -- Up-to-date: /home/jiaan/arm_project/install/odrive_can/share/odrive_can/cmake/ament_cmake_export_dependencies-extras.cmake
[0.382s] -- Up-to-date: /home/jiaan/arm_project/install/odrive_can/share/odrive_can/cmake/rosidl_cmake_export_typesupport_libraries-extras.cmake
[0.382s] -- Up-to-date: /home/jiaan/arm_project/install/odrive_can/share/odrive_can/cmake/odrive_canConfig.cmake
[0.382s] -- Up-to-date: /home/jiaan/arm_project/install/odrive_can/share/odrive_can/cmake/odrive_canConfig-version.cmake
[0.382s] -- Installing: /home/jiaan/arm_project/install/odrive_can/share/odrive_can/package.xml
[0.384s] Invoked command in '/home/jiaan/arm_project/build/odrive_can' returned '0': CMAKE_PREFIX_PATH=/opt/ros/humble /usr/bin/cmake --install /home/jiaan/arm_project/build/odrive_can
