[0.006s] Invoking command in '/home/jiaan/arm_project/build/arm_urdf': CMAKE_PREFIX_PATH=${CMAKE_PREFIX_PATH}:/opt/ros/humble /usr/bin/cmake /home/jiaan/arm_project/src/arm_urdf -DAMENT_CMAKE_SYMLINK_INSTALL=1 -DCMAKE_INSTALL_PREFIX=/home/jiaan/arm_project/install/arm_urdf
[0.039s] -- The C compiler identification is GNU 11.4.0
[0.071s] -- The CXX compiler identification is GNU 11.4.0
[0.075s] -- Detecting C compiler ABI info
[0.116s] -- Detecting C compiler ABI info - done
[0.121s] -- Check for working C compiler: /usr/bin/cc - skipped
[0.121s] -- Detecting C compile features
[0.121s] -- Detecting C compile features - done
[0.123s] -- Detecting CXX compiler ABI info
[0.172s] -- Detecting CXX compiler ABI info - done
[0.185s] -- Check for working CXX compiler: /usr/bin/c++ - skipped
[0.185s] -- Detecting CXX compile features
[0.186s] -- Detecting CXX compile features - done
[0.189s] -- Found ament_cmake: 1.3.9 (/opt/ros/humble/share/ament_cmake/cmake)
[0.292s] -- Found Python3: /usr/bin/python3 (found version "3.10.12") found components: Interpreter 
[0.331s] -- Override CMake install command with custom implementation using symlinks instead of copying resources
[0.359s] -- Found ament_lint_auto: 0.12.11 (/opt/ros/humble/share/ament_lint_auto/cmake)
[0.419s] -- Added test 'copyright' to check source files copyright and LICENSE
[0.427s] -- Added test 'flake8' to check Python code syntax and style conventions
[0.429s] -- Added test 'lint_cmake' to check CMake code style
[0.430s] -- Added test 'pep257' to check Python code against some of the docstring style conventions in PEP 257
[0.434s] -- Added test 'xmllint' to check XML markup files
[0.436s] -- Configuring done
[0.439s] -- Generating done
[0.440s] -- Build files have been written to: /home/jiaan/arm_project/build/arm_urdf
[0.445s] Invoked command in '/home/jiaan/arm_project/build/arm_urdf' returned '0': CMAKE_PREFIX_PATH=${CMAKE_PREFIX_PATH}:/opt/ros/humble /usr/bin/cmake /home/jiaan/arm_project/src/arm_urdf -DAMENT_CMAKE_SYMLINK_INSTALL=1 -DCMAKE_INSTALL_PREFIX=/home/jiaan/arm_project/install/arm_urdf
[0.445s] Invoking command in '/home/jiaan/arm_project/build/arm_urdf': CMAKE_PREFIX_PATH=${CMAKE_PREFIX_PATH}:/opt/ros/humble /usr/bin/cmake --build /home/jiaan/arm_project/build/arm_urdf -- -j16 -l16
[0.468s] Invoked command in '/home/jiaan/arm_project/build/arm_urdf' returned '0': CMAKE_PREFIX_PATH=${CMAKE_PREFIX_PATH}:/opt/ros/humble /usr/bin/cmake --build /home/jiaan/arm_project/build/arm_urdf -- -j16 -l16
[0.487s] Invoking command in '/home/jiaan/arm_project/build/arm_urdf': CMAKE_PREFIX_PATH=${CMAKE_PREFIX_PATH}:/opt/ros/humble /usr/bin/cmake --install /home/jiaan/arm_project/build/arm_urdf
[0.492s] -- Install configuration: ""
[0.492s] -- Execute custom install script
[0.492s] -- Symlinking: /home/jiaan/arm_project/install/arm_urdf/share/arm_urdf/config/ball_tracker_params_robot.yaml
[0.498s] -- Symlinking: /home/jiaan/arm_project/install/arm_urdf/share/arm_urdf/config/ball_tracker_params_sim.yaml
[0.503s] -- Symlinking: /home/jiaan/arm_project/install/arm_urdf/share/arm_urdf/config/drive_bot.rviz
[0.508s] -- Symlinking: /home/jiaan/arm_project/install/arm_urdf/share/arm_urdf/config/empty.yaml
[0.513s] -- Symlinking: /home/jiaan/arm_project/install/arm_urdf/share/arm_urdf/config/gaz_ros2_ctl_use_sim.yaml
[0.518s] -- Symlinking: /home/jiaan/arm_project/install/arm_urdf/share/arm_urdf/config/gazebo_params.yaml
[0.523s] -- Symlinking: /home/jiaan/arm_project/install/arm_urdf/share/arm_urdf/config/joystick.yaml
[0.529s] -- Symlinking: /home/jiaan/arm_project/install/arm_urdf/share/arm_urdf/config/main.rviz
[0.535s] -- Symlinking: /home/jiaan/arm_project/install/arm_urdf/share/arm_urdf/config/map.rviz
[0.540s] -- Symlinking: /home/jiaan/arm_project/install/arm_urdf/share/arm_urdf/config/mapper_params_online_async.yaml
[0.545s] -- Symlinking: /home/jiaan/arm_project/install/arm_urdf/share/arm_urdf/config/my_controllers.yaml
[0.551s] -- Symlinking: /home/jiaan/arm_project/install/arm_urdf/share/arm_urdf/config/nav2_params.yaml
[0.556s] -- Symlinking: /home/jiaan/arm_project/install/arm_urdf/share/arm_urdf/config/twist_mux.yaml
[0.562s] -- Symlinking: /home/jiaan/arm_project/install/arm_urdf/share/arm_urdf/config/view_bot.rviz
[0.567s] -- Symlinking: /home/jiaan/arm_project/install/arm_urdf/share/arm_urdf/description/camera.xacro
[0.572s] -- Symlinking: /home/jiaan/arm_project/install/arm_urdf/share/arm_urdf/description/depth_camera.xacro
[0.577s] -- Symlinking: /home/jiaan/arm_project/install/arm_urdf/share/arm_urdf/description/face.xacro
[0.582s] -- Symlinking: /home/jiaan/arm_project/install/arm_urdf/share/arm_urdf/description/gazebo_control.xacro
[0.587s] -- Symlinking: /home/jiaan/arm_project/install/arm_urdf/share/arm_urdf/description/inertial_macros.xacro
[0.592s] -- Symlinking: /home/jiaan/arm_project/install/arm_urdf/share/arm_urdf/description/lidar.xacro
[0.597s] -- Symlinking: /home/jiaan/arm_project/install/arm_urdf/share/arm_urdf/description/robot.urdf.xacro
[0.602s] -- Symlinking: /home/jiaan/arm_project/install/arm_urdf/share/arm_urdf/description/robot_core.xacro
[0.606s] -- Symlinking: /home/jiaan/arm_project/install/arm_urdf/share/arm_urdf/description/ros2_control.xacro
[0.611s] -- Symlinking: /home/jiaan/arm_project/install/arm_urdf/share/arm_urdf/launch/ball_tracker.launch.py
[0.617s] -- Symlinking: /home/jiaan/arm_project/install/arm_urdf/share/arm_urdf/launch/camera.launch.py
[0.621s] -- Symlinking: /home/jiaan/arm_project/install/arm_urdf/share/arm_urdf/launch/joystick.launch.py
[0.626s] -- Symlinking: /home/jiaan/arm_project/install/arm_urdf/share/arm_urdf/launch/launch_robot.launch.py
[0.630s] -- Symlinking: /home/jiaan/arm_project/install/arm_urdf/share/arm_urdf/launch/launch_sim.launch.py
[0.635s] -- Symlinking: /home/jiaan/arm_project/install/arm_urdf/share/arm_urdf/launch/localization_launch.py
[0.639s] -- Symlinking: /home/jiaan/arm_project/install/arm_urdf/share/arm_urdf/launch/navigation_launch.py
[0.644s] -- Symlinking: /home/jiaan/arm_project/install/arm_urdf/share/arm_urdf/launch/online_async_launch.py
[0.648s] -- Symlinking: /home/jiaan/arm_project/install/arm_urdf/share/arm_urdf/launch/rplidar.launch.py
[0.653s] -- Symlinking: /home/jiaan/arm_project/install/arm_urdf/share/arm_urdf/launch/rsp.launch.py
[0.658s] -- Symlinking: /home/jiaan/arm_project/install/arm_urdf/share/arm_urdf/worlds/empty.world
[0.662s] -- Symlinking: /home/jiaan/arm_project/install/arm_urdf/share/arm_urdf/worlds/obstacles.world
[0.666s] -- Symlinking: /home/jiaan/arm_project/install/arm_urdf/share/ament_index/resource_index/package_run_dependencies/arm_urdf
[0.671s] -- Symlinking: /home/jiaan/arm_project/install/arm_urdf/share/ament_index/resource_index/parent_prefix_path/arm_urdf
[0.675s] -- Symlinking: /home/jiaan/arm_project/install/arm_urdf/share/arm_urdf/environment/ament_prefix_path.sh
[0.680s] -- Symlinking: /home/jiaan/arm_project/install/arm_urdf/share/arm_urdf/environment/ament_prefix_path.dsv
[0.685s] -- Symlinking: /home/jiaan/arm_project/install/arm_urdf/share/arm_urdf/environment/path.sh
[0.689s] -- Symlinking: /home/jiaan/arm_project/install/arm_urdf/share/arm_urdf/environment/path.dsv
[0.693s] -- Symlinking: /home/jiaan/arm_project/install/arm_urdf/share/arm_urdf/local_setup.bash
[0.698s] -- Symlinking: /home/jiaan/arm_project/install/arm_urdf/share/arm_urdf/local_setup.sh
[0.702s] -- Symlinking: /home/jiaan/arm_project/install/arm_urdf/share/arm_urdf/local_setup.zsh
[0.706s] -- Symlinking: /home/jiaan/arm_project/install/arm_urdf/share/arm_urdf/local_setup.dsv
[0.711s] -- Symlinking: /home/jiaan/arm_project/install/arm_urdf/share/arm_urdf/package.dsv
[0.716s] -- Symlinking: /home/jiaan/arm_project/install/arm_urdf/share/ament_index/resource_index/packages/arm_urdf
[0.721s] -- Symlinking: /home/jiaan/arm_project/install/arm_urdf/share/arm_urdf/cmake/arm_urdfConfig.cmake
[0.725s] -- Symlinking: /home/jiaan/arm_project/install/arm_urdf/share/arm_urdf/cmake/arm_urdfConfig-version.cmake
[0.730s] -- Symlinking: /home/jiaan/arm_project/install/arm_urdf/share/arm_urdf/package.xml
[0.736s] Invoked command in '/home/jiaan/arm_project/build/arm_urdf' returned '0': CMAKE_PREFIX_PATH=${CMAKE_PREFIX_PATH}:/opt/ros/humble /usr/bin/cmake --install /home/jiaan/arm_project/build/arm_urdf
