[0.004s] Invoking command in '/home/jiaan/arm_project/build/moveit_config': AMENT_PREFIX_PATH=/home/jiaan/arm_project/install/arm_urdf:${AMENT_PREFIX_PATH} CMAKE_PREFIX_PATH=/home/jiaan/arm_project/install/arm_urdf:/opt/ros/humble /usr/bin/cmake /home/jiaan/arm_project/src/moveit_config -DAMENT_CMAKE_SYMLINK_INSTALL=1 -DCMAKE_INSTALL_PREFIX=/home/jiaan/arm_project/install/moveit_config
[0.011s] -- Found ament_cmake: 1.3.9 (/opt/ros/humble/share/ament_cmake/cmake)
[0.089s] -- Override CMake install command with custom implementation using symlinks instead of copying resources
[0.137s] -- Configuring done
[0.138s] -- Generating done
[0.139s] -- Build files have been written to: /home/jiaan/arm_project/build/moveit_config
[0.141s] Invoked command in '/home/jiaan/arm_project/build/moveit_config' returned '0': AMENT_PREFIX_PATH=/home/jiaan/arm_project/install/arm_urdf:${AMENT_PREFIX_PATH} CMAKE_PREFIX_PATH=/home/jiaan/arm_project/install/arm_urdf:/opt/ros/humble /usr/bin/cmake /home/jiaan/arm_project/src/moveit_config -DAMENT_CMAKE_SYMLINK_INSTALL=1 -DCMAKE_INSTALL_PREFIX=/home/jiaan/arm_project/install/moveit_config
[0.142s] Invoking command in '/home/jiaan/arm_project/build/moveit_config': AMENT_PREFIX_PATH=/home/jiaan/arm_project/install/arm_urdf:${AMENT_PREFIX_PATH} CMAKE_PREFIX_PATH=/home/jiaan/arm_project/install/arm_urdf:/opt/ros/humble /usr/bin/cmake --build /home/jiaan/arm_project/build/moveit_config -- -j16 -l16
[0.165s] Invoked command in '/home/jiaan/arm_project/build/moveit_config' returned '0': AMENT_PREFIX_PATH=/home/jiaan/arm_project/install/arm_urdf:${AMENT_PREFIX_PATH} CMAKE_PREFIX_PATH=/home/jiaan/arm_project/install/arm_urdf:/opt/ros/humble /usr/bin/cmake --build /home/jiaan/arm_project/build/moveit_config -- -j16 -l16
[0.178s] Invoking command in '/home/jiaan/arm_project/build/moveit_config': AMENT_PREFIX_PATH=/home/jiaan/arm_project/install/arm_urdf:${AMENT_PREFIX_PATH} CMAKE_PREFIX_PATH=/home/jiaan/arm_project/install/arm_urdf:/opt/ros/humble /usr/bin/cmake --install /home/jiaan/arm_project/build/moveit_config
[0.183s] -- Install configuration: ""
[0.183s] -- Execute custom install script
[0.183s] -- Symlinking: /home/jiaan/arm_project/install/moveit_config/share/ament_index/resource_index/package_run_dependencies/moveit_config
[0.189s] -- Symlinking: /home/jiaan/arm_project/install/moveit_config/share/ament_index/resource_index/parent_prefix_path/moveit_config
[0.195s] -- Symlinking: /home/jiaan/arm_project/install/moveit_config/share/moveit_config/environment/ament_prefix_path.sh
[0.201s] -- Symlinking: /home/jiaan/arm_project/install/moveit_config/share/moveit_config/environment/ament_prefix_path.dsv
[0.208s] -- Symlinking: /home/jiaan/arm_project/install/moveit_config/share/moveit_config/environment/path.sh
[0.216s] -- Symlinking: /home/jiaan/arm_project/install/moveit_config/share/moveit_config/environment/path.dsv
[0.222s] -- Symlinking: /home/jiaan/arm_project/install/moveit_config/share/moveit_config/local_setup.bash
[0.229s] -- Symlinking: /home/jiaan/arm_project/install/moveit_config/share/moveit_config/local_setup.sh
[0.236s] -- Symlinking: /home/jiaan/arm_project/install/moveit_config/share/moveit_config/local_setup.zsh
[0.242s] -- Symlinking: /home/jiaan/arm_project/install/moveit_config/share/moveit_config/local_setup.dsv
[0.247s] -- Symlinking: /home/jiaan/arm_project/install/moveit_config/share/moveit_config/package.dsv
[0.253s] -- Symlinking: /home/jiaan/arm_project/install/moveit_config/share/ament_index/resource_index/packages/moveit_config
[0.259s] -- Symlinking: /home/jiaan/arm_project/install/moveit_config/share/moveit_config/cmake/moveit_configConfig.cmake
[0.264s] -- Symlinking: /home/jiaan/arm_project/install/moveit_config/share/moveit_config/cmake/moveit_configConfig-version.cmake
[0.270s] -- Symlinking: /home/jiaan/arm_project/install/moveit_config/share/moveit_config/package.xml
[0.276s] -- Symlinking: /home/jiaan/arm_project/install/moveit_config/share/moveit_config/launch/demo.launch.py
[0.281s] -- Symlinking: /home/jiaan/arm_project/install/moveit_config/share/moveit_config/launch/move_group.launch.py
[0.287s] -- Symlinking: /home/jiaan/arm_project/install/moveit_config/share/moveit_config/launch/moveit_rviz.launch.py
[0.293s] -- Symlinking: /home/jiaan/arm_project/install/moveit_config/share/moveit_config/launch/rsp.launch.py
[0.299s] -- Symlinking: /home/jiaan/arm_project/install/moveit_config/share/moveit_config/launch/setup_assistant.launch.py
[0.305s] -- Symlinking: /home/jiaan/arm_project/install/moveit_config/share/moveit_config/launch/spawn_controllers.launch.py
[0.310s] -- Symlinking: /home/jiaan/arm_project/install/moveit_config/share/moveit_config/launch/static_virtual_joint_tfs.launch.py
[0.317s] -- Symlinking: /home/jiaan/arm_project/install/moveit_config/share/moveit_config/launch/warehouse_db.launch.py
[0.323s] -- Symlinking: /home/jiaan/arm_project/install/moveit_config/share/moveit_config/config/initial_positions.yaml
[0.328s] -- Symlinking: /home/jiaan/arm_project/install/moveit_config/share/moveit_config/config/joint_limits.yaml
[0.334s] -- Symlinking: /home/jiaan/arm_project/install/moveit_config/share/moveit_config/config/kinematics.yaml
[0.338s] -- Symlinking: /home/jiaan/arm_project/install/moveit_config/share/moveit_config/config/moveit.rviz
[0.343s] -- Symlinking: /home/jiaan/arm_project/install/moveit_config/share/moveit_config/config/moveit_controllers.yaml
[0.348s] -- Symlinking: /home/jiaan/arm_project/install/moveit_config/share/moveit_config/config/pilz_cartesian_limits.yaml
[0.353s] -- Symlinking: /home/jiaan/arm_project/install/moveit_config/share/moveit_config/config/robot.ros2_control.xacro
[0.358s] -- Symlinking: /home/jiaan/arm_project/install/moveit_config/share/moveit_config/config/robot.srdf
[0.363s] -- Symlinking: /home/jiaan/arm_project/install/moveit_config/share/moveit_config/config/robot.urdf.xacro
[0.368s] -- Symlinking: /home/jiaan/arm_project/install/moveit_config/share/moveit_config/config/ros2_controllers.yaml
[0.374s] -- Symlinking: /home/jiaan/arm_project/install/moveit_config/share/moveit_config/config/sensors_3d.yaml
[0.378s] -- Symlinking: /home/jiaan/arm_project/install/moveit_config/share/moveit_config/.setup_assistant
[0.385s] Invoked command in '/home/jiaan/arm_project/build/moveit_config' returned '0': AMENT_PREFIX_PATH=/home/jiaan/arm_project/install/arm_urdf:${AMENT_PREFIX_PATH} CMAKE_PREFIX_PATH=/home/jiaan/arm_project/install/arm_urdf:/opt/ros/humble /usr/bin/cmake --install /home/jiaan/arm_project/build/moveit_config
