[0.008s] Invoking command in '/home/jiaan/arm_project/build/odrive_can': CMAKE_PREFIX_PATH=/opt/ros/humble /usr/bin/cmake /home/jiaan/arm_project/src/ros_odrive/odrive_node -DCMAKE_INSTALL_PREFIX=/home/jiaan/arm_project/install/odrive_can
[0.095s] -- The C compiler identification is GNU 11.4.0
[0.179s] -- The CXX compiler identification is GNU 11.4.0
[0.186s] -- Detecting C compiler ABI info
[0.238s] -- Detecting C compiler ABI info - done
[0.243s] -- Check for working C compiler: /usr/bin/cc - skipped
[0.243s] -- Detecting C compile features
[0.243s] -- Detecting C compile features - done
[0.246s] -- Detecting CXX compiler ABI info
[0.295s] -- Detecting CXX compiler ABI info - done
[0.307s] -- Check for working CXX compiler: /usr/bin/c++ - skipped
[0.308s] -- Detecting CXX compile features
[0.309s] -- Detecting CXX compile features - done
[0.317s] -- Found ament_cmake: 1.3.9 (/opt/ros/humble/share/ament_cmake/cmake)
[0.409s] -- Found Python3: /usr/bin/python3 (found version "3.10.12") found components: Interpreter 
[0.468s] -- Found rclcpp: 16.0.9 (/opt/ros/humble/share/rclcpp/cmake)
[0.500s] -- Found rosidl_generator_c: 3.1.5 (/opt/ros/humble/share/rosidl_generator_c/cmake)
[0.504s] -- Found rosidl_adapter: 3.1.5 (/opt/ros/humble/share/rosidl_adapter/cmake)
[0.511s] -- Found rosidl_generator_cpp: 3.1.5 (/opt/ros/humble/share/rosidl_generator_cpp/cmake)
[0.522s] -- Using all available rosidl_typesupport_c: rosidl_typesupport_fastrtps_c;rosidl_typesupport_introspection_c
[0.536s] -- Using all available rosidl_typesupport_cpp: rosidl_typesupport_fastrtps_cpp;rosidl_typesupport_introspection_cpp
[0.584s] -- Found rmw_implementation_cmake: 6.1.2 (/opt/ros/humble/share/rmw_implementation_cmake/cmake)
[0.587s] -- Found rmw_fastrtps_cpp: 6.2.6 (/opt/ros/humble/share/rmw_fastrtps_cpp/cmake)
[0.652s] -- Found OpenSSL: /usr/lib/x86_64-linux-gnu/libcrypto.so (found version "3.0.2")  
[0.668s] -- Found FastRTPS: /opt/ros/humble/include  
[0.694s] -- Using RMW implementation 'rmw_fastrtps_cpp' as default
[0.703s] -- Looking for pthread.h
[0.761s] -- Looking for pthread.h - found
[0.761s] -- Performing Test CMAKE_HAVE_LIBC_PTHREAD
[0.806s] -- Performing Test CMAKE_HAVE_LIBC_PTHREAD - Success
[0.807s] -- Found Threads: TRUE  
[0.914s] -- Found rosidl_default_generators: 1.2.0 (/opt/ros/humble/share/rosidl_default_generators/cmake)
[1.078s] -- Found ament_cmake_ros: 0.10.0 (/opt/ros/humble/share/ament_cmake_ros/cmake)
[1.259s] -- Using all available rosidl_typesupport_c: rosidl_typesupport_fastrtps_c;rosidl_typesupport_introspection_c
[1.327s] -- Using all available rosidl_typesupport_cpp: rosidl_typesupport_fastrtps_cpp;rosidl_typesupport_introspection_cpp
[1.340s] -- Found PythonInterp: /usr/bin/python3 (found suitable version "3.10.12", minimum required is "3.6") 
[1.342s] -- Found python_cmake_module: 0.10.0 (/opt/ros/humble/share/python_cmake_module/cmake)
[1.359s] -- Found PythonLibs: /usr/lib/x86_64-linux-gnu/libpython3.10.so (found suitable version "3.10.12", minimum required is "3.5") 
[1.359s] -- Using PYTHON_EXECUTABLE: /usr/bin/python3
[1.359s] -- Using PYTHON_INCLUDE_DIRS: /usr/include/python3.10
[1.359s] -- Using PYTHON_LIBRARIES: /usr/lib/x86_64-linux-gnu/libpython3.10.so
[1.371s] -- Found PythonExtra: .so  
[1.396s] -- Configuring done
[1.418s] -- Generating done
[1.419s] -- Build files have been written to: /home/jiaan/arm_project/build/odrive_can
[1.426s] Invoked command in '/home/jiaan/arm_project/build/odrive_can' returned '0': CMAKE_PREFIX_PATH=/opt/ros/humble /usr/bin/cmake /home/jiaan/arm_project/src/ros_odrive/odrive_node -DCMAKE_INSTALL_PREFIX=/home/jiaan/arm_project/install/odrive_can
[1.428s] Invoking command in '/home/jiaan/arm_project/build/odrive_can': CMAKE_PREFIX_PATH=/opt/ros/humble /usr/bin/cmake --build /home/jiaan/arm_project/build/odrive_can -- -j16 -l16
[1.456s] [  1%] [34m[1mGenerating C code for ROS interfaces[0m
[1.460s] [  3%] [34m[1mGenerating C++ code for ROS interfaces[0m
[1.465s] [  3%] Built target ament_cmake_python_copy_odrive_can
[1.606s] running egg_info
[1.606s] creating odrive_can.egg-info
[1.606s] writing odrive_can.egg-info/PKG-INFO
[1.606s] writing dependency_links to odrive_can.egg-info/dependency_links.txt
[1.606s] writing top-level names to odrive_can.egg-info/top_level.txt
[1.606s] writing manifest file 'odrive_can.egg-info/SOURCES.txt'
[1.608s] reading manifest file 'odrive_can.egg-info/SOURCES.txt'
[1.608s] writing manifest file 'odrive_can.egg-info/SOURCES.txt'
[1.625s] [  3%] Built target ament_cmake_python_build_odrive_can_egg
[1.726s] [  3%] Built target odrive_can__cpp
[1.735s] [  5%] [34m[1mGenerating C++ type support dispatch for ROS interfaces[0m
[1.736s] [  6%] [34m[1mGenerating C++ introspection for ROS interfaces[0m
[1.736s] [  8%] [34m[1mGenerating C++ type support for eProsima Fast-RTPS[0m
[1.759s] [ 11%] [32mBuilding C object CMakeFiles/odrive_can__rosidl_generator_c.dir/rosidl_generator_c/odrive_can/msg/detail/control_message__functions.c.o[0m
[1.759s] [ 11%] [32mBuilding C object CMakeFiles/odrive_can__rosidl_generator_c.dir/rosidl_generator_c/odrive_can/msg/detail/controller_status__functions.c.o[0m
[1.760s] [ 13%] [32mBuilding C object CMakeFiles/odrive_can__rosidl_generator_c.dir/rosidl_generator_c/odrive_can/msg/detail/o_drive_status__functions.c.o[0m
[1.760s] [ 15%] [32mBuilding C object CMakeFiles/odrive_can__rosidl_generator_c.dir/rosidl_generator_c/odrive_can/srv/detail/axis_state__functions.c.o[0m
[1.813s] [ 16%] [32m[1mLinking C shared library libodrive_can__rosidl_generator_c.so[0m
[1.839s] [ 16%] Built target odrive_can__rosidl_generator_c
[1.847s] [ 18%] [34m[1mGenerating C type support for eProsima Fast-RTPS[0m
[1.847s] [ 21%] [34m[1mGenerating C type support dispatch for ROS interfaces[0m
[1.847s] [ 21%] [34m[1mGenerating C introspection for ROS interfaces[0m
[1.998s] [ 23%] [32mBuilding CXX object CMakeFiles/odrive_can__rosidl_typesupport_cpp.dir/rosidl_typesupport_cpp/odrive_can/msg/control_message__type_support.cpp.o[0m
[1.998s] [ 25%] [32mBuilding CXX object CMakeFiles/odrive_can__rosidl_typesupport_cpp.dir/rosidl_typesupport_cpp/odrive_can/msg/o_drive_status__type_support.cpp.o[0m
[1.998s] [ 26%] [32mBuilding CXX object CMakeFiles/odrive_can__rosidl_typesupport_cpp.dir/rosidl_typesupport_cpp/odrive_can/srv/axis_state__type_support.cpp.o[0m
[2.001s] [ 28%] [32mBuilding CXX object CMakeFiles/odrive_can__rosidl_typesupport_cpp.dir/rosidl_typesupport_cpp/odrive_can/msg/controller_status__type_support.cpp.o[0m
[2.049s] [ 30%] [32mBuilding CXX object CMakeFiles/odrive_can__rosidl_typesupport_introspection_cpp.dir/rosidl_typesupport_introspection_cpp/odrive_can/srv/detail/axis_state__type_support.cpp.o[0m
[2.049s] [ 31%] [32mBuilding CXX object CMakeFiles/odrive_can__rosidl_typesupport_introspection_cpp.dir/rosidl_typesupport_introspection_cpp/odrive_can/msg/detail/controller_status__type_support.cpp.o[0m
[2.050s] [ 33%] [32mBuilding CXX object CMakeFiles/odrive_can__rosidl_typesupport_introspection_cpp.dir/rosidl_typesupport_introspection_cpp/odrive_can/msg/detail/control_message__type_support.cpp.o[0m
[2.051s] [ 35%] [32mBuilding CXX object CMakeFiles/odrive_can__rosidl_typesupport_introspection_cpp.dir/rosidl_typesupport_introspection_cpp/odrive_can/msg/detail/o_drive_status__type_support.cpp.o[0m
[2.148s] [ 38%] [32mBuilding CXX object CMakeFiles/odrive_can__rosidl_typesupport_fastrtps_cpp.dir/rosidl_typesupport_fastrtps_cpp/odrive_can/msg/detail/dds_fastrtps/control_message__type_support.cpp.o[0m
[2.148s] [ 38%] [32mBuilding CXX object CMakeFiles/odrive_can__rosidl_typesupport_fastrtps_cpp.dir/rosidl_typesupport_fastrtps_cpp/odrive_can/msg/detail/dds_fastrtps/controller_status__type_support.cpp.o[0m
[2.149s] [ 41%] [32mBuilding CXX object CMakeFiles/odrive_can__rosidl_typesupport_fastrtps_cpp.dir/rosidl_typesupport_fastrtps_cpp/odrive_can/msg/detail/dds_fastrtps/o_drive_status__type_support.cpp.o[0m
[2.149s] [ 41%] [32mBuilding CXX object CMakeFiles/odrive_can__rosidl_typesupport_fastrtps_cpp.dir/rosidl_typesupport_fastrtps_cpp/odrive_can/srv/detail/dds_fastrtps/axis_state__type_support.cpp.o[0m
[2.213s] [ 45%] [32mBuilding CXX object CMakeFiles/odrive_can__rosidl_typesupport_c.dir/rosidl_typesupport_c/odrive_can/msg/controller_status__type_support.cpp.o[0m
[2.214s] [ 45%] [32mBuilding CXX object CMakeFiles/odrive_can__rosidl_typesupport_c.dir/rosidl_typesupport_c/odrive_can/msg/control_message__type_support.cpp.o[0m
[2.266s] [ 46%] [32mBuilding CXX object CMakeFiles/odrive_can__rosidl_typesupport_c.dir/rosidl_typesupport_c/odrive_can/msg/o_drive_status__type_support.cpp.o[0m
[2.267s] [ 48%] [32mBuilding CXX object CMakeFiles/odrive_can__rosidl_typesupport_c.dir/rosidl_typesupport_c/odrive_can/srv/axis_state__type_support.cpp.o[0m
[2.315s] [ 50%] [32m[1mLinking CXX shared library libodrive_can__rosidl_typesupport_c.so[0m
[2.379s] [ 51%] [32mBuilding CXX object CMakeFiles/odrive_can__rosidl_typesupport_fastrtps_c.dir/rosidl_typesupport_fastrtps_c/odrive_can/msg/detail/control_message__type_support_c.cpp.o[0m
[2.399s] [ 53%] [32mBuilding CXX object CMakeFiles/odrive_can__rosidl_typesupport_fastrtps_c.dir/rosidl_typesupport_fastrtps_c/odrive_can/msg/detail/controller_status__type_support_c.cpp.o[0m
[2.404s] [ 53%] Built target odrive_can__rosidl_typesupport_c
[2.416s] [ 55%] [32mBuilding C object CMakeFiles/odrive_can__rosidl_typesupport_introspection_c.dir/rosidl_typesupport_introspection_c/odrive_can/msg/detail/control_message__type_support.c.o[0m
[2.419s] [ 56%] [32mBuilding CXX object CMakeFiles/odrive_can__rosidl_typesupport_fastrtps_c.dir/rosidl_typesupport_fastrtps_c/odrive_can/msg/detail/o_drive_status__type_support_c.cpp.o[0m
[2.441s] [ 58%] [32mBuilding C object CMakeFiles/odrive_can__rosidl_typesupport_introspection_c.dir/rosidl_typesupport_introspection_c/odrive_can/msg/detail/controller_status__type_support.c.o[0m
[2.445s] [ 60%] [32mBuilding CXX object CMakeFiles/odrive_can__rosidl_typesupport_fastrtps_c.dir/rosidl_typesupport_fastrtps_c/odrive_can/srv/detail/axis_state__type_support_c.cpp.o[0m
[2.452s] [ 61%] [32m[1mLinking CXX shared library libodrive_can__rosidl_typesupport_cpp.so[0m
[2.464s] [ 63%] [32mBuilding C object CMakeFiles/odrive_can__rosidl_typesupport_introspection_c.dir/rosidl_typesupport_introspection_c/odrive_can/msg/detail/o_drive_status__type_support.c.o[0m
[2.472s] [ 65%] [32mBuilding C object CMakeFiles/odrive_can__rosidl_typesupport_introspection_c.dir/rosidl_typesupport_introspection_c/odrive_can/srv/detail/axis_state__type_support.c.o[0m
[2.534s] [ 66%] [32m[1mLinking C shared library libodrive_can__rosidl_typesupport_introspection_c.so[0m
[2.538s] [ 66%] Built target odrive_can__rosidl_typesupport_cpp
[2.574s] [ 71%] [32mBuilding CXX object CMakeFiles/odrive_can_node.dir/home/jiaan/arm_project/src/ros_odrive/odrive_base/src/epoll_event_loop.cpp.o[0m
[2.574s] [ 71%] [32mBuilding CXX object CMakeFiles/odrive_can_node.dir/src/odrive_can_node.cpp.o[0m
[2.574s] [ 71%] [32mBuilding CXX object CMakeFiles/odrive_can_node.dir/home/jiaan/arm_project/src/ros_odrive/odrive_base/src/socket_can.cpp.o[0m
[2.603s] [ 71%] Built target odrive_can__rosidl_typesupport_introspection_c
[2.626s] [ 73%] [32mBuilding CXX object CMakeFiles/odrive_can_node.dir/src/main.cpp.o[0m
[2.660s] [ 75%] [32m[1mLinking CXX shared library libodrive_can__rosidl_typesupport_introspection_cpp.so[0m
[2.700s] [ 75%] Built target odrive_can__rosidl_typesupport_introspection_cpp
[2.846s] [ 76%] [32m[1mLinking CXX shared library libodrive_can__rosidl_typesupport_fastrtps_cpp.so[0m
[2.901s] [ 76%] Built target odrive_can__rosidl_typesupport_fastrtps_cpp
[2.910s] [ 78%] [32m[1mLinking CXX shared library libodrive_can__rosidl_typesupport_fastrtps_c.so[0m
[2.959s] [ 78%] Built target odrive_can__rosidl_typesupport_fastrtps_c
[2.972s] [ 78%] Built target odrive_can
[2.987s] [ 80%] [34m[1mGenerating Python code for ROS interfaces[0m
[3.419s] [ 80%] Built target odrive_can__py
[3.433s] [ 83%] [32mBuilding C object CMakeFiles/odrive_can__rosidl_generator_py.dir/rosidl_generator_py/odrive_can/msg/_controller_status_s.c.o[0m
[3.433s] [ 85%] [32mBuilding C object CMakeFiles/odrive_can__rosidl_generator_py.dir/rosidl_generator_py/odrive_can/msg/_control_message_s.c.o[0m
[3.433s] [ 86%] [32mBuilding C object CMakeFiles/odrive_can__rosidl_generator_py.dir/rosidl_generator_py/odrive_can/srv/_axis_state_s.c.o[0m
[3.433s] [ 86%] [32mBuilding C object CMakeFiles/odrive_can__rosidl_generator_py.dir/rosidl_generator_py/odrive_can/msg/_o_drive_status_s.c.o[0m
[3.528s] [ 88%] [32m[1mLinking C shared library rosidl_generator_py/odrive_can/libodrive_can__rosidl_generator_py.so[0m
[3.553s] [ 88%] Built target odrive_can__rosidl_generator_py
[3.568s] [ 91%] [32mBuilding C object CMakeFiles/odrive_can__rosidl_typesupport_c__pyext.dir/rosidl_generator_py/odrive_can/_odrive_can_s.ep.rosidl_typesupport_c.c.o[0m
[3.568s] [ 91%] [32mBuilding C object CMakeFiles/odrive_can__rosidl_typesupport_fastrtps_c__pyext.dir/rosidl_generator_py/odrive_can/_odrive_can_s.ep.rosidl_typesupport_fastrtps_c.c.o[0m
[3.568s] [ 93%] [32mBuilding C object CMakeFiles/odrive_can__rosidl_typesupport_introspection_c__pyext.dir/rosidl_generator_py/odrive_can/_odrive_can_s.ep.rosidl_typesupport_introspection_c.c.o[0m
[3.641s] [ 95%] [32m[1mLinking C shared library rosidl_generator_py/odrive_can/odrive_can_s__rosidl_typesupport_c.cpython-310-x86_64-linux-gnu.so[0m
[3.642s] [ 96%] [32m[1mLinking C shared library rosidl_generator_py/odrive_can/odrive_can_s__rosidl_typesupport_introspection_c.cpython-310-x86_64-linux-gnu.so[0m
[3.642s] [ 98%] [32m[1mLinking C shared library rosidl_generator_py/odrive_can/odrive_can_s__rosidl_typesupport_fastrtps_c.cpython-310-x86_64-linux-gnu.so[0m
[3.664s] [ 98%] Built target odrive_can__rosidl_typesupport_c__pyext
[3.665s] [ 98%] Built target odrive_can__rosidl_typesupport_introspection_c__pyext
[3.665s] [ 98%] Built target odrive_can__rosidl_typesupport_fastrtps_c__pyext
[9.028s] [100%] [32m[1mLinking CXX executable odrive_can_node[0m
[9.298s] [100%] Built target odrive_can_node
[9.306s] Invoked command in '/home/jiaan/arm_project/build/odrive_can' returned '0': CMAKE_PREFIX_PATH=/opt/ros/humble /usr/bin/cmake --build /home/jiaan/arm_project/build/odrive_can -- -j16 -l16
[9.388s] Invoking command in '/home/jiaan/arm_project/build/odrive_can': CMAKE_PREFIX_PATH=/opt/ros/humble /usr/bin/cmake --install /home/jiaan/arm_project/build/odrive_can
[9.393s] -- Install configuration: ""
[9.393s] -- Installing: /home/jiaan/arm_project/install/odrive_can/share/ament_index/resource_index/rosidl_interfaces/odrive_can
[9.393s] -- Installing: /home/jiaan/arm_project/install/odrive_can/include/odrive_can/odrive_can
[9.393s] -- Installing: /home/jiaan/arm_project/install/odrive_can/include/odrive_can/odrive_can/srv
[9.393s] -- Installing: /home/jiaan/arm_project/install/odrive_can/include/odrive_can/odrive_can/srv/detail
[9.393s] -- Installing: /home/jiaan/arm_project/install/odrive_can/include/odrive_can/odrive_can/srv/detail/axis_state__struct.h
[9.393s] -- Installing: /home/jiaan/arm_project/install/odrive_can/include/odrive_can/odrive_can/srv/detail/axis_state__functions.c
[9.393s] -- Installing: /home/jiaan/arm_project/install/odrive_can/include/odrive_can/odrive_can/srv/detail/axis_state__functions.h
[9.393s] -- Installing: /home/jiaan/arm_project/install/odrive_can/include/odrive_can/odrive_can/srv/detail/axis_state__type_support.h
[9.393s] -- Installing: /home/jiaan/arm_project/install/odrive_can/include/odrive_can/odrive_can/srv/axis_state.h
[9.393s] -- Installing: /home/jiaan/arm_project/install/odrive_can/include/odrive_can/odrive_can/msg
[9.393s] -- Installing: /home/jiaan/arm_project/install/odrive_can/include/odrive_can/odrive_can/msg/rosidl_generator_c__visibility_control.h
[9.394s] -- Installing: /home/jiaan/arm_project/install/odrive_can/include/odrive_can/odrive_can/msg/o_drive_status.h
[9.394s] -- Installing: /home/jiaan/arm_project/install/odrive_can/include/odrive_can/odrive_can/msg/control_message.h
[9.394s] -- Installing: /home/jiaan/arm_project/install/odrive_can/include/odrive_can/odrive_can/msg/detail
[9.394s] -- Installing: /home/jiaan/arm_project/install/odrive_can/include/odrive_can/odrive_can/msg/detail/control_message__functions.c
[9.394s] -- Installing: /home/jiaan/arm_project/install/odrive_can/include/odrive_can/odrive_can/msg/detail/o_drive_status__struct.h
[9.394s] -- Installing: /home/jiaan/arm_project/install/odrive_can/include/odrive_can/odrive_can/msg/detail/o_drive_status__functions.c
[9.394s] -- Installing: /home/jiaan/arm_project/install/odrive_can/include/odrive_can/odrive_can/msg/detail/controller_status__functions.h
[9.394s] -- Installing: /home/jiaan/arm_project/install/odrive_can/include/odrive_can/odrive_can/msg/detail/control_message__functions.h
[9.394s] -- Installing: /home/jiaan/arm_project/install/odrive_can/include/odrive_can/odrive_can/msg/detail/o_drive_status__functions.h
[9.394s] -- Installing: /home/jiaan/arm_project/install/odrive_can/include/odrive_can/odrive_can/msg/detail/controller_status__functions.c
[9.394s] -- Installing: /home/jiaan/arm_project/install/odrive_can/include/odrive_can/odrive_can/msg/detail/o_drive_status__type_support.h
[9.394s] -- Installing: /home/jiaan/arm_project/install/odrive_can/include/odrive_can/odrive_can/msg/detail/controller_status__type_support.h
[9.394s] -- Installing: /home/jiaan/arm_project/install/odrive_can/include/odrive_can/odrive_can/msg/detail/control_message__struct.h
[9.394s] -- Installing: /home/jiaan/arm_project/install/odrive_can/include/odrive_can/odrive_can/msg/detail/controller_status__struct.h
[9.394s] -- Installing: /home/jiaan/arm_project/install/odrive_can/include/odrive_can/odrive_can/msg/detail/control_message__type_support.h
[9.394s] -- Installing: /home/jiaan/arm_project/install/odrive_can/include/odrive_can/odrive_can/msg/controller_status.h
[9.394s] -- Installing: /home/jiaan/arm_project/install/odrive_can/share/odrive_can/environment/library_path.sh
[9.395s] -- Installing: /home/jiaan/arm_project/install/odrive_can/share/odrive_can/environment/library_path.dsv
[9.395s] -- Installing: /home/jiaan/arm_project/install/odrive_can/lib/libodrive_can__rosidl_generator_c.so
[9.395s] -- Set runtime path of "/home/jiaan/arm_project/install/odrive_can/lib/libodrive_can__rosidl_generator_c.so" to ""
[9.395s] -- Up-to-date: /home/jiaan/arm_project/install/odrive_can/include/odrive_can/odrive_can
[9.395s] -- Up-to-date: /home/jiaan/arm_project/install/odrive_can/include/odrive_can/odrive_can/srv
[9.395s] -- Up-to-date: /home/jiaan/arm_project/install/odrive_can/include/odrive_can/odrive_can/srv/detail
[9.395s] -- Installing: /home/jiaan/arm_project/install/odrive_can/include/odrive_can/odrive_can/srv/detail/axis_state__rosidl_typesupport_fastrtps_c.h
[9.395s] -- Up-to-date: /home/jiaan/arm_project/install/odrive_can/include/odrive_can/odrive_can/msg
[9.395s] -- Up-to-date: /home/jiaan/arm_project/install/odrive_can/include/odrive_can/odrive_can/msg/detail
[9.395s] -- Installing: /home/jiaan/arm_project/install/odrive_can/include/odrive_can/odrive_can/msg/detail/controller_status__rosidl_typesupport_fastrtps_c.h
[9.395s] -- Installing: /home/jiaan/arm_project/install/odrive_can/include/odrive_can/odrive_can/msg/detail/o_drive_status__rosidl_typesupport_fastrtps_c.h
[9.395s] -- Installing: /home/jiaan/arm_project/install/odrive_can/include/odrive_can/odrive_can/msg/detail/control_message__rosidl_typesupport_fastrtps_c.h
[9.395s] -- Installing: /home/jiaan/arm_project/install/odrive_can/include/odrive_can/odrive_can/msg/rosidl_typesupport_fastrtps_c__visibility_control.h
[9.395s] -- Installing: /home/jiaan/arm_project/install/odrive_can/lib/libodrive_can__rosidl_typesupport_fastrtps_c.so
[9.395s] -- Set runtime path of "/home/jiaan/arm_project/install/odrive_can/lib/libodrive_can__rosidl_typesupport_fastrtps_c.so" to ""
[9.396s] -- Up-to-date: /home/jiaan/arm_project/install/odrive_can/include/odrive_can/odrive_can
[9.396s] -- Up-to-date: /home/jiaan/arm_project/install/odrive_can/include/odrive_can/odrive_can/srv
[9.396s] -- Up-to-date: /home/jiaan/arm_project/install/odrive_can/include/odrive_can/odrive_can/srv/detail
[9.396s] -- Installing: /home/jiaan/arm_project/install/odrive_can/include/odrive_can/odrive_can/srv/detail/axis_state__builder.hpp
[9.396s] -- Installing: /home/jiaan/arm_project/install/odrive_can/include/odrive_can/odrive_can/srv/detail/axis_state__traits.hpp
[9.396s] -- Installing: /home/jiaan/arm_project/install/odrive_can/include/odrive_can/odrive_can/srv/detail/axis_state__struct.hpp
[9.396s] -- Installing: /home/jiaan/arm_project/install/odrive_can/include/odrive_can/odrive_can/srv/axis_state.hpp
[9.396s] -- Up-to-date: /home/jiaan/arm_project/install/odrive_can/include/odrive_can/odrive_can/msg
[9.396s] -- Installing: /home/jiaan/arm_project/install/odrive_can/include/odrive_can/odrive_can/msg/control_message.hpp
[9.396s] -- Up-to-date: /home/jiaan/arm_project/install/odrive_can/include/odrive_can/odrive_can/msg/detail
[9.396s] -- Installing: /home/jiaan/arm_project/install/odrive_can/include/odrive_can/odrive_can/msg/detail/controller_status__struct.hpp
[9.396s] -- Installing: /home/jiaan/arm_project/install/odrive_can/include/odrive_can/odrive_can/msg/detail/controller_status__traits.hpp
[9.396s] -- Installing: /home/jiaan/arm_project/install/odrive_can/include/odrive_can/odrive_can/msg/detail/control_message__struct.hpp
[9.396s] -- Installing: /home/jiaan/arm_project/install/odrive_can/include/odrive_can/odrive_can/msg/detail/control_message__builder.hpp
[9.396s] -- Installing: /home/jiaan/arm_project/install/odrive_can/include/odrive_can/odrive_can/msg/detail/o_drive_status__struct.hpp
[9.396s] -- Installing: /home/jiaan/arm_project/install/odrive_can/include/odrive_can/odrive_can/msg/detail/o_drive_status__builder.hpp
[9.396s] -- Installing: /home/jiaan/arm_project/install/odrive_can/include/odrive_can/odrive_can/msg/detail/o_drive_status__traits.hpp
[9.396s] -- Installing: /home/jiaan/arm_project/install/odrive_can/include/odrive_can/odrive_can/msg/detail/controller_status__builder.hpp
[9.396s] -- Installing: /home/jiaan/arm_project/install/odrive_can/include/odrive_can/odrive_can/msg/detail/control_message__traits.hpp
[9.396s] -- Installing: /home/jiaan/arm_project/install/odrive_can/include/odrive_can/odrive_can/msg/controller_status.hpp
[9.397s] -- Installing: /home/jiaan/arm_project/install/odrive_can/include/odrive_can/odrive_can/msg/o_drive_status.hpp
[9.397s] -- Up-to-date: /home/jiaan/arm_project/install/odrive_can/include/odrive_can/odrive_can
[9.397s] -- Up-to-date: /home/jiaan/arm_project/install/odrive_can/include/odrive_can/odrive_can/srv
[9.397s] -- Up-to-date: /home/jiaan/arm_project/install/odrive_can/include/odrive_can/odrive_can/srv/detail
[9.397s] -- Installing: /home/jiaan/arm_project/install/odrive_can/include/odrive_can/odrive_can/srv/detail/axis_state__rosidl_typesupport_fastrtps_cpp.hpp
[9.397s] -- Installing: /home/jiaan/arm_project/install/odrive_can/include/odrive_can/odrive_can/srv/detail/dds_fastrtps
[9.397s] -- Up-to-date: /home/jiaan/arm_project/install/odrive_can/include/odrive_can/odrive_can/msg
[9.397s] -- Up-to-date: /home/jiaan/arm_project/install/odrive_can/include/odrive_can/odrive_can/msg/detail
[9.397s] -- Installing: /home/jiaan/arm_project/install/odrive_can/include/odrive_can/odrive_can/msg/detail/control_message__rosidl_typesupport_fastrtps_cpp.hpp
[9.397s] -- Installing: /home/jiaan/arm_project/install/odrive_can/include/odrive_can/odrive_can/msg/detail/controller_status__rosidl_typesupport_fastrtps_cpp.hpp
[9.397s] -- Installing: /home/jiaan/arm_project/install/odrive_can/include/odrive_can/odrive_can/msg/detail/dds_fastrtps
[9.397s] -- Installing: /home/jiaan/arm_project/install/odrive_can/include/odrive_can/odrive_can/msg/detail/o_drive_status__rosidl_typesupport_fastrtps_cpp.hpp
[9.397s] -- Installing: /home/jiaan/arm_project/install/odrive_can/include/odrive_can/odrive_can/msg/rosidl_typesupport_fastrtps_cpp__visibility_control.h
[9.397s] -- Installing: /home/jiaan/arm_project/install/odrive_can/lib/libodrive_can__rosidl_typesupport_fastrtps_cpp.so
[9.397s] -- Set runtime path of "/home/jiaan/arm_project/install/odrive_can/lib/libodrive_can__rosidl_typesupport_fastrtps_cpp.so" to ""
[9.397s] -- Up-to-date: /home/jiaan/arm_project/install/odrive_can/include/odrive_can/odrive_can
[9.397s] -- Up-to-date: /home/jiaan/arm_project/install/odrive_can/include/odrive_can/odrive_can/srv
[9.397s] -- Up-to-date: /home/jiaan/arm_project/install/odrive_can/include/odrive_can/odrive_can/srv/detail
[9.397s] -- Installing: /home/jiaan/arm_project/install/odrive_can/include/odrive_can/odrive_can/srv/detail/axis_state__rosidl_typesupport_introspection_c.h
[9.398s] -- Installing: /home/jiaan/arm_project/install/odrive_can/include/odrive_can/odrive_can/srv/detail/axis_state__type_support.c
[9.398s] -- Up-to-date: /home/jiaan/arm_project/install/odrive_can/include/odrive_can/odrive_can/msg
[9.398s] -- Up-to-date: /home/jiaan/arm_project/install/odrive_can/include/odrive_can/odrive_can/msg/detail
[9.398s] -- Installing: /home/jiaan/arm_project/install/odrive_can/include/odrive_can/odrive_can/msg/detail/control_message__type_support.c
[9.398s] -- Installing: /home/jiaan/arm_project/install/odrive_can/include/odrive_can/odrive_can/msg/detail/controller_status__rosidl_typesupport_introspection_c.h
[9.398s] -- Installing: /home/jiaan/arm_project/install/odrive_can/include/odrive_can/odrive_can/msg/detail/control_message__rosidl_typesupport_introspection_c.h
[9.398s] -- Installing: /home/jiaan/arm_project/install/odrive_can/include/odrive_can/odrive_can/msg/detail/controller_status__type_support.c
[9.398s] -- Installing: /home/jiaan/arm_project/install/odrive_can/include/odrive_can/odrive_can/msg/detail/o_drive_status__type_support.c
[9.398s] -- Installing: /home/jiaan/arm_project/install/odrive_can/include/odrive_can/odrive_can/msg/detail/o_drive_status__rosidl_typesupport_introspection_c.h
[9.398s] -- Installing: /home/jiaan/arm_project/install/odrive_can/include/odrive_can/odrive_can/msg/rosidl_typesupport_introspection_c__visibility_control.h
[9.398s] -- Installing: /home/jiaan/arm_project/install/odrive_can/lib/libodrive_can__rosidl_typesupport_introspection_c.so
[9.398s] -- Set runtime path of "/home/jiaan/arm_project/install/odrive_can/lib/libodrive_can__rosidl_typesupport_introspection_c.so" to ""
[9.398s] -- Installing: /home/jiaan/arm_project/install/odrive_can/lib/libodrive_can__rosidl_typesupport_c.so
[9.398s] -- Set runtime path of "/home/jiaan/arm_project/install/odrive_can/lib/libodrive_can__rosidl_typesupport_c.so" to ""
[9.398s] -- Up-to-date: /home/jiaan/arm_project/install/odrive_can/include/odrive_can/odrive_can
[9.398s] -- Up-to-date: /home/jiaan/arm_project/install/odrive_can/include/odrive_can/odrive_can/srv
[9.399s] -- Up-to-date: /home/jiaan/arm_project/install/odrive_can/include/odrive_can/odrive_can/srv/detail
[9.399s] -- Installing: /home/jiaan/arm_project/install/odrive_can/include/odrive_can/odrive_can/srv/detail/axis_state__type_support.cpp
[9.399s] -- Installing: /home/jiaan/arm_project/install/odrive_can/include/odrive_can/odrive_can/srv/detail/axis_state__rosidl_typesupport_introspection_cpp.hpp
[9.399s] -- Up-to-date: /home/jiaan/arm_project/install/odrive_can/include/odrive_can/odrive_can/msg
[9.399s] -- Up-to-date: /home/jiaan/arm_project/install/odrive_can/include/odrive_can/odrive_can/msg/detail
[9.399s] -- Installing: /home/jiaan/arm_project/install/odrive_can/include/odrive_can/odrive_can/msg/detail/o_drive_status__type_support.cpp
[9.399s] -- Installing: /home/jiaan/arm_project/install/odrive_can/include/odrive_can/odrive_can/msg/detail/control_message__type_support.cpp
[9.399s] -- Installing: /home/jiaan/arm_project/install/odrive_can/include/odrive_can/odrive_can/msg/detail/control_message__rosidl_typesupport_introspection_cpp.hpp
[9.399s] -- Installing: /home/jiaan/arm_project/install/odrive_can/include/odrive_can/odrive_can/msg/detail/controller_status__type_support.cpp
[9.399s] -- Installing: /home/jiaan/arm_project/install/odrive_can/include/odrive_can/odrive_can/msg/detail/o_drive_status__rosidl_typesupport_introspection_cpp.hpp
[9.399s] -- Installing: /home/jiaan/arm_project/install/odrive_can/include/odrive_can/odrive_can/msg/detail/controller_status__rosidl_typesupport_introspection_cpp.hpp
[9.399s] -- Installing: /home/jiaan/arm_project/install/odrive_can/lib/libodrive_can__rosidl_typesupport_introspection_cpp.so
[9.399s] -- Set runtime path of "/home/jiaan/arm_project/install/odrive_can/lib/libodrive_can__rosidl_typesupport_introspection_cpp.so" to ""
[9.399s] -- Installing: /home/jiaan/arm_project/install/odrive_can/lib/libodrive_can__rosidl_typesupport_cpp.so
[9.399s] -- Set runtime path of "/home/jiaan/arm_project/install/odrive_can/lib/libodrive_can__rosidl_typesupport_cpp.so" to ""
[9.399s] -- Installing: /home/jiaan/arm_project/install/odrive_can/share/odrive_can/environment/pythonpath.sh
[9.399s] -- Installing: /home/jiaan/arm_project/install/odrive_can/share/odrive_can/environment/pythonpath.dsv
[9.400s] -- Installing: /home/jiaan/arm_project/install/odrive_can/local/lib/python3.10/dist-packages/odrive_can-0.0.1-py3.10.egg-info
[9.400s] -- Installing: /home/jiaan/arm_project/install/odrive_can/local/lib/python3.10/dist-packages/odrive_can-0.0.1-py3.10.egg-info/dependency_links.txt
[9.400s] -- Installing: /home/jiaan/arm_project/install/odrive_can/local/lib/python3.10/dist-packages/odrive_can-0.0.1-py3.10.egg-info/top_level.txt
[9.400s] -- Installing: /home/jiaan/arm_project/install/odrive_can/local/lib/python3.10/dist-packages/odrive_can-0.0.1-py3.10.egg-info/SOURCES.txt
[9.400s] -- Installing: /home/jiaan/arm_project/install/odrive_can/local/lib/python3.10/dist-packages/odrive_can-0.0.1-py3.10.egg-info/PKG-INFO
[9.400s] -- Installing: /home/jiaan/arm_project/install/odrive_can/local/lib/python3.10/dist-packages/odrive_can
[9.400s] -- Installing: /home/jiaan/arm_project/install/odrive_can/local/lib/python3.10/dist-packages/odrive_can/odrive_can_s__rosidl_typesupport_c.cpython-310-x86_64-linux-gnu.so
[9.400s] -- Installing: /home/jiaan/arm_project/install/odrive_can/local/lib/python3.10/dist-packages/odrive_can/_odrive_can_s.ep.rosidl_typesupport_introspection_c.c
[9.400s] -- Installing: /home/jiaan/arm_project/install/odrive_can/local/lib/python3.10/dist-packages/odrive_can/odrive_can_s__rosidl_typesupport_fastrtps_c.cpython-310-x86_64-linux-gnu.so
[9.400s] -- Installing: /home/jiaan/arm_project/install/odrive_can/local/lib/python3.10/dist-packages/odrive_can/odrive_can_s__rosidl_typesupport_introspection_c.cpython-310-x86_64-linux-gnu.so
[9.400s] -- Installing: /home/jiaan/arm_project/install/odrive_can/local/lib/python3.10/dist-packages/odrive_can/srv
[9.400s] -- Installing: /home/jiaan/arm_project/install/odrive_can/local/lib/python3.10/dist-packages/odrive_can/srv/_axis_state.py
[9.400s] -- Installing: /home/jiaan/arm_project/install/odrive_can/local/lib/python3.10/dist-packages/odrive_can/srv/_axis_state_s.c
[9.400s] -- Installing: /home/jiaan/arm_project/install/odrive_can/local/lib/python3.10/dist-packages/odrive_can/srv/__init__.py
[9.400s] -- Installing: /home/jiaan/arm_project/install/odrive_can/local/lib/python3.10/dist-packages/odrive_can/_odrive_can_s.ep.rosidl_typesupport_fastrtps_c.c
[9.401s] -- Installing: /home/jiaan/arm_project/install/odrive_can/local/lib/python3.10/dist-packages/odrive_can/__init__.py
[9.401s] -- Installing: /home/jiaan/arm_project/install/odrive_can/local/lib/python3.10/dist-packages/odrive_can/_odrive_can_s.ep.rosidl_typesupport_c.c
[9.401s] -- Installing: /home/jiaan/arm_project/install/odrive_can/local/lib/python3.10/dist-packages/odrive_can/msg
[9.401s] -- Installing: /home/jiaan/arm_project/install/odrive_can/local/lib/python3.10/dist-packages/odrive_can/msg/_o_drive_status.py
[9.401s] -- Installing: /home/jiaan/arm_project/install/odrive_can/local/lib/python3.10/dist-packages/odrive_can/msg/_control_message.py
[9.401s] -- Installing: /home/jiaan/arm_project/install/odrive_can/local/lib/python3.10/dist-packages/odrive_can/msg/_o_drive_status_s.c
[9.401s] -- Installing: /home/jiaan/arm_project/install/odrive_can/local/lib/python3.10/dist-packages/odrive_can/msg/_controller_status_s.c
[9.401s] -- Installing: /home/jiaan/arm_project/install/odrive_can/local/lib/python3.10/dist-packages/odrive_can/msg/_control_message_s.c
[9.401s] -- Installing: /home/jiaan/arm_project/install/odrive_can/local/lib/python3.10/dist-packages/odrive_can/msg/__init__.py
[9.401s] -- Installing: /home/jiaan/arm_project/install/odrive_can/local/lib/python3.10/dist-packages/odrive_can/msg/_controller_status.py
[9.401s] -- Installing: /home/jiaan/arm_project/install/odrive_can/local/lib/python3.10/dist-packages/odrive_can/libodrive_can__rosidl_generator_py.so
[9.425s] Listing '/home/jiaan/arm_project/install/odrive_can/local/lib/python3.10/dist-packages/odrive_can'...
[9.425s] Compiling '/home/jiaan/arm_project/install/odrive_can/local/lib/python3.10/dist-packages/odrive_can/__init__.py'...
[9.425s] Listing '/home/jiaan/arm_project/install/odrive_can/local/lib/python3.10/dist-packages/odrive_can/msg'...
[9.425s] Compiling '/home/jiaan/arm_project/install/odrive_can/local/lib/python3.10/dist-packages/odrive_can/msg/__init__.py'...
[9.425s] Compiling '/home/jiaan/arm_project/install/odrive_can/local/lib/python3.10/dist-packages/odrive_can/msg/_control_message.py'...
[9.425s] Compiling '/home/jiaan/arm_project/install/odrive_can/local/lib/python3.10/dist-packages/odrive_can/msg/_controller_status.py'...
[9.425s] Compiling '/home/jiaan/arm_project/install/odrive_can/local/lib/python3.10/dist-packages/odrive_can/msg/_o_drive_status.py'...
[9.425s] Listing '/home/jiaan/arm_project/install/odrive_can/local/lib/python3.10/dist-packages/odrive_can/srv'...
[9.425s] Compiling '/home/jiaan/arm_project/install/odrive_can/local/lib/python3.10/dist-packages/odrive_can/srv/__init__.py'...
[9.425s] Compiling '/home/jiaan/arm_project/install/odrive_can/local/lib/python3.10/dist-packages/odrive_can/srv/_axis_state.py'...
[9.427s] -- Installing: /home/jiaan/arm_project/install/odrive_can/local/lib/python3.10/dist-packages/odrive_can/odrive_can_s__rosidl_typesupport_fastrtps_c.cpython-310-x86_64-linux-gnu.so
[9.427s] -- Set runtime path of "/home/jiaan/arm_project/install/odrive_can/local/lib/python3.10/dist-packages/odrive_can/odrive_can_s__rosidl_typesupport_fastrtps_c.cpython-310-x86_64-linux-gnu.so" to ""
[9.427s] -- Installing: /home/jiaan/arm_project/install/odrive_can/local/lib/python3.10/dist-packages/odrive_can/odrive_can_s__rosidl_typesupport_introspection_c.cpython-310-x86_64-linux-gnu.so
[9.428s] -- Set runtime path of "/home/jiaan/arm_project/install/odrive_can/local/lib/python3.10/dist-packages/odrive_can/odrive_can_s__rosidl_typesupport_introspection_c.cpython-310-x86_64-linux-gnu.so" to ""
[9.428s] -- Installing: /home/jiaan/arm_project/install/odrive_can/local/lib/python3.10/dist-packages/odrive_can/odrive_can_s__rosidl_typesupport_c.cpython-310-x86_64-linux-gnu.so
[9.428s] -- Set runtime path of "/home/jiaan/arm_project/install/odrive_can/local/lib/python3.10/dist-packages/odrive_can/odrive_can_s__rosidl_typesupport_c.cpython-310-x86_64-linux-gnu.so" to ""
[9.428s] -- Installing: /home/jiaan/arm_project/install/odrive_can/lib/libodrive_can__rosidl_generator_py.so
[9.428s] -- Set runtime path of "/home/jiaan/arm_project/install/odrive_can/lib/libodrive_can__rosidl_generator_py.so" to ""
[9.428s] -- Installing: /home/jiaan/arm_project/install/odrive_can/share/odrive_can/msg/ControlMessage.idl
[9.429s] -- Installing: /home/jiaan/arm_project/install/odrive_can/share/odrive_can/msg/ControllerStatus.idl
[9.429s] -- Installing: /home/jiaan/arm_project/install/odrive_can/share/odrive_can/msg/ODriveStatus.idl
[9.429s] -- Installing: /home/jiaan/arm_project/install/odrive_can/share/odrive_can/srv/AxisState.idl
[9.429s] -- Installing: /home/jiaan/arm_project/install/odrive_can/share/odrive_can/msg/ControlMessage.msg
[9.429s] -- Installing: /home/jiaan/arm_project/install/odrive_can/share/odrive_can/msg/ControllerStatus.msg
[9.429s] -- Installing: /home/jiaan/arm_project/install/odrive_can/share/odrive_can/msg/ODriveStatus.msg
[9.429s] -- Installing: /home/jiaan/arm_project/install/odrive_can/share/odrive_can/srv/AxisState.srv
[9.429s] -- Installing: /home/jiaan/arm_project/install/odrive_can/share/odrive_can/srv/AxisState_Request.msg
[9.429s] -- Installing: /home/jiaan/arm_project/install/odrive_can/share/odrive_can/srv/AxisState_Response.msg
[9.429s] -- Installing: /home/jiaan/arm_project/install/odrive_can/lib/odrive_can/odrive_can_node
[9.431s] -- Set runtime path of "/home/jiaan/arm_project/install/odrive_can/lib/odrive_can/odrive_can_node" to ""
[9.431s] -- Installing: /home/jiaan/arm_project/install/odrive_can/share/odrive_can/launch
[9.431s] -- Installing: /home/jiaan/arm_project/install/odrive_can/share/odrive_can/launch/example_launch.yaml
[9.431s] -- Installing: /home/jiaan/arm_project/install/odrive_can/share/ament_index/resource_index/package_run_dependencies/odrive_can
[9.432s] -- Installing: /home/jiaan/arm_project/install/odrive_can/share/ament_index/resource_index/parent_prefix_path/odrive_can
[9.432s] -- Installing: /home/jiaan/arm_project/install/odrive_can/share/odrive_can/environment/ament_prefix_path.sh
[9.432s] -- Installing: /home/jiaan/arm_project/install/odrive_can/share/odrive_can/environment/ament_prefix_path.dsv
[9.432s] -- Installing: /home/jiaan/arm_project/install/odrive_can/share/odrive_can/environment/path.sh
[9.432s] -- Installing: /home/jiaan/arm_project/install/odrive_can/share/odrive_can/environment/path.dsv
[9.432s] -- Installing: /home/jiaan/arm_project/install/odrive_can/share/odrive_can/local_setup.bash
[9.432s] -- Installing: /home/jiaan/arm_project/install/odrive_can/share/odrive_can/local_setup.sh
[9.432s] -- Installing: /home/jiaan/arm_project/install/odrive_can/share/odrive_can/local_setup.zsh
[9.432s] -- Installing: /home/jiaan/arm_project/install/odrive_can/share/odrive_can/local_setup.dsv
[9.432s] -- Installing: /home/jiaan/arm_project/install/odrive_can/share/odrive_can/package.dsv
[9.432s] -- Installing: /home/jiaan/arm_project/install/odrive_can/share/ament_index/resource_index/packages/odrive_can
[9.432s] -- Installing: /home/jiaan/arm_project/install/odrive_can/share/odrive_can/cmake/export_odrive_can__rosidl_generator_cExport.cmake
[9.432s] -- Installing: /home/jiaan/arm_project/install/odrive_can/share/odrive_can/cmake/export_odrive_can__rosidl_generator_cExport-noconfig.cmake
[9.433s] -- Installing: /home/jiaan/arm_project/install/odrive_can/share/odrive_can/cmake/export_odrive_can__rosidl_typesupport_fastrtps_cExport.cmake
[9.433s] -- Installing: /home/jiaan/arm_project/install/odrive_can/share/odrive_can/cmake/export_odrive_can__rosidl_typesupport_fastrtps_cExport-noconfig.cmake
[9.433s] -- Installing: /home/jiaan/arm_project/install/odrive_can/share/odrive_can/cmake/export_odrive_can__rosidl_generator_cppExport.cmake
[9.433s] -- Installing: /home/jiaan/arm_project/install/odrive_can/share/odrive_can/cmake/export_odrive_can__rosidl_typesupport_fastrtps_cppExport.cmake
[9.433s] -- Installing: /home/jiaan/arm_project/install/odrive_can/share/odrive_can/cmake/export_odrive_can__rosidl_typesupport_fastrtps_cppExport-noconfig.cmake
[9.433s] -- Installing: /home/jiaan/arm_project/install/odrive_can/share/odrive_can/cmake/odrive_can__rosidl_typesupport_introspection_cExport.cmake
[9.433s] -- Installing: /home/jiaan/arm_project/install/odrive_can/share/odrive_can/cmake/odrive_can__rosidl_typesupport_introspection_cExport-noconfig.cmake
[9.433s] -- Installing: /home/jiaan/arm_project/install/odrive_can/share/odrive_can/cmake/odrive_can__rosidl_typesupport_cExport.cmake
[9.433s] -- Installing: /home/jiaan/arm_project/install/odrive_can/share/odrive_can/cmake/odrive_can__rosidl_typesupport_cExport-noconfig.cmake
[9.433s] -- Installing: /home/jiaan/arm_project/install/odrive_can/share/odrive_can/cmake/odrive_can__rosidl_typesupport_introspection_cppExport.cmake
[9.433s] -- Installing: /home/jiaan/arm_project/install/odrive_can/share/odrive_can/cmake/odrive_can__rosidl_typesupport_introspection_cppExport-noconfig.cmake
[9.433s] -- Installing: /home/jiaan/arm_project/install/odrive_can/share/odrive_can/cmake/odrive_can__rosidl_typesupport_cppExport.cmake
[9.433s] -- Installing: /home/jiaan/arm_project/install/odrive_can/share/odrive_can/cmake/odrive_can__rosidl_typesupport_cppExport-noconfig.cmake
[9.434s] -- Installing: /home/jiaan/arm_project/install/odrive_can/share/odrive_can/cmake/export_odrive_can__rosidl_generator_pyExport.cmake
[9.434s] -- Installing: /home/jiaan/arm_project/install/odrive_can/share/odrive_can/cmake/export_odrive_can__rosidl_generator_pyExport-noconfig.cmake
[9.434s] -- Installing: /home/jiaan/arm_project/install/odrive_can/share/odrive_can/cmake/rosidl_cmake-extras.cmake
[9.434s] -- Installing: /home/jiaan/arm_project/install/odrive_can/share/odrive_can/cmake/ament_cmake_export_include_directories-extras.cmake
[9.434s] -- Installing: /home/jiaan/arm_project/install/odrive_can/share/odrive_can/cmake/ament_cmake_export_libraries-extras.cmake
[9.434s] -- Installing: /home/jiaan/arm_project/install/odrive_can/share/odrive_can/cmake/ament_cmake_export_targets-extras.cmake
[9.434s] -- Installing: /home/jiaan/arm_project/install/odrive_can/share/odrive_can/cmake/rosidl_cmake_export_typesupport_targets-extras.cmake
[9.434s] -- Installing: /home/jiaan/arm_project/install/odrive_can/share/odrive_can/cmake/ament_cmake_export_dependencies-extras.cmake
[9.434s] -- Installing: /home/jiaan/arm_project/install/odrive_can/share/odrive_can/cmake/rosidl_cmake_export_typesupport_libraries-extras.cmake
[9.434s] -- Installing: /home/jiaan/arm_project/install/odrive_can/share/odrive_can/cmake/odrive_canConfig.cmake
[9.434s] -- Installing: /home/jiaan/arm_project/install/odrive_can/share/odrive_can/cmake/odrive_canConfig-version.cmake
[9.434s] -- Installing: /home/jiaan/arm_project/install/odrive_can/share/odrive_can/package.xml
[9.436s] Invoked command in '/home/jiaan/arm_project/build/odrive_can' returned '0': CMAKE_PREFIX_PATH=/opt/ros/humble /usr/bin/cmake --install /home/jiaan/arm_project/build/odrive_can
